[0.033s] Invoking command in '/home/aniketh05/my_ros2_ws/build/my_gesture_arm_robot': CMAKE_PREFIX_PATH=${CMAKE_PREFIX_PATH}:/home/aniketh05/my_ros2_ws/install/turtle_control:/home/aniketh05/my_ros2_ws/install/my_services:/home/aniketh05/my_ros2_ws/install/my_pkg_prac:/home/aniketh05/my_ros2_ws/install/my_pkg_01:/opt/ros/humble /usr/bin/cmake /home/aniketh05/my_ros2_ws/src/my_gesture_arm_robot -DAMENT_CMAKE_SYMLINK_INSTALL=1 -DCMAKE_INSTALL_PREFIX=/home/aniketh05/my_ros2_ws/install/my_gesture_arm_robot
[0.793s] -- Found ament_cmake: 1.3.11 (/opt/ros/humble/share/ament_cmake/cmake)
[0.793s] -- Override CMake install command with custom implementation using symlinks instead of copying resources
[0.793s] -- Found rclpy: 3.3.15 (/opt/ros/humble/share/rclpy/cmake)
[0.793s] -- Found gazebo_ros: 3.9.0 (/opt/ros/humble/share/gazebo_ros/cmake)
[0.793s] -- Found rosidl_generator_c: 3.1.6 (/opt/ros/humble/share/rosidl_generator_c/cmake)
[0.794s] -- Found rosidl_adapter: 3.1.6 (/opt/ros/humble/share/rosidl_adapter/cmake)
[0.794s] -- Found rosidl_generator_cpp: 3.1.6 (/opt/ros/humble/share/rosidl_generator_cpp/cmake)
[0.794s] -- Using all available rosidl_typesupport_c: rosidl_typesupport_fastrtps_c;rosidl_typesupport_introspection_c
[0.794s] -- Using all available rosidl_typesupport_cpp: rosidl_typesupport_fastrtps_cpp;rosidl_typesupport_introspection_cpp
[0.794s] -- Found rmw_implementation_cmake: 6.1.2 (/opt/ros/humble/share/rmw_implementation_cmake/cmake)
[0.794s] -- Found rmw_fastrtps_cpp: 6.2.7 (/opt/ros/humble/share/rmw_fastrtps_cpp/cmake)
[7.736s] -- Using RMW implementation 'rmw_fastrtps_cpp' as default
[7.790s] -- Found DART: /usr/include (Required is at least version "6.6") found components: dart 
[7.810s] -- Found Protobuf: /usr/lib/x86_64-linux-gnu/libprotobuf.so (found version "3.12.4") 
[7.811s] -- Looking for ignition-math6 -- found version 6.15.1
[7.815s] -- Searching for dependencies of ignition-math6
[7.815s] -- Looking for OGRE...
[7.819s] -- Found Ogre Ghadamon (1.9.0)
[7.819s] -- Found OGRE: optimized;/usr/lib/x86_64-linux-gnu/libOgreMain.so;debug;/usr/lib/x86_64-linux-gnu/libOgreMain.so
[7.827s] -- Looking for OGRE_Paging...
[7.827s] -- Found OGRE_Paging: optimized;/usr/lib/x86_64-linux-gnu/libOgrePaging.so;debug;/usr/lib/x86_64-linux-gnu/libOgrePaging.so
[7.827s] -- Looking for OGRE_Terrain...
[7.828s] -- Found OGRE_Terrain: optimized;/usr/lib/x86_64-linux-gnu/libOgreTerrain.so;debug;/usr/lib/x86_64-linux-gnu/libOgreTerrain.so
[7.828s] -- Looking for OGRE_Property...
[7.828s] -- Found OGRE_Property: optimized;/usr/lib/x86_64-linux-gnu/libOgreProperty.so;debug;/usr/lib/x86_64-linux-gnu/libOgreProperty.so
[7.828s] -- Looking for OGRE_RTShaderSystem...
[7.828s] -- Found OGRE_RTShaderSystem: optimized;/usr/lib/x86_64-linux-gnu/libOgreRTShaderSystem.so;debug;/usr/lib/x86_64-linux-gnu/libOgreRTShaderSystem.so
[7.829s] -- Looking for OGRE_Volume...
[7.829s] -- Found OGRE_Volume: optimized;/usr/lib/x86_64-linux-gnu/libOgreVolume.so;debug;/usr/lib/x86_64-linux-gnu/libOgreVolume.so
[7.829s] -- Looking for OGRE_Overlay...
[7.829s] -- Found OGRE_Overlay: optimized;/usr/lib/x86_64-linux-gnu/libOgreOverlay.so;debug;/usr/lib/x86_64-linux-gnu/libOgreOverlay.so
[30.066s] -- Looking for ignition-math6 -- found version 6.15.1
[30.066s] -- Looking for ignition-transport8 -- found version 8.2.1
[30.067s] -- Searching for dependencies of ignition-transport8
[31.529s] -- Found Protobuf: /usr/lib/x86_64-linux-gnu/libprotobuf.so (found suitable version "3.12.4", minimum required is "3") 
[32.917s] -- Config-file not installed for ZeroMQ -- checking for pkg-config
[32.921s] -- Checking for module 'libzmq >= 4'
[32.931s] --   Found libzmq , version 4.3.4
[32.958s] -- Checking for module 'uuid'
[32.967s] --   Found uuid, version 2.37.2
[32.988s] -- Looking for ignition-msgs5 -- found version 5.8.1
[32.989s] -- Searching for dependencies of ignition-msgs5
[34.366s] -- Looking for ignition-math6 -- found version 6.15.1
[34.369s] -- Checking for module 'tinyxml2'
[34.379s] --   Found tinyxml2, version 9.0.0
[34.399s] -- Looking for ignition-msgs5 -- found version 5.8.1
[34.399s] -- Looking for ignition-common3 -- found version 3.14.0
[34.400s] -- Searching for dependencies of ignition-common3
[34.400s] -- Looking for dlfcn.h - found
[34.400s] -- Looking for libdl - found
[34.478s] -- Searching for <ignition-common3> component [graphics]
[34.479s] -- Looking for ignition-common3-graphics -- found version 3.14.0
[34.479s] -- Searching for dependencies of ignition-common3-graphics
[34.479s] -- Looking for ignition-math6 -- found version 6.15.1
[34.480s] -- Looking for ignition-fuel_tools4 -- found version 4.4.0
[34.480s] -- Searching for dependencies of ignition-fuel_tools4
[36.017s] -- Checking for module 'jsoncpp'
[36.025s] --   Found jsoncpp, version 1.9.5
[36.048s] -- Checking for module 'libzip'
[36.058s] --   Found libzip, version 1.7.3
[36.079s] -- Looking for ignition-common3 -- found version 3.14.0
[36.079s] -- Looking for ignition-math6 -- found version 6.15.1
[36.080s] -- Looking for ignition-msgs5 -- found version 5.8.1
[36.081s] -- Gazebo version: 11.10
[36.082s] -- Found gazebo_ros_pkgs: 3.9.0 (/opt/ros/humble/share/gazebo_ros_pkgs/cmake)
[36.082s] -- Found xacro: 2.0.13 (/opt/ros/humble/share/xacro/cmake)
[36.082s] -- Found urdf: 2.6.1 (/opt/ros/humble/share/urdf/cmake)
[37.528s] -- Found robot_state_publisher: 3.0.3 (/opt/ros/humble/share/robot_state_publisher/cmake)
[37.547s] -- Found eigen3_cmake_module: 0.1.1 (/opt/ros/humble/share/eigen3_cmake_module/cmake)
[37.548s] -- Ensuring Eigen3 include directory is part of orocos-kdl CMake target
[39.160s] [31mCMake Error at CMakeLists.txt:16 (find_package):
[39.161s]   By not providing "Findlaunch_ros.cmake" in CMAKE_MODULE_PATH this project
[39.161s]   has asked CMake to find a package configuration file provided by
[39.161s]   "launch_ros", but CMake did not find one.
[39.161s] 
[39.161s]   Could not find a package configuration file provided by "launch_ros" with
[39.161s]   any of the following names:
[39.161s] 
[39.161s]     launch_rosConfig.cmake
[39.161s]     launch_ros-config.cmake
[39.161s] 
[39.161s]   Add the installation prefix of "launch_ros" to CMAKE_PREFIX_PATH or set
[39.161s]   "launch_ros_DIR" to a directory containing one of the above files.  If
[39.162s]   "launch_ros" provides a separate development package or SDK, be sure it has
[39.162s]   been installed.
[39.162s] 
[39.162s] [0m
[39.162s] -- Configuring incomplete, errors occurred!
[39.162s] See also "/home/aniketh05/my_ros2_ws/build/my_gesture_arm_robot/CMakeFiles/CMakeOutput.log".
[39.170s] Invoked command in '/home/aniketh05/my_ros2_ws/build/my_gesture_arm_robot' returned '1': CMAKE_PREFIX_PATH=${CMAKE_PREFIX_PATH}:/home/aniketh05/my_ros2_ws/install/turtle_control:/home/aniketh05/my_ros2_ws/install/my_services:/home/aniketh05/my_ros2_ws/install/my_pkg_prac:/home/aniketh05/my_ros2_ws/install/my_pkg_01:/opt/ros/humble /usr/bin/cmake /home/aniketh05/my_ros2_ws/src/my_gesture_arm_robot -DAMENT_CMAKE_SYMLINK_INSTALL=1 -DCMAKE_INSTALL_PREFIX=/home/aniketh05/my_ros2_ws/install/my_gesture_arm_robot
