[0.045s] Invoking command in '/home/aniketh05/my_ros2_ws/build/my_msg_srv': CMAKE_PREFIX_PATH=${CMAKE_PREFIX_PATH}:/home/aniketh05/my_ros2_ws/install/turtle_control:/home/aniketh05/my_ros2_ws/install/my_services:/home/aniketh05/my_ros2_ws/install/my_pkg_prac:/home/aniketh05/my_ros2_ws/install/my_pkg_01:/home/aniketh05/my_ros2_ws/src/install/turtle_control:/home/aniketh05/my_ros2_ws/src/install/my_services:/home/aniketh05/my_ros2_ws/src/install/my_pkg_srv:/home/aniketh05/my_ros2_ws/src/install/my_pkg_prac:/home/aniketh05/my_ros2_ws/src/install/my_pkg_01:/opt/ros/humble /usr/bin/cmake --build /home/aniketh05/my_ros2_ws/build/my_msg_srv -- -j12 -l12
[0.751s] [35m[1mConsolidate compiler generated dependencies of target my_msg_srv__rosidl_generator_c[0m
[0.751s] [  2%] Built target my_msg_srv__cpp
[0.751s] [ 12%] Built target my_msg_srv__rosidl_generator_c
[0.752s] [ 12%] Built target ament_cmake_python_copy_my_msg_srv
[0.752s] [35m[1mConsolidate compiler generated dependencies of target my_msg_srv__rosidl_typesupport_introspection_cpp[0m
[0.752s] [35m[1mConsolidate compiler generated dependencies of target my_msg_srv__rosidl_typesupport_fastrtps_cpp[0m
[0.752s] [35m[1mConsolidate compiler generated dependencies of target my_msg_srv__rosidl_typesupport_cpp[0m
[0.752s] [35m[1mConsolidate compiler generated dependencies of target my_msg_srv__rosidl_typesupport_c[0m
[0.752s] [35m[1mConsolidate compiler generated dependencies of target my_msg_srv__rosidl_typesupport_introspection_c[0m
[0.752s] [35m[1mConsolidate compiler generated dependencies of target my_msg_srv__rosidl_typesupport_fastrtps_c[0m
[0.752s] [ 23%] Built target my_msg_srv__rosidl_typesupport_introspection_cpp
[0.752s] [ 34%] Built target my_msg_srv__rosidl_typesupport_cpp
[0.752s] [ 65%] Built target my_msg_srv__rosidl_typesupport_introspection_c
[0.753s] [ 65%] Built target my_msg_srv__rosidl_typesupport_c
[0.753s] [ 65%] Built target my_msg_srv__rosidl_typesupport_fastrtps_cpp
[0.753s] [ 68%] [32m[1mLinking CXX shared library libmy_msg_srv__rosidl_typesupport_fastrtps_c.so[0m
[0.753s] [ 76%] Built target my_msg_srv__rosidl_typesupport_fastrtps_c
[0.753s] [ 76%] Built target my_msg_srv
[0.753s] [ 78%] Built target my_msg_srv__py
[0.753s] [35m[1mConsolidate compiler generated dependencies of target my_msg_srv__rosidl_generator_py[0m
[0.753s] [ 80%] [32m[1mLinking C shared library rosidl_generator_py/my_msg_srv/libmy_msg_srv__rosidl_generator_py.so[0m
[0.753s] running egg_info
[0.753s] writing my_msg_srv.egg-info/PKG-INFO
[0.753s] writing dependency_links to my_msg_srv.egg-info/dependency_links.txt
[0.754s] writing top-level names to my_msg_srv.egg-info/top_level.txt
[0.754s] reading manifest file 'my_msg_srv.egg-info/SOURCES.txt'
[0.754s] writing manifest file 'my_msg_srv.egg-info/SOURCES.txt'
[0.754s] [ 80%] Built target ament_cmake_python_build_my_msg_srv_egg
[0.754s] [ 87%] Built target my_msg_srv__rosidl_generator_py
[0.754s] [35m[1mConsolidate compiler generated dependencies of target my_msg_srv__rosidl_typesupport_introspection_c__pyext[0m
[0.754s] [35m[1mConsolidate compiler generated dependencies of target my_msg_srv__rosidl_typesupport_c__pyext[0m
[0.754s] [35m[1mConsolidate compiler generated dependencies of target my_msg_srv__rosidl_typesupport_fastrtps_c__pyext[0m
[0.754s] [ 89%] [32m[1mLinking C shared library rosidl_generator_py/my_msg_srv/my_msg_srv_s__rosidl_typesupport_introspection_c.cpython-310-x86_64-linux-gnu.so[0m
[0.754s] [ 91%] [32m[1mLinking C shared library rosidl_generator_py/my_msg_srv/my_msg_srv_s__rosidl_typesupport_c.cpython-310-x86_64-linux-gnu.so[0m
[0.755s] [ 93%] [32m[1mLinking C shared library rosidl_generator_py/my_msg_srv/my_msg_srv_s__rosidl_typesupport_fastrtps_c.cpython-310-x86_64-linux-gnu.so[0m
[0.755s] [ 95%] Built target my_msg_srv__rosidl_typesupport_fastrtps_c__pyext
[0.755s] [ 97%] Built target my_msg_srv__rosidl_typesupport_introspection_c__pyext
[0.755s] [100%] Built target my_msg_srv__rosidl_typesupport_c__pyext
[0.964s] Invoked command in '/home/aniketh05/my_ros2_ws/build/my_msg_srv' returned '0': CMAKE_PREFIX_PATH=${CMAKE_PREFIX_PATH}:/home/aniketh05/my_ros2_ws/install/turtle_control:/home/aniketh05/my_ros2_ws/install/my_services:/home/aniketh05/my_ros2_ws/install/my_pkg_prac:/home/aniketh05/my_ros2_ws/install/my_pkg_01:/home/aniketh05/my_ros2_ws/src/install/turtle_control:/home/aniketh05/my_ros2_ws/src/install/my_services:/home/aniketh05/my_ros2_ws/src/install/my_pkg_srv:/home/aniketh05/my_ros2_ws/src/install/my_pkg_prac:/home/aniketh05/my_ros2_ws/src/install/my_pkg_01:/opt/ros/humble /usr/bin/cmake --build /home/aniketh05/my_ros2_ws/build/my_msg_srv -- -j12 -l12
[0.971s] Invoking command in '/home/aniketh05/my_ros2_ws/build/my_msg_srv': CMAKE_PREFIX_PATH=${CMAKE_PREFIX_PATH}:/home/aniketh05/my_ros2_ws/install/turtle_control:/home/aniketh05/my_ros2_ws/install/my_services:/home/aniketh05/my_ros2_ws/install/my_pkg_prac:/home/aniketh05/my_ros2_ws/install/my_pkg_01:/home/aniketh05/my_ros2_ws/src/install/turtle_control:/home/aniketh05/my_ros2_ws/src/install/my_services:/home/aniketh05/my_ros2_ws/src/install/my_pkg_srv:/home/aniketh05/my_ros2_ws/src/install/my_pkg_prac:/home/aniketh05/my_ros2_ws/src/install/my_pkg_01:/opt/ros/humble /usr/bin/cmake --install /home/aniketh05/my_ros2_ws/build/my_msg_srv
[0.982s] -- Install configuration: ""
[0.982s] -- Up-to-date: /home/aniketh05/my_ros2_ws/install/my_msg_srv/share/ament_index/resource_index/rosidl_interfaces/my_msg_srv
[0.984s] -- Up-to-date: /home/aniketh05/my_ros2_ws/install/my_msg_srv/include/my_msg_srv/my_msg_srv
[0.984s] -- Up-to-date: /home/aniketh05/my_ros2_ws/install/my_msg_srv/include/my_msg_srv/my_msg_srv/srv
[0.984s] -- Up-to-date: /home/aniketh05/my_ros2_ws/install/my_msg_srv/include/my_msg_srv/my_msg_srv/srv/detail
[0.985s] -- Up-to-date: /home/aniketh05/my_ros2_ws/install/my_msg_srv/include/my_msg_srv/my_msg_srv/srv/detail/add_three_nums__functions.c
[0.985s] -- Up-to-date: /home/aniketh05/my_ros2_ws/install/my_msg_srv/include/my_msg_srv/my_msg_srv/srv/detail/add_three_nums__struct.h
[0.985s] -- Up-to-date: /home/aniketh05/my_ros2_ws/install/my_msg_srv/include/my_msg_srv/my_msg_srv/srv/detail/add_three_nums__type_support.h
[0.985s] -- Up-to-date: /home/aniketh05/my_ros2_ws/install/my_msg_srv/include/my_msg_srv/my_msg_srv/srv/detail/add_three_nums__functions.h
[0.986s] -- Up-to-date: /home/aniketh05/my_ros2_ws/install/my_msg_srv/include/my_msg_srv/my_msg_srv/srv/add_three_nums.h
[0.987s] -- Up-to-date: /home/aniketh05/my_ros2_ws/install/my_msg_srv/include/my_msg_srv/my_msg_srv/msg
[0.988s] -- Up-to-date: /home/aniketh05/my_ros2_ws/install/my_msg_srv/include/my_msg_srv/my_msg_srv/msg/sphere.h
[0.988s] -- Up-to-date: /home/aniketh05/my_ros2_ws/install/my_msg_srv/include/my_msg_srv/my_msg_srv/msg/detail
[0.989s] -- Up-to-date: /home/aniketh05/my_ros2_ws/install/my_msg_srv/include/my_msg_srv/my_msg_srv/msg/detail/sphere__functions.c
[0.990s] -- Up-to-date: /home/aniketh05/my_ros2_ws/install/my_msg_srv/include/my_msg_srv/my_msg_srv/msg/detail/sphere__struct.h
[0.990s] -- Up-to-date: /home/aniketh05/my_ros2_ws/install/my_msg_srv/include/my_msg_srv/my_msg_srv/msg/detail/sphere__type_support.h
[0.990s] -- Up-to-date: /home/aniketh05/my_ros2_ws/install/my_msg_srv/include/my_msg_srv/my_msg_srv/msg/detail/my_msg__functions.c
[0.990s] -- Up-to-date: /home/aniketh05/my_ros2_ws/install/my_msg_srv/include/my_msg_srv/my_msg_srv/msg/detail/sphere__functions.h
[0.990s] -- Up-to-date: /home/aniketh05/my_ros2_ws/install/my_msg_srv/include/my_msg_srv/my_msg_srv/msg/detail/my_msg__struct.h
[0.990s] -- Up-to-date: /home/aniketh05/my_ros2_ws/install/my_msg_srv/include/my_msg_srv/my_msg_srv/msg/detail/my_msg__type_support.h
[0.990s] -- Up-to-date: /home/aniketh05/my_ros2_ws/install/my_msg_srv/include/my_msg_srv/my_msg_srv/msg/detail/my_msg__functions.h
[0.990s] -- Up-to-date: /home/aniketh05/my_ros2_ws/install/my_msg_srv/include/my_msg_srv/my_msg_srv/msg/my_msg.h
[0.990s] -- Up-to-date: /home/aniketh05/my_ros2_ws/install/my_msg_srv/include/my_msg_srv/my_msg_srv/msg/rosidl_generator_c__visibility_control.h
[0.990s] -- Up-to-date: /home/aniketh05/my_ros2_ws/install/my_msg_srv/share/my_msg_srv/environment/library_path.sh
[0.991s] -- Up-to-date: /home/aniketh05/my_ros2_ws/install/my_msg_srv/share/my_msg_srv/environment/library_path.dsv
[0.991s] -- Up-to-date: /home/aniketh05/my_ros2_ws/install/my_msg_srv/lib/libmy_msg_srv__rosidl_generator_c.so
[0.991s] -- Up-to-date: /home/aniketh05/my_ros2_ws/install/my_msg_srv/include/my_msg_srv/my_msg_srv
[0.991s] -- Up-to-date: /home/aniketh05/my_ros2_ws/install/my_msg_srv/include/my_msg_srv/my_msg_srv/srv
[0.991s] -- Up-to-date: /home/aniketh05/my_ros2_ws/install/my_msg_srv/include/my_msg_srv/my_msg_srv/srv/detail
[0.991s] -- Up-to-date: /home/aniketh05/my_ros2_ws/install/my_msg_srv/include/my_msg_srv/my_msg_srv/srv/detail/add_three_nums__rosidl_typesupport_fastrtps_c.h
[0.991s] -- Up-to-date: /home/aniketh05/my_ros2_ws/install/my_msg_srv/include/my_msg_srv/my_msg_srv/msg
[0.991s] -- Up-to-date: /home/aniketh05/my_ros2_ws/install/my_msg_srv/include/my_msg_srv/my_msg_srv/msg/detail
[0.991s] -- Up-to-date: /home/aniketh05/my_ros2_ws/install/my_msg_srv/include/my_msg_srv/my_msg_srv/msg/detail/sphere__rosidl_typesupport_fastrtps_c.h
[0.991s] -- Up-to-date: /home/aniketh05/my_ros2_ws/install/my_msg_srv/include/my_msg_srv/my_msg_srv/msg/detail/my_msg__rosidl_typesupport_fastrtps_c.h
[0.991s] -- Up-to-date: /home/aniketh05/my_ros2_ws/install/my_msg_srv/include/my_msg_srv/my_msg_srv/msg/rosidl_typesupport_fastrtps_c__visibility_control.h
[0.991s] -- Installing: /home/aniketh05/my_ros2_ws/install/my_msg_srv/lib/libmy_msg_srv__rosidl_typesupport_fastrtps_c.so
[0.991s] -- Set runtime path of "/home/aniketh05/my_ros2_ws/install/my_msg_srv/lib/libmy_msg_srv__rosidl_typesupport_fastrtps_c.so" to ""
[0.991s] -- Up-to-date: /home/aniketh05/my_ros2_ws/install/my_msg_srv/include/my_msg_srv/my_msg_srv
[0.992s] -- Up-to-date: /home/aniketh05/my_ros2_ws/install/my_msg_srv/include/my_msg_srv/my_msg_srv/srv
[0.992s] -- Up-to-date: /home/aniketh05/my_ros2_ws/install/my_msg_srv/include/my_msg_srv/my_msg_srv/srv/detail
[0.992s] -- Up-to-date: /home/aniketh05/my_ros2_ws/install/my_msg_srv/include/my_msg_srv/my_msg_srv/srv/detail/add_three_nums__type_support.c
[0.992s] -- Up-to-date: /home/aniketh05/my_ros2_ws/install/my_msg_srv/include/my_msg_srv/my_msg_srv/srv/detail/add_three_nums__rosidl_typesupport_introspection_c.h
[0.992s] -- Up-to-date: /home/aniketh05/my_ros2_ws/install/my_msg_srv/include/my_msg_srv/my_msg_srv/msg
[0.992s] -- Up-to-date: /home/aniketh05/my_ros2_ws/install/my_msg_srv/include/my_msg_srv/my_msg_srv/msg/detail
[0.992s] -- Up-to-date: /home/aniketh05/my_ros2_ws/install/my_msg_srv/include/my_msg_srv/my_msg_srv/msg/detail/sphere__rosidl_typesupport_introspection_c.h
[0.992s] -- Up-to-date: /home/aniketh05/my_ros2_ws/install/my_msg_srv/include/my_msg_srv/my_msg_srv/msg/detail/sphere__type_support.c
[0.992s] -- Up-to-date: /home/aniketh05/my_ros2_ws/install/my_msg_srv/include/my_msg_srv/my_msg_srv/msg/detail/my_msg__rosidl_typesupport_introspection_c.h
[0.992s] -- Up-to-date: /home/aniketh05/my_ros2_ws/install/my_msg_srv/include/my_msg_srv/my_msg_srv/msg/detail/my_msg__type_support.c
[0.992s] -- Up-to-date: /home/aniketh05/my_ros2_ws/install/my_msg_srv/include/my_msg_srv/my_msg_srv/msg/rosidl_typesupport_introspection_c__visibility_control.h
[0.992s] -- Up-to-date: /home/aniketh05/my_ros2_ws/install/my_msg_srv/lib/libmy_msg_srv__rosidl_typesupport_introspection_c.so
[0.992s] -- Up-to-date: /home/aniketh05/my_ros2_ws/install/my_msg_srv/lib/libmy_msg_srv__rosidl_typesupport_c.so
[0.992s] -- Up-to-date: /home/aniketh05/my_ros2_ws/install/my_msg_srv/include/my_msg_srv/my_msg_srv
[0.992s] -- Up-to-date: /home/aniketh05/my_ros2_ws/install/my_msg_srv/include/my_msg_srv/my_msg_srv/srv
[0.993s] -- Up-to-date: /home/aniketh05/my_ros2_ws/install/my_msg_srv/include/my_msg_srv/my_msg_srv/srv/add_three_nums.hpp
[0.993s] -- Up-to-date: /home/aniketh05/my_ros2_ws/install/my_msg_srv/include/my_msg_srv/my_msg_srv/srv/detail
[0.993s] -- Up-to-date: /home/aniketh05/my_ros2_ws/install/my_msg_srv/include/my_msg_srv/my_msg_srv/srv/detail/add_three_nums__builder.hpp
[0.993s] -- Up-to-date: /home/aniketh05/my_ros2_ws/install/my_msg_srv/include/my_msg_srv/my_msg_srv/srv/detail/add_three_nums__struct.hpp
[0.993s] -- Up-to-date: /home/aniketh05/my_ros2_ws/install/my_msg_srv/include/my_msg_srv/my_msg_srv/srv/detail/add_three_nums__traits.hpp
[0.993s] -- Up-to-date: /home/aniketh05/my_ros2_ws/install/my_msg_srv/include/my_msg_srv/my_msg_srv/srv/detail/add_three_nums__type_support.hpp
[0.993s] -- Up-to-date: /home/aniketh05/my_ros2_ws/install/my_msg_srv/include/my_msg_srv/my_msg_srv/msg
[0.993s] -- Up-to-date: /home/aniketh05/my_ros2_ws/install/my_msg_srv/include/my_msg_srv/my_msg_srv/msg/detail
[0.993s] -- Up-to-date: /home/aniketh05/my_ros2_ws/install/my_msg_srv/include/my_msg_srv/my_msg_srv/msg/detail/my_msg__struct.hpp
[0.993s] -- Up-to-date: /home/aniketh05/my_ros2_ws/install/my_msg_srv/include/my_msg_srv/my_msg_srv/msg/detail/my_msg__type_support.hpp
[0.993s] -- Up-to-date: /home/aniketh05/my_ros2_ws/install/my_msg_srv/include/my_msg_srv/my_msg_srv/msg/detail/sphere__traits.hpp
[0.993s] -- Up-to-date: /home/aniketh05/my_ros2_ws/install/my_msg_srv/include/my_msg_srv/my_msg_srv/msg/detail/my_msg__traits.hpp
[0.993s] -- Up-to-date: /home/aniketh05/my_ros2_ws/install/my_msg_srv/include/my_msg_srv/my_msg_srv/msg/detail/sphere__struct.hpp
[0.994s] -- Up-to-date: /home/aniketh05/my_ros2_ws/install/my_msg_srv/include/my_msg_srv/my_msg_srv/msg/detail/sphere__type_support.hpp
[0.994s] -- Up-to-date: /home/aniketh05/my_ros2_ws/install/my_msg_srv/include/my_msg_srv/my_msg_srv/msg/detail/my_msg__builder.hpp
[0.994s] -- Up-to-date: /home/aniketh05/my_ros2_ws/install/my_msg_srv/include/my_msg_srv/my_msg_srv/msg/detail/sphere__builder.hpp
[0.994s] -- Up-to-date: /home/aniketh05/my_ros2_ws/install/my_msg_srv/include/my_msg_srv/my_msg_srv/msg/rosidl_generator_cpp__visibility_control.hpp
[0.994s] -- Up-to-date: /home/aniketh05/my_ros2_ws/install/my_msg_srv/include/my_msg_srv/my_msg_srv/msg/sphere.hpp
[0.994s] -- Up-to-date: /home/aniketh05/my_ros2_ws/install/my_msg_srv/include/my_msg_srv/my_msg_srv/msg/my_msg.hpp
[0.994s] -- Up-to-date: /home/aniketh05/my_ros2_ws/install/my_msg_srv/include/my_msg_srv/my_msg_srv
[0.994s] -- Up-to-date: /home/aniketh05/my_ros2_ws/install/my_msg_srv/include/my_msg_srv/my_msg_srv/srv
[0.994s] -- Up-to-date: /home/aniketh05/my_ros2_ws/install/my_msg_srv/include/my_msg_srv/my_msg_srv/srv/detail
[0.994s] -- Up-to-date: /home/aniketh05/my_ros2_ws/install/my_msg_srv/include/my_msg_srv/my_msg_srv/srv/detail/dds_fastrtps
[0.994s] -- Up-to-date: /home/aniketh05/my_ros2_ws/install/my_msg_srv/include/my_msg_srv/my_msg_srv/srv/detail/add_three_nums__rosidl_typesupport_fastrtps_cpp.hpp
[0.994s] -- Up-to-date: /home/aniketh05/my_ros2_ws/install/my_msg_srv/include/my_msg_srv/my_msg_srv/msg
[0.994s] -- Up-to-date: /home/aniketh05/my_ros2_ws/install/my_msg_srv/include/my_msg_srv/my_msg_srv/msg/rosidl_typesupport_fastrtps_cpp__visibility_control.h
[0.994s] -- Up-to-date: /home/aniketh05/my_ros2_ws/install/my_msg_srv/include/my_msg_srv/my_msg_srv/msg/detail
[0.995s] -- Up-to-date: /home/aniketh05/my_ros2_ws/install/my_msg_srv/include/my_msg_srv/my_msg_srv/msg/detail/my_msg__rosidl_typesupport_fastrtps_cpp.hpp
[0.995s] -- Up-to-date: /home/aniketh05/my_ros2_ws/install/my_msg_srv/include/my_msg_srv/my_msg_srv/msg/detail/dds_fastrtps
[0.995s] -- Up-to-date: /home/aniketh05/my_ros2_ws/install/my_msg_srv/include/my_msg_srv/my_msg_srv/msg/detail/sphere__rosidl_typesupport_fastrtps_cpp.hpp
[0.995s] -- Up-to-date: /home/aniketh05/my_ros2_ws/install/my_msg_srv/lib/libmy_msg_srv__rosidl_typesupport_fastrtps_cpp.so
[0.995s] -- Up-to-date: /home/aniketh05/my_ros2_ws/install/my_msg_srv/include/my_msg_srv/my_msg_srv
[0.995s] -- Up-to-date: /home/aniketh05/my_ros2_ws/install/my_msg_srv/include/my_msg_srv/my_msg_srv/srv
[0.995s] -- Up-to-date: /home/aniketh05/my_ros2_ws/install/my_msg_srv/include/my_msg_srv/my_msg_srv/srv/detail
[0.995s] -- Up-to-date: /home/aniketh05/my_ros2_ws/install/my_msg_srv/include/my_msg_srv/my_msg_srv/srv/detail/add_three_nums__rosidl_typesupport_introspection_cpp.hpp
[0.995s] -- Up-to-date: /home/aniketh05/my_ros2_ws/install/my_msg_srv/include/my_msg_srv/my_msg_srv/srv/detail/add_three_nums__type_support.cpp
[0.995s] -- Up-to-date: /home/aniketh05/my_ros2_ws/install/my_msg_srv/include/my_msg_srv/my_msg_srv/msg
[0.995s] -- Up-to-date: /home/aniketh05/my_ros2_ws/install/my_msg_srv/include/my_msg_srv/my_msg_srv/msg/detail
[0.995s] -- Up-to-date: /home/aniketh05/my_ros2_ws/install/my_msg_srv/include/my_msg_srv/my_msg_srv/msg/detail/my_msg__type_support.cpp
[0.995s] -- Up-to-date: /home/aniketh05/my_ros2_ws/install/my_msg_srv/include/my_msg_srv/my_msg_srv/msg/detail/sphere__type_support.cpp
[0.995s] -- Up-to-date: /home/aniketh05/my_ros2_ws/install/my_msg_srv/include/my_msg_srv/my_msg_srv/msg/detail/sphere__rosidl_typesupport_introspection_cpp.hpp
[0.995s] -- Up-to-date: /home/aniketh05/my_ros2_ws/install/my_msg_srv/include/my_msg_srv/my_msg_srv/msg/detail/my_msg__rosidl_typesupport_introspection_cpp.hpp
[0.996s] -- Up-to-date: /home/aniketh05/my_ros2_ws/install/my_msg_srv/lib/libmy_msg_srv__rosidl_typesupport_introspection_cpp.so
[0.996s] -- Up-to-date: /home/aniketh05/my_ros2_ws/install/my_msg_srv/lib/libmy_msg_srv__rosidl_typesupport_cpp.so
[0.996s] -- Up-to-date: /home/aniketh05/my_ros2_ws/install/my_msg_srv/share/my_msg_srv/environment/pythonpath.sh
[0.996s] -- Up-to-date: /home/aniketh05/my_ros2_ws/install/my_msg_srv/share/my_msg_srv/environment/pythonpath.dsv
[0.996s] -- Up-to-date: /home/aniketh05/my_ros2_ws/install/my_msg_srv/local/lib/python3.10/dist-packages/my_msg_srv-0.0.0-py3.10.egg-info
[0.996s] -- Installing: /home/aniketh05/my_ros2_ws/install/my_msg_srv/local/lib/python3.10/dist-packages/my_msg_srv-0.0.0-py3.10.egg-info/SOURCES.txt
[0.996s] -- Installing: /home/aniketh05/my_ros2_ws/install/my_msg_srv/local/lib/python3.10/dist-packages/my_msg_srv-0.0.0-py3.10.egg-info/top_level.txt
[0.996s] -- Installing: /home/aniketh05/my_ros2_ws/install/my_msg_srv/local/lib/python3.10/dist-packages/my_msg_srv-0.0.0-py3.10.egg-info/PKG-INFO
[0.996s] -- Installing: /home/aniketh05/my_ros2_ws/install/my_msg_srv/local/lib/python3.10/dist-packages/my_msg_srv-0.0.0-py3.10.egg-info/dependency_links.txt
[0.996s] -- Up-to-date: /home/aniketh05/my_ros2_ws/install/my_msg_srv/local/lib/python3.10/dist-packages/my_msg_srv
[0.996s] -- Up-to-date: /home/aniketh05/my_ros2_ws/install/my_msg_srv/local/lib/python3.10/dist-packages/my_msg_srv/_my_msg_srv_s.ep.rosidl_typesupport_introspection_c.c
[0.996s] -- Installing: /home/aniketh05/my_ros2_ws/install/my_msg_srv/local/lib/python3.10/dist-packages/my_msg_srv/my_msg_srv_s__rosidl_typesupport_introspection_c.cpython-310-x86_64-linux-gnu.so
[0.996s] -- Up-to-date: /home/aniketh05/my_ros2_ws/install/my_msg_srv/local/lib/python3.10/dist-packages/my_msg_srv/srv
[0.996s] -- Up-to-date: /home/aniketh05/my_ros2_ws/install/my_msg_srv/local/lib/python3.10/dist-packages/my_msg_srv/srv/__init__.py
[0.996s] -- Up-to-date: /home/aniketh05/my_ros2_ws/install/my_msg_srv/local/lib/python3.10/dist-packages/my_msg_srv/srv/_add_three_nums.py
[0.997s] -- Up-to-date: /home/aniketh05/my_ros2_ws/install/my_msg_srv/local/lib/python3.10/dist-packages/my_msg_srv/srv/_add_three_nums_s.c
[0.997s] -- Up-to-date: /home/aniketh05/my_ros2_ws/install/my_msg_srv/local/lib/python3.10/dist-packages/my_msg_srv/__init__.py
[0.997s] -- Installing: /home/aniketh05/my_ros2_ws/install/my_msg_srv/local/lib/python3.10/dist-packages/my_msg_srv/libmy_msg_srv__rosidl_generator_py.so
[0.997s] -- Installing: /home/aniketh05/my_ros2_ws/install/my_msg_srv/local/lib/python3.10/dist-packages/my_msg_srv/my_msg_srv_s__rosidl_typesupport_fastrtps_c.cpython-310-x86_64-linux-gnu.so
[0.997s] -- Installing: /home/aniketh05/my_ros2_ws/install/my_msg_srv/local/lib/python3.10/dist-packages/my_msg_srv/my_msg_srv_s__rosidl_typesupport_c.cpython-310-x86_64-linux-gnu.so
[0.997s] -- Up-to-date: /home/aniketh05/my_ros2_ws/install/my_msg_srv/local/lib/python3.10/dist-packages/my_msg_srv/msg
[0.997s] -- Up-to-date: /home/aniketh05/my_ros2_ws/install/my_msg_srv/local/lib/python3.10/dist-packages/my_msg_srv/msg/_my_msg_s.c
[0.997s] -- Up-to-date: /home/aniketh05/my_ros2_ws/install/my_msg_srv/local/lib/python3.10/dist-packages/my_msg_srv/msg/_sphere.py
[0.997s] -- Up-to-date: /home/aniketh05/my_ros2_ws/install/my_msg_srv/local/lib/python3.10/dist-packages/my_msg_srv/msg/__init__.py
[0.997s] -- Up-to-date: /home/aniketh05/my_ros2_ws/install/my_msg_srv/local/lib/python3.10/dist-packages/my_msg_srv/msg/_sphere_s.c
[0.997s] -- Up-to-date: /home/aniketh05/my_ros2_ws/install/my_msg_srv/local/lib/python3.10/dist-packages/my_msg_srv/msg/_my_msg.py
[0.997s] -- Up-to-date: /home/aniketh05/my_ros2_ws/install/my_msg_srv/local/lib/python3.10/dist-packages/my_msg_srv/_my_msg_srv_s.ep.rosidl_typesupport_c.c
[0.997s] -- Up-to-date: /home/aniketh05/my_ros2_ws/install/my_msg_srv/local/lib/python3.10/dist-packages/my_msg_srv/_my_msg_srv_s.ep.rosidl_typesupport_fastrtps_c.c
[1.023s] Listing '/home/aniketh05/my_ros2_ws/install/my_msg_srv/local/lib/python3.10/dist-packages/my_msg_srv'...
[1.024s] Listing '/home/aniketh05/my_ros2_ws/install/my_msg_srv/local/lib/python3.10/dist-packages/my_msg_srv/msg'...
[1.024s] Listing '/home/aniketh05/my_ros2_ws/install/my_msg_srv/local/lib/python3.10/dist-packages/my_msg_srv/srv'...
[1.030s] -- Installing: /home/aniketh05/my_ros2_ws/install/my_msg_srv/local/lib/python3.10/dist-packages/my_msg_srv/my_msg_srv_s__rosidl_typesupport_fastrtps_c.cpython-310-x86_64-linux-gnu.so
[1.030s] -- Set runtime path of "/home/aniketh05/my_ros2_ws/install/my_msg_srv/local/lib/python3.10/dist-packages/my_msg_srv/my_msg_srv_s__rosidl_typesupport_fastrtps_c.cpython-310-x86_64-linux-gnu.so" to ""
[1.030s] -- Installing: /home/aniketh05/my_ros2_ws/install/my_msg_srv/local/lib/python3.10/dist-packages/my_msg_srv/my_msg_srv_s__rosidl_typesupport_introspection_c.cpython-310-x86_64-linux-gnu.so
[1.030s] -- Set runtime path of "/home/aniketh05/my_ros2_ws/install/my_msg_srv/local/lib/python3.10/dist-packages/my_msg_srv/my_msg_srv_s__rosidl_typesupport_introspection_c.cpython-310-x86_64-linux-gnu.so" to ""
[1.030s] -- Installing: /home/aniketh05/my_ros2_ws/install/my_msg_srv/local/lib/python3.10/dist-packages/my_msg_srv/my_msg_srv_s__rosidl_typesupport_c.cpython-310-x86_64-linux-gnu.so
[1.031s] -- Set runtime path of "/home/aniketh05/my_ros2_ws/install/my_msg_srv/local/lib/python3.10/dist-packages/my_msg_srv/my_msg_srv_s__rosidl_typesupport_c.cpython-310-x86_64-linux-gnu.so" to ""
[1.031s] -- Installing: /home/aniketh05/my_ros2_ws/install/my_msg_srv/lib/libmy_msg_srv__rosidl_generator_py.so
[1.031s] -- Set runtime path of "/home/aniketh05/my_ros2_ws/install/my_msg_srv/lib/libmy_msg_srv__rosidl_generator_py.so" to ""
[1.031s] -- Up-to-date: /home/aniketh05/my_ros2_ws/install/my_msg_srv/share/my_msg_srv/msg/MyMsg.idl
[1.031s] -- Up-to-date: /home/aniketh05/my_ros2_ws/install/my_msg_srv/share/my_msg_srv/msg/Sphere.idl
[1.032s] -- Up-to-date: /home/aniketh05/my_ros2_ws/install/my_msg_srv/share/my_msg_srv/srv/AddThreeNums.idl
[1.032s] -- Up-to-date: /home/aniketh05/my_ros2_ws/install/my_msg_srv/share/my_msg_srv/msg/MyMsg.msg
[1.032s] -- Up-to-date: /home/aniketh05/my_ros2_ws/install/my_msg_srv/share/my_msg_srv/msg/Sphere.msg
[1.032s] -- Up-to-date: /home/aniketh05/my_ros2_ws/install/my_msg_srv/share/my_msg_srv/srv/AddThreeNums.srv
[1.032s] -- Up-to-date: /home/aniketh05/my_ros2_ws/install/my_msg_srv/share/my_msg_srv/srv/AddThreeNums_Request.msg
[1.032s] -- Up-to-date: /home/aniketh05/my_ros2_ws/install/my_msg_srv/share/my_msg_srv/srv/AddThreeNums_Response.msg
[1.033s] -- Up-to-date: /home/aniketh05/my_ros2_ws/install/my_msg_srv/share/ament_index/resource_index/package_run_dependencies/my_msg_srv
[1.033s] -- Up-to-date: /home/aniketh05/my_ros2_ws/install/my_msg_srv/share/ament_index/resource_index/parent_prefix_path/my_msg_srv
[1.033s] -- Up-to-date: /home/aniketh05/my_ros2_ws/install/my_msg_srv/share/my_msg_srv/environment/ament_prefix_path.sh
[1.033s] -- Up-to-date: /home/aniketh05/my_ros2_ws/install/my_msg_srv/share/my_msg_srv/environment/ament_prefix_path.dsv
[1.033s] -- Up-to-date: /home/aniketh05/my_ros2_ws/install/my_msg_srv/share/my_msg_srv/environment/path.sh
[1.034s] -- Up-to-date: /home/aniketh05/my_ros2_ws/install/my_msg_srv/share/my_msg_srv/environment/path.dsv
[1.034s] -- Up-to-date: /home/aniketh05/my_ros2_ws/install/my_msg_srv/share/my_msg_srv/local_setup.bash
[1.034s] -- Up-to-date: /home/aniketh05/my_ros2_ws/install/my_msg_srv/share/my_msg_srv/local_setup.sh
[1.034s] -- Up-to-date: /home/aniketh05/my_ros2_ws/install/my_msg_srv/share/my_msg_srv/local_setup.zsh
[1.034s] -- Up-to-date: /home/aniketh05/my_ros2_ws/install/my_msg_srv/share/my_msg_srv/local_setup.dsv
[1.034s] -- Installing: /home/aniketh05/my_ros2_ws/install/my_msg_srv/share/my_msg_srv/package.dsv
[1.035s] -- Up-to-date: /home/aniketh05/my_ros2_ws/install/my_msg_srv/share/ament_index/resource_index/packages/my_msg_srv
[1.035s] -- Up-to-date: /home/aniketh05/my_ros2_ws/install/my_msg_srv/share/my_msg_srv/cmake/export_my_msg_srv__rosidl_generator_cExport.cmake
[1.036s] -- Up-to-date: /home/aniketh05/my_ros2_ws/install/my_msg_srv/share/my_msg_srv/cmake/export_my_msg_srv__rosidl_generator_cExport-noconfig.cmake
[1.036s] -- Up-to-date: /home/aniketh05/my_ros2_ws/install/my_msg_srv/share/my_msg_srv/cmake/export_my_msg_srv__rosidl_typesupport_fastrtps_cExport.cmake
[1.036s] -- Up-to-date: /home/aniketh05/my_ros2_ws/install/my_msg_srv/share/my_msg_srv/cmake/export_my_msg_srv__rosidl_typesupport_fastrtps_cExport-noconfig.cmake
[1.036s] -- Up-to-date: /home/aniketh05/my_ros2_ws/install/my_msg_srv/share/my_msg_srv/cmake/my_msg_srv__rosidl_typesupport_introspection_cExport.cmake
[1.037s] -- Up-to-date: /home/aniketh05/my_ros2_ws/install/my_msg_srv/share/my_msg_srv/cmake/my_msg_srv__rosidl_typesupport_introspection_cExport-noconfig.cmake
[1.037s] -- Up-to-date: /home/aniketh05/my_ros2_ws/install/my_msg_srv/share/my_msg_srv/cmake/my_msg_srv__rosidl_typesupport_cExport.cmake
[1.037s] -- Up-to-date: /home/aniketh05/my_ros2_ws/install/my_msg_srv/share/my_msg_srv/cmake/my_msg_srv__rosidl_typesupport_cExport-noconfig.cmake
[1.037s] -- Up-to-date: /home/aniketh05/my_ros2_ws/install/my_msg_srv/share/my_msg_srv/cmake/export_my_msg_srv__rosidl_generator_cppExport.cmake
[1.037s] -- Up-to-date: /home/aniketh05/my_ros2_ws/install/my_msg_srv/share/my_msg_srv/cmake/export_my_msg_srv__rosidl_typesupport_fastrtps_cppExport.cmake
[1.037s] -- Up-to-date: /home/aniketh05/my_ros2_ws/install/my_msg_srv/share/my_msg_srv/cmake/export_my_msg_srv__rosidl_typesupport_fastrtps_cppExport-noconfig.cmake
[1.038s] -- Up-to-date: /home/aniketh05/my_ros2_ws/install/my_msg_srv/share/my_msg_srv/cmake/my_msg_srv__rosidl_typesupport_introspection_cppExport.cmake
[1.038s] -- Up-to-date: /home/aniketh05/my_ros2_ws/install/my_msg_srv/share/my_msg_srv/cmake/my_msg_srv__rosidl_typesupport_introspection_cppExport-noconfig.cmake
[1.039s] -- Up-to-date: /home/aniketh05/my_ros2_ws/install/my_msg_srv/share/my_msg_srv/cmake/my_msg_srv__rosidl_typesupport_cppExport.cmake
[1.039s] -- Up-to-date: /home/aniketh05/my_ros2_ws/install/my_msg_srv/share/my_msg_srv/cmake/my_msg_srv__rosidl_typesupport_cppExport-noconfig.cmake
[1.039s] -- Up-to-date: /home/aniketh05/my_ros2_ws/install/my_msg_srv/share/my_msg_srv/cmake/export_my_msg_srv__rosidl_generator_pyExport.cmake
[1.039s] -- Up-to-date: /home/aniketh05/my_ros2_ws/install/my_msg_srv/share/my_msg_srv/cmake/export_my_msg_srv__rosidl_generator_pyExport-noconfig.cmake
[1.039s] -- Up-to-date: /home/aniketh05/my_ros2_ws/install/my_msg_srv/share/my_msg_srv/cmake/rosidl_cmake-extras.cmake
[1.040s] -- Up-to-date: /home/aniketh05/my_ros2_ws/install/my_msg_srv/share/my_msg_srv/cmake/ament_cmake_export_dependencies-extras.cmake
[1.040s] -- Up-to-date: /home/aniketh05/my_ros2_ws/install/my_msg_srv/share/my_msg_srv/cmake/ament_cmake_export_include_directories-extras.cmake
[1.040s] -- Up-to-date: /home/aniketh05/my_ros2_ws/install/my_msg_srv/share/my_msg_srv/cmake/ament_cmake_export_libraries-extras.cmake
[1.041s] -- Up-to-date: /home/aniketh05/my_ros2_ws/install/my_msg_srv/share/my_msg_srv/cmake/ament_cmake_export_targets-extras.cmake
[1.042s] -- Up-to-date: /home/aniketh05/my_ros2_ws/install/my_msg_srv/share/my_msg_srv/cmake/rosidl_cmake_export_typesupport_targets-extras.cmake
[1.044s] -- Up-to-date: /home/aniketh05/my_ros2_ws/install/my_msg_srv/share/my_msg_srv/cmake/rosidl_cmake_export_typesupport_libraries-extras.cmake
[1.044s] -- Up-to-date: /home/aniketh05/my_ros2_ws/install/my_msg_srv/share/my_msg_srv/cmake/my_msg_srvConfig.cmake
[1.045s] -- Up-to-date: /home/aniketh05/my_ros2_ws/install/my_msg_srv/share/my_msg_srv/cmake/my_msg_srvConfig-version.cmake
[1.045s] -- Up-to-date: /home/aniketh05/my_ros2_ws/install/my_msg_srv/share/my_msg_srv/package.xml
[1.045s] Invoked command in '/home/aniketh05/my_ros2_ws/build/my_msg_srv' returned '0': CMAKE_PREFIX_PATH=${CMAKE_PREFIX_PATH}:/home/aniketh05/my_ros2_ws/install/turtle_control:/home/aniketh05/my_ros2_ws/install/my_services:/home/aniketh05/my_ros2_ws/install/my_pkg_prac:/home/aniketh05/my_ros2_ws/install/my_pkg_01:/home/aniketh05/my_ros2_ws/src/install/turtle_control:/home/aniketh05/my_ros2_ws/src/install/my_services:/home/aniketh05/my_ros2_ws/src/install/my_pkg_srv:/home/aniketh05/my_ros2_ws/src/install/my_pkg_prac:/home/aniketh05/my_ros2_ws/src/install/my_pkg_01:/opt/ros/humble /usr/bin/cmake --install /home/aniketh05/my_ros2_ws/build/my_msg_srv
