[0.416s] DEBUG:colcon:Command line arguments: ['/usr/bin/colcon', 'list', '-p', '--base-paths', '/home/aniketh05/my_ros2_ws']
[0.416s] DEBUG:colcon:Parsed command line arguments: Namespace(log_base=None, log_level=None, verb_name='list', build_base='build', ignore_user_meta=False, metas=['./colcon.meta'], base_paths=['/home/aniketh05/my_ros2_ws'], packages_ignore=None, packages_ignore_regex=None, paths=None, packages_up_to=None, packages_up_to_regex=None, packages_above=None, packages_above_and_dependencies=None, packages_above_depth=None, packages_select_by_dep=None, packages_skip_by_dep=None, packages_skip_up_to=None, packages_select_build_failed=False, packages_skip_build_finished=False, packages_select_test_failures=False, packages_skip_test_passed=False, packages_select=None, packages_skip=None, packages_select_regex=None, packages_skip_regex=None, packages_start=None, packages_end=None, allow_overriding=[], topological_order=False, names_only=False, paths_only=True, topological_graph=False, topological_graph_dot=False, topological_graph_density=False, topological_graph_legend=False, topological_graph_dot_cluster=False, topological_graph_dot_include_skipped=False, mixin_files=None, mixin=None, verb_parser=<colcon_mixin.mixin.mixin_argument.MixinArgumentDecorator object at 0x7fc2f32c5090>, verb_extension=<colcon_package_information.verb.list.ListVerb object at 0x7fc2f32c4040>, main=<bound method ListVerb.main of <colcon_package_information.verb.list.ListVerb object at 0x7fc2f32c4040>>, mixin_verb=('list',))
[0.012s] Level 1:colcon.colcon_core.package_discovery:discover_packages(colcon_meta) check parameters
[0.012s] Level 1:colcon.colcon_core.package_discovery:discover_packages(recursive) check parameters
[0.012s] Level 1:colcon.colcon_core.package_discovery:discover_packages(ignore) check parameters
[0.012s] Level 1:colcon.colcon_core.package_discovery:discover_packages(path) check parameters
[0.013s] Level 1:colcon.colcon_core.package_discovery:discover_packages(recursive) discover
[0.013s] INFO:colcon.colcon_core.package_discovery:Crawling recursively for packages in '/home/aniketh05/my_ros2_ws'
[0.013s] Level 1:colcon.colcon_core.package_identification:_identify(/home/aniketh05/my_ros2_ws) by extensions ['ignore', 'ignore_ament_install']
[0.014s] Level 1:colcon.colcon_core.package_identification:_identify(/home/aniketh05/my_ros2_ws) by extension 'ignore'
[0.014s] Level 1:colcon.colcon_core.package_identification:_identify(/home/aniketh05/my_ros2_ws) by extension 'ignore_ament_install'
[0.014s] Level 1:colcon.colcon_core.package_identification:_identify(/home/aniketh05/my_ros2_ws) by extensions ['colcon_pkg']
[0.014s] Level 1:colcon.colcon_core.package_identification:_identify(/home/aniketh05/my_ros2_ws) by extension 'colcon_pkg'
[0.015s] Level 1:colcon.colcon_core.package_identification:_identify(/home/aniketh05/my_ros2_ws) by extensions ['colcon_meta']
[0.015s] Level 1:colcon.colcon_core.package_identification:_identify(/home/aniketh05/my_ros2_ws) by extension 'colcon_meta'
[0.015s] Level 1:colcon.colcon_core.package_identification:_identify(/home/aniketh05/my_ros2_ws) by extensions ['ros']
[0.015s] Level 1:colcon.colcon_core.package_identification:_identify(/home/aniketh05/my_ros2_ws) by extension 'ros'
[0.039s] Level 1:colcon.colcon_core.package_identification:_identify(/home/aniketh05/my_ros2_ws) by extensions ['cmake', 'python']
[0.039s] Level 1:colcon.colcon_core.package_identification:_identify(/home/aniketh05/my_ros2_ws) by extension 'cmake'
[0.040s] Level 1:colcon.colcon_core.package_identification:_identify(/home/aniketh05/my_ros2_ws) by extension 'python'
[0.040s] Level 1:colcon.colcon_core.package_identification:_identify(/home/aniketh05/my_ros2_ws) by extensions ['python_setup_py']
[0.040s] Level 1:colcon.colcon_core.package_identification:_identify(/home/aniketh05/my_ros2_ws) by extension 'python_setup_py'
[0.040s] Level 1:colcon.colcon_core.package_identification:_identify(/home/aniketh05/my_ros2_ws/build) by extensions ['ignore', 'ignore_ament_install']
[0.041s] Level 1:colcon.colcon_core.package_identification:_identify(/home/aniketh05/my_ros2_ws/build) by extension 'ignore'
[0.041s] Level 1:colcon.colcon_core.package_identification:_identify(/home/aniketh05/my_ros2_ws/build) ignored
[0.041s] Level 1:colcon.colcon_core.package_identification:_identify(/home/aniketh05/my_ros2_ws/install) by extensions ['ignore', 'ignore_ament_install']
[0.042s] Level 1:colcon.colcon_core.package_identification:_identify(/home/aniketh05/my_ros2_ws/install) by extension 'ignore'
[0.042s] Level 1:colcon.colcon_core.package_identification:_identify(/home/aniketh05/my_ros2_ws/install) ignored
[0.042s] Level 1:colcon.colcon_core.package_identification:_identify(/home/aniketh05/my_ros2_ws/log) by extensions ['ignore', 'ignore_ament_install']
[0.043s] Level 1:colcon.colcon_core.package_identification:_identify(/home/aniketh05/my_ros2_ws/log) by extension 'ignore'
[0.043s] Level 1:colcon.colcon_core.package_identification:_identify(/home/aniketh05/my_ros2_ws/log) ignored
[0.044s] Level 1:colcon.colcon_core.package_identification:_identify(/home/aniketh05/my_ros2_ws/src) by extensions ['ignore', 'ignore_ament_install']
[0.045s] Level 1:colcon.colcon_core.package_identification:_identify(/home/aniketh05/my_ros2_ws/src) by extension 'ignore'
[0.045s] Level 1:colcon.colcon_core.package_identification:_identify(/home/aniketh05/my_ros2_ws/src) by extension 'ignore_ament_install'
[0.045s] Level 1:colcon.colcon_core.package_identification:_identify(/home/aniketh05/my_ros2_ws/src) by extensions ['colcon_pkg']
[0.046s] Level 1:colcon.colcon_core.package_identification:_identify(/home/aniketh05/my_ros2_ws/src) by extension 'colcon_pkg'
[0.046s] Level 1:colcon.colcon_core.package_identification:_identify(/home/aniketh05/my_ros2_ws/src) by extensions ['colcon_meta']
[0.046s] Level 1:colcon.colcon_core.package_identification:_identify(/home/aniketh05/my_ros2_ws/src) by extension 'colcon_meta'
[0.046s] Level 1:colcon.colcon_core.package_identification:_identify(/home/aniketh05/my_ros2_ws/src) by extensions ['ros']
[0.046s] Level 1:colcon.colcon_core.package_identification:_identify(/home/aniketh05/my_ros2_ws/src) by extension 'ros'
[0.046s] Level 1:colcon.colcon_core.package_identification:_identify(/home/aniketh05/my_ros2_ws/src) by extensions ['cmake', 'python']
[0.046s] Level 1:colcon.colcon_core.package_identification:_identify(/home/aniketh05/my_ros2_ws/src) by extension 'cmake'
[0.046s] Level 1:colcon.colcon_core.package_identification:_identify(/home/aniketh05/my_ros2_ws/src) by extension 'python'
[0.046s] Level 1:colcon.colcon_core.package_identification:_identify(/home/aniketh05/my_ros2_ws/src) by extensions ['python_setup_py']
[0.047s] Level 1:colcon.colcon_core.package_identification:_identify(/home/aniketh05/my_ros2_ws/src) by extension 'python_setup_py'
[0.047s] Level 1:colcon.colcon_core.package_identification:_identify(/home/aniketh05/my_ros2_ws/src/build) by extensions ['ignore', 'ignore_ament_install']
[0.047s] Level 1:colcon.colcon_core.package_identification:_identify(/home/aniketh05/my_ros2_ws/src/build) by extension 'ignore'
[0.048s] Level 1:colcon.colcon_core.package_identification:_identify(/home/aniketh05/my_ros2_ws/src/build) ignored
[0.048s] Level 1:colcon.colcon_core.package_identification:_identify(/home/aniketh05/my_ros2_ws/src/install) by extensions ['ignore', 'ignore_ament_install']
[0.048s] Level 1:colcon.colcon_core.package_identification:_identify(/home/aniketh05/my_ros2_ws/src/install) by extension 'ignore'
[0.049s] Level 1:colcon.colcon_core.package_identification:_identify(/home/aniketh05/my_ros2_ws/src/install) ignored
[0.049s] Level 1:colcon.colcon_core.package_identification:_identify(/home/aniketh05/my_ros2_ws/src/log) by extensions ['ignore', 'ignore_ament_install']
[0.049s] Level 1:colcon.colcon_core.package_identification:_identify(/home/aniketh05/my_ros2_ws/src/log) by extension 'ignore'
[0.049s] Level 1:colcon.colcon_core.package_identification:_identify(/home/aniketh05/my_ros2_ws/src/log) ignored
[0.050s] Level 1:colcon.colcon_core.package_identification:_identify(/home/aniketh05/my_ros2_ws/src/my_dd_robot) by extensions ['ignore', 'ignore_ament_install']
[0.050s] Level 1:colcon.colcon_core.package_identification:_identify(/home/aniketh05/my_ros2_ws/src/my_dd_robot) by extension 'ignore'
[0.051s] Level 1:colcon.colcon_core.package_identification:_identify(/home/aniketh05/my_ros2_ws/src/my_dd_robot) by extension 'ignore_ament_install'
[0.051s] Level 1:colcon.colcon_core.package_identification:_identify(/home/aniketh05/my_ros2_ws/src/my_dd_robot) by extensions ['colcon_pkg']
[0.052s] Level 1:colcon.colcon_core.package_identification:_identify(/home/aniketh05/my_ros2_ws/src/my_dd_robot) by extension 'colcon_pkg'
[0.052s] Level 1:colcon.colcon_core.package_identification:_identify(/home/aniketh05/my_ros2_ws/src/my_dd_robot) by extensions ['colcon_meta']
[0.052s] Level 1:colcon.colcon_core.package_identification:_identify(/home/aniketh05/my_ros2_ws/src/my_dd_robot) by extension 'colcon_meta'
[0.052s] Level 1:colcon.colcon_core.package_identification:_identify(/home/aniketh05/my_ros2_ws/src/my_dd_robot) by extensions ['ros']
[0.052s] Level 1:colcon.colcon_core.package_identification:_identify(/home/aniketh05/my_ros2_ws/src/my_dd_robot) by extension 'ros'
[0.092s] DEBUG:colcon.colcon_core.package_identification:Package '/home/aniketh05/my_ros2_ws/src/my_dd_robot' with type 'ros.ament_cmake' and name 'my_dd_robot'
[0.093s] Level 1:colcon.colcon_core.package_identification:_identify(/home/aniketh05/my_ros2_ws/src/my_gesture_arm_robot) by extensions ['ignore', 'ignore_ament_install']
[0.093s] Level 1:colcon.colcon_core.package_identification:_identify(/home/aniketh05/my_ros2_ws/src/my_gesture_arm_robot) by extension 'ignore'
[0.093s] Level 1:colcon.colcon_core.package_identification:_identify(/home/aniketh05/my_ros2_ws/src/my_gesture_arm_robot) by extension 'ignore_ament_install'
[0.093s] Level 1:colcon.colcon_core.package_identification:_identify(/home/aniketh05/my_ros2_ws/src/my_gesture_arm_robot) by extensions ['colcon_pkg']
[0.093s] Level 1:colcon.colcon_core.package_identification:_identify(/home/aniketh05/my_ros2_ws/src/my_gesture_arm_robot) by extension 'colcon_pkg'
[0.093s] Level 1:colcon.colcon_core.package_identification:_identify(/home/aniketh05/my_ros2_ws/src/my_gesture_arm_robot) by extensions ['colcon_meta']
[0.093s] Level 1:colcon.colcon_core.package_identification:_identify(/home/aniketh05/my_ros2_ws/src/my_gesture_arm_robot) by extension 'colcon_meta'
[0.093s] Level 1:colcon.colcon_core.package_identification:_identify(/home/aniketh05/my_ros2_ws/src/my_gesture_arm_robot) by extensions ['ros']
[0.094s] Level 1:colcon.colcon_core.package_identification:_identify(/home/aniketh05/my_ros2_ws/src/my_gesture_arm_robot) by extension 'ros'
[0.096s] DEBUG:colcon.colcon_core.package_identification:Package '/home/aniketh05/my_ros2_ws/src/my_gesture_arm_robot' with type 'ros.ament_cmake' and name 'my_gesture_arm_robot'
[0.097s] Level 1:colcon.colcon_core.package_identification:_identify(/home/aniketh05/my_ros2_ws/src/my_msg_srv) by extensions ['ignore', 'ignore_ament_install']
[0.097s] Level 1:colcon.colcon_core.package_identification:_identify(/home/aniketh05/my_ros2_ws/src/my_msg_srv) by extension 'ignore'
[0.097s] Level 1:colcon.colcon_core.package_identification:_identify(/home/aniketh05/my_ros2_ws/src/my_msg_srv) by extension 'ignore_ament_install'
[0.097s] Level 1:colcon.colcon_core.package_identification:_identify(/home/aniketh05/my_ros2_ws/src/my_msg_srv) by extensions ['colcon_pkg']
[0.097s] Level 1:colcon.colcon_core.package_identification:_identify(/home/aniketh05/my_ros2_ws/src/my_msg_srv) by extension 'colcon_pkg'
[0.097s] Level 1:colcon.colcon_core.package_identification:_identify(/home/aniketh05/my_ros2_ws/src/my_msg_srv) by extensions ['colcon_meta']
[0.097s] Level 1:colcon.colcon_core.package_identification:_identify(/home/aniketh05/my_ros2_ws/src/my_msg_srv) by extension 'colcon_meta'
[0.097s] Level 1:colcon.colcon_core.package_identification:_identify(/home/aniketh05/my_ros2_ws/src/my_msg_srv) by extensions ['ros']
[0.098s] Level 1:colcon.colcon_core.package_identification:_identify(/home/aniketh05/my_ros2_ws/src/my_msg_srv) by extension 'ros'
[0.099s] DEBUG:colcon.colcon_core.package_identification:Package '/home/aniketh05/my_ros2_ws/src/my_msg_srv' with type 'ros.ament_cmake' and name 'my_msg_srv'
[0.100s] Level 1:colcon.colcon_core.package_identification:_identify(/home/aniketh05/my_ros2_ws/src/my_pkg_01) by extensions ['ignore', 'ignore_ament_install']
[0.102s] Level 1:colcon.colcon_core.package_identification:_identify(/home/aniketh05/my_ros2_ws/src/my_pkg_01) by extension 'ignore'
[0.102s] Level 1:colcon.colcon_core.package_identification:_identify(/home/aniketh05/my_ros2_ws/src/my_pkg_01) by extension 'ignore_ament_install'
[0.102s] Level 1:colcon.colcon_core.package_identification:_identify(/home/aniketh05/my_ros2_ws/src/my_pkg_01) by extensions ['colcon_pkg']
[0.102s] Level 1:colcon.colcon_core.package_identification:_identify(/home/aniketh05/my_ros2_ws/src/my_pkg_01) by extension 'colcon_pkg'
[0.102s] Level 1:colcon.colcon_core.package_identification:_identify(/home/aniketh05/my_ros2_ws/src/my_pkg_01) by extensions ['colcon_meta']
[0.102s] Level 1:colcon.colcon_core.package_identification:_identify(/home/aniketh05/my_ros2_ws/src/my_pkg_01) by extension 'colcon_meta'
[0.103s] Level 1:colcon.colcon_core.package_identification:_identify(/home/aniketh05/my_ros2_ws/src/my_pkg_01) by extensions ['ros']
[0.104s] Level 1:colcon.colcon_core.package_identification:_identify(/home/aniketh05/my_ros2_ws/src/my_pkg_01) by extension 'ros'
[0.105s] DEBUG:colcon.colcon_core.package_identification:Package '/home/aniketh05/my_ros2_ws/src/my_pkg_01' with type 'ros.ament_python' and name 'my_pkg_01'
[0.106s] Level 1:colcon.colcon_core.package_identification:_identify(/home/aniketh05/my_ros2_ws/src/my_pkg_prac) by extensions ['ignore', 'ignore_ament_install']
[0.106s] Level 1:colcon.colcon_core.package_identification:_identify(/home/aniketh05/my_ros2_ws/src/my_pkg_prac) by extension 'ignore'
[0.107s] Level 1:colcon.colcon_core.package_identification:_identify(/home/aniketh05/my_ros2_ws/src/my_pkg_prac) by extension 'ignore_ament_install'
[0.107s] Level 1:colcon.colcon_core.package_identification:_identify(/home/aniketh05/my_ros2_ws/src/my_pkg_prac) by extensions ['colcon_pkg']
[0.107s] Level 1:colcon.colcon_core.package_identification:_identify(/home/aniketh05/my_ros2_ws/src/my_pkg_prac) by extension 'colcon_pkg'
[0.107s] Level 1:colcon.colcon_core.package_identification:_identify(/home/aniketh05/my_ros2_ws/src/my_pkg_prac) by extensions ['colcon_meta']
[0.107s] Level 1:colcon.colcon_core.package_identification:_identify(/home/aniketh05/my_ros2_ws/src/my_pkg_prac) by extension 'colcon_meta'
[0.107s] Level 1:colcon.colcon_core.package_identification:_identify(/home/aniketh05/my_ros2_ws/src/my_pkg_prac) by extensions ['ros']
[0.107s] Level 1:colcon.colcon_core.package_identification:_identify(/home/aniketh05/my_ros2_ws/src/my_pkg_prac) by extension 'ros'
[0.111s] DEBUG:colcon.colcon_core.package_identification:Package '/home/aniketh05/my_ros2_ws/src/my_pkg_prac' with type 'ros.ament_python' and name 'my_pkg_prac'
[0.112s] Level 1:colcon.colcon_core.package_identification:_identify(/home/aniketh05/my_ros2_ws/src/my_services) by extensions ['ignore', 'ignore_ament_install']
[0.112s] Level 1:colcon.colcon_core.package_identification:_identify(/home/aniketh05/my_ros2_ws/src/my_services) by extension 'ignore'
[0.112s] Level 1:colcon.colcon_core.package_identification:_identify(/home/aniketh05/my_ros2_ws/src/my_services) by extension 'ignore_ament_install'
[0.112s] Level 1:colcon.colcon_core.package_identification:_identify(/home/aniketh05/my_ros2_ws/src/my_services) by extensions ['colcon_pkg']
[0.112s] Level 1:colcon.colcon_core.package_identification:_identify(/home/aniketh05/my_ros2_ws/src/my_services) by extension 'colcon_pkg'
[0.112s] Level 1:colcon.colcon_core.package_identification:_identify(/home/aniketh05/my_ros2_ws/src/my_services) by extensions ['colcon_meta']
[0.113s] Level 1:colcon.colcon_core.package_identification:_identify(/home/aniketh05/my_ros2_ws/src/my_services) by extension 'colcon_meta'
[0.113s] Level 1:colcon.colcon_core.package_identification:_identify(/home/aniketh05/my_ros2_ws/src/my_services) by extensions ['ros']
[0.113s] Level 1:colcon.colcon_core.package_identification:_identify(/home/aniketh05/my_ros2_ws/src/my_services) by extension 'ros'
[0.114s] DEBUG:colcon.colcon_core.package_identification:Package '/home/aniketh05/my_ros2_ws/src/my_services' with type 'ros.ament_python' and name 'my_services'
[0.114s] Level 1:colcon.colcon_core.package_identification:_identify(/home/aniketh05/my_ros2_ws/src/turtle_control) by extensions ['ignore', 'ignore_ament_install']
[0.114s] Level 1:colcon.colcon_core.package_identification:_identify(/home/aniketh05/my_ros2_ws/src/turtle_control) by extension 'ignore'
[0.114s] Level 1:colcon.colcon_core.package_identification:_identify(/home/aniketh05/my_ros2_ws/src/turtle_control) by extension 'ignore_ament_install'
[0.114s] Level 1:colcon.colcon_core.package_identification:_identify(/home/aniketh05/my_ros2_ws/src/turtle_control) by extensions ['colcon_pkg']
[0.114s] Level 1:colcon.colcon_core.package_identification:_identify(/home/aniketh05/my_ros2_ws/src/turtle_control) by extension 'colcon_pkg'
[0.114s] Level 1:colcon.colcon_core.package_identification:_identify(/home/aniketh05/my_ros2_ws/src/turtle_control) by extensions ['colcon_meta']
[0.114s] Level 1:colcon.colcon_core.package_identification:_identify(/home/aniketh05/my_ros2_ws/src/turtle_control) by extension 'colcon_meta'
[0.115s] Level 1:colcon.colcon_core.package_identification:_identify(/home/aniketh05/my_ros2_ws/src/turtle_control) by extensions ['ros']
[0.115s] Level 1:colcon.colcon_core.package_identification:_identify(/home/aniketh05/my_ros2_ws/src/turtle_control) by extension 'ros'
[0.116s] DEBUG:colcon.colcon_core.package_identification:Package '/home/aniketh05/my_ros2_ws/src/turtle_control' with type 'ros.ament_python' and name 'turtle_control'
[0.116s] Level 1:colcon.colcon_core.package_discovery:discover_packages(recursive) using defaults
