[1.446s] Invoking command in '/home/aniketh05/my_ros2_ws/build/turtle_control': PYTHONPATH=/home/aniketh05/my_ros2_ws/build/turtle_control/prefix_override:/usr/lib/python3/dist-packages/colcon_core/task/python/colcon_distutils_commands:/home/aniketh05/my_ros2_ws/install/turtle_control/lib/python3.10/site-packages:${PYTHONPATH} /usr/bin/python3 -W ignore:setup.py install is deprecated -W ignore:easy_install command is deprecated setup.py develop --uninstall --editable --build-directory /home/aniketh05/my_ros2_ws/build/turtle_control/build
[1.704s] running develop
[1.743s] /home/aniketh05/.local/lib/python3.10/site-packages/pkg_resources/__init__.py:116: PkgResourcesDeprecationWarning: 2.0.5-build-libtorrent-rasterbar-qrM5vM-libtorrent-rasterbar-2.0.5-bindings-python is an invalid version and will not be supported in a future release
[1.744s]   warnings.warn(
[1.851s] Removing /home/aniketh05/my_ros2_ws/install/turtle_control/lib/python3.10/site-packages/turtle-control.egg-link (link to .)
[1.892s] Invoked command in '/home/aniketh05/my_ros2_ws/build/turtle_control' returned '0': PYTHONPATH=/home/aniketh05/my_ros2_ws/build/turtle_control/prefix_override:/usr/lib/python3/dist-packages/colcon_core/task/python/colcon_distutils_commands:/home/aniketh05/my_ros2_ws/install/turtle_control/lib/python3.10/site-packages:${PYTHONPATH} /usr/bin/python3 -W ignore:setup.py install is deprecated -W ignore:easy_install command is deprecated setup.py develop --uninstall --editable --build-directory /home/aniketh05/my_ros2_ws/build/turtle_control/build
[1.894s] Invoking command in '/home/aniketh05/my_ros2_ws/src/turtle_control': PYTHONPATH=/home/aniketh05/my_ros2_ws/build/turtle_control/prefix_override:/usr/lib/python3/dist-packages/colcon_core/task/python/colcon_distutils_commands:/home/aniketh05/my_ros2_ws/install/turtle_control/lib/python3.10/site-packages:${PYTHONPATH} /usr/bin/python3 -W ignore:setup.py install is deprecated -W ignore:easy_install command is deprecated setup.py egg_info --egg-base ../../build/turtle_control build --build-base /home/aniketh05/my_ros2_ws/build/turtle_control/build install --record /home/aniketh05/my_ros2_ws/build/turtle_control/install.log --single-version-externally-managed install_data --force
[2.160s] running egg_info
[2.160s] writing ../../build/turtle_control/turtle_control.egg-info/PKG-INFO
[2.160s] writing dependency_links to ../../build/turtle_control/turtle_control.egg-info/dependency_links.txt
[2.160s] writing entry points to ../../build/turtle_control/turtle_control.egg-info/entry_points.txt
[2.161s] writing requirements to ../../build/turtle_control/turtle_control.egg-info/requires.txt
[2.161s] writing top-level names to ../../build/turtle_control/turtle_control.egg-info/top_level.txt
[2.163s] reading manifest file '../../build/turtle_control/turtle_control.egg-info/SOURCES.txt'
[2.164s] writing manifest file '../../build/turtle_control/turtle_control.egg-info/SOURCES.txt'
[2.164s] running build
[2.164s] running build_py
[2.165s] running install
[2.166s] running install_lib
[2.167s] creating /home/aniketh05/my_ros2_ws/install/turtle_control/lib/python3.10/site-packages/turtle_control
[2.169s] copying /home/aniketh05/my_ros2_ws/build/turtle_control/build/lib/turtle_control/__init__.py -> /home/aniketh05/my_ros2_ws/install/turtle_control/lib/python3.10/site-packages/turtle_control
[2.169s] copying /home/aniketh05/my_ros2_ws/build/turtle_control/build/lib/turtle_control/turtle_subscriber.py -> /home/aniketh05/my_ros2_ws/install/turtle_control/lib/python3.10/site-packages/turtle_control
[2.169s] copying /home/aniketh05/my_ros2_ws/build/turtle_control/build/lib/turtle_control/pub_sub.py -> /home/aniketh05/my_ros2_ws/install/turtle_control/lib/python3.10/site-packages/turtle_control
[2.170s] copying /home/aniketh05/my_ros2_ws/build/turtle_control/build/lib/turtle_control/turtle_publisher.py -> /home/aniketh05/my_ros2_ws/install/turtle_control/lib/python3.10/site-packages/turtle_control
[2.170s] byte-compiling /home/aniketh05/my_ros2_ws/install/turtle_control/lib/python3.10/site-packages/turtle_control/__init__.py to __init__.cpython-310.pyc
[2.170s] byte-compiling /home/aniketh05/my_ros2_ws/install/turtle_control/lib/python3.10/site-packages/turtle_control/turtle_subscriber.py to turtle_subscriber.cpython-310.pyc
[2.171s] byte-compiling /home/aniketh05/my_ros2_ws/install/turtle_control/lib/python3.10/site-packages/turtle_control/pub_sub.py to pub_sub.cpython-310.pyc
[2.172s] byte-compiling /home/aniketh05/my_ros2_ws/install/turtle_control/lib/python3.10/site-packages/turtle_control/turtle_publisher.py to turtle_publisher.cpython-310.pyc
[2.172s] running install_data
[2.172s] copying resource/turtle_control -> /home/aniketh05/my_ros2_ws/install/turtle_control/share/ament_index/resource_index/packages
[2.172s] copying package.xml -> /home/aniketh05/my_ros2_ws/install/turtle_control/share/turtle_control
[2.173s] running install_egg_info
[2.175s] Copying ../../build/turtle_control/turtle_control.egg-info to /home/aniketh05/my_ros2_ws/install/turtle_control/lib/python3.10/site-packages/turtle_control-0.0.0-py3.10.egg-info
[2.176s] running install_scripts
[2.196s] Installing pub_sub script to /home/aniketh05/my_ros2_ws/install/turtle_control/lib/turtle_control
[2.197s] Installing turtle_publisher script to /home/aniketh05/my_ros2_ws/install/turtle_control/lib/turtle_control
[2.197s] Installing turtle_subscriber script to /home/aniketh05/my_ros2_ws/install/turtle_control/lib/turtle_control
[2.197s] writing list of installed files to '/home/aniketh05/my_ros2_ws/build/turtle_control/install.log'
[2.226s] Invoked command in '/home/aniketh05/my_ros2_ws/src/turtle_control' returned '0': PYTHONPATH=/home/aniketh05/my_ros2_ws/build/turtle_control/prefix_override:/usr/lib/python3/dist-packages/colcon_core/task/python/colcon_distutils_commands:/home/aniketh05/my_ros2_ws/install/turtle_control/lib/python3.10/site-packages:${PYTHONPATH} /usr/bin/python3 -W ignore:setup.py install is deprecated -W ignore:easy_install command is deprecated setup.py egg_info --egg-base ../../build/turtle_control build --build-base /home/aniketh05/my_ros2_ws/build/turtle_control/build install --record /home/aniketh05/my_ros2_ws/build/turtle_control/install.log --single-version-externally-managed install_data --force
