[1.262s] Invoking command in '/home/aniketh05/my_ros2_ws/src/my_pkg_01': PYTHONPATH=/home/aniketh05/my_ros2_ws/build/my_pkg_01/prefix_override:/usr/lib/python3/dist-packages/colcon_core/task/python/colcon_distutils_commands:/home/aniketh05/my_ros2_ws/install/my_pkg_01/lib/python3.10/site-packages:${PYTHONPATH} /usr/bin/python3 -W ignore:setup.py install is deprecated -W ignore:easy_install command is deprecated setup.py egg_info --egg-base ../../build/my_pkg_01 build --build-base /home/aniketh05/my_ros2_ws/build/my_pkg_01/build install --record /home/aniketh05/my_ros2_ws/build/my_pkg_01/install.log --single-version-externally-managed install_data
[1.596s] running egg_info
[1.599s] writing ../../build/my_pkg_01/my_pkg_01.egg-info/PKG-INFO
[1.599s] writing dependency_links to ../../build/my_pkg_01/my_pkg_01.egg-info/dependency_links.txt
[1.599s] writing entry points to ../../build/my_pkg_01/my_pkg_01.egg-info/entry_points.txt
[1.599s] writing requirements to ../../build/my_pkg_01/my_pkg_01.egg-info/requires.txt
[1.599s] writing top-level names to ../../build/my_pkg_01/my_pkg_01.egg-info/top_level.txt
[1.599s] reading manifest file '../../build/my_pkg_01/my_pkg_01.egg-info/SOURCES.txt'
[1.601s] writing manifest file '../../build/my_pkg_01/my_pkg_01.egg-info/SOURCES.txt'
[1.601s] running build
[1.601s] running build_py
[1.601s] running install
[1.602s] running install_lib
[1.604s] running install_data
[1.604s] running install_egg_info
[1.608s] removing '/home/aniketh05/my_ros2_ws/install/my_pkg_01/lib/python3.10/site-packages/my_pkg_01-0.0.0-py3.10.egg-info' (and everything under it)
[1.610s] Copying ../../build/my_pkg_01/my_pkg_01.egg-info to /home/aniketh05/my_ros2_ws/install/my_pkg_01/lib/python3.10/site-packages/my_pkg_01-0.0.0-py3.10.egg-info
[1.610s] running install_scripts
[1.635s] Installing my_first_node script to /home/aniketh05/my_ros2_ws/install/my_pkg_01/lib/my_pkg_01
[1.635s] Installing pose_color_change script to /home/aniketh05/my_ros2_ws/install/my_pkg_01/lib/my_pkg_01
[1.636s] Installing set_pen_client script to /home/aniketh05/my_ros2_ws/install/my_pkg_01/lib/my_pkg_01
[1.636s] writing list of installed files to '/home/aniketh05/my_ros2_ws/build/my_pkg_01/install.log'
[1.666s] Invoked command in '/home/aniketh05/my_ros2_ws/src/my_pkg_01' returned '0': PYTHONPATH=/home/aniketh05/my_ros2_ws/build/my_pkg_01/prefix_override:/usr/lib/python3/dist-packages/colcon_core/task/python/colcon_distutils_commands:/home/aniketh05/my_ros2_ws/install/my_pkg_01/lib/python3.10/site-packages:${PYTHONPATH} /usr/bin/python3 -W ignore:setup.py install is deprecated -W ignore:easy_install command is deprecated setup.py egg_info --egg-base ../../build/my_pkg_01 build --build-base /home/aniketh05/my_ros2_ws/build/my_pkg_01/build install --record /home/aniketh05/my_ros2_ws/build/my_pkg_01/install.log --single-version-externally-managed install_data
