[0.015s] Invoking command in '/home/aniketh05/my_ros2_ws/build/my_msg_srv': CMAKE_PREFIX_PATH=${CMAKE_PREFIX_PATH}:/home/aniketh05/my_ros2_ws/install/turtle_control:/home/aniketh05/my_ros2_ws/install/my_services:/home/aniketh05/my_ros2_ws/install/my_pkg_prac:/home/aniketh05/my_ros2_ws/install/my_pkg_01:/home/aniketh05/my_ros2_ws/src/install/turtle_control:/home/aniketh05/my_ros2_ws/src/install/my_services:/home/aniketh05/my_ros2_ws/src/install/my_pkg_srv:/home/aniketh05/my_ros2_ws/src/install/my_pkg_prac:/home/aniketh05/my_ros2_ws/src/install/my_pkg_01:/opt/ros/humble /usr/bin/cmake /home/aniketh05/my_ros2_ws/src/my_msg_srv -DCMAKE_INSTALL_PREFIX=/home/aniketh05/my_ros2_ws/install/my_msg_srv
[0.032s] -- Found ament_cmake: 1.3.11 (/opt/ros/humble/share/ament_cmake/cmake)
[0.169s] -- Found rosidl_default_generators: 1.2.0 (/opt/ros/humble/share/rosidl_default_generators/cmake)
[0.176s] -- Using all available rosidl_typesupport_c: rosidl_typesupport_fastrtps_c;rosidl_typesupport_introspection_c
[0.183s] -- Found rosidl_adapter: 3.1.6 (/opt/ros/humble/share/rosidl_adapter/cmake)
[0.378s] -- Using all available rosidl_typesupport_cpp: rosidl_typesupport_fastrtps_cpp;rosidl_typesupport_introspection_cpp
[0.417s] -- Found geometry_msgs: 4.2.4 (/opt/ros/humble/share/geometry_msgs/cmake)
[0.619s] [31mCMake Error at /opt/ros/humble/share/rosidl_adapter/cmake/rosidl_adapt_interfaces.cmake:59 (message):
[0.619s]   execute_process(/usr/bin/python3 -m rosidl_adapter --package-name
[0.619s]   my_msg_srv --arguments-file
[0.619s]   /home/aniketh05/my_ros2_ws/build/my_msg_srv/rosidl_adapter__arguments__my_msg_srv.json
[0.619s]   --output-dir
[0.619s]   /home/aniketh05/my_ros2_ws/build/my_msg_srv/rosidl_adapter/my_msg_srv
[0.619s]   --output-file
[0.620s]   /home/aniketh05/my_ros2_ws/build/my_msg_srv/rosidl_adapter/my_msg_srv.idls)
[0.620s]   returned error code 1:
[0.620s] 
[0.620s]   Error processing 'float63 radius' of 'my_msg_srv/Sphere': ''float63' is an
[0.620s]   invalid message name.  It should have the pattern '^[A-Z][A-Za-z0-9]*$''
[0.620s] 
[0.620s]   Traceback (most recent call last):
[0.620s] 
[0.620s]     File "/usr/lib/python3.10/runpy.py", line 196, in _run_module_as_main
[0.621s]       return _run_code(code, main_globals, None,
[0.621s]     File "/usr/lib/python3.10/runpy.py", line 86, in _run_code
[0.621s]       exec(code, run_globals)
[0.621s]     File "/opt/ros/humble/local/lib/python3.10/dist-packages/rosidl_adapter/__main__.py", line 19, in <module>
[0.621s]       sys.exit(main())
[0.621s]     File "/opt/ros/humble/local/lib/python3.10/dist-packages/rosidl_adapter/main.py", line 53, in main
[0.621s]       abs_idl_file = convert_to_idl(
[0.621s]     File "/opt/ros/humble/local/lib/python3.10/dist-packages/rosidl_adapter/__init__.py", line 19, in convert_to_idl
[0.621s]       return convert_msg_to_idl(
[0.621s]     File "/opt/ros/humble/local/lib/python3.10/dist-packages/rosidl_adapter/msg/__init__.py", line 28, in convert_msg_to_idl
[0.621s]       msg = parse_message_string(package_name, input_file.stem, content)
[0.621s]     File "/opt/ros/humble/local/lib/python3.10/dist-packages/rosidl_adapter/parser.py", line 520, in parse_message_string
[0.621s]       Type(type_string, context_package_name=pkg_name),
[0.621s]     File "/opt/ros/humble/local/lib/python3.10/dist-packages/rosidl_adapter/parser.py", line 277, in __init__
[0.621s]       super(Type, self).__init__(
[0.621s]     File "/opt/ros/humble/local/lib/python3.10/dist-packages/rosidl_adapter/parser.py", line 205, in __init__
[0.621s]       raise InvalidResourceName(
[0.621s] 
[0.621s]   rosidl_adapter.parser.InvalidResourceName: 'float63' is an invalid message
[0.621s]   name.  It should have the pattern '^[A-Z][A-Za-z0-9]*$'
[0.621s] 
[0.621s] Call Stack (most recent call first):
[0.621s]   /opt/ros/humble/share/rosidl_cmake/cmake/rosidl_generate_interfaces.cmake:130 (rosidl_adapt_interfaces)
[0.621s]   CMakeLists.txt:17 (rosidl_generate_interfaces)
[0.621s] 
[0.621s] [0m
[0.621s] -- Configuring incomplete, errors occurred!
[0.621s] See also "/home/aniketh05/my_ros2_ws/build/my_msg_srv/CMakeFiles/CMakeOutput.log".
[0.625s] Invoked command in '/home/aniketh05/my_ros2_ws/build/my_msg_srv' returned '1': CMAKE_PREFIX_PATH=${CMAKE_PREFIX_PATH}:/home/aniketh05/my_ros2_ws/install/turtle_control:/home/aniketh05/my_ros2_ws/install/my_services:/home/aniketh05/my_ros2_ws/install/my_pkg_prac:/home/aniketh05/my_ros2_ws/install/my_pkg_01:/home/aniketh05/my_ros2_ws/src/install/turtle_control:/home/aniketh05/my_ros2_ws/src/install/my_services:/home/aniketh05/my_ros2_ws/src/install/my_pkg_srv:/home/aniketh05/my_ros2_ws/src/install/my_pkg_prac:/home/aniketh05/my_ros2_ws/src/install/my_pkg_01:/opt/ros/humble /usr/bin/cmake /home/aniketh05/my_ros2_ws/src/my_msg_srv -DCMAKE_INSTALL_PREFIX=/home/aniketh05/my_ros2_ws/install/my_msg_srv
