[1.055s] Invoking command in '/home/aniketh05/my_ros2_ws/build/turtle_control': PYTHONPATH=/home/aniketh05/my_ros2_ws/build/turtle_control/prefix_override:/usr/lib/python3/dist-packages/colcon_core/task/python/colcon_distutils_commands:/home/aniketh05/my_ros2_ws/install/turtle_control/lib/python3.10/site-packages:${PYTHONPATH} /usr/bin/python3 -W ignore:setup.py install is deprecated -W ignore:easy_install command is deprecated setup.py develop --uninstall --editable --build-directory /home/aniketh05/my_ros2_ws/build/turtle_control/build
[1.287s] running develop
[1.328s] /home/aniketh05/.local/lib/python3.10/site-packages/pkg_resources/__init__.py:116: PkgResourcesDeprecationWarning: 2.0.5-build-libtorrent-rasterbar-qrM5vM-libtorrent-rasterbar-2.0.5-bindings-python is an invalid version and will not be supported in a future release
[1.328s]   warnings.warn(
[1.435s] Removing /home/aniketh05/my_ros2_ws/install/turtle_control/lib/python3.10/site-packages/turtle-control.egg-link (link to .)
[1.473s] Invoked command in '/home/aniketh05/my_ros2_ws/build/turtle_control' returned '0': PYTHONPATH=/home/aniketh05/my_ros2_ws/build/turtle_control/prefix_override:/usr/lib/python3/dist-packages/colcon_core/task/python/colcon_distutils_commands:/home/aniketh05/my_ros2_ws/install/turtle_control/lib/python3.10/site-packages:${PYTHONPATH} /usr/bin/python3 -W ignore:setup.py install is deprecated -W ignore:easy_install command is deprecated setup.py develop --uninstall --editable --build-directory /home/aniketh05/my_ros2_ws/build/turtle_control/build
[1.475s] Invoking command in '/home/aniketh05/my_ros2_ws/src/turtle_control': PYTHONPATH=/home/aniketh05/my_ros2_ws/build/turtle_control/prefix_override:/usr/lib/python3/dist-packages/colcon_core/task/python/colcon_distutils_commands:/home/aniketh05/my_ros2_ws/install/turtle_control/lib/python3.10/site-packages:${PYTHONPATH} /usr/bin/python3 -W ignore:setup.py install is deprecated -W ignore:easy_install command is deprecated setup.py egg_info --egg-base ../../build/turtle_control build --build-base /home/aniketh05/my_ros2_ws/build/turtle_control/build install --record /home/aniketh05/my_ros2_ws/build/turtle_control/install.log --single-version-externally-managed install_data --force
[1.768s] running egg_info
[1.769s] writing ../../build/turtle_control/turtle_control.egg-info/PKG-INFO
[1.769s] writing dependency_links to ../../build/turtle_control/turtle_control.egg-info/dependency_links.txt
[1.769s] writing entry points to ../../build/turtle_control/turtle_control.egg-info/entry_points.txt
[1.769s] writing requirements to ../../build/turtle_control/turtle_control.egg-info/requires.txt
[1.769s] writing top-level names to ../../build/turtle_control/turtle_control.egg-info/top_level.txt
[1.771s] reading manifest file '../../build/turtle_control/turtle_control.egg-info/SOURCES.txt'
[1.772s] writing manifest file '../../build/turtle_control/turtle_control.egg-info/SOURCES.txt'
[1.773s] running build
[1.773s] running build_py
[1.773s] creating /home/aniketh05/my_ros2_ws/build/turtle_control/build
[1.774s] creating /home/aniketh05/my_ros2_ws/build/turtle_control/build/lib
[1.774s] creating /home/aniketh05/my_ros2_ws/build/turtle_control/build/lib/turtle_control
[1.774s] copying turtle_control/__init__.py -> /home/aniketh05/my_ros2_ws/build/turtle_control/build/lib/turtle_control
[1.775s] copying turtle_control/turtle_subscriber.py -> /home/aniketh05/my_ros2_ws/build/turtle_control/build/lib/turtle_control
[1.776s] copying turtle_control/pub_sub.py -> /home/aniketh05/my_ros2_ws/build/turtle_control/build/lib/turtle_control
[1.778s] copying turtle_control/turtle_publisher.py -> /home/aniketh05/my_ros2_ws/build/turtle_control/build/lib/turtle_control
[1.778s] running install
[1.779s] running install_lib
[1.779s] creating /home/aniketh05/my_ros2_ws/install/turtle_control/lib/python3.10/site-packages/turtle_control
[1.779s] copying /home/aniketh05/my_ros2_ws/build/turtle_control/build/lib/turtle_control/__init__.py -> /home/aniketh05/my_ros2_ws/install/turtle_control/lib/python3.10/site-packages/turtle_control
[1.781s] copying /home/aniketh05/my_ros2_ws/build/turtle_control/build/lib/turtle_control/turtle_subscriber.py -> /home/aniketh05/my_ros2_ws/install/turtle_control/lib/python3.10/site-packages/turtle_control
[1.781s] copying /home/aniketh05/my_ros2_ws/build/turtle_control/build/lib/turtle_control/pub_sub.py -> /home/aniketh05/my_ros2_ws/install/turtle_control/lib/python3.10/site-packages/turtle_control
[1.782s] copying /home/aniketh05/my_ros2_ws/build/turtle_control/build/lib/turtle_control/turtle_publisher.py -> /home/aniketh05/my_ros2_ws/install/turtle_control/lib/python3.10/site-packages/turtle_control
[1.787s] byte-compiling /home/aniketh05/my_ros2_ws/install/turtle_control/lib/python3.10/site-packages/turtle_control/__init__.py to __init__.cpython-310.pyc
[1.787s] byte-compiling /home/aniketh05/my_ros2_ws/install/turtle_control/lib/python3.10/site-packages/turtle_control/turtle_subscriber.py to turtle_subscriber.cpython-310.pyc
[1.787s] byte-compiling /home/aniketh05/my_ros2_ws/install/turtle_control/lib/python3.10/site-packages/turtle_control/pub_sub.py to pub_sub.cpython-310.pyc
[1.787s] byte-compiling /home/aniketh05/my_ros2_ws/install/turtle_control/lib/python3.10/site-packages/turtle_control/turtle_publisher.py to turtle_publisher.cpython-310.pyc
[1.789s] running install_data
[1.789s] copying resource/turtle_control -> /home/aniketh05/my_ros2_ws/install/turtle_control/share/ament_index/resource_index/packages
[1.791s] copying package.xml -> /home/aniketh05/my_ros2_ws/install/turtle_control/share/turtle_control
[1.791s] running install_egg_info
[1.792s] Copying ../../build/turtle_control/turtle_control.egg-info to /home/aniketh05/my_ros2_ws/install/turtle_control/lib/python3.10/site-packages/turtle_control-0.0.0-py3.10.egg-info
[1.793s] running install_scripts
[1.806s] Installing pub_sub script to /home/aniketh05/my_ros2_ws/install/turtle_control/lib/turtle_control
[1.806s] Installing turtle_publisher script to /home/aniketh05/my_ros2_ws/install/turtle_control/lib/turtle_control
[1.806s] Installing turtle_subscriber script to /home/aniketh05/my_ros2_ws/install/turtle_control/lib/turtle_control
[1.806s] writing list of installed files to '/home/aniketh05/my_ros2_ws/build/turtle_control/install.log'
[1.846s] Invoked command in '/home/aniketh05/my_ros2_ws/src/turtle_control' returned '0': PYTHONPATH=/home/aniketh05/my_ros2_ws/build/turtle_control/prefix_override:/usr/lib/python3/dist-packages/colcon_core/task/python/colcon_distutils_commands:/home/aniketh05/my_ros2_ws/install/turtle_control/lib/python3.10/site-packages:${PYTHONPATH} /usr/bin/python3 -W ignore:setup.py install is deprecated -W ignore:easy_install command is deprecated setup.py egg_info --egg-base ../../build/turtle_control build --build-base /home/aniketh05/my_ros2_ws/build/turtle_control/build install --record /home/aniketh05/my_ros2_ws/build/turtle_control/install.log --single-version-externally-managed install_data --force
