[0.169s] DEBUG:colcon:Command line arguments: ['/usr/bin/colcon', 'build']
[0.169s] DEBUG:colcon:Parsed command line arguments: Namespace(log_base=None, log_level=None, verb_name='build', build_base='build', install_base='install', merge_install=False, symlink_install=False, test_result_base=None, continue_on_error=False, executor='parallel', parallel_workers=12, event_handlers=None, ignore_user_meta=False, metas=['./colcon.meta'], base_paths=['.'], packages_ignore=None, packages_ignore_regex=None, paths=None, packages_up_to=None, packages_up_to_regex=None, packages_above=None, packages_above_and_dependencies=None, packages_above_depth=None, packages_select_by_dep=None, packages_skip_by_dep=None, packages_skip_up_to=None, packages_select_build_failed=False, packages_skip_build_finished=False, packages_select_test_failures=False, packages_skip_test_passed=False, packages_select=None, packages_skip=None, packages_select_regex=None, packages_skip_regex=None, packages_start=None, packages_end=None, allow_overriding=[], cmake_args=None, cmake_target=None, cmake_target_skip_unavailable=False, cmake_clean_cache=False, cmake_clean_first=False, cmake_force_configure=False, ament_cmake_args=None, catkin_cmake_args=None, catkin_skip_building_tests=False, mixin_files=None, mixin=None, verb_parser=<colcon_mixin.mixin.mixin_argument.MixinArgumentDecorator object at 0x7fcf75e27820>, verb_extension=<colcon_core.verb.build.BuildVerb object at 0x7fcf75e272b0>, main=<bound method BuildVerb.main of <colcon_core.verb.build.BuildVerb object at 0x7fcf75e272b0>>, mixin_verb=('build',))
[0.283s] Level 1:colcon.colcon_core.package_discovery:discover_packages(colcon_meta) check parameters
[0.283s] Level 1:colcon.colcon_core.package_discovery:discover_packages(recursive) check parameters
[0.283s] Level 1:colcon.colcon_core.package_discovery:discover_packages(ignore) check parameters
[0.283s] Level 1:colcon.colcon_core.package_discovery:discover_packages(path) check parameters
[0.284s] Level 1:colcon.colcon_core.package_discovery:discover_packages(colcon_meta) discover
[0.284s] Level 1:colcon.colcon_core.package_discovery:discover_packages(recursive) discover
[0.284s] INFO:colcon.colcon_core.package_discovery:Crawling recursively for packages in '/home/aniketh05/my_ros2_ws'
[0.284s] Level 1:colcon.colcon_core.package_identification:_identify(.) by extensions ['ignore', 'ignore_ament_install']
[0.284s] Level 1:colcon.colcon_core.package_identification:_identify(.) by extension 'ignore'
[0.284s] Level 1:colcon.colcon_core.package_identification:_identify(.) by extension 'ignore_ament_install'
[0.284s] Level 1:colcon.colcon_core.package_identification:_identify(.) by extensions ['colcon_pkg']
[0.284s] Level 1:colcon.colcon_core.package_identification:_identify(.) by extension 'colcon_pkg'
[0.284s] Level 1:colcon.colcon_core.package_identification:_identify(.) by extensions ['colcon_meta']
[0.284s] Level 1:colcon.colcon_core.package_identification:_identify(.) by extension 'colcon_meta'
[0.284s] Level 1:colcon.colcon_core.package_identification:_identify(.) by extensions ['ros']
[0.284s] Level 1:colcon.colcon_core.package_identification:_identify(.) by extension 'ros'
[0.298s] Level 1:colcon.colcon_core.package_identification:_identify(.) by extensions ['cmake', 'python']
[0.298s] Level 1:colcon.colcon_core.package_identification:_identify(.) by extension 'cmake'
[0.298s] Level 1:colcon.colcon_core.package_identification:_identify(.) by extension 'python'
[0.298s] Level 1:colcon.colcon_core.package_identification:_identify(.) by extensions ['python_setup_py']
[0.298s] Level 1:colcon.colcon_core.package_identification:_identify(.) by extension 'python_setup_py'
[0.298s] Level 1:colcon.colcon_core.package_identification:_identify(build) by extensions ['ignore', 'ignore_ament_install']
[0.298s] Level 1:colcon.colcon_core.package_identification:_identify(build) by extension 'ignore'
[0.298s] Level 1:colcon.colcon_core.package_identification:_identify(build) ignored
[0.298s] Level 1:colcon.colcon_core.package_identification:_identify(install) by extensions ['ignore', 'ignore_ament_install']
[0.298s] Level 1:colcon.colcon_core.package_identification:_identify(install) by extension 'ignore'
[0.298s] Level 1:colcon.colcon_core.package_identification:_identify(install) ignored
[0.298s] Level 1:colcon.colcon_core.package_identification:_identify(log) by extensions ['ignore', 'ignore_ament_install']
[0.298s] Level 1:colcon.colcon_core.package_identification:_identify(log) by extension 'ignore'
[0.298s] Level 1:colcon.colcon_core.package_identification:_identify(log) ignored
[0.298s] Level 1:colcon.colcon_core.package_identification:_identify(src) by extensions ['ignore', 'ignore_ament_install']
[0.298s] Level 1:colcon.colcon_core.package_identification:_identify(src) by extension 'ignore'
[0.298s] Level 1:colcon.colcon_core.package_identification:_identify(src) by extension 'ignore_ament_install'
[0.298s] Level 1:colcon.colcon_core.package_identification:_identify(src) by extensions ['colcon_pkg']
[0.298s] Level 1:colcon.colcon_core.package_identification:_identify(src) by extension 'colcon_pkg'
[0.298s] Level 1:colcon.colcon_core.package_identification:_identify(src) by extensions ['colcon_meta']
[0.298s] Level 1:colcon.colcon_core.package_identification:_identify(src) by extension 'colcon_meta'
[0.298s] Level 1:colcon.colcon_core.package_identification:_identify(src) by extensions ['ros']
[0.298s] Level 1:colcon.colcon_core.package_identification:_identify(src) by extension 'ros'
[0.299s] Level 1:colcon.colcon_core.package_identification:_identify(src) by extensions ['cmake', 'python']
[0.299s] Level 1:colcon.colcon_core.package_identification:_identify(src) by extension 'cmake'
[0.299s] Level 1:colcon.colcon_core.package_identification:_identify(src) by extension 'python'
[0.299s] Level 1:colcon.colcon_core.package_identification:_identify(src) by extensions ['python_setup_py']
[0.299s] Level 1:colcon.colcon_core.package_identification:_identify(src) by extension 'python_setup_py'
[0.299s] Level 1:colcon.colcon_core.package_identification:_identify(src/build) by extensions ['ignore', 'ignore_ament_install']
[0.299s] Level 1:colcon.colcon_core.package_identification:_identify(src/build) by extension 'ignore'
[0.299s] Level 1:colcon.colcon_core.package_identification:_identify(src/build) ignored
[0.299s] Level 1:colcon.colcon_core.package_identification:_identify(src/install) by extensions ['ignore', 'ignore_ament_install']
[0.299s] Level 1:colcon.colcon_core.package_identification:_identify(src/install) by extension 'ignore'
[0.299s] Level 1:colcon.colcon_core.package_identification:_identify(src/install) ignored
[0.299s] Level 1:colcon.colcon_core.package_identification:_identify(src/log) by extensions ['ignore', 'ignore_ament_install']
[0.299s] Level 1:colcon.colcon_core.package_identification:_identify(src/log) by extension 'ignore'
[0.299s] Level 1:colcon.colcon_core.package_identification:_identify(src/log) ignored
[0.299s] Level 1:colcon.colcon_core.package_identification:_identify(src/my_msgs) by extensions ['ignore', 'ignore_ament_install']
[0.299s] Level 1:colcon.colcon_core.package_identification:_identify(src/my_msgs) by extension 'ignore'
[0.299s] Level 1:colcon.colcon_core.package_identification:_identify(src/my_msgs) by extension 'ignore_ament_install'
[0.299s] Level 1:colcon.colcon_core.package_identification:_identify(src/my_msgs) by extensions ['colcon_pkg']
[0.299s] Level 1:colcon.colcon_core.package_identification:_identify(src/my_msgs) by extension 'colcon_pkg'
[0.299s] Level 1:colcon.colcon_core.package_identification:_identify(src/my_msgs) by extensions ['colcon_meta']
[0.299s] Level 1:colcon.colcon_core.package_identification:_identify(src/my_msgs) by extension 'colcon_meta'
[0.299s] Level 1:colcon.colcon_core.package_identification:_identify(src/my_msgs) by extensions ['ros']
[0.299s] Level 1:colcon.colcon_core.package_identification:_identify(src/my_msgs) by extension 'ros'
[0.301s] DEBUG:colcon.colcon_core.package_identification:Package 'src/my_msgs' with type 'ros.ament_cmake' and name 'my_msgs'
[0.301s] Level 1:colcon.colcon_core.package_identification:_identify(src/my_pkg_01) by extensions ['ignore', 'ignore_ament_install']
[0.301s] Level 1:colcon.colcon_core.package_identification:_identify(src/my_pkg_01) by extension 'ignore'
[0.301s] Level 1:colcon.colcon_core.package_identification:_identify(src/my_pkg_01) by extension 'ignore_ament_install'
[0.301s] Level 1:colcon.colcon_core.package_identification:_identify(src/my_pkg_01) by extensions ['colcon_pkg']
[0.301s] Level 1:colcon.colcon_core.package_identification:_identify(src/my_pkg_01) by extension 'colcon_pkg'
[0.301s] Level 1:colcon.colcon_core.package_identification:_identify(src/my_pkg_01) by extensions ['colcon_meta']
[0.301s] Level 1:colcon.colcon_core.package_identification:_identify(src/my_pkg_01) by extension 'colcon_meta'
[0.301s] Level 1:colcon.colcon_core.package_identification:_identify(src/my_pkg_01) by extensions ['ros']
[0.301s] Level 1:colcon.colcon_core.package_identification:_identify(src/my_pkg_01) by extension 'ros'
[0.302s] DEBUG:colcon.colcon_core.package_identification:Package 'src/my_pkg_01' with type 'ros.ament_python' and name 'my_pkg_01'
[0.302s] Level 1:colcon.colcon_core.package_identification:_identify(src/my_pkg_prac) by extensions ['ignore', 'ignore_ament_install']
[0.302s] Level 1:colcon.colcon_core.package_identification:_identify(src/my_pkg_prac) by extension 'ignore'
[0.302s] Level 1:colcon.colcon_core.package_identification:_identify(src/my_pkg_prac) by extension 'ignore_ament_install'
[0.302s] Level 1:colcon.colcon_core.package_identification:_identify(src/my_pkg_prac) by extensions ['colcon_pkg']
[0.302s] Level 1:colcon.colcon_core.package_identification:_identify(src/my_pkg_prac) by extension 'colcon_pkg'
[0.302s] Level 1:colcon.colcon_core.package_identification:_identify(src/my_pkg_prac) by extensions ['colcon_meta']
[0.302s] Level 1:colcon.colcon_core.package_identification:_identify(src/my_pkg_prac) by extension 'colcon_meta'
[0.302s] Level 1:colcon.colcon_core.package_identification:_identify(src/my_pkg_prac) by extensions ['ros']
[0.302s] Level 1:colcon.colcon_core.package_identification:_identify(src/my_pkg_prac) by extension 'ros'
[0.302s] DEBUG:colcon.colcon_core.package_identification:Package 'src/my_pkg_prac' with type 'ros.ament_python' and name 'my_pkg_prac'
[0.302s] Level 1:colcon.colcon_core.package_identification:_identify(src/turtle_control) by extensions ['ignore', 'ignore_ament_install']
[0.302s] Level 1:colcon.colcon_core.package_identification:_identify(src/turtle_control) by extension 'ignore'
[0.302s] Level 1:colcon.colcon_core.package_identification:_identify(src/turtle_control) by extension 'ignore_ament_install'
[0.303s] Level 1:colcon.colcon_core.package_identification:_identify(src/turtle_control) by extensions ['colcon_pkg']
[0.303s] Level 1:colcon.colcon_core.package_identification:_identify(src/turtle_control) by extension 'colcon_pkg'
[0.303s] Level 1:colcon.colcon_core.package_identification:_identify(src/turtle_control) by extensions ['colcon_meta']
[0.303s] Level 1:colcon.colcon_core.package_identification:_identify(src/turtle_control) by extension 'colcon_meta'
[0.303s] Level 1:colcon.colcon_core.package_identification:_identify(src/turtle_control) by extensions ['ros']
[0.303s] Level 1:colcon.colcon_core.package_identification:_identify(src/turtle_control) by extension 'ros'
[0.303s] DEBUG:colcon.colcon_core.package_identification:Package 'src/turtle_control' with type 'ros.ament_python' and name 'turtle_control'
[0.303s] Level 1:colcon.colcon_core.package_discovery:discover_packages(recursive) using defaults
[0.303s] Level 1:colcon.colcon_core.package_discovery:discover_packages(ignore) discover
[0.303s] Level 1:colcon.colcon_core.package_discovery:discover_packages(ignore) using defaults
[0.303s] Level 1:colcon.colcon_core.package_discovery:discover_packages(path) discover
[0.303s] Level 1:colcon.colcon_core.package_discovery:discover_packages(path) using defaults
[0.317s] Level 1:colcon.colcon_core.package_discovery:discover_packages(prefix_path) check parameters
[0.317s] Level 1:colcon.colcon_core.package_discovery:discover_packages(prefix_path) discover
[0.317s] WARNING:colcon.colcon_ros.prefix_path.ament:The path '/home/aniketh05/my_ros2_ws/install/my_pkg_srv' in the environment variable AMENT_PREFIX_PATH doesn't exist
[0.319s] DEBUG:colcon.colcon_installed_package_information.package_discovery:Found 4 installed packages in /home/aniketh05/my_ros2_ws/install
[0.323s] DEBUG:colcon.colcon_installed_package_information.package_discovery:Found 295 installed packages in /opt/ros/humble
[0.326s] Level 1:colcon.colcon_core.package_discovery:discover_packages(prefix_path) using defaults
[0.351s] Level 5:colcon.colcon_core.verb:set package 'my_msgs' build argument 'cmake_args' from command line to 'None'
[0.351s] Level 5:colcon.colcon_core.verb:set package 'my_msgs' build argument 'cmake_target' from command line to 'None'
[0.351s] Level 5:colcon.colcon_core.verb:set package 'my_msgs' build argument 'cmake_target_skip_unavailable' from command line to 'False'
[0.351s] Level 5:colcon.colcon_core.verb:set package 'my_msgs' build argument 'cmake_clean_cache' from command line to 'False'
[0.351s] Level 5:colcon.colcon_core.verb:set package 'my_msgs' build argument 'cmake_clean_first' from command line to 'False'
[0.351s] Level 5:colcon.colcon_core.verb:set package 'my_msgs' build argument 'cmake_force_configure' from command line to 'False'
[0.351s] Level 5:colcon.colcon_core.verb:set package 'my_msgs' build argument 'ament_cmake_args' from command line to 'None'
[0.351s] Level 5:colcon.colcon_core.verb:set package 'my_msgs' build argument 'catkin_cmake_args' from command line to 'None'
[0.351s] Level 5:colcon.colcon_core.verb:set package 'my_msgs' build argument 'catkin_skip_building_tests' from command line to 'False'
[0.351s] DEBUG:colcon.colcon_core.verb:Building package 'my_msgs' with the following arguments: {'ament_cmake_args': None, 'build_base': '/home/aniketh05/my_ros2_ws/build/my_msgs', 'catkin_cmake_args': None, 'catkin_skip_building_tests': False, 'cmake_args': None, 'cmake_clean_cache': False, 'cmake_clean_first': False, 'cmake_force_configure': False, 'cmake_target': None, 'cmake_target_skip_unavailable': False, 'install_base': '/home/aniketh05/my_ros2_ws/install/my_msgs', 'merge_install': False, 'path': '/home/aniketh05/my_ros2_ws/src/my_msgs', 'symlink_install': False, 'test_result_base': None}
[0.352s] Level 5:colcon.colcon_core.verb:set package 'my_pkg_01' build argument 'cmake_args' from command line to 'None'
[0.352s] Level 5:colcon.colcon_core.verb:set package 'my_pkg_01' build argument 'cmake_target' from command line to 'None'
[0.352s] Level 5:colcon.colcon_core.verb:set package 'my_pkg_01' build argument 'cmake_target_skip_unavailable' from command line to 'False'
[0.352s] Level 5:colcon.colcon_core.verb:set package 'my_pkg_01' build argument 'cmake_clean_cache' from command line to 'False'
[0.352s] Level 5:colcon.colcon_core.verb:set package 'my_pkg_01' build argument 'cmake_clean_first' from command line to 'False'
[0.352s] Level 5:colcon.colcon_core.verb:set package 'my_pkg_01' build argument 'cmake_force_configure' from command line to 'False'
[0.352s] Level 5:colcon.colcon_core.verb:set package 'my_pkg_01' build argument 'ament_cmake_args' from command line to 'None'
[0.352s] Level 5:colcon.colcon_core.verb:set package 'my_pkg_01' build argument 'catkin_cmake_args' from command line to 'None'
[0.352s] Level 5:colcon.colcon_core.verb:set package 'my_pkg_01' build argument 'catkin_skip_building_tests' from command line to 'False'
[0.352s] DEBUG:colcon.colcon_core.verb:Building package 'my_pkg_01' with the following arguments: {'ament_cmake_args': None, 'build_base': '/home/aniketh05/my_ros2_ws/build/my_pkg_01', 'catkin_cmake_args': None, 'catkin_skip_building_tests': False, 'cmake_args': None, 'cmake_clean_cache': False, 'cmake_clean_first': False, 'cmake_force_configure': False, 'cmake_target': None, 'cmake_target_skip_unavailable': False, 'install_base': '/home/aniketh05/my_ros2_ws/install/my_pkg_01', 'merge_install': False, 'path': '/home/aniketh05/my_ros2_ws/src/my_pkg_01', 'symlink_install': False, 'test_result_base': None}
[0.352s] Level 5:colcon.colcon_core.verb:set package 'my_pkg_prac' build argument 'cmake_args' from command line to 'None'
[0.352s] Level 5:colcon.colcon_core.verb:set package 'my_pkg_prac' build argument 'cmake_target' from command line to 'None'
[0.352s] Level 5:colcon.colcon_core.verb:set package 'my_pkg_prac' build argument 'cmake_target_skip_unavailable' from command line to 'False'
[0.352s] Level 5:colcon.colcon_core.verb:set package 'my_pkg_prac' build argument 'cmake_clean_cache' from command line to 'False'
[0.352s] Level 5:colcon.colcon_core.verb:set package 'my_pkg_prac' build argument 'cmake_clean_first' from command line to 'False'
[0.352s] Level 5:colcon.colcon_core.verb:set package 'my_pkg_prac' build argument 'cmake_force_configure' from command line to 'False'
[0.352s] Level 5:colcon.colcon_core.verb:set package 'my_pkg_prac' build argument 'ament_cmake_args' from command line to 'None'
[0.352s] Level 5:colcon.colcon_core.verb:set package 'my_pkg_prac' build argument 'catkin_cmake_args' from command line to 'None'
[0.352s] Level 5:colcon.colcon_core.verb:set package 'my_pkg_prac' build argument 'catkin_skip_building_tests' from command line to 'False'
[0.352s] DEBUG:colcon.colcon_core.verb:Building package 'my_pkg_prac' with the following arguments: {'ament_cmake_args': None, 'build_base': '/home/aniketh05/my_ros2_ws/build/my_pkg_prac', 'catkin_cmake_args': None, 'catkin_skip_building_tests': False, 'cmake_args': None, 'cmake_clean_cache': False, 'cmake_clean_first': False, 'cmake_force_configure': False, 'cmake_target': None, 'cmake_target_skip_unavailable': False, 'install_base': '/home/aniketh05/my_ros2_ws/install/my_pkg_prac', 'merge_install': False, 'path': '/home/aniketh05/my_ros2_ws/src/my_pkg_prac', 'symlink_install': False, 'test_result_base': None}
[0.353s] Level 5:colcon.colcon_core.verb:set package 'turtle_control' build argument 'cmake_args' from command line to 'None'
[0.353s] Level 5:colcon.colcon_core.verb:set package 'turtle_control' build argument 'cmake_target' from command line to 'None'
[0.353s] Level 5:colcon.colcon_core.verb:set package 'turtle_control' build argument 'cmake_target_skip_unavailable' from command line to 'False'
[0.353s] Level 5:colcon.colcon_core.verb:set package 'turtle_control' build argument 'cmake_clean_cache' from command line to 'False'
[0.353s] Level 5:colcon.colcon_core.verb:set package 'turtle_control' build argument 'cmake_clean_first' from command line to 'False'
[0.353s] Level 5:colcon.colcon_core.verb:set package 'turtle_control' build argument 'cmake_force_configure' from command line to 'False'
[0.353s] Level 5:colcon.colcon_core.verb:set package 'turtle_control' build argument 'ament_cmake_args' from command line to 'None'
[0.353s] Level 5:colcon.colcon_core.verb:set package 'turtle_control' build argument 'catkin_cmake_args' from command line to 'None'
[0.353s] Level 5:colcon.colcon_core.verb:set package 'turtle_control' build argument 'catkin_skip_building_tests' from command line to 'False'
[0.353s] DEBUG:colcon.colcon_core.verb:Building package 'turtle_control' with the following arguments: {'ament_cmake_args': None, 'build_base': '/home/aniketh05/my_ros2_ws/build/turtle_control', 'catkin_cmake_args': None, 'catkin_skip_building_tests': False, 'cmake_args': None, 'cmake_clean_cache': False, 'cmake_clean_first': False, 'cmake_force_configure': False, 'cmake_target': None, 'cmake_target_skip_unavailable': False, 'install_base': '/home/aniketh05/my_ros2_ws/install/turtle_control', 'merge_install': False, 'path': '/home/aniketh05/my_ros2_ws/src/turtle_control', 'symlink_install': False, 'test_result_base': None}
[0.353s] INFO:colcon.colcon_core.executor:Executing jobs using 'parallel' executor
[0.354s] DEBUG:colcon.colcon_parallel_executor.executor.parallel:run_until_complete
[0.354s] INFO:colcon.colcon_ros.task.ament_cmake.build:Building ROS package in '/home/aniketh05/my_ros2_ws/src/my_msgs' with build type 'ament_cmake'
[0.355s] INFO:colcon.colcon_cmake.task.cmake.build:Building CMake package in '/home/aniketh05/my_ros2_ws/src/my_msgs'
[0.358s] INFO:colcon.colcon_core.plugin_system:Skipping extension 'colcon_core.shell.bat': Not used on non-Windows systems
[0.358s] INFO:colcon.colcon_core.shell:Skip shell extension 'powershell' for command environment: Not usable outside of PowerShell
[0.358s] DEBUG:colcon.colcon_core.shell:Skip shell extension 'dsv' for command environment
[0.366s] INFO:colcon.colcon_ros.task.ament_python.build:Building ROS package in '/home/aniketh05/my_ros2_ws/src/my_pkg_01' with build type 'ament_python'
[0.366s] Level 1:colcon.colcon_core.shell:create_environment_hook('my_pkg_01', 'ament_prefix_path')
[0.366s] INFO:colcon.colcon_core.shell:Creating environment hook '/home/aniketh05/my_ros2_ws/install/my_pkg_01/share/my_pkg_01/hook/ament_prefix_path.ps1'
[0.368s] INFO:colcon.colcon_core.shell:Creating environment descriptor '/home/aniketh05/my_ros2_ws/install/my_pkg_01/share/my_pkg_01/hook/ament_prefix_path.dsv'
[0.368s] INFO:colcon.colcon_core.shell:Creating environment hook '/home/aniketh05/my_ros2_ws/install/my_pkg_01/share/my_pkg_01/hook/ament_prefix_path.sh'
[0.369s] INFO:colcon.colcon_core.shell:Skip shell extension 'powershell' for command environment: Not usable outside of PowerShell
[0.369s] DEBUG:colcon.colcon_core.shell:Skip shell extension 'dsv' for command environment
[0.371s] INFO:colcon.colcon_ros.task.ament_python.build:Building ROS package in '/home/aniketh05/my_ros2_ws/src/my_pkg_prac' with build type 'ament_python'
[0.371s] Level 1:colcon.colcon_core.shell:create_environment_hook('my_pkg_prac', 'ament_prefix_path')
[0.372s] INFO:colcon.colcon_core.shell:Creating environment hook '/home/aniketh05/my_ros2_ws/install/my_pkg_prac/share/my_pkg_prac/hook/ament_prefix_path.ps1'
[0.372s] INFO:colcon.colcon_core.shell:Creating environment descriptor '/home/aniketh05/my_ros2_ws/install/my_pkg_prac/share/my_pkg_prac/hook/ament_prefix_path.dsv'
[0.373s] INFO:colcon.colcon_core.shell:Creating environment hook '/home/aniketh05/my_ros2_ws/install/my_pkg_prac/share/my_pkg_prac/hook/ament_prefix_path.sh'
[0.373s] INFO:colcon.colcon_core.shell:Skip shell extension 'powershell' for command environment: Not usable outside of PowerShell
[0.373s] DEBUG:colcon.colcon_core.shell:Skip shell extension 'dsv' for command environment
[0.375s] INFO:colcon.colcon_ros.task.ament_python.build:Building ROS package in '/home/aniketh05/my_ros2_ws/src/turtle_control' with build type 'ament_python'
[0.375s] Level 1:colcon.colcon_core.shell:create_environment_hook('turtle_control', 'ament_prefix_path')
[0.375s] INFO:colcon.colcon_core.shell:Creating environment hook '/home/aniketh05/my_ros2_ws/install/turtle_control/share/turtle_control/hook/ament_prefix_path.ps1'
[0.375s] INFO:colcon.colcon_core.shell:Creating environment descriptor '/home/aniketh05/my_ros2_ws/install/turtle_control/share/turtle_control/hook/ament_prefix_path.dsv'
[0.376s] INFO:colcon.colcon_core.shell:Creating environment hook '/home/aniketh05/my_ros2_ws/install/turtle_control/share/turtle_control/hook/ament_prefix_path.sh'
[0.377s] INFO:colcon.colcon_core.shell:Skip shell extension 'powershell' for command environment: Not usable outside of PowerShell
[0.377s] DEBUG:colcon.colcon_core.shell:Skip shell extension 'dsv' for command environment
[0.387s] DEBUG:colcon.colcon_core.event_handler.log_command:Invoking command in '/home/aniketh05/my_ros2_ws/build/my_msgs': CMAKE_PREFIX_PATH=${CMAKE_PREFIX_PATH}:/home/aniketh05/my_ros2_ws/install/my_pkg_prac:/home/aniketh05/my_ros2_ws/install/turtle_control:/home/aniketh05/my_ros2_ws/install/my_pkg_srv:/home/aniketh05/my_ros2_ws/install/my_pkg_01:/opt/ros/humble /usr/bin/cmake --build /home/aniketh05/my_ros2_ws/build/my_msgs -- -j12 -l12
[0.700s] INFO:colcon.colcon_core.task.python.build:Building Python package in '/home/aniketh05/my_ros2_ws/src/my_pkg_01'
[0.700s] INFO:colcon.colcon_core.shell:Skip shell extension 'powershell' for command environment: Not usable outside of PowerShell
[0.700s] DEBUG:colcon.colcon_core.shell:Skip shell extension 'dsv' for command environment
[0.909s] INFO:colcon.colcon_core.task.python.build:Building Python package in '/home/aniketh05/my_ros2_ws/src/my_pkg_prac'
[0.909s] INFO:colcon.colcon_core.shell:Skip shell extension 'powershell' for command environment: Not usable outside of PowerShell
[0.909s] DEBUG:colcon.colcon_core.shell:Skip shell extension 'dsv' for command environment
[1.115s] INFO:colcon.colcon_core.task.python.build:Building Python package in '/home/aniketh05/my_ros2_ws/src/turtle_control'
[1.115s] INFO:colcon.colcon_core.shell:Skip shell extension 'powershell' for command environment: Not usable outside of PowerShell
[1.115s] DEBUG:colcon.colcon_core.shell:Skip shell extension 'dsv' for command environment
[1.123s] DEBUG:colcon.colcon_core.event_handler.log_command:Invoked command in '/home/aniketh05/my_ros2_ws/build/my_msgs' returned '0': CMAKE_PREFIX_PATH=${CMAKE_PREFIX_PATH}:/home/aniketh05/my_ros2_ws/install/my_pkg_prac:/home/aniketh05/my_ros2_ws/install/turtle_control:/home/aniketh05/my_ros2_ws/install/my_pkg_srv:/home/aniketh05/my_ros2_ws/install/my_pkg_01:/opt/ros/humble /usr/bin/cmake --build /home/aniketh05/my_ros2_ws/build/my_msgs -- -j12 -l12
[1.129s] DEBUG:colcon.colcon_core.event_handler.log_command:Invoking command in '/home/aniketh05/my_ros2_ws/build/my_msgs': CMAKE_PREFIX_PATH=${CMAKE_PREFIX_PATH}:/home/aniketh05/my_ros2_ws/install/my_pkg_prac:/home/aniketh05/my_ros2_ws/install/turtle_control:/home/aniketh05/my_ros2_ws/install/my_pkg_srv:/home/aniketh05/my_ros2_ws/install/my_pkg_01:/opt/ros/humble /usr/bin/cmake --install /home/aniketh05/my_ros2_ws/build/my_msgs
[1.253s] Level 1:colcon.colcon_core.environment:create_environment_scripts_only(my_msgs)
[1.254s] DEBUG:colcon.colcon_core.event_handler.log_command:Invoked command in '/home/aniketh05/my_ros2_ws/build/my_msgs' returned '0': CMAKE_PREFIX_PATH=${CMAKE_PREFIX_PATH}:/home/aniketh05/my_ros2_ws/install/my_pkg_prac:/home/aniketh05/my_ros2_ws/install/turtle_control:/home/aniketh05/my_ros2_ws/install/my_pkg_srv:/home/aniketh05/my_ros2_ws/install/my_pkg_01:/opt/ros/humble /usr/bin/cmake --install /home/aniketh05/my_ros2_ws/build/my_msgs
[1.257s] Level 1:colcon.colcon_core.environment:checking '/home/aniketh05/my_ros2_ws/install/my_msgs' for CMake module files
[1.258s] Level 1:colcon.colcon_core.environment:checking '/home/aniketh05/my_ros2_ws/install/my_msgs' for CMake config files
[1.258s] Level 1:colcon.colcon_core.shell:create_environment_hook('my_msgs', 'cmake_prefix_path')
[1.258s] INFO:colcon.colcon_core.shell:Creating environment hook '/home/aniketh05/my_ros2_ws/install/my_msgs/share/my_msgs/hook/cmake_prefix_path.ps1'
[1.259s] INFO:colcon.colcon_core.shell:Creating environment descriptor '/home/aniketh05/my_ros2_ws/install/my_msgs/share/my_msgs/hook/cmake_prefix_path.dsv'
[1.260s] INFO:colcon.colcon_core.shell:Creating environment hook '/home/aniketh05/my_ros2_ws/install/my_msgs/share/my_msgs/hook/cmake_prefix_path.sh'
[1.261s] Level 1:colcon.colcon_core.environment:checking '/home/aniketh05/my_ros2_ws/install/my_msgs/lib'
[1.261s] Level 1:colcon.colcon_core.shell:create_environment_hook('my_msgs', 'ld_library_path_lib')
[1.262s] INFO:colcon.colcon_core.shell:Creating environment hook '/home/aniketh05/my_ros2_ws/install/my_msgs/share/my_msgs/hook/ld_library_path_lib.ps1'
[1.262s] INFO:colcon.colcon_core.shell:Creating environment descriptor '/home/aniketh05/my_ros2_ws/install/my_msgs/share/my_msgs/hook/ld_library_path_lib.dsv'
[1.263s] INFO:colcon.colcon_core.shell:Creating environment hook '/home/aniketh05/my_ros2_ws/install/my_msgs/share/my_msgs/hook/ld_library_path_lib.sh'
[1.263s] Level 1:colcon.colcon_core.environment:checking '/home/aniketh05/my_ros2_ws/install/my_msgs/bin'
[1.263s] Level 1:colcon.colcon_core.environment:checking '/home/aniketh05/my_ros2_ws/install/my_msgs/lib/pkgconfig/my_msgs.pc'
[1.263s] Level 1:colcon.colcon_core.environment:checking '/home/aniketh05/my_ros2_ws/install/my_msgs/lib/python3.10/site-packages'
[1.264s] Level 1:colcon.colcon_core.environment:checking '/home/aniketh05/my_ros2_ws/install/my_msgs/bin'
[1.264s] INFO:colcon.colcon_core.shell:Creating package script '/home/aniketh05/my_ros2_ws/install/my_msgs/share/my_msgs/package.ps1'
[1.266s] INFO:colcon.colcon_core.shell:Creating package descriptor '/home/aniketh05/my_ros2_ws/install/my_msgs/share/my_msgs/package.dsv'
[1.267s] INFO:colcon.colcon_core.shell:Creating package script '/home/aniketh05/my_ros2_ws/install/my_msgs/share/my_msgs/package.sh'
[1.268s] INFO:colcon.colcon_core.shell:Creating package script '/home/aniketh05/my_ros2_ws/install/my_msgs/share/my_msgs/package.bash'
[1.269s] INFO:colcon.colcon_core.shell:Creating package script '/home/aniketh05/my_ros2_ws/install/my_msgs/share/my_msgs/package.zsh'
[1.270s] Level 1:colcon.colcon_core.environment:create_file_with_runtime_dependencies(/home/aniketh05/my_ros2_ws/install/my_msgs/share/colcon-core/packages/my_msgs)
[1.271s] Level 1:colcon.colcon_core.environment:create_environment_scripts_only(my_msgs)
[1.271s] Level 1:colcon.colcon_core.environment:checking '/home/aniketh05/my_ros2_ws/install/my_msgs' for CMake module files
[1.272s] Level 1:colcon.colcon_core.environment:checking '/home/aniketh05/my_ros2_ws/install/my_msgs' for CMake config files
[1.273s] Level 1:colcon.colcon_core.shell:create_environment_hook('my_msgs', 'cmake_prefix_path')
[1.273s] INFO:colcon.colcon_core.shell:Creating environment hook '/home/aniketh05/my_ros2_ws/install/my_msgs/share/my_msgs/hook/cmake_prefix_path.ps1'
[1.273s] INFO:colcon.colcon_core.shell:Creating environment descriptor '/home/aniketh05/my_ros2_ws/install/my_msgs/share/my_msgs/hook/cmake_prefix_path.dsv'
[1.274s] INFO:colcon.colcon_core.shell:Creating environment hook '/home/aniketh05/my_ros2_ws/install/my_msgs/share/my_msgs/hook/cmake_prefix_path.sh'
[1.274s] Level 1:colcon.colcon_core.environment:checking '/home/aniketh05/my_ros2_ws/install/my_msgs/lib'
[1.275s] Level 1:colcon.colcon_core.shell:create_environment_hook('my_msgs', 'ld_library_path_lib')
[1.275s] INFO:colcon.colcon_core.shell:Creating environment hook '/home/aniketh05/my_ros2_ws/install/my_msgs/share/my_msgs/hook/ld_library_path_lib.ps1'
[1.275s] INFO:colcon.colcon_core.shell:Creating environment descriptor '/home/aniketh05/my_ros2_ws/install/my_msgs/share/my_msgs/hook/ld_library_path_lib.dsv'
[1.275s] INFO:colcon.colcon_core.shell:Creating environment hook '/home/aniketh05/my_ros2_ws/install/my_msgs/share/my_msgs/hook/ld_library_path_lib.sh'
[1.276s] Level 1:colcon.colcon_core.environment:checking '/home/aniketh05/my_ros2_ws/install/my_msgs/bin'
[1.276s] Level 1:colcon.colcon_core.environment:checking '/home/aniketh05/my_ros2_ws/install/my_msgs/lib/pkgconfig/my_msgs.pc'
[1.277s] Level 1:colcon.colcon_core.environment:checking '/home/aniketh05/my_ros2_ws/install/my_msgs/lib/python3.10/site-packages'
[1.277s] Level 1:colcon.colcon_core.environment:checking '/home/aniketh05/my_ros2_ws/install/my_msgs/bin'
[1.278s] INFO:colcon.colcon_core.shell:Creating package script '/home/aniketh05/my_ros2_ws/install/my_msgs/share/my_msgs/package.ps1'
[1.280s] INFO:colcon.colcon_core.shell:Creating package descriptor '/home/aniketh05/my_ros2_ws/install/my_msgs/share/my_msgs/package.dsv'
[1.281s] INFO:colcon.colcon_core.shell:Creating package script '/home/aniketh05/my_ros2_ws/install/my_msgs/share/my_msgs/package.sh'
[1.283s] INFO:colcon.colcon_core.shell:Creating package script '/home/aniketh05/my_ros2_ws/install/my_msgs/share/my_msgs/package.bash'
[1.283s] INFO:colcon.colcon_core.shell:Creating package script '/home/aniketh05/my_ros2_ws/install/my_msgs/share/my_msgs/package.zsh'
[1.284s] Level 1:colcon.colcon_core.environment:create_file_with_runtime_dependencies(/home/aniketh05/my_ros2_ws/install/my_msgs/share/colcon-core/packages/my_msgs)
[1.594s] DEBUG:colcon.colcon_core.event_handler.log_command:Invoking command in '/home/aniketh05/my_ros2_ws/src/my_pkg_prac': PYTHONPATH=/home/aniketh05/my_ros2_ws/build/my_pkg_prac/prefix_override:/usr/lib/python3/dist-packages/colcon_core/task/python/colcon_distutils_commands:/home/aniketh05/my_ros2_ws/install/my_pkg_prac/lib/python3.10/site-packages:${PYTHONPATH} /usr/bin/python3 -W ignore:setup.py install is deprecated -W ignore:easy_install command is deprecated setup.py egg_info --egg-base ../../build/my_pkg_prac build --build-base /home/aniketh05/my_ros2_ws/build/my_pkg_prac/build install --record /home/aniketh05/my_ros2_ws/build/my_pkg_prac/install.log --single-version-externally-managed install_data
[1.629s] DEBUG:colcon.colcon_core.event_handler.log_command:Invoking command in '/home/aniketh05/my_ros2_ws/src/my_pkg_01': PYTHONPATH=/home/aniketh05/my_ros2_ws/build/my_pkg_01/prefix_override:/usr/lib/python3/dist-packages/colcon_core/task/python/colcon_distutils_commands:/home/aniketh05/my_ros2_ws/install/my_pkg_01/lib/python3.10/site-packages:${PYTHONPATH} /usr/bin/python3 -W ignore:setup.py install is deprecated -W ignore:easy_install command is deprecated setup.py egg_info --egg-base ../../build/my_pkg_01 build --build-base /home/aniketh05/my_ros2_ws/build/my_pkg_01/build install --record /home/aniketh05/my_ros2_ws/build/my_pkg_01/install.log --single-version-externally-managed install_data
[1.639s] DEBUG:colcon.colcon_core.event_handler.log_command:Invoking command in '/home/aniketh05/my_ros2_ws/src/turtle_control': PYTHONPATH=/home/aniketh05/my_ros2_ws/build/turtle_control/prefix_override:/usr/lib/python3/dist-packages/colcon_core/task/python/colcon_distutils_commands:/home/aniketh05/my_ros2_ws/install/turtle_control/lib/python3.10/site-packages:${PYTHONPATH} /usr/bin/python3 -W ignore:setup.py install is deprecated -W ignore:easy_install command is deprecated setup.py egg_info --egg-base ../../build/turtle_control build --build-base /home/aniketh05/my_ros2_ws/build/turtle_control/build install --record /home/aniketh05/my_ros2_ws/build/turtle_control/install.log --single-version-externally-managed install_data
[1.994s] Level 1:colcon.colcon_core.environment:checking '/home/aniketh05/my_ros2_ws/install/my_pkg_prac' for CMake module files
[1.995s] DEBUG:colcon.colcon_core.event_handler.log_command:Invoked command in '/home/aniketh05/my_ros2_ws/src/my_pkg_prac' returned '0': PYTHONPATH=/home/aniketh05/my_ros2_ws/build/my_pkg_prac/prefix_override:/usr/lib/python3/dist-packages/colcon_core/task/python/colcon_distutils_commands:/home/aniketh05/my_ros2_ws/install/my_pkg_prac/lib/python3.10/site-packages:${PYTHONPATH} /usr/bin/python3 -W ignore:setup.py install is deprecated -W ignore:easy_install command is deprecated setup.py egg_info --egg-base ../../build/my_pkg_prac build --build-base /home/aniketh05/my_ros2_ws/build/my_pkg_prac/build install --record /home/aniketh05/my_ros2_ws/build/my_pkg_prac/install.log --single-version-externally-managed install_data
[1.995s] Level 1:colcon.colcon_core.environment:checking '/home/aniketh05/my_ros2_ws/install/my_pkg_prac' for CMake config files
[1.996s] Level 1:colcon.colcon_core.environment:checking '/home/aniketh05/my_ros2_ws/install/my_pkg_prac/lib'
[1.996s] Level 1:colcon.colcon_core.environment:checking '/home/aniketh05/my_ros2_ws/install/my_pkg_prac/bin'
[1.996s] Level 1:colcon.colcon_core.environment:checking '/home/aniketh05/my_ros2_ws/install/my_pkg_prac/lib/pkgconfig/my_pkg_prac.pc'
[1.996s] Level 1:colcon.colcon_core.environment:checking '/home/aniketh05/my_ros2_ws/install/my_pkg_prac/lib/python3.10/site-packages'
[1.996s] Level 1:colcon.colcon_core.shell:create_environment_hook('my_pkg_prac', 'pythonpath')
[1.996s] INFO:colcon.colcon_core.shell:Creating environment hook '/home/aniketh05/my_ros2_ws/install/my_pkg_prac/share/my_pkg_prac/hook/pythonpath.ps1'
[1.997s] INFO:colcon.colcon_core.shell:Creating environment descriptor '/home/aniketh05/my_ros2_ws/install/my_pkg_prac/share/my_pkg_prac/hook/pythonpath.dsv'
[1.997s] INFO:colcon.colcon_core.shell:Creating environment hook '/home/aniketh05/my_ros2_ws/install/my_pkg_prac/share/my_pkg_prac/hook/pythonpath.sh'
[1.997s] Level 1:colcon.colcon_core.environment:checking '/home/aniketh05/my_ros2_ws/install/my_pkg_prac/bin'
[1.997s] Level 1:colcon.colcon_core.environment:create_environment_scripts_only(my_pkg_prac)
[1.998s] INFO:colcon.colcon_core.shell:Creating package script '/home/aniketh05/my_ros2_ws/install/my_pkg_prac/share/my_pkg_prac/package.ps1'
[1.998s] INFO:colcon.colcon_core.shell:Creating package descriptor '/home/aniketh05/my_ros2_ws/install/my_pkg_prac/share/my_pkg_prac/package.dsv'
[1.998s] INFO:colcon.colcon_core.shell:Creating package script '/home/aniketh05/my_ros2_ws/install/my_pkg_prac/share/my_pkg_prac/package.sh'
[1.999s] INFO:colcon.colcon_core.shell:Creating package script '/home/aniketh05/my_ros2_ws/install/my_pkg_prac/share/my_pkg_prac/package.bash'
[1.999s] INFO:colcon.colcon_core.shell:Creating package script '/home/aniketh05/my_ros2_ws/install/my_pkg_prac/share/my_pkg_prac/package.zsh'
[1.999s] Level 1:colcon.colcon_core.environment:create_file_with_runtime_dependencies(/home/aniketh05/my_ros2_ws/install/my_pkg_prac/share/colcon-core/packages/my_pkg_prac)
[2.033s] Level 1:colcon.colcon_core.environment:checking '/home/aniketh05/my_ros2_ws/install/my_pkg_01' for CMake module files
[2.033s] DEBUG:colcon.colcon_core.event_handler.log_command:Invoked command in '/home/aniketh05/my_ros2_ws/src/my_pkg_01' returned '0': PYTHONPATH=/home/aniketh05/my_ros2_ws/build/my_pkg_01/prefix_override:/usr/lib/python3/dist-packages/colcon_core/task/python/colcon_distutils_commands:/home/aniketh05/my_ros2_ws/install/my_pkg_01/lib/python3.10/site-packages:${PYTHONPATH} /usr/bin/python3 -W ignore:setup.py install is deprecated -W ignore:easy_install command is deprecated setup.py egg_info --egg-base ../../build/my_pkg_01 build --build-base /home/aniketh05/my_ros2_ws/build/my_pkg_01/build install --record /home/aniketh05/my_ros2_ws/build/my_pkg_01/install.log --single-version-externally-managed install_data
[2.034s] Level 1:colcon.colcon_core.environment:checking '/home/aniketh05/my_ros2_ws/install/my_pkg_01' for CMake config files
[2.034s] Level 1:colcon.colcon_core.environment:checking '/home/aniketh05/my_ros2_ws/install/my_pkg_01/lib'
[2.034s] Level 1:colcon.colcon_core.environment:checking '/home/aniketh05/my_ros2_ws/install/my_pkg_01/bin'
[2.034s] Level 1:colcon.colcon_core.environment:checking '/home/aniketh05/my_ros2_ws/install/my_pkg_01/lib/pkgconfig/my_pkg_01.pc'
[2.034s] Level 1:colcon.colcon_core.environment:checking '/home/aniketh05/my_ros2_ws/install/my_pkg_01/lib/python3.10/site-packages'
[2.034s] Level 1:colcon.colcon_core.shell:create_environment_hook('my_pkg_01', 'pythonpath')
[2.035s] INFO:colcon.colcon_core.shell:Creating environment hook '/home/aniketh05/my_ros2_ws/install/my_pkg_01/share/my_pkg_01/hook/pythonpath.ps1'
[2.035s] INFO:colcon.colcon_core.shell:Creating environment descriptor '/home/aniketh05/my_ros2_ws/install/my_pkg_01/share/my_pkg_01/hook/pythonpath.dsv'
[2.035s] INFO:colcon.colcon_core.shell:Creating environment hook '/home/aniketh05/my_ros2_ws/install/my_pkg_01/share/my_pkg_01/hook/pythonpath.sh'
[2.035s] Level 1:colcon.colcon_core.environment:checking '/home/aniketh05/my_ros2_ws/install/my_pkg_01/bin'
[2.036s] Level 1:colcon.colcon_core.environment:create_environment_scripts_only(my_pkg_01)
[2.036s] INFO:colcon.colcon_core.shell:Creating package script '/home/aniketh05/my_ros2_ws/install/my_pkg_01/share/my_pkg_01/package.ps1'
[2.036s] INFO:colcon.colcon_core.shell:Creating package descriptor '/home/aniketh05/my_ros2_ws/install/my_pkg_01/share/my_pkg_01/package.dsv'
[2.037s] INFO:colcon.colcon_core.shell:Creating package script '/home/aniketh05/my_ros2_ws/install/my_pkg_01/share/my_pkg_01/package.sh'
[2.037s] INFO:colcon.colcon_core.shell:Creating package script '/home/aniketh05/my_ros2_ws/install/my_pkg_01/share/my_pkg_01/package.bash'
[2.037s] INFO:colcon.colcon_core.shell:Creating package script '/home/aniketh05/my_ros2_ws/install/my_pkg_01/share/my_pkg_01/package.zsh'
[2.037s] Level 1:colcon.colcon_core.environment:create_file_with_runtime_dependencies(/home/aniketh05/my_ros2_ws/install/my_pkg_01/share/colcon-core/packages/my_pkg_01)
[2.039s] Level 1:colcon.colcon_core.environment:checking '/home/aniketh05/my_ros2_ws/install/turtle_control' for CMake module files
[2.040s] DEBUG:colcon.colcon_core.event_handler.log_command:Invoked command in '/home/aniketh05/my_ros2_ws/src/turtle_control' returned '0': PYTHONPATH=/home/aniketh05/my_ros2_ws/build/turtle_control/prefix_override:/usr/lib/python3/dist-packages/colcon_core/task/python/colcon_distutils_commands:/home/aniketh05/my_ros2_ws/install/turtle_control/lib/python3.10/site-packages:${PYTHONPATH} /usr/bin/python3 -W ignore:setup.py install is deprecated -W ignore:easy_install command is deprecated setup.py egg_info --egg-base ../../build/turtle_control build --build-base /home/aniketh05/my_ros2_ws/build/turtle_control/build install --record /home/aniketh05/my_ros2_ws/build/turtle_control/install.log --single-version-externally-managed install_data
[2.041s] Level 1:colcon.colcon_core.environment:checking '/home/aniketh05/my_ros2_ws/install/turtle_control' for CMake config files
[2.041s] Level 1:colcon.colcon_core.environment:checking '/home/aniketh05/my_ros2_ws/install/turtle_control/lib'
[2.041s] Level 1:colcon.colcon_core.environment:checking '/home/aniketh05/my_ros2_ws/install/turtle_control/bin'
[2.041s] Level 1:colcon.colcon_core.environment:checking '/home/aniketh05/my_ros2_ws/install/turtle_control/lib/pkgconfig/turtle_control.pc'
[2.042s] Level 1:colcon.colcon_core.environment:checking '/home/aniketh05/my_ros2_ws/install/turtle_control/lib/python3.10/site-packages'
[2.042s] Level 1:colcon.colcon_core.shell:create_environment_hook('turtle_control', 'pythonpath')
[2.042s] INFO:colcon.colcon_core.shell:Creating environment hook '/home/aniketh05/my_ros2_ws/install/turtle_control/share/turtle_control/hook/pythonpath.ps1'
[2.042s] INFO:colcon.colcon_core.shell:Creating environment descriptor '/home/aniketh05/my_ros2_ws/install/turtle_control/share/turtle_control/hook/pythonpath.dsv'
[2.043s] INFO:colcon.colcon_core.shell:Creating environment hook '/home/aniketh05/my_ros2_ws/install/turtle_control/share/turtle_control/hook/pythonpath.sh'
[2.043s] Level 1:colcon.colcon_core.environment:checking '/home/aniketh05/my_ros2_ws/install/turtle_control/bin'
[2.043s] Level 1:colcon.colcon_core.environment:create_environment_scripts_only(turtle_control)
[2.043s] INFO:colcon.colcon_core.shell:Creating package script '/home/aniketh05/my_ros2_ws/install/turtle_control/share/turtle_control/package.ps1'
[2.044s] INFO:colcon.colcon_core.shell:Creating package descriptor '/home/aniketh05/my_ros2_ws/install/turtle_control/share/turtle_control/package.dsv'
[2.044s] INFO:colcon.colcon_core.shell:Creating package script '/home/aniketh05/my_ros2_ws/install/turtle_control/share/turtle_control/package.sh'
[2.044s] INFO:colcon.colcon_core.shell:Creating package script '/home/aniketh05/my_ros2_ws/install/turtle_control/share/turtle_control/package.bash'
[2.045s] INFO:colcon.colcon_core.shell:Creating package script '/home/aniketh05/my_ros2_ws/install/turtle_control/share/turtle_control/package.zsh'
[2.045s] Level 1:colcon.colcon_core.environment:create_file_with_runtime_dependencies(/home/aniketh05/my_ros2_ws/install/turtle_control/share/colcon-core/packages/turtle_control)
[2.045s] DEBUG:colcon.colcon_parallel_executor.executor.parallel:closing loop
[2.045s] DEBUG:colcon.colcon_parallel_executor.executor.parallel:loop closed
[2.045s] DEBUG:colcon.colcon_parallel_executor.executor.parallel:run_until_complete finished with '0'
[2.046s] DEBUG:colcon.colcon_core.event_reactor:joining thread
[2.050s] INFO:colcon.colcon_core.plugin_system:Skipping extension 'colcon_notification.desktop_notification.terminal_notifier': Not used on non-Darwin systems
[2.050s] INFO:colcon.colcon_core.plugin_system:Skipping extension 'colcon_notification.desktop_notification.win32': Not used on non-Windows systems
[2.050s] INFO:colcon.colcon_notification.desktop_notification:Sending desktop notification using 'notify2'
[2.051s] DEBUG:colcon.colcon_notification.desktop_notification.notify2:Failed to initialize notify2: org.freedesktop.DBus.Error.ServiceUnknown: The name org.freedesktop.Notifications was not provided by any .service files
[2.051s] DEBUG:colcon.colcon_core.event_reactor:joined thread
[2.052s] INFO:colcon.colcon_core.shell:Creating prefix script '/home/aniketh05/my_ros2_ws/install/local_setup.ps1'
[2.052s] INFO:colcon.colcon_core.shell:Creating prefix util module '/home/aniketh05/my_ros2_ws/install/_local_setup_util_ps1.py'
[2.053s] INFO:colcon.colcon_core.shell:Creating prefix chain script '/home/aniketh05/my_ros2_ws/install/setup.ps1'
[2.054s] INFO:colcon.colcon_core.shell:Creating prefix script '/home/aniketh05/my_ros2_ws/install/local_setup.sh'
[2.054s] INFO:colcon.colcon_core.shell:Creating prefix util module '/home/aniketh05/my_ros2_ws/install/_local_setup_util_sh.py'
[2.055s] INFO:colcon.colcon_core.shell:Creating prefix chain script '/home/aniketh05/my_ros2_ws/install/setup.sh'
[2.056s] INFO:colcon.colcon_core.shell:Creating prefix script '/home/aniketh05/my_ros2_ws/install/local_setup.bash'
[2.058s] INFO:colcon.colcon_core.shell:Creating prefix chain script '/home/aniketh05/my_ros2_ws/install/setup.bash'
[2.058s] INFO:colcon.colcon_core.shell:Creating prefix script '/home/aniketh05/my_ros2_ws/install/local_setup.zsh'
[2.059s] INFO:colcon.colcon_core.shell:Creating prefix chain script '/home/aniketh05/my_ros2_ws/install/setup.zsh'
