[1.219s] Invoking command in '/home/aniketh05/my_ros2_ws/src/my_pkg_prac': PYTHONPATH=/home/aniketh05/my_ros2_ws/build/my_pkg_prac/prefix_override:/usr/lib/python3/dist-packages/colcon_core/task/python/colcon_distutils_commands:/home/aniketh05/my_ros2_ws/install/my_pkg_prac/lib/python3.10/site-packages:${PYTHONPATH} /usr/bin/python3 -W ignore:setup.py install is deprecated -W ignore:easy_install command is deprecated setup.py egg_info --egg-base ../../build/my_pkg_prac build --build-base /home/aniketh05/my_ros2_ws/build/my_pkg_prac/build install --record /home/aniketh05/my_ros2_ws/build/my_pkg_prac/install.log --single-version-externally-managed install_data
[1.531s] running egg_info
[1.532s] writing ../../build/my_pkg_prac/my_pkg_prac.egg-info/PKG-INFO
[1.532s] writing dependency_links to ../../build/my_pkg_prac/my_pkg_prac.egg-info/dependency_links.txt
[1.534s] writing entry points to ../../build/my_pkg_prac/my_pkg_prac.egg-info/entry_points.txt
[1.534s] writing requirements to ../../build/my_pkg_prac/my_pkg_prac.egg-info/requires.txt
[1.534s] writing top-level names to ../../build/my_pkg_prac/my_pkg_prac.egg-info/top_level.txt
[1.535s] reading manifest file '../../build/my_pkg_prac/my_pkg_prac.egg-info/SOURCES.txt'
[1.536s] writing manifest file '../../build/my_pkg_prac/my_pkg_prac.egg-info/SOURCES.txt'
[1.536s] running build
[1.536s] running build_py
[1.536s] copying my_pkg_prac/move_circular.py -> /home/aniketh05/my_ros2_ws/build/my_pkg_prac/build/lib/my_pkg_prac
[1.536s] running install
[1.537s] running install_lib
[1.537s] copying /home/aniketh05/my_ros2_ws/build/my_pkg_prac/build/lib/my_pkg_prac/move_circular.py -> /home/aniketh05/my_ros2_ws/install/my_pkg_prac/lib/python3.10/site-packages/my_pkg_prac
[1.539s] byte-compiling /home/aniketh05/my_ros2_ws/install/my_pkg_prac/lib/python3.10/site-packages/my_pkg_prac/move_circular.py to move_circular.cpython-310.pyc
[1.540s] running install_data
[1.540s] running install_egg_info
[1.542s] removing '/home/aniketh05/my_ros2_ws/install/my_pkg_prac/lib/python3.10/site-packages/my_pkg_prac-0.0.0-py3.10.egg-info' (and everything under it)
[1.543s] Copying ../../build/my_pkg_prac/my_pkg_prac.egg-info to /home/aniketh05/my_ros2_ws/install/my_pkg_prac/lib/python3.10/site-packages/my_pkg_prac-0.0.0-py3.10.egg-info
[1.545s] running install_scripts
[1.568s] Installing move_circular script to /home/aniketh05/my_ros2_ws/install/my_pkg_prac/lib/my_pkg_prac
[1.568s] Installing my_pose_sub script to /home/aniketh05/my_ros2_ws/install/my_pkg_prac/lib/my_pkg_prac
[1.569s] Installing my_pub_node script to /home/aniketh05/my_ros2_ws/install/my_pkg_prac/lib/my_pkg_prac
[1.569s] writing list of installed files to '/home/aniketh05/my_ros2_ws/build/my_pkg_prac/install.log'
[1.596s] Invoked command in '/home/aniketh05/my_ros2_ws/src/my_pkg_prac' returned '0': PYTHONPATH=/home/aniketh05/my_ros2_ws/build/my_pkg_prac/prefix_override:/usr/lib/python3/dist-packages/colcon_core/task/python/colcon_distutils_commands:/home/aniketh05/my_ros2_ws/install/my_pkg_prac/lib/python3.10/site-packages:${PYTHONPATH} /usr/bin/python3 -W ignore:setup.py install is deprecated -W ignore:easy_install command is deprecated setup.py egg_info --egg-base ../../build/my_pkg_prac build --build-base /home/aniketh05/my_ros2_ws/build/my_pkg_prac/build install --record /home/aniketh05/my_ros2_ws/build/my_pkg_prac/install.log --single-version-externally-managed install_data
