[0.331s] DEBUG:colcon:Command line arguments: ['/usr/bin/colcon', 'list', '-p', '--base-paths', '/home/aniketh05/my_ros2_ws']
[0.331s] DEBUG:colcon:Parsed command line arguments: Namespace(log_base=None, log_level=None, verb_name='list', build_base='build', ignore_user_meta=False, metas=['./colcon.meta'], base_paths=['/home/aniketh05/my_ros2_ws'], packages_ignore=None, packages_ignore_regex=None, paths=None, packages_up_to=None, packages_up_to_regex=None, packages_above=None, packages_above_and_dependencies=None, packages_above_depth=None, packages_select_by_dep=None, packages_skip_by_dep=None, packages_skip_up_to=None, packages_select_build_failed=False, packages_skip_build_finished=False, packages_select_test_failures=False, packages_skip_test_passed=False, packages_select=None, packages_skip=None, packages_select_regex=None, packages_skip_regex=None, packages_start=None, packages_end=None, allow_overriding=[], topological_order=False, names_only=False, paths_only=True, topological_graph=False, topological_graph_dot=False, topological_graph_density=False, topological_graph_legend=False, topological_graph_dot_cluster=False, topological_graph_dot_include_skipped=False, mixin_files=None, mixin=None, verb_parser=<colcon_mixin.mixin.mixin_argument.MixinArgumentDecorator object at 0x7fd0bd049540>, verb_extension=<colcon_package_information.verb.list.ListVerb object at 0x7fd0bd048490>, main=<bound method ListVerb.main of <colcon_package_information.verb.list.ListVerb object at 0x7fd0bd048490>>, mixin_verb=('list',))
[0.867s] Level 1:colcon.colcon_core.package_discovery:discover_packages(colcon_meta) check parameters
[0.867s] Level 1:colcon.colcon_core.package_discovery:discover_packages(recursive) check parameters
[0.867s] Level 1:colcon.colcon_core.package_discovery:discover_packages(ignore) check parameters
[0.867s] Level 1:colcon.colcon_core.package_discovery:discover_packages(path) check parameters
[0.867s] Level 1:colcon.colcon_core.package_discovery:discover_packages(recursive) discover
[0.867s] INFO:colcon.colcon_core.package_discovery:Crawling recursively for packages in '/home/aniketh05/my_ros2_ws'
[0.867s] Level 1:colcon.colcon_core.package_identification:_identify(/home/aniketh05/my_ros2_ws) by extensions ['ignore', 'ignore_ament_install']
[0.867s] Level 1:colcon.colcon_core.package_identification:_identify(/home/aniketh05/my_ros2_ws) by extension 'ignore'
[0.868s] Level 1:colcon.colcon_core.package_identification:_identify(/home/aniketh05/my_ros2_ws) by extension 'ignore_ament_install'
[0.868s] Level 1:colcon.colcon_core.package_identification:_identify(/home/aniketh05/my_ros2_ws) by extensions ['colcon_pkg']
[0.868s] Level 1:colcon.colcon_core.package_identification:_identify(/home/aniketh05/my_ros2_ws) by extension 'colcon_pkg'
[0.868s] Level 1:colcon.colcon_core.package_identification:_identify(/home/aniketh05/my_ros2_ws) by extensions ['colcon_meta']
[0.868s] Level 1:colcon.colcon_core.package_identification:_identify(/home/aniketh05/my_ros2_ws) by extension 'colcon_meta'
[0.868s] Level 1:colcon.colcon_core.package_identification:_identify(/home/aniketh05/my_ros2_ws) by extensions ['ros']
[0.868s] Level 1:colcon.colcon_core.package_identification:_identify(/home/aniketh05/my_ros2_ws) by extension 'ros'
[0.887s] Level 1:colcon.colcon_core.package_identification:_identify(/home/aniketh05/my_ros2_ws) by extensions ['cmake', 'python']
[0.888s] Level 1:colcon.colcon_core.package_identification:_identify(/home/aniketh05/my_ros2_ws) by extension 'cmake'
[0.888s] Level 1:colcon.colcon_core.package_identification:_identify(/home/aniketh05/my_ros2_ws) by extension 'python'
[0.888s] Level 1:colcon.colcon_core.package_identification:_identify(/home/aniketh05/my_ros2_ws) by extensions ['python_setup_py']
[0.888s] Level 1:colcon.colcon_core.package_identification:_identify(/home/aniketh05/my_ros2_ws) by extension 'python_setup_py'
[0.888s] Level 1:colcon.colcon_core.package_identification:_identify(/home/aniketh05/my_ros2_ws/build) by extensions ['ignore', 'ignore_ament_install']
[0.889s] Level 1:colcon.colcon_core.package_identification:_identify(/home/aniketh05/my_ros2_ws/build) by extension 'ignore'
[0.889s] Level 1:colcon.colcon_core.package_identification:_identify(/home/aniketh05/my_ros2_ws/build) ignored
[0.889s] Level 1:colcon.colcon_core.package_identification:_identify(/home/aniketh05/my_ros2_ws/install) by extensions ['ignore', 'ignore_ament_install']
[0.889s] Level 1:colcon.colcon_core.package_identification:_identify(/home/aniketh05/my_ros2_ws/install) by extension 'ignore'
[0.889s] Level 1:colcon.colcon_core.package_identification:_identify(/home/aniketh05/my_ros2_ws/install) ignored
[0.890s] Level 1:colcon.colcon_core.package_identification:_identify(/home/aniketh05/my_ros2_ws/log) by extensions ['ignore', 'ignore_ament_install']
[0.890s] Level 1:colcon.colcon_core.package_identification:_identify(/home/aniketh05/my_ros2_ws/log) by extension 'ignore'
[0.890s] Level 1:colcon.colcon_core.package_identification:_identify(/home/aniketh05/my_ros2_ws/log) ignored
[0.891s] Level 1:colcon.colcon_core.package_identification:_identify(/home/aniketh05/my_ros2_ws/src) by extensions ['ignore', 'ignore_ament_install']
[0.891s] Level 1:colcon.colcon_core.package_identification:_identify(/home/aniketh05/my_ros2_ws/src) by extension 'ignore'
[0.892s] Level 1:colcon.colcon_core.package_identification:_identify(/home/aniketh05/my_ros2_ws/src) by extension 'ignore_ament_install'
[0.892s] Level 1:colcon.colcon_core.package_identification:_identify(/home/aniketh05/my_ros2_ws/src) by extensions ['colcon_pkg']
[0.892s] Level 1:colcon.colcon_core.package_identification:_identify(/home/aniketh05/my_ros2_ws/src) by extension 'colcon_pkg'
[0.892s] Level 1:colcon.colcon_core.package_identification:_identify(/home/aniketh05/my_ros2_ws/src) by extensions ['colcon_meta']
[0.892s] Level 1:colcon.colcon_core.package_identification:_identify(/home/aniketh05/my_ros2_ws/src) by extension 'colcon_meta'
[0.893s] Level 1:colcon.colcon_core.package_identification:_identify(/home/aniketh05/my_ros2_ws/src) by extensions ['ros']
[0.893s] Level 1:colcon.colcon_core.package_identification:_identify(/home/aniketh05/my_ros2_ws/src) by extension 'ros'
[0.894s] Level 1:colcon.colcon_core.package_identification:_identify(/home/aniketh05/my_ros2_ws/src) by extensions ['cmake', 'python']
[0.895s] Level 1:colcon.colcon_core.package_identification:_identify(/home/aniketh05/my_ros2_ws/src) by extension 'cmake'
[0.895s] Level 1:colcon.colcon_core.package_identification:_identify(/home/aniketh05/my_ros2_ws/src) by extension 'python'
[0.895s] Level 1:colcon.colcon_core.package_identification:_identify(/home/aniketh05/my_ros2_ws/src) by extensions ['python_setup_py']
[0.895s] Level 1:colcon.colcon_core.package_identification:_identify(/home/aniketh05/my_ros2_ws/src) by extension 'python_setup_py'
[0.896s] Level 1:colcon.colcon_core.package_identification:_identify(/home/aniketh05/my_ros2_ws/src/build) by extensions ['ignore', 'ignore_ament_install']
[0.896s] Level 1:colcon.colcon_core.package_identification:_identify(/home/aniketh05/my_ros2_ws/src/build) by extension 'ignore'
[0.897s] Level 1:colcon.colcon_core.package_identification:_identify(/home/aniketh05/my_ros2_ws/src/build) ignored
[0.898s] Level 1:colcon.colcon_core.package_identification:_identify(/home/aniketh05/my_ros2_ws/src/install) by extensions ['ignore', 'ignore_ament_install']
[0.898s] Level 1:colcon.colcon_core.package_identification:_identify(/home/aniketh05/my_ros2_ws/src/install) by extension 'ignore'
[0.898s] Level 1:colcon.colcon_core.package_identification:_identify(/home/aniketh05/my_ros2_ws/src/install) ignored
[0.899s] Level 1:colcon.colcon_core.package_identification:_identify(/home/aniketh05/my_ros2_ws/src/log) by extensions ['ignore', 'ignore_ament_install']
[0.899s] Level 1:colcon.colcon_core.package_identification:_identify(/home/aniketh05/my_ros2_ws/src/log) by extension 'ignore'
[0.899s] Level 1:colcon.colcon_core.package_identification:_identify(/home/aniketh05/my_ros2_ws/src/log) ignored
[0.900s] Level 1:colcon.colcon_core.package_identification:_identify(/home/aniketh05/my_ros2_ws/src/my_dd_robot) by extensions ['ignore', 'ignore_ament_install']
[0.900s] Level 1:colcon.colcon_core.package_identification:_identify(/home/aniketh05/my_ros2_ws/src/my_dd_robot) by extension 'ignore'
[0.900s] Level 1:colcon.colcon_core.package_identification:_identify(/home/aniketh05/my_ros2_ws/src/my_dd_robot) by extension 'ignore_ament_install'
[0.901s] Level 1:colcon.colcon_core.package_identification:_identify(/home/aniketh05/my_ros2_ws/src/my_dd_robot) by extensions ['colcon_pkg']
[0.901s] Level 1:colcon.colcon_core.package_identification:_identify(/home/aniketh05/my_ros2_ws/src/my_dd_robot) by extension 'colcon_pkg'
[0.901s] Level 1:colcon.colcon_core.package_identification:_identify(/home/aniketh05/my_ros2_ws/src/my_dd_robot) by extensions ['colcon_meta']
[0.901s] Level 1:colcon.colcon_core.package_identification:_identify(/home/aniketh05/my_ros2_ws/src/my_dd_robot) by extension 'colcon_meta'
[0.901s] Level 1:colcon.colcon_core.package_identification:_identify(/home/aniketh05/my_ros2_ws/src/my_dd_robot) by extensions ['ros']
[0.901s] Level 1:colcon.colcon_core.package_identification:_identify(/home/aniketh05/my_ros2_ws/src/my_dd_robot) by extension 'ros'
[0.905s] DEBUG:colcon.colcon_core.package_identification:Package '/home/aniketh05/my_ros2_ws/src/my_dd_robot' with type 'ros.ament_cmake' and name 'viz_pkg'
[0.906s] Level 1:colcon.colcon_core.package_identification:_identify(/home/aniketh05/my_ros2_ws/src/my_msg_srv) by extensions ['ignore', 'ignore_ament_install']
[0.906s] Level 1:colcon.colcon_core.package_identification:_identify(/home/aniketh05/my_ros2_ws/src/my_msg_srv) by extension 'ignore'
[0.906s] Level 1:colcon.colcon_core.package_identification:_identify(/home/aniketh05/my_ros2_ws/src/my_msg_srv) by extension 'ignore_ament_install'
[0.907s] Level 1:colcon.colcon_core.package_identification:_identify(/home/aniketh05/my_ros2_ws/src/my_msg_srv) by extensions ['colcon_pkg']
[0.907s] Level 1:colcon.colcon_core.package_identification:_identify(/home/aniketh05/my_ros2_ws/src/my_msg_srv) by extension 'colcon_pkg'
[0.907s] Level 1:colcon.colcon_core.package_identification:_identify(/home/aniketh05/my_ros2_ws/src/my_msg_srv) by extensions ['colcon_meta']
[0.907s] Level 1:colcon.colcon_core.package_identification:_identify(/home/aniketh05/my_ros2_ws/src/my_msg_srv) by extension 'colcon_meta'
[0.907s] Level 1:colcon.colcon_core.package_identification:_identify(/home/aniketh05/my_ros2_ws/src/my_msg_srv) by extensions ['ros']
[0.907s] Level 1:colcon.colcon_core.package_identification:_identify(/home/aniketh05/my_ros2_ws/src/my_msg_srv) by extension 'ros'
[0.909s] DEBUG:colcon.colcon_core.package_identification:Package '/home/aniketh05/my_ros2_ws/src/my_msg_srv' with type 'ros.ament_cmake' and name 'my_msg_srv'
[0.909s] Level 1:colcon.colcon_core.package_identification:_identify(/home/aniketh05/my_ros2_ws/src/my_pkg_01) by extensions ['ignore', 'ignore_ament_install']
[0.926s] Level 1:colcon.colcon_core.package_identification:_identify(/home/aniketh05/my_ros2_ws/src/my_pkg_01) by extension 'ignore'
[0.926s] Level 1:colcon.colcon_core.package_identification:_identify(/home/aniketh05/my_ros2_ws/src/my_pkg_01) by extension 'ignore_ament_install'
[0.926s] Level 1:colcon.colcon_core.package_identification:_identify(/home/aniketh05/my_ros2_ws/src/my_pkg_01) by extensions ['colcon_pkg']
[0.926s] Level 1:colcon.colcon_core.package_identification:_identify(/home/aniketh05/my_ros2_ws/src/my_pkg_01) by extension 'colcon_pkg'
[0.926s] Level 1:colcon.colcon_core.package_identification:_identify(/home/aniketh05/my_ros2_ws/src/my_pkg_01) by extensions ['colcon_meta']
[0.927s] Level 1:colcon.colcon_core.package_identification:_identify(/home/aniketh05/my_ros2_ws/src/my_pkg_01) by extension 'colcon_meta'
[0.927s] Level 1:colcon.colcon_core.package_identification:_identify(/home/aniketh05/my_ros2_ws/src/my_pkg_01) by extensions ['ros']
[0.927s] Level 1:colcon.colcon_core.package_identification:_identify(/home/aniketh05/my_ros2_ws/src/my_pkg_01) by extension 'ros'
[0.928s] DEBUG:colcon.colcon_core.package_identification:Package '/home/aniketh05/my_ros2_ws/src/my_pkg_01' with type 'ros.ament_python' and name 'my_pkg_01'
[0.929s] Level 1:colcon.colcon_core.package_identification:_identify(/home/aniketh05/my_ros2_ws/src/my_pkg_prac) by extensions ['ignore', 'ignore_ament_install']
[0.929s] Level 1:colcon.colcon_core.package_identification:_identify(/home/aniketh05/my_ros2_ws/src/my_pkg_prac) by extension 'ignore'
[0.929s] Level 1:colcon.colcon_core.package_identification:_identify(/home/aniketh05/my_ros2_ws/src/my_pkg_prac) by extension 'ignore_ament_install'
[0.929s] Level 1:colcon.colcon_core.package_identification:_identify(/home/aniketh05/my_ros2_ws/src/my_pkg_prac) by extensions ['colcon_pkg']
[0.930s] Level 1:colcon.colcon_core.package_identification:_identify(/home/aniketh05/my_ros2_ws/src/my_pkg_prac) by extension 'colcon_pkg'
[0.930s] Level 1:colcon.colcon_core.package_identification:_identify(/home/aniketh05/my_ros2_ws/src/my_pkg_prac) by extensions ['colcon_meta']
[0.930s] Level 1:colcon.colcon_core.package_identification:_identify(/home/aniketh05/my_ros2_ws/src/my_pkg_prac) by extension 'colcon_meta'
[0.931s] Level 1:colcon.colcon_core.package_identification:_identify(/home/aniketh05/my_ros2_ws/src/my_pkg_prac) by extensions ['ros']
[0.931s] Level 1:colcon.colcon_core.package_identification:_identify(/home/aniketh05/my_ros2_ws/src/my_pkg_prac) by extension 'ros'
[0.933s] DEBUG:colcon.colcon_core.package_identification:Package '/home/aniketh05/my_ros2_ws/src/my_pkg_prac' with type 'ros.ament_python' and name 'my_pkg_prac'
[0.933s] Level 1:colcon.colcon_core.package_identification:_identify(/home/aniketh05/my_ros2_ws/src/my_services) by extensions ['ignore', 'ignore_ament_install']
[0.934s] Level 1:colcon.colcon_core.package_identification:_identify(/home/aniketh05/my_ros2_ws/src/my_services) by extension 'ignore'
[0.934s] Level 1:colcon.colcon_core.package_identification:_identify(/home/aniketh05/my_ros2_ws/src/my_services) by extension 'ignore_ament_install'
[0.934s] Level 1:colcon.colcon_core.package_identification:_identify(/home/aniketh05/my_ros2_ws/src/my_services) by extensions ['colcon_pkg']
[0.934s] Level 1:colcon.colcon_core.package_identification:_identify(/home/aniketh05/my_ros2_ws/src/my_services) by extension 'colcon_pkg'
[0.934s] Level 1:colcon.colcon_core.package_identification:_identify(/home/aniketh05/my_ros2_ws/src/my_services) by extensions ['colcon_meta']
[0.934s] Level 1:colcon.colcon_core.package_identification:_identify(/home/aniketh05/my_ros2_ws/src/my_services) by extension 'colcon_meta'
[0.935s] Level 1:colcon.colcon_core.package_identification:_identify(/home/aniketh05/my_ros2_ws/src/my_services) by extensions ['ros']
[0.935s] Level 1:colcon.colcon_core.package_identification:_identify(/home/aniketh05/my_ros2_ws/src/my_services) by extension 'ros'
[0.936s] DEBUG:colcon.colcon_core.package_identification:Package '/home/aniketh05/my_ros2_ws/src/my_services' with type 'ros.ament_python' and name 'my_services'
[0.936s] Level 1:colcon.colcon_core.package_identification:_identify(/home/aniketh05/my_ros2_ws/src/turtle_control) by extensions ['ignore', 'ignore_ament_install']
[0.936s] Level 1:colcon.colcon_core.package_identification:_identify(/home/aniketh05/my_ros2_ws/src/turtle_control) by extension 'ignore'
[0.936s] Level 1:colcon.colcon_core.package_identification:_identify(/home/aniketh05/my_ros2_ws/src/turtle_control) by extension 'ignore_ament_install'
[0.936s] Level 1:colcon.colcon_core.package_identification:_identify(/home/aniketh05/my_ros2_ws/src/turtle_control) by extensions ['colcon_pkg']
[0.937s] Level 1:colcon.colcon_core.package_identification:_identify(/home/aniketh05/my_ros2_ws/src/turtle_control) by extension 'colcon_pkg'
[0.937s] Level 1:colcon.colcon_core.package_identification:_identify(/home/aniketh05/my_ros2_ws/src/turtle_control) by extensions ['colcon_meta']
[0.937s] Level 1:colcon.colcon_core.package_identification:_identify(/home/aniketh05/my_ros2_ws/src/turtle_control) by extension 'colcon_meta'
[0.937s] Level 1:colcon.colcon_core.package_identification:_identify(/home/aniketh05/my_ros2_ws/src/turtle_control) by extensions ['ros']
[0.937s] Level 1:colcon.colcon_core.package_identification:_identify(/home/aniketh05/my_ros2_ws/src/turtle_control) by extension 'ros'
[0.937s] DEBUG:colcon.colcon_core.package_identification:Package '/home/aniketh05/my_ros2_ws/src/turtle_control' with type 'ros.ament_python' and name 'turtle_control'
[0.938s] Level 1:colcon.colcon_core.package_discovery:discover_packages(recursive) using defaults
