[1.448s] Invoking command in '/home/aniketh05/my_ros2_ws/src/build/my_pkg_prac': PYTHONPATH=/home/aniketh05/my_ros2_ws/src/build/my_pkg_prac/prefix_override:/usr/lib/python3/dist-packages/colcon_core/task/python/colcon_distutils_commands:/home/aniketh05/my_ros2_ws/src/install/my_pkg_prac/lib/python3.10/site-packages:${PYTHONPATH} /usr/bin/python3 -W ignore:setup.py install is deprecated -W ignore:easy_install command is deprecated setup.py develop --editable --build-directory /home/aniketh05/my_ros2_ws/src/build/my_pkg_prac/build --no-deps symlink_data --force
[1.774s] running develop
[1.824s] /home/aniketh05/.local/lib/python3.10/site-packages/pkg_resources/__init__.py:116: PkgResourcesDeprecationWarning: 2.0.5-build-libtorrent-rasterbar-qrM5vM-libtorrent-rasterbar-2.0.5-bindings-python is an invalid version and will not be supported in a future release
[1.824s]   warnings.warn(
[1.942s] running egg_info
[1.942s] writing my_pkg_prac.egg-info/PKG-INFO
[1.943s] writing dependency_links to my_pkg_prac.egg-info/dependency_links.txt
[1.943s] writing entry points to my_pkg_prac.egg-info/entry_points.txt
[1.944s] writing requirements to my_pkg_prac.egg-info/requires.txt
[1.944s] writing top-level names to my_pkg_prac.egg-info/top_level.txt
[1.946s] reading manifest file 'my_pkg_prac.egg-info/SOURCES.txt'
[1.947s] writing manifest file 'my_pkg_prac.egg-info/SOURCES.txt'
[1.950s] running build_ext
[1.951s] Creating /home/aniketh05/my_ros2_ws/src/install/my_pkg_prac/lib/python3.10/site-packages/my-pkg-prac.egg-link (link to .)
[1.954s] Installing move_circular script to /home/aniketh05/my_ros2_ws/src/install/my_pkg_prac/lib/my_pkg_prac
[1.954s] Installing my_pose_sub script to /home/aniketh05/my_ros2_ws/src/install/my_pkg_prac/lib/my_pkg_prac
[1.954s] Installing my_pub_node script to /home/aniketh05/my_ros2_ws/src/install/my_pkg_prac/lib/my_pkg_prac
[1.954s] Installing pen_change script to /home/aniketh05/my_ros2_ws/src/install/my_pkg_prac/lib/my_pkg_prac
[1.954s] Installing pub script to /home/aniketh05/my_ros2_ws/src/install/my_pkg_prac/lib/my_pkg_prac
[1.954s] Installing pub_sub_node script to /home/aniketh05/my_ros2_ws/src/install/my_pkg_prac/lib/my_pkg_prac
[1.954s] Installing shape script to /home/aniketh05/my_ros2_ws/src/install/my_pkg_prac/lib/my_pkg_prac
[1.954s] Installing sub script to /home/aniketh05/my_ros2_ws/src/install/my_pkg_prac/lib/my_pkg_prac
[1.955s] 
[1.955s] Installed /home/aniketh05/my_ros2_ws/src/build/my_pkg_prac
[1.955s] running symlink_data
[1.955s] symbolically linking /home/aniketh05/my_ros2_ws/src/build/my_pkg_prac/resource/my_pkg_prac -> /home/aniketh05/my_ros2_ws/src/install/my_pkg_prac/share/ament_index/resource_index/packages
[1.955s] symbolically linking /home/aniketh05/my_ros2_ws/src/build/my_pkg_prac/package.xml -> /home/aniketh05/my_ros2_ws/src/install/my_pkg_prac/share/my_pkg_prac
[2.046s] Invoked command in '/home/aniketh05/my_ros2_ws/src/build/my_pkg_prac' returned '0': PYTHONPATH=/home/aniketh05/my_ros2_ws/src/build/my_pkg_prac/prefix_override:/usr/lib/python3/dist-packages/colcon_core/task/python/colcon_distutils_commands:/home/aniketh05/my_ros2_ws/src/install/my_pkg_prac/lib/python3.10/site-packages:${PYTHONPATH} /usr/bin/python3 -W ignore:setup.py install is deprecated -W ignore:easy_install command is deprecated setup.py develop --editable --build-directory /home/aniketh05/my_ros2_ws/src/build/my_pkg_prac/build --no-deps symlink_data --force
