running develop
running egg_info
creating my_pkg_prac.egg-info
writing my_pkg_prac.egg-info/PKG-INFO
writing dependency_links to my_pkg_prac.egg-info/dependency_links.txt
writing entry points to my_pkg_prac.egg-info/entry_points.txt
writing requirements to my_pkg_prac.egg-info/requires.txt
writing top-level names to my_pkg_prac.egg-info/top_level.txt
writing manifest file 'my_pkg_prac.egg-info/SOURCES.txt'
reading manifest file 'my_pkg_prac.egg-info/SOURCES.txt'
writing manifest file 'my_pkg_prac.egg-info/SOURCES.txt'
running build_ext
Creating /home/aniketh05/my_ros2_ws/install/my_pkg_prac/lib/python3.10/site-packages/my-pkg-prac.egg-link (link to .)
Installing move_circular script to /home/aniketh05/my_ros2_ws/install/my_pkg_prac/lib/my_pkg_prac
Installing my_pose_sub script to /home/aniketh05/my_ros2_ws/install/my_pkg_prac/lib/my_pkg_prac
Installing my_pub_node script to /home/aniketh05/my_ros2_ws/install/my_pkg_prac/lib/my_pkg_prac
Installing pen_change script to /home/aniketh05/my_ros2_ws/install/my_pkg_prac/lib/my_pkg_prac
Installing pub script to /home/aniketh05/my_ros2_ws/install/my_pkg_prac/lib/my_pkg_prac
Installing pub_sub_node script to /home/aniketh05/my_ros2_ws/install/my_pkg_prac/lib/my_pkg_prac
Installing shape script to /home/aniketh05/my_ros2_ws/install/my_pkg_prac/lib/my_pkg_prac
Installing sub script to /home/aniketh05/my_ros2_ws/install/my_pkg_prac/lib/my_pkg_prac

Installed /home/aniketh05/my_ros2_ws/build/my_pkg_prac
running symlink_data
creating /home/aniketh05/my_ros2_ws/install/my_pkg_prac/share/ament_index
creating /home/aniketh05/my_ros2_ws/install/my_pkg_prac/share/ament_index/resource_index
creating /home/aniketh05/my_ros2_ws/install/my_pkg_prac/share/ament_index/resource_index/packages
symbolically linking /home/aniketh05/my_ros2_ws/build/my_pkg_prac/resource/my_pkg_prac -> /home/aniketh05/my_ros2_ws/install/my_pkg_prac/share/ament_index/resource_index/packages
symbolically linking /home/aniketh05/my_ros2_ws/build/my_pkg_prac/package.xml -> /home/aniketh05/my_ros2_ws/install/my_pkg_prac/share/my_pkg_prac
