running develop
/home/aniketh05/.local/lib/python3.10/site-packages/pkg_resources/__init__.py:116: PkgResourcesDeprecationWarning: 2.0.5-build-libtorrent-rasterbar-qrM5vM-libtorrent-rasterbar-2.0.5-bindings-python is an invalid version and will not be supported in a future release
  warnings.warn(
Removing /home/aniketh05/my_ros2_ws/install/turtle_control/lib/python3.10/site-packages/turtle-control.egg-link (link to .)
running egg_info
writing ../../build/turtle_control/turtle_control.egg-info/PKG-INFO
writing dependency_links to ../../build/turtle_control/turtle_control.egg-info/dependency_links.txt
writing entry points to ../../build/turtle_control/turtle_control.egg-info/entry_points.txt
writing requirements to ../../build/turtle_control/turtle_control.egg-info/requires.txt
writing top-level names to ../../build/turtle_control/turtle_control.egg-info/top_level.txt
reading manifest file '../../build/turtle_control/turtle_control.egg-info/SOURCES.txt'
writing manifest file '../../build/turtle_control/turtle_control.egg-info/SOURCES.txt'
running build
running build_py
creating /home/aniketh05/my_ros2_ws/build/turtle_control/build
creating /home/aniketh05/my_ros2_ws/build/turtle_control/build/lib
creating /home/aniketh05/my_ros2_ws/build/turtle_control/build/lib/turtle_control
copying turtle_control/__init__.py -> /home/aniketh05/my_ros2_ws/build/turtle_control/build/lib/turtle_control
copying turtle_control/turtle_subscriber.py -> /home/aniketh05/my_ros2_ws/build/turtle_control/build/lib/turtle_control
copying turtle_control/pub_sub.py -> /home/aniketh05/my_ros2_ws/build/turtle_control/build/lib/turtle_control
copying turtle_control/turtle_publisher.py -> /home/aniketh05/my_ros2_ws/build/turtle_control/build/lib/turtle_control
running install
running install_lib
creating /home/aniketh05/my_ros2_ws/install/turtle_control/lib/python3.10/site-packages/turtle_control
copying /home/aniketh05/my_ros2_ws/build/turtle_control/build/lib/turtle_control/__init__.py -> /home/aniketh05/my_ros2_ws/install/turtle_control/lib/python3.10/site-packages/turtle_control
copying /home/aniketh05/my_ros2_ws/build/turtle_control/build/lib/turtle_control/turtle_subscriber.py -> /home/aniketh05/my_ros2_ws/install/turtle_control/lib/python3.10/site-packages/turtle_control
copying /home/aniketh05/my_ros2_ws/build/turtle_control/build/lib/turtle_control/pub_sub.py -> /home/aniketh05/my_ros2_ws/install/turtle_control/lib/python3.10/site-packages/turtle_control
copying /home/aniketh05/my_ros2_ws/build/turtle_control/build/lib/turtle_control/turtle_publisher.py -> /home/aniketh05/my_ros2_ws/install/turtle_control/lib/python3.10/site-packages/turtle_control
byte-compiling /home/aniketh05/my_ros2_ws/install/turtle_control/lib/python3.10/site-packages/turtle_control/__init__.py to __init__.cpython-310.pyc
byte-compiling /home/aniketh05/my_ros2_ws/install/turtle_control/lib/python3.10/site-packages/turtle_control/turtle_subscriber.py to turtle_subscriber.cpython-310.pyc
byte-compiling /home/aniketh05/my_ros2_ws/install/turtle_control/lib/python3.10/site-packages/turtle_control/pub_sub.py to pub_sub.cpython-310.pyc
byte-compiling /home/aniketh05/my_ros2_ws/install/turtle_control/lib/python3.10/site-packages/turtle_control/turtle_publisher.py to turtle_publisher.cpython-310.pyc
running install_data
copying resource/turtle_control -> /home/aniketh05/my_ros2_ws/install/turtle_control/share/ament_index/resource_index/packages
copying package.xml -> /home/aniketh05/my_ros2_ws/install/turtle_control/share/turtle_control
running install_egg_info
Copying ../../build/turtle_control/turtle_control.egg-info to /home/aniketh05/my_ros2_ws/install/turtle_control/lib/python3.10/site-packages/turtle_control-0.0.0-py3.10.egg-info
running install_scripts
Installing pub_sub script to /home/aniketh05/my_ros2_ws/install/turtle_control/lib/turtle_control
Installing turtle_publisher script to /home/aniketh05/my_ros2_ws/install/turtle_control/lib/turtle_control
Installing turtle_subscriber script to /home/aniketh05/my_ros2_ws/install/turtle_control/lib/turtle_control
writing list of installed files to '/home/aniketh05/my_ros2_ws/build/turtle_control/install.log'
