[3.159s] Invoking command in '/home/aniketh05/my_ros2_ws/build/turtle_control': PYTHONPATH=/home/aniketh05/my_ros2_ws/build/turtle_control/prefix_override:/usr/lib/python3/dist-packages/colcon_core/task/python/colcon_distutils_commands:/home/aniketh05/my_ros2_ws/install/turtle_control/lib/python3.10/site-packages:${PYTHONPATH} /usr/bin/python3 -W ignore:setup.py install is deprecated -W ignore:easy_install command is deprecated setup.py develop --uninstall --editable --build-directory /home/aniketh05/my_ros2_ws/build/turtle_control/build
[3.687s] running develop
[3.782s] /home/aniketh05/.local/lib/python3.10/site-packages/pkg_resources/__init__.py:116: PkgResourcesDeprecationWarning: 2.0.5-build-libtorrent-rasterbar-qrM5vM-libtorrent-rasterbar-2.0.5-bindings-python is an invalid version and will not be supported in a future release
[3.782s]   warnings.warn(
[3.997s] Removing /home/aniketh05/my_ros2_ws/install/turtle_control/lib/python3.10/site-packages/turtle-control.egg-link (link to .)
[4.049s] Invoked command in '/home/aniketh05/my_ros2_ws/build/turtle_control' returned '0': PYTHONPATH=/home/aniketh05/my_ros2_ws/build/turtle_control/prefix_override:/usr/lib/python3/dist-packages/colcon_core/task/python/colcon_distutils_commands:/home/aniketh05/my_ros2_ws/install/turtle_control/lib/python3.10/site-packages:${PYTHONPATH} /usr/bin/python3 -W ignore:setup.py install is deprecated -W ignore:easy_install command is deprecated setup.py develop --uninstall --editable --build-directory /home/aniketh05/my_ros2_ws/build/turtle_control/build
[4.053s] Invoking command in '/home/aniketh05/my_ros2_ws/src/turtle_control': PYTHONPATH=/home/aniketh05/my_ros2_ws/build/turtle_control/prefix_override:/usr/lib/python3/dist-packages/colcon_core/task/python/colcon_distutils_commands:/home/aniketh05/my_ros2_ws/install/turtle_control/lib/python3.10/site-packages:${PYTHONPATH} /usr/bin/python3 -W ignore:setup.py install is deprecated -W ignore:easy_install command is deprecated setup.py egg_info --egg-base ../../build/turtle_control build --build-base /home/aniketh05/my_ros2_ws/build/turtle_control/build install --record /home/aniketh05/my_ros2_ws/build/turtle_control/install.log --single-version-externally-managed install_data --force
[4.516s] running egg_info
[4.517s] writing ../../build/turtle_control/turtle_control.egg-info/PKG-INFO
[4.518s] writing dependency_links to ../../build/turtle_control/turtle_control.egg-info/dependency_links.txt
[4.518s] writing entry points to ../../build/turtle_control/turtle_control.egg-info/entry_points.txt
[4.518s] writing requirements to ../../build/turtle_control/turtle_control.egg-info/requires.txt
[4.518s] writing top-level names to ../../build/turtle_control/turtle_control.egg-info/top_level.txt
[4.521s] reading manifest file '../../build/turtle_control/turtle_control.egg-info/SOURCES.txt'
[4.524s] writing manifest file '../../build/turtle_control/turtle_control.egg-info/SOURCES.txt'
[4.525s] running build
[4.525s] running build_py
[4.525s] creating /home/aniketh05/my_ros2_ws/build/turtle_control/build
[4.525s] creating /home/aniketh05/my_ros2_ws/build/turtle_control/build/lib
[4.525s] creating /home/aniketh05/my_ros2_ws/build/turtle_control/build/lib/turtle_control
[4.526s] copying turtle_control/__init__.py -> /home/aniketh05/my_ros2_ws/build/turtle_control/build/lib/turtle_control
[4.527s] copying turtle_control/turtle_subscriber.py -> /home/aniketh05/my_ros2_ws/build/turtle_control/build/lib/turtle_control
[4.528s] copying turtle_control/pub_sub.py -> /home/aniketh05/my_ros2_ws/build/turtle_control/build/lib/turtle_control
[4.530s] copying turtle_control/turtle_publisher.py -> /home/aniketh05/my_ros2_ws/build/turtle_control/build/lib/turtle_control
[4.531s] running install
[4.531s] running install_lib
[4.533s] creating /home/aniketh05/my_ros2_ws/install/turtle_control/lib/python3.10/site-packages/turtle_control
[4.533s] copying /home/aniketh05/my_ros2_ws/build/turtle_control/build/lib/turtle_control/__init__.py -> /home/aniketh05/my_ros2_ws/install/turtle_control/lib/python3.10/site-packages/turtle_control
[4.533s] copying /home/aniketh05/my_ros2_ws/build/turtle_control/build/lib/turtle_control/turtle_subscriber.py -> /home/aniketh05/my_ros2_ws/install/turtle_control/lib/python3.10/site-packages/turtle_control
[4.534s] copying /home/aniketh05/my_ros2_ws/build/turtle_control/build/lib/turtle_control/pub_sub.py -> /home/aniketh05/my_ros2_ws/install/turtle_control/lib/python3.10/site-packages/turtle_control
[4.534s] copying /home/aniketh05/my_ros2_ws/build/turtle_control/build/lib/turtle_control/turtle_publisher.py -> /home/aniketh05/my_ros2_ws/install/turtle_control/lib/python3.10/site-packages/turtle_control
[4.534s] byte-compiling /home/aniketh05/my_ros2_ws/install/turtle_control/lib/python3.10/site-packages/turtle_control/__init__.py to __init__.cpython-310.pyc
[4.535s] byte-compiling /home/aniketh05/my_ros2_ws/install/turtle_control/lib/python3.10/site-packages/turtle_control/turtle_subscriber.py to turtle_subscriber.cpython-310.pyc
[4.537s] byte-compiling /home/aniketh05/my_ros2_ws/install/turtle_control/lib/python3.10/site-packages/turtle_control/pub_sub.py to pub_sub.cpython-310.pyc
[4.538s] byte-compiling /home/aniketh05/my_ros2_ws/install/turtle_control/lib/python3.10/site-packages/turtle_control/turtle_publisher.py to turtle_publisher.cpython-310.pyc
[4.538s] running install_data
[4.540s] copying resource/turtle_control -> /home/aniketh05/my_ros2_ws/install/turtle_control/share/ament_index/resource_index/packages
[4.545s] copying package.xml -> /home/aniketh05/my_ros2_ws/install/turtle_control/share/turtle_control
[4.545s] running install_egg_info
[4.549s] Copying ../../build/turtle_control/turtle_control.egg-info to /home/aniketh05/my_ros2_ws/install/turtle_control/lib/python3.10/site-packages/turtle_control-0.0.0-py3.10.egg-info
[4.550s] running install_scripts
[4.590s] Installing pub_sub script to /home/aniketh05/my_ros2_ws/install/turtle_control/lib/turtle_control
[4.590s] Installing turtle_publisher script to /home/aniketh05/my_ros2_ws/install/turtle_control/lib/turtle_control
[4.591s] Installing turtle_subscriber script to /home/aniketh05/my_ros2_ws/install/turtle_control/lib/turtle_control
[4.591s] writing list of installed files to '/home/aniketh05/my_ros2_ws/build/turtle_control/install.log'
[4.673s] Invoked command in '/home/aniketh05/my_ros2_ws/src/turtle_control' returned '0': PYTHONPATH=/home/aniketh05/my_ros2_ws/build/turtle_control/prefix_override:/usr/lib/python3/dist-packages/colcon_core/task/python/colcon_distutils_commands:/home/aniketh05/my_ros2_ws/install/turtle_control/lib/python3.10/site-packages:${PYTHONPATH} /usr/bin/python3 -W ignore:setup.py install is deprecated -W ignore:easy_install command is deprecated setup.py egg_info --egg-base ../../build/turtle_control build --build-base /home/aniketh05/my_ros2_ws/build/turtle_control/build install --record /home/aniketh05/my_ros2_ws/build/turtle_control/install.log --single-version-externally-managed install_data --force
