[1.358s] Invoking command in '/home/aniketh05/my_ros2_ws/build/my_pkg_01': PYTHONPATH=/home/aniketh05/my_ros2_ws/build/my_pkg_01/prefix_override:/usr/lib/python3/dist-packages/colcon_core/task/python/colcon_distutils_commands:/home/aniketh05/my_ros2_ws/install/my_pkg_01/lib/python3.10/site-packages:${PYTHONPATH} /usr/bin/python3 -W ignore:setup.py install is deprecated -W ignore:easy_install command is deprecated setup.py develop --editable --build-directory /home/aniketh05/my_ros2_ws/build/my_pkg_01/build --no-deps symlink_data --force
[1.728s] running develop
[1.791s] /home/aniketh05/.local/lib/python3.10/site-packages/pkg_resources/__init__.py:116: PkgResourcesDeprecationWarning: 2.0.5-build-libtorrent-rasterbar-qrM5vM-libtorrent-rasterbar-2.0.5-bindings-python is an invalid version and will not be supported in a future release
[1.791s]   warnings.warn(
[1.963s] running egg_info
[1.963s] writing my_pkg_01.egg-info/PKG-INFO
[1.963s] writing dependency_links to my_pkg_01.egg-info/dependency_links.txt
[1.965s] writing entry points to my_pkg_01.egg-info/entry_points.txt
[1.973s] writing requirements to my_pkg_01.egg-info/requires.txt
[1.973s] writing top-level names to my_pkg_01.egg-info/top_level.txt
[1.973s] reading manifest file 'my_pkg_01.egg-info/SOURCES.txt'
[1.974s] writing manifest file 'my_pkg_01.egg-info/SOURCES.txt'
[1.974s] running build_ext
[1.974s] Creating /home/aniketh05/my_ros2_ws/install/my_pkg_01/lib/python3.10/site-packages/my-pkg-01.egg-link (link to .)
[1.974s] Installing my_first_node script to /home/aniketh05/my_ros2_ws/install/my_pkg_01/lib/my_pkg_01
[1.974s] Installing pose_color_change script to /home/aniketh05/my_ros2_ws/install/my_pkg_01/lib/my_pkg_01
[1.974s] Installing set_pen_client script to /home/aniketh05/my_ros2_ws/install/my_pkg_01/lib/my_pkg_01
[1.974s] 
[1.974s] Installed /home/aniketh05/my_ros2_ws/build/my_pkg_01
[1.974s] running symlink_data
[1.975s] symbolically linking /home/aniketh05/my_ros2_ws/build/my_pkg_01/resource/my_pkg_01 -> /home/aniketh05/my_ros2_ws/install/my_pkg_01/share/ament_index/resource_index/packages
[1.975s] symbolically linking /home/aniketh05/my_ros2_ws/build/my_pkg_01/package.xml -> /home/aniketh05/my_ros2_ws/install/my_pkg_01/share/my_pkg_01
[2.046s] Invoked command in '/home/aniketh05/my_ros2_ws/build/my_pkg_01' returned '0': PYTHONPATH=/home/aniketh05/my_ros2_ws/build/my_pkg_01/prefix_override:/usr/lib/python3/dist-packages/colcon_core/task/python/colcon_distutils_commands:/home/aniketh05/my_ros2_ws/install/my_pkg_01/lib/python3.10/site-packages:${PYTHONPATH} /usr/bin/python3 -W ignore:setup.py install is deprecated -W ignore:easy_install command is deprecated setup.py develop --editable --build-directory /home/aniketh05/my_ros2_ws/build/my_pkg_01/build --no-deps symlink_data --force
