[0.034s] Invoking command in '/home/aniketh05/my_ros2_ws/build/my_msg_srv': CMAKE_PREFIX_PATH=${CMAKE_PREFIX_PATH}:/home/aniketh05/my_ros2_ws/install/turtle_control:/home/aniketh05/my_ros2_ws/install/my_services:/home/aniketh05/my_ros2_ws/install/my_pkg_prac:/home/aniketh05/my_ros2_ws/install/my_pkg_01:/opt/ros/humble /usr/bin/cmake --build /home/aniketh05/my_ros2_ws/build/my_msg_srv -- -j12 -l12
[0.786s] [35m[1mConsolidate compiler generated dependencies of target my_msg_srv__rosidl_generator_c[0m
[0.786s] [  2%] Built target my_msg_srv__cpp
[0.786s] [ 12%] Built target my_msg_srv__rosidl_generator_c
[0.786s] [35m[1mConsolidate compiler generated dependencies of target my_msg_srv__rosidl_typesupport_fastrtps_cpp[0m
[0.786s] [ 12%] Built target ament_cmake_python_symlink_my_msg_srv
[0.786s] [35m[1mConsolidate compiler generated dependencies of target my_msg_srv__rosidl_typesupport_cpp[0m
[0.786s] [35m[1mConsolidate compiler generated dependencies of target my_msg_srv__rosidl_typesupport_introspection_cpp[0m
[0.786s] [35m[1mConsolidate compiler generated dependencies of target my_msg_srv__rosidl_typesupport_introspection_c[0m
[0.786s] [35m[1mConsolidate compiler generated dependencies of target my_msg_srv__rosidl_typesupport_c[0m
[0.786s] [35m[1mConsolidate compiler generated dependencies of target my_msg_srv__rosidl_typesupport_fastrtps_c[0m
[0.787s] [ 23%] Built target my_msg_srv__rosidl_typesupport_fastrtps_cpp
[0.787s] [ 44%] Built target my_msg_srv__rosidl_typesupport_introspection_cpp
[0.787s] [ 53%] Built target my_msg_srv__rosidl_typesupport_introspection_c
[0.787s] [ 55%] Built target my_msg_srv__rosidl_typesupport_cpp
[0.787s] [ 76%] Built target my_msg_srv__rosidl_typesupport_fastrtps_c
[0.787s] [ 76%] Built target my_msg_srv__rosidl_typesupport_c
[0.787s] [ 76%] Built target my_msg_srv
[0.787s] [ 78%] Built target my_msg_srv__py
[0.787s] [35m[1mConsolidate compiler generated dependencies of target my_msg_srv__rosidl_generator_py[0m
[0.787s] [ 87%] Built target my_msg_srv__rosidl_generator_py
[0.787s] [35m[1mConsolidate compiler generated dependencies of target my_msg_srv__rosidl_typesupport_introspection_c__pyext[0m
[0.787s] [35m[1mConsolidate compiler generated dependencies of target my_msg_srv__rosidl_typesupport_fastrtps_c__pyext[0m
[0.787s] [35m[1mConsolidate compiler generated dependencies of target my_msg_srv__rosidl_typesupport_c__pyext[0m
[0.787s] [ 95%] Built target my_msg_srv__rosidl_typesupport_introspection_c__pyext
[0.787s] [ 95%] Built target my_msg_srv__rosidl_typesupport_fastrtps_c__pyext
[0.787s] [100%] Built target my_msg_srv__rosidl_typesupport_c__pyext
[0.788s] running egg_info
[0.788s] writing my_msg_srv.egg-info/PKG-INFO
[0.788s] writing dependency_links to my_msg_srv.egg-info/dependency_links.txt
[0.788s] writing top-level names to my_msg_srv.egg-info/top_level.txt
[0.788s] reading manifest file 'my_msg_srv.egg-info/SOURCES.txt'
[0.788s] writing manifest file 'my_msg_srv.egg-info/SOURCES.txt'
[0.788s] [100%] Built target ament_cmake_python_build_my_msg_srv_egg
[1.151s] Invoked command in '/home/aniketh05/my_ros2_ws/build/my_msg_srv' returned '0': CMAKE_PREFIX_PATH=${CMAKE_PREFIX_PATH}:/home/aniketh05/my_ros2_ws/install/turtle_control:/home/aniketh05/my_ros2_ws/install/my_services:/home/aniketh05/my_ros2_ws/install/my_pkg_prac:/home/aniketh05/my_ros2_ws/install/my_pkg_01:/opt/ros/humble /usr/bin/cmake --build /home/aniketh05/my_ros2_ws/build/my_msg_srv -- -j12 -l12
[1.163s] Invoking command in '/home/aniketh05/my_ros2_ws/build/my_msg_srv': CMAKE_PREFIX_PATH=${CMAKE_PREFIX_PATH}:/home/aniketh05/my_ros2_ws/install/turtle_control:/home/aniketh05/my_ros2_ws/install/my_services:/home/aniketh05/my_ros2_ws/install/my_pkg_prac:/home/aniketh05/my_ros2_ws/install/my_pkg_01:/opt/ros/humble /usr/bin/cmake --install /home/aniketh05/my_ros2_ws/build/my_msg_srv
[1.179s] -- Install configuration: ""
[1.180s] -- Execute custom install script
[1.180s] -- Up-to-date symlink: /home/aniketh05/my_ros2_ws/install/my_msg_srv/share/ament_index/resource_index/rosidl_interfaces/my_msg_srv
[1.183s] -- Up-to-date symlink: /home/aniketh05/my_ros2_ws/install/my_msg_srv/include/my_msg_srv/my_msg_srv/msg/detail/my_msg__functions.h
[1.183s] -- Up-to-date symlink: /home/aniketh05/my_ros2_ws/install/my_msg_srv/include/my_msg_srv/my_msg_srv/msg/detail/my_msg__struct.h
[1.183s] -- Up-to-date symlink: /home/aniketh05/my_ros2_ws/install/my_msg_srv/include/my_msg_srv/my_msg_srv/msg/detail/my_msg__type_support.h
[1.183s] -- Up-to-date symlink: /home/aniketh05/my_ros2_ws/install/my_msg_srv/include/my_msg_srv/my_msg_srv/msg/detail/sphere__functions.h
[1.184s] -- Up-to-date symlink: /home/aniketh05/my_ros2_ws/install/my_msg_srv/include/my_msg_srv/my_msg_srv/msg/detail/sphere__struct.h
[1.184s] -- Up-to-date symlink: /home/aniketh05/my_ros2_ws/install/my_msg_srv/include/my_msg_srv/my_msg_srv/msg/detail/sphere__type_support.h
[1.185s] -- Up-to-date symlink: /home/aniketh05/my_ros2_ws/install/my_msg_srv/include/my_msg_srv/my_msg_srv/msg/my_msg.h
[1.185s] -- Up-to-date symlink: /home/aniketh05/my_ros2_ws/install/my_msg_srv/include/my_msg_srv/my_msg_srv/msg/rosidl_generator_c__visibility_control.h
[1.185s] -- Up-to-date symlink: /home/aniketh05/my_ros2_ws/install/my_msg_srv/include/my_msg_srv/my_msg_srv/msg/sphere.h
[1.186s] -- Up-to-date symlink: /home/aniketh05/my_ros2_ws/install/my_msg_srv/include/my_msg_srv/my_msg_srv/srv/add_three_nums.h
[1.186s] -- Up-to-date symlink: /home/aniketh05/my_ros2_ws/install/my_msg_srv/include/my_msg_srv/my_msg_srv/srv/detail/add_three_nums__functions.h
[1.188s] -- Up-to-date symlink: /home/aniketh05/my_ros2_ws/install/my_msg_srv/include/my_msg_srv/my_msg_srv/srv/detail/add_three_nums__struct.h
[1.189s] -- Up-to-date symlink: /home/aniketh05/my_ros2_ws/install/my_msg_srv/include/my_msg_srv/my_msg_srv/srv/detail/add_three_nums__type_support.h
[1.190s] -- Up-to-date symlink: /home/aniketh05/my_ros2_ws/install/my_msg_srv/share/my_msg_srv/environment/library_path.sh
[1.190s] -- Up-to-date symlink: /home/aniketh05/my_ros2_ws/install/my_msg_srv/share/my_msg_srv/environment/library_path.dsv
[1.191s] -- Up-to-date symlink: /home/aniketh05/my_ros2_ws/install/my_msg_srv/include/my_msg_srv/my_msg_srv/msg/detail/my_msg__rosidl_typesupport_fastrtps_c.h
[1.192s] -- Up-to-date symlink: /home/aniketh05/my_ros2_ws/install/my_msg_srv/include/my_msg_srv/my_msg_srv/msg/detail/sphere__rosidl_typesupport_fastrtps_c.h
[1.192s] -- Up-to-date symlink: /home/aniketh05/my_ros2_ws/install/my_msg_srv/include/my_msg_srv/my_msg_srv/msg/rosidl_typesupport_fastrtps_c__visibility_control.h
[1.192s] -- Up-to-date symlink: /home/aniketh05/my_ros2_ws/install/my_msg_srv/include/my_msg_srv/my_msg_srv/srv/detail/add_three_nums__rosidl_typesupport_fastrtps_c.h
[1.196s] -- Up-to-date symlink: /home/aniketh05/my_ros2_ws/install/my_msg_srv/include/my_msg_srv/my_msg_srv/msg/detail/my_msg__rosidl_typesupport_introspection_c.h
[1.196s] -- Up-to-date symlink: /home/aniketh05/my_ros2_ws/install/my_msg_srv/include/my_msg_srv/my_msg_srv/msg/detail/sphere__rosidl_typesupport_introspection_c.h
[1.200s] -- Up-to-date symlink: /home/aniketh05/my_ros2_ws/install/my_msg_srv/include/my_msg_srv/my_msg_srv/msg/rosidl_typesupport_introspection_c__visibility_control.h
[1.202s] -- Up-to-date symlink: /home/aniketh05/my_ros2_ws/install/my_msg_srv/include/my_msg_srv/my_msg_srv/srv/detail/add_three_nums__rosidl_typesupport_introspection_c.h
[1.202s] -- Up-to-date symlink: /home/aniketh05/my_ros2_ws/install/my_msg_srv/include/my_msg_srv/my_msg_srv/msg/detail/my_msg__builder.hpp
[1.202s] -- Up-to-date symlink: /home/aniketh05/my_ros2_ws/install/my_msg_srv/include/my_msg_srv/my_msg_srv/msg/detail/my_msg__struct.hpp
[1.202s] -- Up-to-date symlink: /home/aniketh05/my_ros2_ws/install/my_msg_srv/include/my_msg_srv/my_msg_srv/msg/detail/my_msg__traits.hpp
[1.203s] -- Up-to-date symlink: /home/aniketh05/my_ros2_ws/install/my_msg_srv/include/my_msg_srv/my_msg_srv/msg/detail/my_msg__type_support.hpp
[1.203s] -- Up-to-date symlink: /home/aniketh05/my_ros2_ws/install/my_msg_srv/include/my_msg_srv/my_msg_srv/msg/detail/sphere__builder.hpp
[1.204s] -- Up-to-date symlink: /home/aniketh05/my_ros2_ws/install/my_msg_srv/include/my_msg_srv/my_msg_srv/msg/detail/sphere__struct.hpp
[1.204s] -- Up-to-date symlink: /home/aniketh05/my_ros2_ws/install/my_msg_srv/include/my_msg_srv/my_msg_srv/msg/detail/sphere__traits.hpp
[1.205s] -- Up-to-date symlink: /home/aniketh05/my_ros2_ws/install/my_msg_srv/include/my_msg_srv/my_msg_srv/msg/detail/sphere__type_support.hpp
[1.205s] -- Up-to-date symlink: /home/aniketh05/my_ros2_ws/install/my_msg_srv/include/my_msg_srv/my_msg_srv/msg/my_msg.hpp
[1.206s] -- Up-to-date symlink: /home/aniketh05/my_ros2_ws/install/my_msg_srv/include/my_msg_srv/my_msg_srv/msg/rosidl_generator_cpp__visibility_control.hpp
[1.206s] -- Up-to-date symlink: /home/aniketh05/my_ros2_ws/install/my_msg_srv/include/my_msg_srv/my_msg_srv/msg/sphere.hpp
[1.207s] -- Up-to-date symlink: /home/aniketh05/my_ros2_ws/install/my_msg_srv/include/my_msg_srv/my_msg_srv/srv/add_three_nums.hpp
[1.208s] -- Up-to-date symlink: /home/aniketh05/my_ros2_ws/install/my_msg_srv/include/my_msg_srv/my_msg_srv/srv/detail/add_three_nums__builder.hpp
[1.208s] -- Up-to-date symlink: /home/aniketh05/my_ros2_ws/install/my_msg_srv/include/my_msg_srv/my_msg_srv/srv/detail/add_three_nums__struct.hpp
[1.208s] -- Up-to-date symlink: /home/aniketh05/my_ros2_ws/install/my_msg_srv/include/my_msg_srv/my_msg_srv/srv/detail/add_three_nums__traits.hpp
[1.209s] -- Up-to-date symlink: /home/aniketh05/my_ros2_ws/install/my_msg_srv/include/my_msg_srv/my_msg_srv/srv/detail/add_three_nums__type_support.hpp
[1.209s] -- Up-to-date symlink: /home/aniketh05/my_ros2_ws/install/my_msg_srv/include/my_msg_srv/my_msg_srv/msg/detail/my_msg__rosidl_typesupport_fastrtps_cpp.hpp
[1.209s] -- Up-to-date symlink: /home/aniketh05/my_ros2_ws/install/my_msg_srv/include/my_msg_srv/my_msg_srv/msg/detail/sphere__rosidl_typesupport_fastrtps_cpp.hpp
[1.209s] -- Up-to-date symlink: /home/aniketh05/my_ros2_ws/install/my_msg_srv/include/my_msg_srv/my_msg_srv/msg/rosidl_typesupport_fastrtps_cpp__visibility_control.h
[1.209s] -- Up-to-date symlink: /home/aniketh05/my_ros2_ws/install/my_msg_srv/include/my_msg_srv/my_msg_srv/srv/detail/add_three_nums__rosidl_typesupport_fastrtps_cpp.hpp
[1.209s] -- Up-to-date symlink: /home/aniketh05/my_ros2_ws/install/my_msg_srv/include/my_msg_srv/my_msg_srv/msg/detail/my_msg__rosidl_typesupport_introspection_cpp.hpp
[1.209s] -- Up-to-date symlink: /home/aniketh05/my_ros2_ws/install/my_msg_srv/include/my_msg_srv/my_msg_srv/msg/detail/sphere__rosidl_typesupport_introspection_cpp.hpp
[1.210s] -- Up-to-date symlink: /home/aniketh05/my_ros2_ws/install/my_msg_srv/include/my_msg_srv/my_msg_srv/srv/detail/add_three_nums__rosidl_typesupport_introspection_cpp.hpp
[1.210s] -- Up-to-date symlink: /home/aniketh05/my_ros2_ws/install/my_msg_srv/share/my_msg_srv/environment/pythonpath.sh
[1.210s] -- Up-to-date symlink: /home/aniketh05/my_ros2_ws/install/my_msg_srv/share/my_msg_srv/environment/pythonpath.dsv
[1.210s] -- Up-to-date symlink: /home/aniketh05/my_ros2_ws/install/my_msg_srv/local/lib/python3.10/dist-packages/my_msg_srv-0.0.0-py3.10.egg-info/PKG-INFO
[1.210s] -- Up-to-date symlink: /home/aniketh05/my_ros2_ws/install/my_msg_srv/local/lib/python3.10/dist-packages/my_msg_srv-0.0.0-py3.10.egg-info/SOURCES.txt
[1.210s] -- Up-to-date symlink: /home/aniketh05/my_ros2_ws/install/my_msg_srv/local/lib/python3.10/dist-packages/my_msg_srv-0.0.0-py3.10.egg-info/dependency_links.txt
[1.210s] -- Up-to-date symlink: /home/aniketh05/my_ros2_ws/install/my_msg_srv/local/lib/python3.10/dist-packages/my_msg_srv-0.0.0-py3.10.egg-info/top_level.txt
[1.210s] -- Up-to-date symlink: /home/aniketh05/my_ros2_ws/install/my_msg_srv/local/lib/python3.10/dist-packages/my_msg_srv/__init__.py
[1.211s] -- Up-to-date symlink: /home/aniketh05/my_ros2_ws/install/my_msg_srv/local/lib/python3.10/dist-packages/my_msg_srv/_my_msg_srv_s.ep.rosidl_typesupport_c.c
[1.211s] -- Up-to-date symlink: /home/aniketh05/my_ros2_ws/install/my_msg_srv/local/lib/python3.10/dist-packages/my_msg_srv/_my_msg_srv_s.ep.rosidl_typesupport_fastrtps_c.c
[1.211s] -- Up-to-date symlink: /home/aniketh05/my_ros2_ws/install/my_msg_srv/local/lib/python3.10/dist-packages/my_msg_srv/_my_msg_srv_s.ep.rosidl_typesupport_introspection_c.c
[1.211s] -- Up-to-date symlink: /home/aniketh05/my_ros2_ws/install/my_msg_srv/local/lib/python3.10/dist-packages/my_msg_srv/libmy_msg_srv__rosidl_generator_py.so
[1.211s] -- Up-to-date symlink: /home/aniketh05/my_ros2_ws/install/my_msg_srv/local/lib/python3.10/dist-packages/my_msg_srv/msg/__init__.py
[1.211s] -- Up-to-date symlink: /home/aniketh05/my_ros2_ws/install/my_msg_srv/local/lib/python3.10/dist-packages/my_msg_srv/msg/_my_msg.py
[1.211s] -- Up-to-date symlink: /home/aniketh05/my_ros2_ws/install/my_msg_srv/local/lib/python3.10/dist-packages/my_msg_srv/msg/_my_msg_s.c
[1.211s] -- Up-to-date symlink: /home/aniketh05/my_ros2_ws/install/my_msg_srv/local/lib/python3.10/dist-packages/my_msg_srv/msg/_sphere.py
[1.211s] -- Up-to-date symlink: /home/aniketh05/my_ros2_ws/install/my_msg_srv/local/lib/python3.10/dist-packages/my_msg_srv/msg/_sphere_s.c
[1.212s] -- Up-to-date symlink: /home/aniketh05/my_ros2_ws/install/my_msg_srv/local/lib/python3.10/dist-packages/my_msg_srv/my_msg_srv_s__rosidl_typesupport_c.cpython-310-x86_64-linux-gnu.so
[1.212s] -- Up-to-date symlink: /home/aniketh05/my_ros2_ws/install/my_msg_srv/local/lib/python3.10/dist-packages/my_msg_srv/my_msg_srv_s__rosidl_typesupport_fastrtps_c.cpython-310-x86_64-linux-gnu.so
[1.212s] -- Up-to-date symlink: /home/aniketh05/my_ros2_ws/install/my_msg_srv/local/lib/python3.10/dist-packages/my_msg_srv/my_msg_srv_s__rosidl_typesupport_introspection_c.cpython-310-x86_64-linux-gnu.so
[1.212s] -- Up-to-date symlink: /home/aniketh05/my_ros2_ws/install/my_msg_srv/local/lib/python3.10/dist-packages/my_msg_srv/srv/__init__.py
[1.212s] -- Up-to-date symlink: /home/aniketh05/my_ros2_ws/install/my_msg_srv/local/lib/python3.10/dist-packages/my_msg_srv/srv/_add_three_nums.py
[1.212s] -- Up-to-date symlink: /home/aniketh05/my_ros2_ws/install/my_msg_srv/local/lib/python3.10/dist-packages/my_msg_srv/srv/_add_three_nums_s.c
[1.212s] -- Up-to-date symlink: /home/aniketh05/my_ros2_ws/install/my_msg_srv/local/lib/python3.10/dist-packages/my_msg_srv/my_msg_srv_s__rosidl_typesupport_fastrtps_c.cpython-310-x86_64-linux-gnu.so
[1.212s] -- Up-to-date symlink: /home/aniketh05/my_ros2_ws/install/my_msg_srv/local/lib/python3.10/dist-packages/my_msg_srv/my_msg_srv_s__rosidl_typesupport_introspection_c.cpython-310-x86_64-linux-gnu.so
[1.212s] -- Up-to-date symlink: /home/aniketh05/my_ros2_ws/install/my_msg_srv/local/lib/python3.10/dist-packages/my_msg_srv/my_msg_srv_s__rosidl_typesupport_c.cpython-310-x86_64-linux-gnu.so
[1.213s] -- Up-to-date symlink: /home/aniketh05/my_ros2_ws/install/my_msg_srv/share/my_msg_srv/msg/MyMsg.idl
[1.213s] -- Up-to-date symlink: /home/aniketh05/my_ros2_ws/install/my_msg_srv/share/my_msg_srv/msg/Sphere.idl
[1.213s] -- Up-to-date symlink: /home/aniketh05/my_ros2_ws/install/my_msg_srv/share/my_msg_srv/srv/AddThreeNums.idl
[1.213s] -- Up-to-date symlink: /home/aniketh05/my_ros2_ws/install/my_msg_srv/share/my_msg_srv/msg/MyMsg.msg
[1.213s] -- Up-to-date symlink: /home/aniketh05/my_ros2_ws/install/my_msg_srv/share/my_msg_srv/msg/Sphere.msg
[1.214s] -- Up-to-date symlink: /home/aniketh05/my_ros2_ws/install/my_msg_srv/share/my_msg_srv/srv/AddThreeNums.srv
[1.214s] -- Up-to-date symlink: /home/aniketh05/my_ros2_ws/install/my_msg_srv/share/my_msg_srv/srv/AddThreeNums_Request.msg
[1.214s] -- Up-to-date symlink: /home/aniketh05/my_ros2_ws/install/my_msg_srv/share/my_msg_srv/srv/AddThreeNums_Response.msg
[1.214s] -- Up-to-date symlink: /home/aniketh05/my_ros2_ws/install/my_msg_srv/share/ament_index/resource_index/package_run_dependencies/my_msg_srv
[1.214s] -- Up-to-date symlink: /home/aniketh05/my_ros2_ws/install/my_msg_srv/share/ament_index/resource_index/parent_prefix_path/my_msg_srv
[1.214s] -- Up-to-date symlink: /home/aniketh05/my_ros2_ws/install/my_msg_srv/share/my_msg_srv/environment/ament_prefix_path.sh
[1.214s] -- Up-to-date symlink: /home/aniketh05/my_ros2_ws/install/my_msg_srv/share/my_msg_srv/environment/ament_prefix_path.dsv
[1.214s] -- Up-to-date symlink: /home/aniketh05/my_ros2_ws/install/my_msg_srv/share/my_msg_srv/environment/path.sh
[1.215s] -- Up-to-date symlink: /home/aniketh05/my_ros2_ws/install/my_msg_srv/share/my_msg_srv/environment/path.dsv
[1.215s] -- Up-to-date symlink: /home/aniketh05/my_ros2_ws/install/my_msg_srv/share/my_msg_srv/local_setup.bash
[1.215s] -- Up-to-date symlink: /home/aniketh05/my_ros2_ws/install/my_msg_srv/share/my_msg_srv/local_setup.sh
[1.215s] -- Up-to-date symlink: /home/aniketh05/my_ros2_ws/install/my_msg_srv/share/my_msg_srv/local_setup.zsh
[1.215s] -- Up-to-date symlink: /home/aniketh05/my_ros2_ws/install/my_msg_srv/share/my_msg_srv/local_setup.dsv
[1.215s] -- Symlinking: /home/aniketh05/my_ros2_ws/install/my_msg_srv/share/my_msg_srv/package.dsv
[1.223s] -- Up-to-date symlink: /home/aniketh05/my_ros2_ws/install/my_msg_srv/share/ament_index/resource_index/packages/my_msg_srv
[1.224s] -- Up-to-date symlink: /home/aniketh05/my_ros2_ws/install/my_msg_srv/share/my_msg_srv/cmake/rosidl_cmake-extras.cmake
[1.224s] -- Up-to-date symlink: /home/aniketh05/my_ros2_ws/install/my_msg_srv/share/my_msg_srv/cmake/ament_cmake_export_dependencies-extras.cmake
[1.224s] -- Up-to-date symlink: /home/aniketh05/my_ros2_ws/install/my_msg_srv/share/my_msg_srv/cmake/ament_cmake_export_include_directories-extras.cmake
[1.225s] -- Up-to-date symlink: /home/aniketh05/my_ros2_ws/install/my_msg_srv/share/my_msg_srv/cmake/ament_cmake_export_libraries-extras.cmake
[1.225s] -- Up-to-date symlink: /home/aniketh05/my_ros2_ws/install/my_msg_srv/share/my_msg_srv/cmake/ament_cmake_export_targets-extras.cmake
[1.226s] -- Up-to-date symlink: /home/aniketh05/my_ros2_ws/install/my_msg_srv/share/my_msg_srv/cmake/rosidl_cmake_export_typesupport_targets-extras.cmake
[1.226s] -- Up-to-date symlink: /home/aniketh05/my_ros2_ws/install/my_msg_srv/share/my_msg_srv/cmake/rosidl_cmake_export_typesupport_libraries-extras.cmake
[1.226s] -- Up-to-date symlink: /home/aniketh05/my_ros2_ws/install/my_msg_srv/share/my_msg_srv/cmake/my_msg_srvConfig.cmake
[1.227s] -- Up-to-date symlink: /home/aniketh05/my_ros2_ws/install/my_msg_srv/share/my_msg_srv/cmake/my_msg_srvConfig-version.cmake
[1.227s] -- Up-to-date symlink: /home/aniketh05/my_ros2_ws/install/my_msg_srv/share/my_msg_srv/package.xml
[1.227s] -- Up-to-date: /home/aniketh05/my_ros2_ws/install/my_msg_srv/lib/libmy_msg_srv__rosidl_generator_c.so
[1.228s] -- Up-to-date: /home/aniketh05/my_ros2_ws/install/my_msg_srv/lib/libmy_msg_srv__rosidl_typesupport_fastrtps_c.so
[1.228s] -- Up-to-date: /home/aniketh05/my_ros2_ws/install/my_msg_srv/lib/libmy_msg_srv__rosidl_typesupport_introspection_c.so
[1.228s] -- Up-to-date: /home/aniketh05/my_ros2_ws/install/my_msg_srv/lib/libmy_msg_srv__rosidl_typesupport_c.so
[1.229s] -- Up-to-date: /home/aniketh05/my_ros2_ws/install/my_msg_srv/lib/libmy_msg_srv__rosidl_typesupport_fastrtps_cpp.so
[1.229s] -- Up-to-date: /home/aniketh05/my_ros2_ws/install/my_msg_srv/lib/libmy_msg_srv__rosidl_typesupport_introspection_cpp.so
[1.230s] -- Up-to-date: /home/aniketh05/my_ros2_ws/install/my_msg_srv/lib/libmy_msg_srv__rosidl_typesupport_cpp.so
[1.297s] Listing '/home/aniketh05/my_ros2_ws/install/my_msg_srv/local/lib/python3.10/dist-packages/my_msg_srv'...
[1.297s] Listing '/home/aniketh05/my_ros2_ws/install/my_msg_srv/local/lib/python3.10/dist-packages/my_msg_srv/msg'...
[1.297s] Listing '/home/aniketh05/my_ros2_ws/install/my_msg_srv/local/lib/python3.10/dist-packages/my_msg_srv/srv'...
[1.305s] -- Up-to-date: /home/aniketh05/my_ros2_ws/install/my_msg_srv/lib/libmy_msg_srv__rosidl_generator_py.so
[1.306s] -- Up-to-date: /home/aniketh05/my_ros2_ws/install/my_msg_srv/share/my_msg_srv/cmake/export_my_msg_srv__rosidl_generator_cExport.cmake
[1.306s] -- Up-to-date: /home/aniketh05/my_ros2_ws/install/my_msg_srv/share/my_msg_srv/cmake/export_my_msg_srv__rosidl_generator_cExport-noconfig.cmake
[1.307s] -- Up-to-date: /home/aniketh05/my_ros2_ws/install/my_msg_srv/share/my_msg_srv/cmake/export_my_msg_srv__rosidl_typesupport_fastrtps_cExport.cmake
[1.308s] -- Up-to-date: /home/aniketh05/my_ros2_ws/install/my_msg_srv/share/my_msg_srv/cmake/export_my_msg_srv__rosidl_typesupport_fastrtps_cExport-noconfig.cmake
[1.308s] -- Up-to-date: /home/aniketh05/my_ros2_ws/install/my_msg_srv/share/my_msg_srv/cmake/my_msg_srv__rosidl_typesupport_introspection_cExport.cmake
[1.309s] -- Up-to-date: /home/aniketh05/my_ros2_ws/install/my_msg_srv/share/my_msg_srv/cmake/my_msg_srv__rosidl_typesupport_introspection_cExport-noconfig.cmake
[1.309s] -- Up-to-date: /home/aniketh05/my_ros2_ws/install/my_msg_srv/share/my_msg_srv/cmake/my_msg_srv__rosidl_typesupport_cExport.cmake
[1.309s] -- Up-to-date: /home/aniketh05/my_ros2_ws/install/my_msg_srv/share/my_msg_srv/cmake/my_msg_srv__rosidl_typesupport_cExport-noconfig.cmake
[1.309s] -- Up-to-date: /home/aniketh05/my_ros2_ws/install/my_msg_srv/share/my_msg_srv/cmake/export_my_msg_srv__rosidl_generator_cppExport.cmake
[1.309s] -- Up-to-date: /home/aniketh05/my_ros2_ws/install/my_msg_srv/share/my_msg_srv/cmake/export_my_msg_srv__rosidl_typesupport_fastrtps_cppExport.cmake
[1.309s] -- Up-to-date: /home/aniketh05/my_ros2_ws/install/my_msg_srv/share/my_msg_srv/cmake/export_my_msg_srv__rosidl_typesupport_fastrtps_cppExport-noconfig.cmake
[1.309s] -- Up-to-date: /home/aniketh05/my_ros2_ws/install/my_msg_srv/share/my_msg_srv/cmake/my_msg_srv__rosidl_typesupport_introspection_cppExport.cmake
[1.309s] -- Up-to-date: /home/aniketh05/my_ros2_ws/install/my_msg_srv/share/my_msg_srv/cmake/my_msg_srv__rosidl_typesupport_introspection_cppExport-noconfig.cmake
[1.310s] -- Up-to-date: /home/aniketh05/my_ros2_ws/install/my_msg_srv/share/my_msg_srv/cmake/my_msg_srv__rosidl_typesupport_cppExport.cmake
[1.310s] -- Up-to-date: /home/aniketh05/my_ros2_ws/install/my_msg_srv/share/my_msg_srv/cmake/my_msg_srv__rosidl_typesupport_cppExport-noconfig.cmake
[1.310s] -- Up-to-date: /home/aniketh05/my_ros2_ws/install/my_msg_srv/share/my_msg_srv/cmake/export_my_msg_srv__rosidl_generator_pyExport.cmake
[1.310s] -- Up-to-date: /home/aniketh05/my_ros2_ws/install/my_msg_srv/share/my_msg_srv/cmake/export_my_msg_srv__rosidl_generator_pyExport-noconfig.cmake
[1.313s] Invoked command in '/home/aniketh05/my_ros2_ws/build/my_msg_srv' returned '0': CMAKE_PREFIX_PATH=${CMAKE_PREFIX_PATH}:/home/aniketh05/my_ros2_ws/install/turtle_control:/home/aniketh05/my_ros2_ws/install/my_services:/home/aniketh05/my_ros2_ws/install/my_pkg_prac:/home/aniketh05/my_ros2_ws/install/my_pkg_01:/opt/ros/humble /usr/bin/cmake --install /home/aniketh05/my_ros2_ws/build/my_msg_srv
