[0.188s] DEBUG:colcon:Command line arguments: ['/usr/bin/colcon', 'build']
[0.188s] DEBUG:colcon:Parsed command line arguments: Namespace(log_base=None, log_level=None, verb_name='build', build_base='build', install_base='install', merge_install=False, symlink_install=False, test_result_base=None, continue_on_error=False, executor='parallel', parallel_workers=12, event_handlers=None, ignore_user_meta=False, metas=['./colcon.meta'], base_paths=['.'], packages_ignore=None, packages_ignore_regex=None, paths=None, packages_up_to=None, packages_up_to_regex=None, packages_above=None, packages_above_and_dependencies=None, packages_above_depth=None, packages_select_by_dep=None, packages_skip_by_dep=None, packages_skip_up_to=None, packages_select_build_failed=False, packages_skip_build_finished=False, packages_select_test_failures=False, packages_skip_test_passed=False, packages_select=None, packages_skip=None, packages_select_regex=None, packages_skip_regex=None, packages_start=None, packages_end=None, allow_overriding=[], cmake_args=None, cmake_target=None, cmake_target_skip_unavailable=False, cmake_clean_cache=False, cmake_clean_first=False, cmake_force_configure=False, ament_cmake_args=None, catkin_cmake_args=None, catkin_skip_building_tests=False, mixin_files=None, mixin=None, verb_parser=<colcon_mixin.mixin.mixin_argument.MixinArgumentDecorator object at 0x7f29da0805e0>, verb_extension=<colcon_core.verb.build.BuildVerb object at 0x7f29da2155a0>, main=<bound method BuildVerb.main of <colcon_core.verb.build.BuildVerb object at 0x7f29da2155a0>>, mixin_verb=('build',))
[0.393s] Level 1:colcon.colcon_core.package_discovery:discover_packages(colcon_meta) check parameters
[0.393s] Level 1:colcon.colcon_core.package_discovery:discover_packages(recursive) check parameters
[0.393s] Level 1:colcon.colcon_core.package_discovery:discover_packages(ignore) check parameters
[0.394s] Level 1:colcon.colcon_core.package_discovery:discover_packages(path) check parameters
[0.394s] Level 1:colcon.colcon_core.package_discovery:discover_packages(colcon_meta) discover
[0.394s] Level 1:colcon.colcon_core.package_discovery:discover_packages(recursive) discover
[0.394s] INFO:colcon.colcon_core.package_discovery:Crawling recursively for packages in '/home/aniketh05/my_ros2_ws/src'
[0.394s] Level 1:colcon.colcon_core.package_identification:_identify(.) by extensions ['ignore', 'ignore_ament_install']
[0.394s] Level 1:colcon.colcon_core.package_identification:_identify(.) by extension 'ignore'
[0.394s] Level 1:colcon.colcon_core.package_identification:_identify(.) by extension 'ignore_ament_install'
[0.394s] Level 1:colcon.colcon_core.package_identification:_identify(.) by extensions ['colcon_pkg']
[0.394s] Level 1:colcon.colcon_core.package_identification:_identify(.) by extension 'colcon_pkg'
[0.394s] Level 1:colcon.colcon_core.package_identification:_identify(.) by extensions ['colcon_meta']
[0.394s] Level 1:colcon.colcon_core.package_identification:_identify(.) by extension 'colcon_meta'
[0.394s] Level 1:colcon.colcon_core.package_identification:_identify(.) by extensions ['ros']
[0.394s] Level 1:colcon.colcon_core.package_identification:_identify(.) by extension 'ros'
[0.416s] Level 1:colcon.colcon_core.package_identification:_identify(.) by extensions ['cmake', 'python']
[0.416s] Level 1:colcon.colcon_core.package_identification:_identify(.) by extension 'cmake'
[0.416s] Level 1:colcon.colcon_core.package_identification:_identify(.) by extension 'python'
[0.416s] Level 1:colcon.colcon_core.package_identification:_identify(.) by extensions ['python_setup_py']
[0.416s] Level 1:colcon.colcon_core.package_identification:_identify(.) by extension 'python_setup_py'
[0.416s] Level 1:colcon.colcon_core.package_identification:_identify(build) by extensions ['ignore', 'ignore_ament_install']
[0.417s] Level 1:colcon.colcon_core.package_identification:_identify(build) by extension 'ignore'
[0.417s] Level 1:colcon.colcon_core.package_identification:_identify(build) ignored
[0.417s] Level 1:colcon.colcon_core.package_identification:_identify(install) by extensions ['ignore', 'ignore_ament_install']
[0.417s] Level 1:colcon.colcon_core.package_identification:_identify(install) by extension 'ignore'
[0.417s] Level 1:colcon.colcon_core.package_identification:_identify(install) ignored
[0.418s] Level 1:colcon.colcon_core.package_identification:_identify(log) by extensions ['ignore', 'ignore_ament_install']
[0.418s] Level 1:colcon.colcon_core.package_identification:_identify(log) by extension 'ignore'
[0.418s] Level 1:colcon.colcon_core.package_identification:_identify(log) ignored
[0.418s] Level 1:colcon.colcon_core.package_identification:_identify(my_dd_robot) by extensions ['ignore', 'ignore_ament_install']
[0.418s] Level 1:colcon.colcon_core.package_identification:_identify(my_dd_robot) by extension 'ignore'
[0.418s] Level 1:colcon.colcon_core.package_identification:_identify(my_dd_robot) by extension 'ignore_ament_install'
[0.418s] Level 1:colcon.colcon_core.package_identification:_identify(my_dd_robot) by extensions ['colcon_pkg']
[0.418s] Level 1:colcon.colcon_core.package_identification:_identify(my_dd_robot) by extension 'colcon_pkg'
[0.418s] Level 1:colcon.colcon_core.package_identification:_identify(my_dd_robot) by extensions ['colcon_meta']
[0.419s] Level 1:colcon.colcon_core.package_identification:_identify(my_dd_robot) by extension 'colcon_meta'
[0.419s] Level 1:colcon.colcon_core.package_identification:_identify(my_dd_robot) by extensions ['ros']
[0.419s] Level 1:colcon.colcon_core.package_identification:_identify(my_dd_robot) by extension 'ros'
[0.421s] DEBUG:colcon.colcon_core.package_identification:Package 'my_dd_robot' with type 'ros.ament_cmake' and name 'my_ddrobot'
[0.422s] Level 1:colcon.colcon_core.package_identification:_identify(my_gesture_arm_robot) by extensions ['ignore', 'ignore_ament_install']
[0.422s] Level 1:colcon.colcon_core.package_identification:_identify(my_gesture_arm_robot) by extension 'ignore'
[0.422s] Level 1:colcon.colcon_core.package_identification:_identify(my_gesture_arm_robot) by extension 'ignore_ament_install'
[0.422s] Level 1:colcon.colcon_core.package_identification:_identify(my_gesture_arm_robot) by extensions ['colcon_pkg']
[0.422s] Level 1:colcon.colcon_core.package_identification:_identify(my_gesture_arm_robot) by extension 'colcon_pkg'
[0.422s] Level 1:colcon.colcon_core.package_identification:_identify(my_gesture_arm_robot) by extensions ['colcon_meta']
[0.422s] Level 1:colcon.colcon_core.package_identification:_identify(my_gesture_arm_robot) by extension 'colcon_meta'
[0.422s] Level 1:colcon.colcon_core.package_identification:_identify(my_gesture_arm_robot) by extensions ['ros']
[0.422s] Level 1:colcon.colcon_core.package_identification:_identify(my_gesture_arm_robot) by extension 'ros'
[0.423s] DEBUG:colcon.colcon_core.package_identification:Package 'my_gesture_arm_robot' with type 'ros.ament_cmake' and name 'my_gesture_arm_robot'
[0.424s] Level 1:colcon.colcon_core.package_identification:_identify(my_msg_srv) by extensions ['ignore', 'ignore_ament_install']
[0.424s] Level 1:colcon.colcon_core.package_identification:_identify(my_msg_srv) by extension 'ignore'
[0.424s] Level 1:colcon.colcon_core.package_identification:_identify(my_msg_srv) by extension 'ignore_ament_install'
[0.424s] Level 1:colcon.colcon_core.package_identification:_identify(my_msg_srv) by extensions ['colcon_pkg']
[0.424s] Level 1:colcon.colcon_core.package_identification:_identify(my_msg_srv) by extension 'colcon_pkg'
[0.424s] Level 1:colcon.colcon_core.package_identification:_identify(my_msg_srv) by extensions ['colcon_meta']
[0.424s] Level 1:colcon.colcon_core.package_identification:_identify(my_msg_srv) by extension 'colcon_meta'
[0.424s] Level 1:colcon.colcon_core.package_identification:_identify(my_msg_srv) by extensions ['ros']
[0.425s] Level 1:colcon.colcon_core.package_identification:_identify(my_msg_srv) by extension 'ros'
[0.425s] DEBUG:colcon.colcon_core.package_identification:Package 'my_msg_srv' with type 'ros.ament_cmake' and name 'my_msg_srv'
[0.425s] Level 1:colcon.colcon_core.package_identification:_identify(my_pkg_01) by extensions ['ignore', 'ignore_ament_install']
[0.426s] Level 1:colcon.colcon_core.package_identification:_identify(my_pkg_01) by extension 'ignore'
[0.426s] Level 1:colcon.colcon_core.package_identification:_identify(my_pkg_01) by extension 'ignore_ament_install'
[0.426s] Level 1:colcon.colcon_core.package_identification:_identify(my_pkg_01) by extensions ['colcon_pkg']
[0.426s] Level 1:colcon.colcon_core.package_identification:_identify(my_pkg_01) by extension 'colcon_pkg'
[0.426s] Level 1:colcon.colcon_core.package_identification:_identify(my_pkg_01) by extensions ['colcon_meta']
[0.426s] Level 1:colcon.colcon_core.package_identification:_identify(my_pkg_01) by extension 'colcon_meta'
[0.426s] Level 1:colcon.colcon_core.package_identification:_identify(my_pkg_01) by extensions ['ros']
[0.426s] Level 1:colcon.colcon_core.package_identification:_identify(my_pkg_01) by extension 'ros'
[0.427s] DEBUG:colcon.colcon_core.package_identification:Package 'my_pkg_01' with type 'ros.ament_python' and name 'my_pkg_01'
[0.427s] Level 1:colcon.colcon_core.package_identification:_identify(my_pkg_prac) by extensions ['ignore', 'ignore_ament_install']
[0.427s] Level 1:colcon.colcon_core.package_identification:_identify(my_pkg_prac) by extension 'ignore'
[0.427s] Level 1:colcon.colcon_core.package_identification:_identify(my_pkg_prac) by extension 'ignore_ament_install'
[0.427s] Level 1:colcon.colcon_core.package_identification:_identify(my_pkg_prac) by extensions ['colcon_pkg']
[0.427s] Level 1:colcon.colcon_core.package_identification:_identify(my_pkg_prac) by extension 'colcon_pkg'
[0.427s] Level 1:colcon.colcon_core.package_identification:_identify(my_pkg_prac) by extensions ['colcon_meta']
[0.427s] Level 1:colcon.colcon_core.package_identification:_identify(my_pkg_prac) by extension 'colcon_meta'
[0.427s] Level 1:colcon.colcon_core.package_identification:_identify(my_pkg_prac) by extensions ['ros']
[0.427s] Level 1:colcon.colcon_core.package_identification:_identify(my_pkg_prac) by extension 'ros'
[0.428s] DEBUG:colcon.colcon_core.package_identification:Package 'my_pkg_prac' with type 'ros.ament_python' and name 'my_pkg_prac'
[0.428s] Level 1:colcon.colcon_core.package_identification:_identify(my_services) by extensions ['ignore', 'ignore_ament_install']
[0.428s] Level 1:colcon.colcon_core.package_identification:_identify(my_services) by extension 'ignore'
[0.428s] Level 1:colcon.colcon_core.package_identification:_identify(my_services) by extension 'ignore_ament_install'
[0.429s] Level 1:colcon.colcon_core.package_identification:_identify(my_services) by extensions ['colcon_pkg']
[0.429s] Level 1:colcon.colcon_core.package_identification:_identify(my_services) by extension 'colcon_pkg'
[0.429s] Level 1:colcon.colcon_core.package_identification:_identify(my_services) by extensions ['colcon_meta']
[0.429s] Level 1:colcon.colcon_core.package_identification:_identify(my_services) by extension 'colcon_meta'
[0.429s] Level 1:colcon.colcon_core.package_identification:_identify(my_services) by extensions ['ros']
[0.429s] Level 1:colcon.colcon_core.package_identification:_identify(my_services) by extension 'ros'
[0.429s] DEBUG:colcon.colcon_core.package_identification:Package 'my_services' with type 'ros.ament_python' and name 'my_services'
[0.430s] Level 1:colcon.colcon_core.package_identification:_identify(turtle_control) by extensions ['ignore', 'ignore_ament_install']
[0.430s] Level 1:colcon.colcon_core.package_identification:_identify(turtle_control) by extension 'ignore'
[0.430s] Level 1:colcon.colcon_core.package_identification:_identify(turtle_control) by extension 'ignore_ament_install'
[0.430s] Level 1:colcon.colcon_core.package_identification:_identify(turtle_control) by extensions ['colcon_pkg']
[0.430s] Level 1:colcon.colcon_core.package_identification:_identify(turtle_control) by extension 'colcon_pkg'
[0.430s] Level 1:colcon.colcon_core.package_identification:_identify(turtle_control) by extensions ['colcon_meta']
[0.430s] Level 1:colcon.colcon_core.package_identification:_identify(turtle_control) by extension 'colcon_meta'
[0.430s] Level 1:colcon.colcon_core.package_identification:_identify(turtle_control) by extensions ['ros']
[0.430s] Level 1:colcon.colcon_core.package_identification:_identify(turtle_control) by extension 'ros'
[0.431s] DEBUG:colcon.colcon_core.package_identification:Package 'turtle_control' with type 'ros.ament_python' and name 'turtle_control'
[0.431s] Level 1:colcon.colcon_core.package_discovery:discover_packages(recursive) using defaults
[0.431s] Level 1:colcon.colcon_core.package_discovery:discover_packages(ignore) discover
[0.431s] Level 1:colcon.colcon_core.package_discovery:discover_packages(ignore) using defaults
[0.431s] Level 1:colcon.colcon_core.package_discovery:discover_packages(path) discover
[0.431s] Level 1:colcon.colcon_core.package_discovery:discover_packages(path) using defaults
[0.465s] Level 1:colcon.colcon_core.package_discovery:discover_packages(prefix_path) check parameters
[0.465s] Level 1:colcon.colcon_core.package_discovery:discover_packages(prefix_path) discover
[0.468s] DEBUG:colcon.colcon_installed_package_information.package_discovery:Found 7 installed packages in /home/aniketh05/my_ros2_ws/install
[0.470s] DEBUG:colcon.colcon_installed_package_information.package_discovery:Found 359 installed packages in /opt/ros/humble
[0.474s] Level 1:colcon.colcon_core.package_discovery:discover_packages(prefix_path) using defaults
[0.531s] Level 5:colcon.colcon_core.verb:set package 'my_ddrobot' build argument 'cmake_args' from command line to 'None'
[0.531s] Level 5:colcon.colcon_core.verb:set package 'my_ddrobot' build argument 'cmake_target' from command line to 'None'
[0.532s] Level 5:colcon.colcon_core.verb:set package 'my_ddrobot' build argument 'cmake_target_skip_unavailable' from command line to 'False'
[0.532s] Level 5:colcon.colcon_core.verb:set package 'my_ddrobot' build argument 'cmake_clean_cache' from command line to 'False'
[0.532s] Level 5:colcon.colcon_core.verb:set package 'my_ddrobot' build argument 'cmake_clean_first' from command line to 'False'
[0.532s] Level 5:colcon.colcon_core.verb:set package 'my_ddrobot' build argument 'cmake_force_configure' from command line to 'False'
[0.532s] Level 5:colcon.colcon_core.verb:set package 'my_ddrobot' build argument 'ament_cmake_args' from command line to 'None'
[0.532s] Level 5:colcon.colcon_core.verb:set package 'my_ddrobot' build argument 'catkin_cmake_args' from command line to 'None'
[0.532s] Level 5:colcon.colcon_core.verb:set package 'my_ddrobot' build argument 'catkin_skip_building_tests' from command line to 'False'
[0.532s] DEBUG:colcon.colcon_core.verb:Building package 'my_ddrobot' with the following arguments: {'ament_cmake_args': None, 'build_base': '/home/aniketh05/my_ros2_ws/src/build/my_ddrobot', 'catkin_cmake_args': None, 'catkin_skip_building_tests': False, 'cmake_args': None, 'cmake_clean_cache': False, 'cmake_clean_first': False, 'cmake_force_configure': False, 'cmake_target': None, 'cmake_target_skip_unavailable': False, 'install_base': '/home/aniketh05/my_ros2_ws/src/install/my_ddrobot', 'merge_install': False, 'path': '/home/aniketh05/my_ros2_ws/src/my_dd_robot', 'symlink_install': False, 'test_result_base': None}
[0.533s] Level 5:colcon.colcon_core.verb:set package 'my_gesture_arm_robot' build argument 'cmake_args' from command line to 'None'
[0.533s] Level 5:colcon.colcon_core.verb:set package 'my_gesture_arm_robot' build argument 'cmake_target' from command line to 'None'
[0.533s] Level 5:colcon.colcon_core.verb:set package 'my_gesture_arm_robot' build argument 'cmake_target_skip_unavailable' from command line to 'False'
[0.533s] Level 5:colcon.colcon_core.verb:set package 'my_gesture_arm_robot' build argument 'cmake_clean_cache' from command line to 'False'
[0.533s] Level 5:colcon.colcon_core.verb:set package 'my_gesture_arm_robot' build argument 'cmake_clean_first' from command line to 'False'
[0.533s] Level 5:colcon.colcon_core.verb:set package 'my_gesture_arm_robot' build argument 'cmake_force_configure' from command line to 'False'
[0.533s] Level 5:colcon.colcon_core.verb:set package 'my_gesture_arm_robot' build argument 'ament_cmake_args' from command line to 'None'
[0.533s] Level 5:colcon.colcon_core.verb:set package 'my_gesture_arm_robot' build argument 'catkin_cmake_args' from command line to 'None'
[0.533s] Level 5:colcon.colcon_core.verb:set package 'my_gesture_arm_robot' build argument 'catkin_skip_building_tests' from command line to 'False'
[0.533s] DEBUG:colcon.colcon_core.verb:Building package 'my_gesture_arm_robot' with the following arguments: {'ament_cmake_args': None, 'build_base': '/home/aniketh05/my_ros2_ws/src/build/my_gesture_arm_robot', 'catkin_cmake_args': None, 'catkin_skip_building_tests': False, 'cmake_args': None, 'cmake_clean_cache': False, 'cmake_clean_first': False, 'cmake_force_configure': False, 'cmake_target': None, 'cmake_target_skip_unavailable': False, 'install_base': '/home/aniketh05/my_ros2_ws/src/install/my_gesture_arm_robot', 'merge_install': False, 'path': '/home/aniketh05/my_ros2_ws/src/my_gesture_arm_robot', 'symlink_install': False, 'test_result_base': None}
[0.534s] Level 5:colcon.colcon_core.verb:set package 'my_msg_srv' build argument 'cmake_args' from command line to 'None'
[0.534s] Level 5:colcon.colcon_core.verb:set package 'my_msg_srv' build argument 'cmake_target' from command line to 'None'
[0.534s] Level 5:colcon.colcon_core.verb:set package 'my_msg_srv' build argument 'cmake_target_skip_unavailable' from command line to 'False'
[0.534s] Level 5:colcon.colcon_core.verb:set package 'my_msg_srv' build argument 'cmake_clean_cache' from command line to 'False'
[0.534s] Level 5:colcon.colcon_core.verb:set package 'my_msg_srv' build argument 'cmake_clean_first' from command line to 'False'
[0.534s] Level 5:colcon.colcon_core.verb:set package 'my_msg_srv' build argument 'cmake_force_configure' from command line to 'False'
[0.534s] Level 5:colcon.colcon_core.verb:set package 'my_msg_srv' build argument 'ament_cmake_args' from command line to 'None'
[0.534s] Level 5:colcon.colcon_core.verb:set package 'my_msg_srv' build argument 'catkin_cmake_args' from command line to 'None'
[0.534s] Level 5:colcon.colcon_core.verb:set package 'my_msg_srv' build argument 'catkin_skip_building_tests' from command line to 'False'
[0.534s] DEBUG:colcon.colcon_core.verb:Building package 'my_msg_srv' with the following arguments: {'ament_cmake_args': None, 'build_base': '/home/aniketh05/my_ros2_ws/src/build/my_msg_srv', 'catkin_cmake_args': None, 'catkin_skip_building_tests': False, 'cmake_args': None, 'cmake_clean_cache': False, 'cmake_clean_first': False, 'cmake_force_configure': False, 'cmake_target': None, 'cmake_target_skip_unavailable': False, 'install_base': '/home/aniketh05/my_ros2_ws/src/install/my_msg_srv', 'merge_install': False, 'path': '/home/aniketh05/my_ros2_ws/src/my_msg_srv', 'symlink_install': False, 'test_result_base': None}
[0.534s] Level 5:colcon.colcon_core.verb:set package 'my_pkg_01' build argument 'cmake_args' from command line to 'None'
[0.534s] Level 5:colcon.colcon_core.verb:set package 'my_pkg_01' build argument 'cmake_target' from command line to 'None'
[0.534s] Level 5:colcon.colcon_core.verb:set package 'my_pkg_01' build argument 'cmake_target_skip_unavailable' from command line to 'False'
[0.534s] Level 5:colcon.colcon_core.verb:set package 'my_pkg_01' build argument 'cmake_clean_cache' from command line to 'False'
[0.534s] Level 5:colcon.colcon_core.verb:set package 'my_pkg_01' build argument 'cmake_clean_first' from command line to 'False'
[0.535s] Level 5:colcon.colcon_core.verb:set package 'my_pkg_01' build argument 'cmake_force_configure' from command line to 'False'
[0.535s] Level 5:colcon.colcon_core.verb:set package 'my_pkg_01' build argument 'ament_cmake_args' from command line to 'None'
[0.535s] Level 5:colcon.colcon_core.verb:set package 'my_pkg_01' build argument 'catkin_cmake_args' from command line to 'None'
[0.535s] Level 5:colcon.colcon_core.verb:set package 'my_pkg_01' build argument 'catkin_skip_building_tests' from command line to 'False'
[0.535s] DEBUG:colcon.colcon_core.verb:Building package 'my_pkg_01' with the following arguments: {'ament_cmake_args': None, 'build_base': '/home/aniketh05/my_ros2_ws/src/build/my_pkg_01', 'catkin_cmake_args': None, 'catkin_skip_building_tests': False, 'cmake_args': None, 'cmake_clean_cache': False, 'cmake_clean_first': False, 'cmake_force_configure': False, 'cmake_target': None, 'cmake_target_skip_unavailable': False, 'install_base': '/home/aniketh05/my_ros2_ws/src/install/my_pkg_01', 'merge_install': False, 'path': '/home/aniketh05/my_ros2_ws/src/my_pkg_01', 'symlink_install': False, 'test_result_base': None}
[0.536s] Level 5:colcon.colcon_core.verb:set package 'my_pkg_prac' build argument 'cmake_args' from command line to 'None'
[0.536s] Level 5:colcon.colcon_core.verb:set package 'my_pkg_prac' build argument 'cmake_target' from command line to 'None'
[0.536s] Level 5:colcon.colcon_core.verb:set package 'my_pkg_prac' build argument 'cmake_target_skip_unavailable' from command line to 'False'
[0.536s] Level 5:colcon.colcon_core.verb:set package 'my_pkg_prac' build argument 'cmake_clean_cache' from command line to 'False'
[0.536s] Level 5:colcon.colcon_core.verb:set package 'my_pkg_prac' build argument 'cmake_clean_first' from command line to 'False'
[0.536s] Level 5:colcon.colcon_core.verb:set package 'my_pkg_prac' build argument 'cmake_force_configure' from command line to 'False'
[0.536s] Level 5:colcon.colcon_core.verb:set package 'my_pkg_prac' build argument 'ament_cmake_args' from command line to 'None'
[0.536s] Level 5:colcon.colcon_core.verb:set package 'my_pkg_prac' build argument 'catkin_cmake_args' from command line to 'None'
[0.536s] Level 5:colcon.colcon_core.verb:set package 'my_pkg_prac' build argument 'catkin_skip_building_tests' from command line to 'False'
[0.536s] DEBUG:colcon.colcon_core.verb:Building package 'my_pkg_prac' with the following arguments: {'ament_cmake_args': None, 'build_base': '/home/aniketh05/my_ros2_ws/src/build/my_pkg_prac', 'catkin_cmake_args': None, 'catkin_skip_building_tests': False, 'cmake_args': None, 'cmake_clean_cache': False, 'cmake_clean_first': False, 'cmake_force_configure': False, 'cmake_target': None, 'cmake_target_skip_unavailable': False, 'install_base': '/home/aniketh05/my_ros2_ws/src/install/my_pkg_prac', 'merge_install': False, 'path': '/home/aniketh05/my_ros2_ws/src/my_pkg_prac', 'symlink_install': False, 'test_result_base': None}
[0.536s] Level 5:colcon.colcon_core.verb:set package 'my_services' build argument 'cmake_args' from command line to 'None'
[0.536s] Level 5:colcon.colcon_core.verb:set package 'my_services' build argument 'cmake_target' from command line to 'None'
[0.536s] Level 5:colcon.colcon_core.verb:set package 'my_services' build argument 'cmake_target_skip_unavailable' from command line to 'False'
[0.537s] Level 5:colcon.colcon_core.verb:set package 'my_services' build argument 'cmake_clean_cache' from command line to 'False'
[0.537s] Level 5:colcon.colcon_core.verb:set package 'my_services' build argument 'cmake_clean_first' from command line to 'False'
[0.537s] Level 5:colcon.colcon_core.verb:set package 'my_services' build argument 'cmake_force_configure' from command line to 'False'
[0.537s] Level 5:colcon.colcon_core.verb:set package 'my_services' build argument 'ament_cmake_args' from command line to 'None'
[0.537s] Level 5:colcon.colcon_core.verb:set package 'my_services' build argument 'catkin_cmake_args' from command line to 'None'
[0.537s] Level 5:colcon.colcon_core.verb:set package 'my_services' build argument 'catkin_skip_building_tests' from command line to 'False'
[0.537s] DEBUG:colcon.colcon_core.verb:Building package 'my_services' with the following arguments: {'ament_cmake_args': None, 'build_base': '/home/aniketh05/my_ros2_ws/src/build/my_services', 'catkin_cmake_args': None, 'catkin_skip_building_tests': False, 'cmake_args': None, 'cmake_clean_cache': False, 'cmake_clean_first': False, 'cmake_force_configure': False, 'cmake_target': None, 'cmake_target_skip_unavailable': False, 'install_base': '/home/aniketh05/my_ros2_ws/src/install/my_services', 'merge_install': False, 'path': '/home/aniketh05/my_ros2_ws/src/my_services', 'symlink_install': False, 'test_result_base': None}
[0.538s] Level 5:colcon.colcon_core.verb:set package 'turtle_control' build argument 'cmake_args' from command line to 'None'
[0.538s] Level 5:colcon.colcon_core.verb:set package 'turtle_control' build argument 'cmake_target' from command line to 'None'
[0.538s] Level 5:colcon.colcon_core.verb:set package 'turtle_control' build argument 'cmake_target_skip_unavailable' from command line to 'False'
[0.538s] Level 5:colcon.colcon_core.verb:set package 'turtle_control' build argument 'cmake_clean_cache' from command line to 'False'
[0.538s] Level 5:colcon.colcon_core.verb:set package 'turtle_control' build argument 'cmake_clean_first' from command line to 'False'
[0.538s] Level 5:colcon.colcon_core.verb:set package 'turtle_control' build argument 'cmake_force_configure' from command line to 'False'
[0.538s] Level 5:colcon.colcon_core.verb:set package 'turtle_control' build argument 'ament_cmake_args' from command line to 'None'
[0.538s] Level 5:colcon.colcon_core.verb:set package 'turtle_control' build argument 'catkin_cmake_args' from command line to 'None'
[0.538s] Level 5:colcon.colcon_core.verb:set package 'turtle_control' build argument 'catkin_skip_building_tests' from command line to 'False'
[0.538s] DEBUG:colcon.colcon_core.verb:Building package 'turtle_control' with the following arguments: {'ament_cmake_args': None, 'build_base': '/home/aniketh05/my_ros2_ws/src/build/turtle_control', 'catkin_cmake_args': None, 'catkin_skip_building_tests': False, 'cmake_args': None, 'cmake_clean_cache': False, 'cmake_clean_first': False, 'cmake_force_configure': False, 'cmake_target': None, 'cmake_target_skip_unavailable': False, 'install_base': '/home/aniketh05/my_ros2_ws/src/install/turtle_control', 'merge_install': False, 'path': '/home/aniketh05/my_ros2_ws/src/turtle_control', 'symlink_install': False, 'test_result_base': None}
[0.538s] INFO:colcon.colcon_core.executor:Executing jobs using 'parallel' executor
[0.540s] DEBUG:colcon.colcon_parallel_executor.executor.parallel:run_until_complete
[0.540s] INFO:colcon.colcon_ros.task.ament_cmake.build:Building ROS package in '/home/aniketh05/my_ros2_ws/src/my_dd_robot' with build type 'ament_cmake'
[0.540s] INFO:colcon.colcon_cmake.task.cmake.build:Building CMake package in '/home/aniketh05/my_ros2_ws/src/my_dd_robot'
[0.546s] INFO:colcon.colcon_core.plugin_system:Skipping extension 'colcon_core.shell.bat': Not used on non-Windows systems
[0.546s] INFO:colcon.colcon_core.shell:Skip shell extension 'powershell' for command environment: Not usable outside of PowerShell
[0.546s] DEBUG:colcon.colcon_core.shell:Skip shell extension 'dsv' for command environment
[0.550s] INFO:colcon.colcon_ros.task.ament_cmake.build:Building ROS package in '/home/aniketh05/my_ros2_ws/src/my_gesture_arm_robot' with build type 'ament_cmake'
[0.550s] INFO:colcon.colcon_cmake.task.cmake.build:Building CMake package in '/home/aniketh05/my_ros2_ws/src/my_gesture_arm_robot'
[0.551s] INFO:colcon.colcon_core.shell:Skip shell extension 'powershell' for command environment: Not usable outside of PowerShell
[0.551s] DEBUG:colcon.colcon_core.shell:Skip shell extension 'dsv' for command environment
[0.556s] INFO:colcon.colcon_ros.task.ament_cmake.build:Building ROS package in '/home/aniketh05/my_ros2_ws/src/my_msg_srv' with build type 'ament_cmake'
[0.556s] INFO:colcon.colcon_cmake.task.cmake.build:Building CMake package in '/home/aniketh05/my_ros2_ws/src/my_msg_srv'
[0.557s] INFO:colcon.colcon_core.shell:Skip shell extension 'powershell' for command environment: Not usable outside of PowerShell
[0.557s] DEBUG:colcon.colcon_core.shell:Skip shell extension 'dsv' for command environment
[0.562s] INFO:colcon.colcon_ros.task.ament_python.build:Building ROS package in '/home/aniketh05/my_ros2_ws/src/my_pkg_01' with build type 'ament_python'
[0.562s] Level 1:colcon.colcon_core.shell:create_environment_hook('my_pkg_01', 'ament_prefix_path')
[0.563s] INFO:colcon.colcon_core.shell:Creating environment hook '/home/aniketh05/my_ros2_ws/src/install/my_pkg_01/share/my_pkg_01/hook/ament_prefix_path.ps1'
[0.564s] INFO:colcon.colcon_core.shell:Creating environment descriptor '/home/aniketh05/my_ros2_ws/src/install/my_pkg_01/share/my_pkg_01/hook/ament_prefix_path.dsv'
[0.565s] INFO:colcon.colcon_core.shell:Creating environment hook '/home/aniketh05/my_ros2_ws/src/install/my_pkg_01/share/my_pkg_01/hook/ament_prefix_path.sh'
[0.567s] INFO:colcon.colcon_core.shell:Skip shell extension 'powershell' for command environment: Not usable outside of PowerShell
[0.567s] DEBUG:colcon.colcon_core.shell:Skip shell extension 'dsv' for command environment
[0.570s] INFO:colcon.colcon_ros.task.ament_python.build:Building ROS package in '/home/aniketh05/my_ros2_ws/src/my_pkg_prac' with build type 'ament_python'
[0.571s] Level 1:colcon.colcon_core.shell:create_environment_hook('my_pkg_prac', 'ament_prefix_path')
[0.571s] INFO:colcon.colcon_core.shell:Creating environment hook '/home/aniketh05/my_ros2_ws/src/install/my_pkg_prac/share/my_pkg_prac/hook/ament_prefix_path.ps1'
[0.578s] INFO:colcon.colcon_core.shell:Creating environment descriptor '/home/aniketh05/my_ros2_ws/src/install/my_pkg_prac/share/my_pkg_prac/hook/ament_prefix_path.dsv'
[0.579s] INFO:colcon.colcon_core.shell:Creating environment hook '/home/aniketh05/my_ros2_ws/src/install/my_pkg_prac/share/my_pkg_prac/hook/ament_prefix_path.sh'
[0.580s] INFO:colcon.colcon_core.shell:Skip shell extension 'powershell' for command environment: Not usable outside of PowerShell
[0.580s] DEBUG:colcon.colcon_core.shell:Skip shell extension 'dsv' for command environment
[0.589s] INFO:colcon.colcon_ros.task.ament_python.build:Building ROS package in '/home/aniketh05/my_ros2_ws/src/my_services' with build type 'ament_python'
[0.591s] Level 1:colcon.colcon_core.shell:create_environment_hook('my_services', 'ament_prefix_path')
[0.591s] INFO:colcon.colcon_core.shell:Creating environment hook '/home/aniketh05/my_ros2_ws/src/install/my_services/share/my_services/hook/ament_prefix_path.ps1'
[0.595s] INFO:colcon.colcon_core.shell:Creating environment descriptor '/home/aniketh05/my_ros2_ws/src/install/my_services/share/my_services/hook/ament_prefix_path.dsv'
[0.596s] INFO:colcon.colcon_core.shell:Creating environment hook '/home/aniketh05/my_ros2_ws/src/install/my_services/share/my_services/hook/ament_prefix_path.sh'
[0.598s] INFO:colcon.colcon_core.shell:Skip shell extension 'powershell' for command environment: Not usable outside of PowerShell
[0.598s] DEBUG:colcon.colcon_core.shell:Skip shell extension 'dsv' for command environment
[0.601s] INFO:colcon.colcon_ros.task.ament_python.build:Building ROS package in '/home/aniketh05/my_ros2_ws/src/turtle_control' with build type 'ament_python'
[0.602s] Level 1:colcon.colcon_core.shell:create_environment_hook('turtle_control', 'ament_prefix_path')
[0.602s] INFO:colcon.colcon_core.shell:Creating environment hook '/home/aniketh05/my_ros2_ws/src/install/turtle_control/share/turtle_control/hook/ament_prefix_path.ps1'
[0.604s] INFO:colcon.colcon_core.shell:Creating environment descriptor '/home/aniketh05/my_ros2_ws/src/install/turtle_control/share/turtle_control/hook/ament_prefix_path.dsv'
[0.605s] INFO:colcon.colcon_core.shell:Creating environment hook '/home/aniketh05/my_ros2_ws/src/install/turtle_control/share/turtle_control/hook/ament_prefix_path.sh'
[0.607s] INFO:colcon.colcon_core.shell:Skip shell extension 'powershell' for command environment: Not usable outside of PowerShell
[0.607s] DEBUG:colcon.colcon_core.shell:Skip shell extension 'dsv' for command environment
[0.630s] DEBUG:colcon.colcon_core.event_handler.log_command:Invoking command in '/home/aniketh05/my_ros2_ws/src/build/my_ddrobot': CMAKE_PREFIX_PATH=${CMAKE_PREFIX_PATH}:/home/aniketh05/my_ros2_ws/install/turtle_control:/home/aniketh05/my_ros2_ws/install/my_services:/home/aniketh05/my_ros2_ws/install/my_pkg_prac:/home/aniketh05/my_ros2_ws/install/my_pkg_01:/opt/ros/humble /usr/bin/cmake /home/aniketh05/my_ros2_ws/src/my_dd_robot -DCMAKE_INSTALL_PREFIX=/home/aniketh05/my_ros2_ws/src/install/my_ddrobot
[0.638s] DEBUG:colcon.colcon_core.event_handler.log_command:Invoking command in '/home/aniketh05/my_ros2_ws/src/build/my_gesture_arm_robot': CMAKE_PREFIX_PATH=${CMAKE_PREFIX_PATH}:/home/aniketh05/my_ros2_ws/install/turtle_control:/home/aniketh05/my_ros2_ws/install/my_services:/home/aniketh05/my_ros2_ws/install/my_pkg_prac:/home/aniketh05/my_ros2_ws/install/my_pkg_01:/opt/ros/humble /usr/bin/cmake /home/aniketh05/my_ros2_ws/src/my_gesture_arm_robot -DCMAKE_INSTALL_PREFIX=/home/aniketh05/my_ros2_ws/src/install/my_gesture_arm_robot
[0.643s] DEBUG:colcon.colcon_core.event_handler.log_command:Invoking command in '/home/aniketh05/my_ros2_ws/src/build/my_msg_srv': CMAKE_PREFIX_PATH=${CMAKE_PREFIX_PATH}:/home/aniketh05/my_ros2_ws/install/turtle_control:/home/aniketh05/my_ros2_ws/install/my_services:/home/aniketh05/my_ros2_ws/install/my_pkg_prac:/home/aniketh05/my_ros2_ws/install/my_pkg_01:/opt/ros/humble /usr/bin/cmake /home/aniketh05/my_ros2_ws/src/my_msg_srv -DCMAKE_INSTALL_PREFIX=/home/aniketh05/my_ros2_ws/src/install/my_msg_srv
[1.186s] INFO:colcon.colcon_core.task.python.build:Building Python package in '/home/aniketh05/my_ros2_ws/src/my_pkg_01'
[1.186s] INFO:colcon.colcon_core.shell:Skip shell extension 'powershell' for command environment: Not usable outside of PowerShell
[1.186s] DEBUG:colcon.colcon_core.shell:Skip shell extension 'dsv' for command environment
[1.732s] INFO:colcon.colcon_core.task.python.build:Building Python package in '/home/aniketh05/my_ros2_ws/src/my_pkg_prac'
[1.732s] INFO:colcon.colcon_core.shell:Skip shell extension 'powershell' for command environment: Not usable outside of PowerShell
[1.732s] DEBUG:colcon.colcon_core.shell:Skip shell extension 'dsv' for command environment
[2.216s] INFO:colcon.colcon_core.task.python.build:Building Python package in '/home/aniketh05/my_ros2_ws/src/my_services'
[2.216s] INFO:colcon.colcon_core.shell:Skip shell extension 'powershell' for command environment: Not usable outside of PowerShell
[2.216s] DEBUG:colcon.colcon_core.shell:Skip shell extension 'dsv' for command environment
[2.981s] INFO:colcon.colcon_core.task.python.build:Building Python package in '/home/aniketh05/my_ros2_ws/src/turtle_control'
[2.982s] INFO:colcon.colcon_core.shell:Skip shell extension 'powershell' for command environment: Not usable outside of PowerShell
[2.982s] DEBUG:colcon.colcon_core.shell:Skip shell extension 'dsv' for command environment
[3.812s] DEBUG:colcon.colcon_core.event_handler.log_command:Invoked command in '/home/aniketh05/my_ros2_ws/src/build/my_ddrobot' returned '0': CMAKE_PREFIX_PATH=${CMAKE_PREFIX_PATH}:/home/aniketh05/my_ros2_ws/install/turtle_control:/home/aniketh05/my_ros2_ws/install/my_services:/home/aniketh05/my_ros2_ws/install/my_pkg_prac:/home/aniketh05/my_ros2_ws/install/my_pkg_01:/opt/ros/humble /usr/bin/cmake /home/aniketh05/my_ros2_ws/src/my_dd_robot -DCMAKE_INSTALL_PREFIX=/home/aniketh05/my_ros2_ws/src/install/my_ddrobot
[3.813s] DEBUG:colcon.colcon_core.event_handler.log_command:Invoking command in '/home/aniketh05/my_ros2_ws/src/build/my_ddrobot': CMAKE_PREFIX_PATH=${CMAKE_PREFIX_PATH}:/home/aniketh05/my_ros2_ws/install/turtle_control:/home/aniketh05/my_ros2_ws/install/my_services:/home/aniketh05/my_ros2_ws/install/my_pkg_prac:/home/aniketh05/my_ros2_ws/install/my_pkg_01:/opt/ros/humble /usr/bin/cmake --build /home/aniketh05/my_ros2_ws/src/build/my_ddrobot -- -j12 -l12
[3.907s] DEBUG:colcon.colcon_core.event_handler.log_command:Invoked command in '/home/aniketh05/my_ros2_ws/src/build/my_ddrobot' returned '0': CMAKE_PREFIX_PATH=${CMAKE_PREFIX_PATH}:/home/aniketh05/my_ros2_ws/install/turtle_control:/home/aniketh05/my_ros2_ws/install/my_services:/home/aniketh05/my_ros2_ws/install/my_pkg_prac:/home/aniketh05/my_ros2_ws/install/my_pkg_01:/opt/ros/humble /usr/bin/cmake --build /home/aniketh05/my_ros2_ws/src/build/my_ddrobot -- -j12 -l12
[3.927s] DEBUG:colcon.colcon_core.event_handler.log_command:Invoking command in '/home/aniketh05/my_ros2_ws/src/build/my_ddrobot': CMAKE_PREFIX_PATH=${CMAKE_PREFIX_PATH}:/home/aniketh05/my_ros2_ws/install/turtle_control:/home/aniketh05/my_ros2_ws/install/my_services:/home/aniketh05/my_ros2_ws/install/my_pkg_prac:/home/aniketh05/my_ros2_ws/install/my_pkg_01:/opt/ros/humble /usr/bin/cmake --install /home/aniketh05/my_ros2_ws/src/build/my_ddrobot
[3.958s] Level 1:colcon.colcon_core.environment:create_environment_scripts_only(my_ddrobot)
[3.959s] DEBUG:colcon.colcon_core.event_handler.log_command:Invoked command in '/home/aniketh05/my_ros2_ws/src/build/my_ddrobot' returned '0': CMAKE_PREFIX_PATH=${CMAKE_PREFIX_PATH}:/home/aniketh05/my_ros2_ws/install/turtle_control:/home/aniketh05/my_ros2_ws/install/my_services:/home/aniketh05/my_ros2_ws/install/my_pkg_prac:/home/aniketh05/my_ros2_ws/install/my_pkg_01:/opt/ros/humble /usr/bin/cmake --install /home/aniketh05/my_ros2_ws/src/build/my_ddrobot
[3.973s] Level 1:colcon.colcon_core.environment:checking '/home/aniketh05/my_ros2_ws/src/install/my_ddrobot' for CMake module files
[3.974s] Level 1:colcon.colcon_core.environment:checking '/home/aniketh05/my_ros2_ws/src/install/my_ddrobot' for CMake config files
[3.975s] Level 1:colcon.colcon_core.shell:create_environment_hook('my_ddrobot', 'cmake_prefix_path')
[3.976s] INFO:colcon.colcon_core.shell:Creating environment hook '/home/aniketh05/my_ros2_ws/src/install/my_ddrobot/share/my_ddrobot/hook/cmake_prefix_path.ps1'
[3.977s] INFO:colcon.colcon_core.shell:Creating environment descriptor '/home/aniketh05/my_ros2_ws/src/install/my_ddrobot/share/my_ddrobot/hook/cmake_prefix_path.dsv'
[3.979s] INFO:colcon.colcon_core.shell:Creating environment hook '/home/aniketh05/my_ros2_ws/src/install/my_ddrobot/share/my_ddrobot/hook/cmake_prefix_path.sh'
[3.981s] Level 1:colcon.colcon_core.environment:checking '/home/aniketh05/my_ros2_ws/src/install/my_ddrobot/bin'
[3.982s] Level 1:colcon.colcon_core.environment:checking '/home/aniketh05/my_ros2_ws/src/install/my_ddrobot/lib/pkgconfig/my_ddrobot.pc'
[3.984s] Level 1:colcon.colcon_core.environment:checking '/home/aniketh05/my_ros2_ws/src/install/my_ddrobot/lib/python3.10/site-packages'
[3.984s] Level 1:colcon.colcon_core.environment:checking '/home/aniketh05/my_ros2_ws/src/install/my_ddrobot/bin'
[3.986s] INFO:colcon.colcon_core.shell:Creating package script '/home/aniketh05/my_ros2_ws/src/install/my_ddrobot/share/my_ddrobot/package.ps1'
[3.989s] INFO:colcon.colcon_core.shell:Creating package descriptor '/home/aniketh05/my_ros2_ws/src/install/my_ddrobot/share/my_ddrobot/package.dsv'
[3.992s] INFO:colcon.colcon_core.shell:Creating package script '/home/aniketh05/my_ros2_ws/src/install/my_ddrobot/share/my_ddrobot/package.sh'
[3.996s] INFO:colcon.colcon_core.shell:Creating package script '/home/aniketh05/my_ros2_ws/src/install/my_ddrobot/share/my_ddrobot/package.bash'
[3.999s] INFO:colcon.colcon_core.shell:Creating package script '/home/aniketh05/my_ros2_ws/src/install/my_ddrobot/share/my_ddrobot/package.zsh'
[4.001s] Level 1:colcon.colcon_core.environment:create_file_with_runtime_dependencies(/home/aniketh05/my_ros2_ws/src/install/my_ddrobot/share/colcon-core/packages/my_ddrobot)
[4.004s] Level 1:colcon.colcon_core.environment:create_environment_scripts_only(my_ddrobot)
[4.004s] Level 1:colcon.colcon_core.environment:checking '/home/aniketh05/my_ros2_ws/src/install/my_ddrobot' for CMake module files
[4.006s] Level 1:colcon.colcon_core.environment:checking '/home/aniketh05/my_ros2_ws/src/install/my_ddrobot' for CMake config files
[4.006s] Level 1:colcon.colcon_core.shell:create_environment_hook('my_ddrobot', 'cmake_prefix_path')
[4.007s] INFO:colcon.colcon_core.shell:Creating environment hook '/home/aniketh05/my_ros2_ws/src/install/my_ddrobot/share/my_ddrobot/hook/cmake_prefix_path.ps1'
[4.009s] INFO:colcon.colcon_core.shell:Creating environment descriptor '/home/aniketh05/my_ros2_ws/src/install/my_ddrobot/share/my_ddrobot/hook/cmake_prefix_path.dsv'
[4.010s] INFO:colcon.colcon_core.shell:Creating environment hook '/home/aniketh05/my_ros2_ws/src/install/my_ddrobot/share/my_ddrobot/hook/cmake_prefix_path.sh'
[4.011s] Level 1:colcon.colcon_core.environment:checking '/home/aniketh05/my_ros2_ws/src/install/my_ddrobot/bin'
[4.011s] Level 1:colcon.colcon_core.environment:checking '/home/aniketh05/my_ros2_ws/src/install/my_ddrobot/lib/pkgconfig/my_ddrobot.pc'
[4.012s] Level 1:colcon.colcon_core.environment:checking '/home/aniketh05/my_ros2_ws/src/install/my_ddrobot/lib/python3.10/site-packages'
[4.013s] Level 1:colcon.colcon_core.environment:checking '/home/aniketh05/my_ros2_ws/src/install/my_ddrobot/bin'
[4.014s] INFO:colcon.colcon_core.shell:Creating package script '/home/aniketh05/my_ros2_ws/src/install/my_ddrobot/share/my_ddrobot/package.ps1'
[4.015s] INFO:colcon.colcon_core.shell:Creating package descriptor '/home/aniketh05/my_ros2_ws/src/install/my_ddrobot/share/my_ddrobot/package.dsv'
[4.017s] INFO:colcon.colcon_core.shell:Creating package script '/home/aniketh05/my_ros2_ws/src/install/my_ddrobot/share/my_ddrobot/package.sh'
[4.018s] INFO:colcon.colcon_core.shell:Creating package script '/home/aniketh05/my_ros2_ws/src/install/my_ddrobot/share/my_ddrobot/package.bash'
[4.020s] INFO:colcon.colcon_core.shell:Creating package script '/home/aniketh05/my_ros2_ws/src/install/my_ddrobot/share/my_ddrobot/package.zsh'
[4.021s] Level 1:colcon.colcon_core.environment:create_file_with_runtime_dependencies(/home/aniketh05/my_ros2_ws/src/install/my_ddrobot/share/colcon-core/packages/my_ddrobot)
[4.340s] DEBUG:colcon.colcon_core.event_handler.log_command:Invoking command in '/home/aniketh05/my_ros2_ws/src/build/my_pkg_prac': PYTHONPATH=/home/aniketh05/my_ros2_ws/src/build/my_pkg_prac/prefix_override:/usr/lib/python3/dist-packages/colcon_core/task/python/colcon_distutils_commands:/home/aniketh05/my_ros2_ws/src/install/my_pkg_prac/lib/python3.10/site-packages:${PYTHONPATH} /usr/bin/python3 -W ignore:setup.py install is deprecated -W ignore:easy_install command is deprecated setup.py develop --uninstall --editable --build-directory /home/aniketh05/my_ros2_ws/src/build/my_pkg_prac/build
[4.346s] DEBUG:colcon.colcon_core.event_handler.log_command:Invoking command in '/home/aniketh05/my_ros2_ws/src/build/my_pkg_01': PYTHONPATH=/home/aniketh05/my_ros2_ws/src/build/my_pkg_01/prefix_override:/usr/lib/python3/dist-packages/colcon_core/task/python/colcon_distutils_commands:/home/aniketh05/my_ros2_ws/src/install/my_pkg_01/lib/python3.10/site-packages:${PYTHONPATH} /usr/bin/python3 -W ignore:setup.py install is deprecated -W ignore:easy_install command is deprecated setup.py develop --uninstall --editable --build-directory /home/aniketh05/my_ros2_ws/src/build/my_pkg_01/build
[4.356s] DEBUG:colcon.colcon_core.event_handler.log_command:Invoking command in '/home/aniketh05/my_ros2_ws/src/build/turtle_control': PYTHONPATH=/home/aniketh05/my_ros2_ws/src/build/turtle_control/prefix_override:/usr/lib/python3/dist-packages/colcon_core/task/python/colcon_distutils_commands:/home/aniketh05/my_ros2_ws/src/install/turtle_control/lib/python3.10/site-packages:${PYTHONPATH} /usr/bin/python3 -W ignore:setup.py install is deprecated -W ignore:easy_install command is deprecated setup.py develop --uninstall --editable --build-directory /home/aniketh05/my_ros2_ws/src/build/turtle_control/build
[4.361s] DEBUG:colcon.colcon_core.event_handler.log_command:Invoking command in '/home/aniketh05/my_ros2_ws/src/build/my_services': PYTHONPATH=/home/aniketh05/my_ros2_ws/src/build/my_services/prefix_override:/usr/lib/python3/dist-packages/colcon_core/task/python/colcon_distutils_commands:/home/aniketh05/my_ros2_ws/src/install/my_services/lib/python3.10/site-packages:${PYTHONPATH} /usr/bin/python3 -W ignore:setup.py install is deprecated -W ignore:easy_install command is deprecated setup.py develop --uninstall --editable --build-directory /home/aniketh05/my_ros2_ws/src/build/my_services/build
[5.590s] DEBUG:colcon.colcon_core.event_handler.log_command:Invoked command in '/home/aniketh05/my_ros2_ws/src/build/turtle_control' returned '0': PYTHONPATH=/home/aniketh05/my_ros2_ws/src/build/turtle_control/prefix_override:/usr/lib/python3/dist-packages/colcon_core/task/python/colcon_distutils_commands:/home/aniketh05/my_ros2_ws/src/install/turtle_control/lib/python3.10/site-packages:${PYTHONPATH} /usr/bin/python3 -W ignore:setup.py install is deprecated -W ignore:easy_install command is deprecated setup.py develop --uninstall --editable --build-directory /home/aniketh05/my_ros2_ws/src/build/turtle_control/build
[5.598s] DEBUG:colcon.colcon_core.event_handler.log_command:Invoking command in '/home/aniketh05/my_ros2_ws/src/turtle_control': PYTHONPATH=/home/aniketh05/my_ros2_ws/src/build/turtle_control/prefix_override:/usr/lib/python3/dist-packages/colcon_core/task/python/colcon_distutils_commands:/home/aniketh05/my_ros2_ws/src/install/turtle_control/lib/python3.10/site-packages:${PYTHONPATH} /usr/bin/python3 -W ignore:setup.py install is deprecated -W ignore:easy_install command is deprecated setup.py egg_info --egg-base ../build/turtle_control build --build-base /home/aniketh05/my_ros2_ws/src/build/turtle_control/build install --record /home/aniketh05/my_ros2_ws/src/build/turtle_control/install.log --single-version-externally-managed install_data --force
[5.610s] DEBUG:colcon.colcon_core.event_handler.log_command:Invoked command in '/home/aniketh05/my_ros2_ws/src/build/my_pkg_01' returned '0': PYTHONPATH=/home/aniketh05/my_ros2_ws/src/build/my_pkg_01/prefix_override:/usr/lib/python3/dist-packages/colcon_core/task/python/colcon_distutils_commands:/home/aniketh05/my_ros2_ws/src/install/my_pkg_01/lib/python3.10/site-packages:${PYTHONPATH} /usr/bin/python3 -W ignore:setup.py install is deprecated -W ignore:easy_install command is deprecated setup.py develop --uninstall --editable --build-directory /home/aniketh05/my_ros2_ws/src/build/my_pkg_01/build
[5.614s] DEBUG:colcon.colcon_core.event_handler.log_command:Invoking command in '/home/aniketh05/my_ros2_ws/src/my_pkg_01': PYTHONPATH=/home/aniketh05/my_ros2_ws/src/build/my_pkg_01/prefix_override:/usr/lib/python3/dist-packages/colcon_core/task/python/colcon_distutils_commands:/home/aniketh05/my_ros2_ws/src/install/my_pkg_01/lib/python3.10/site-packages:${PYTHONPATH} /usr/bin/python3 -W ignore:setup.py install is deprecated -W ignore:easy_install command is deprecated setup.py egg_info --egg-base ../build/my_pkg_01 build --build-base /home/aniketh05/my_ros2_ws/src/build/my_pkg_01/build install --record /home/aniketh05/my_ros2_ws/src/build/my_pkg_01/install.log --single-version-externally-managed install_data --force
[5.646s] DEBUG:colcon.colcon_core.event_handler.log_command:Invoked command in '/home/aniketh05/my_ros2_ws/src/build/my_pkg_prac' returned '0': PYTHONPATH=/home/aniketh05/my_ros2_ws/src/build/my_pkg_prac/prefix_override:/usr/lib/python3/dist-packages/colcon_core/task/python/colcon_distutils_commands:/home/aniketh05/my_ros2_ws/src/install/my_pkg_prac/lib/python3.10/site-packages:${PYTHONPATH} /usr/bin/python3 -W ignore:setup.py install is deprecated -W ignore:easy_install command is deprecated setup.py develop --uninstall --editable --build-directory /home/aniketh05/my_ros2_ws/src/build/my_pkg_prac/build
[5.653s] DEBUG:colcon.colcon_core.event_handler.log_command:Invoking command in '/home/aniketh05/my_ros2_ws/src/my_pkg_prac': PYTHONPATH=/home/aniketh05/my_ros2_ws/src/build/my_pkg_prac/prefix_override:/usr/lib/python3/dist-packages/colcon_core/task/python/colcon_distutils_commands:/home/aniketh05/my_ros2_ws/src/install/my_pkg_prac/lib/python3.10/site-packages:${PYTHONPATH} /usr/bin/python3 -W ignore:setup.py install is deprecated -W ignore:easy_install command is deprecated setup.py egg_info --egg-base ../build/my_pkg_prac build --build-base /home/aniketh05/my_ros2_ws/src/build/my_pkg_prac/build install --record /home/aniketh05/my_ros2_ws/src/build/my_pkg_prac/install.log --single-version-externally-managed install_data --force
[5.683s] DEBUG:colcon.colcon_core.event_handler.log_command:Invoked command in '/home/aniketh05/my_ros2_ws/src/build/my_services' returned '0': PYTHONPATH=/home/aniketh05/my_ros2_ws/src/build/my_services/prefix_override:/usr/lib/python3/dist-packages/colcon_core/task/python/colcon_distutils_commands:/home/aniketh05/my_ros2_ws/src/install/my_services/lib/python3.10/site-packages:${PYTHONPATH} /usr/bin/python3 -W ignore:setup.py install is deprecated -W ignore:easy_install command is deprecated setup.py develop --uninstall --editable --build-directory /home/aniketh05/my_ros2_ws/src/build/my_services/build
[5.688s] DEBUG:colcon.colcon_core.event_handler.log_command:Invoking command in '/home/aniketh05/my_ros2_ws/src/my_services': PYTHONPATH=/home/aniketh05/my_ros2_ws/src/build/my_services/prefix_override:/usr/lib/python3/dist-packages/colcon_core/task/python/colcon_distutils_commands:/home/aniketh05/my_ros2_ws/src/install/my_services/lib/python3.10/site-packages:${PYTHONPATH} /usr/bin/python3 -W ignore:setup.py install is deprecated -W ignore:easy_install command is deprecated setup.py egg_info --egg-base ../build/my_services build --build-base /home/aniketh05/my_ros2_ws/src/build/my_services/build install --record /home/aniketh05/my_ros2_ws/src/build/my_services/install.log --single-version-externally-managed install_data --force
[6.431s] Level 1:colcon.colcon_core.environment:checking '/home/aniketh05/my_ros2_ws/src/install/my_pkg_01' for CMake module files
[6.432s] DEBUG:colcon.colcon_core.event_handler.log_command:Invoked command in '/home/aniketh05/my_ros2_ws/src/my_pkg_01' returned '0': PYTHONPATH=/home/aniketh05/my_ros2_ws/src/build/my_pkg_01/prefix_override:/usr/lib/python3/dist-packages/colcon_core/task/python/colcon_distutils_commands:/home/aniketh05/my_ros2_ws/src/install/my_pkg_01/lib/python3.10/site-packages:${PYTHONPATH} /usr/bin/python3 -W ignore:setup.py install is deprecated -W ignore:easy_install command is deprecated setup.py egg_info --egg-base ../build/my_pkg_01 build --build-base /home/aniketh05/my_ros2_ws/src/build/my_pkg_01/build install --record /home/aniketh05/my_ros2_ws/src/build/my_pkg_01/install.log --single-version-externally-managed install_data --force
[6.434s] Level 1:colcon.colcon_core.environment:checking '/home/aniketh05/my_ros2_ws/src/install/my_pkg_01' for CMake config files
[6.435s] Level 1:colcon.colcon_core.environment:checking '/home/aniketh05/my_ros2_ws/src/install/my_pkg_01/lib'
[6.435s] Level 1:colcon.colcon_core.environment:checking '/home/aniketh05/my_ros2_ws/src/install/my_pkg_01/bin'
[6.436s] Level 1:colcon.colcon_core.environment:checking '/home/aniketh05/my_ros2_ws/src/install/my_pkg_01/lib/pkgconfig/my_pkg_01.pc'
[6.436s] Level 1:colcon.colcon_core.environment:checking '/home/aniketh05/my_ros2_ws/src/install/my_pkg_01/lib/python3.10/site-packages'
[6.436s] Level 1:colcon.colcon_core.shell:create_environment_hook('my_pkg_01', 'pythonpath')
[6.437s] INFO:colcon.colcon_core.shell:Creating environment hook '/home/aniketh05/my_ros2_ws/src/install/my_pkg_01/share/my_pkg_01/hook/pythonpath.ps1'
[6.438s] INFO:colcon.colcon_core.shell:Creating environment descriptor '/home/aniketh05/my_ros2_ws/src/install/my_pkg_01/share/my_pkg_01/hook/pythonpath.dsv'
[6.439s] INFO:colcon.colcon_core.shell:Creating environment hook '/home/aniketh05/my_ros2_ws/src/install/my_pkg_01/share/my_pkg_01/hook/pythonpath.sh'
[6.441s] Level 1:colcon.colcon_core.environment:checking '/home/aniketh05/my_ros2_ws/src/install/my_pkg_01/bin'
[6.442s] Level 1:colcon.colcon_core.environment:create_environment_scripts_only(my_pkg_01)
[6.443s] INFO:colcon.colcon_core.shell:Creating package script '/home/aniketh05/my_ros2_ws/src/install/my_pkg_01/share/my_pkg_01/package.ps1'
[6.445s] INFO:colcon.colcon_core.shell:Creating package descriptor '/home/aniketh05/my_ros2_ws/src/install/my_pkg_01/share/my_pkg_01/package.dsv'
[6.447s] INFO:colcon.colcon_core.shell:Creating package script '/home/aniketh05/my_ros2_ws/src/install/my_pkg_01/share/my_pkg_01/package.sh'
[6.448s] INFO:colcon.colcon_core.shell:Creating package script '/home/aniketh05/my_ros2_ws/src/install/my_pkg_01/share/my_pkg_01/package.bash'
[6.450s] INFO:colcon.colcon_core.shell:Creating package script '/home/aniketh05/my_ros2_ws/src/install/my_pkg_01/share/my_pkg_01/package.zsh'
[6.451s] Level 1:colcon.colcon_core.environment:create_file_with_runtime_dependencies(/home/aniketh05/my_ros2_ws/src/install/my_pkg_01/share/colcon-core/packages/my_pkg_01)
[6.457s] Level 1:colcon.colcon_core.environment:checking '/home/aniketh05/my_ros2_ws/src/install/turtle_control' for CMake module files
[6.459s] DEBUG:colcon.colcon_core.event_handler.log_command:Invoked command in '/home/aniketh05/my_ros2_ws/src/turtle_control' returned '0': PYTHONPATH=/home/aniketh05/my_ros2_ws/src/build/turtle_control/prefix_override:/usr/lib/python3/dist-packages/colcon_core/task/python/colcon_distutils_commands:/home/aniketh05/my_ros2_ws/src/install/turtle_control/lib/python3.10/site-packages:${PYTHONPATH} /usr/bin/python3 -W ignore:setup.py install is deprecated -W ignore:easy_install command is deprecated setup.py egg_info --egg-base ../build/turtle_control build --build-base /home/aniketh05/my_ros2_ws/src/build/turtle_control/build install --record /home/aniketh05/my_ros2_ws/src/build/turtle_control/install.log --single-version-externally-managed install_data --force
[6.461s] Level 1:colcon.colcon_core.environment:checking '/home/aniketh05/my_ros2_ws/src/install/turtle_control' for CMake config files
[6.462s] Level 1:colcon.colcon_core.environment:checking '/home/aniketh05/my_ros2_ws/src/install/turtle_control/lib'
[6.462s] Level 1:colcon.colcon_core.environment:checking '/home/aniketh05/my_ros2_ws/src/install/turtle_control/bin'
[6.462s] Level 1:colcon.colcon_core.environment:checking '/home/aniketh05/my_ros2_ws/src/install/turtle_control/lib/pkgconfig/turtle_control.pc'
[6.463s] Level 1:colcon.colcon_core.environment:checking '/home/aniketh05/my_ros2_ws/src/install/turtle_control/lib/python3.10/site-packages'
[6.463s] Level 1:colcon.colcon_core.shell:create_environment_hook('turtle_control', 'pythonpath')
[6.464s] INFO:colcon.colcon_core.shell:Creating environment hook '/home/aniketh05/my_ros2_ws/src/install/turtle_control/share/turtle_control/hook/pythonpath.ps1'
[6.465s] INFO:colcon.colcon_core.shell:Creating environment descriptor '/home/aniketh05/my_ros2_ws/src/install/turtle_control/share/turtle_control/hook/pythonpath.dsv'
[6.469s] INFO:colcon.colcon_core.shell:Creating environment hook '/home/aniketh05/my_ros2_ws/src/install/turtle_control/share/turtle_control/hook/pythonpath.sh'
[6.471s] Level 1:colcon.colcon_core.environment:checking '/home/aniketh05/my_ros2_ws/src/install/turtle_control/bin'
[6.471s] Level 1:colcon.colcon_core.environment:create_environment_scripts_only(turtle_control)
[6.473s] INFO:colcon.colcon_core.shell:Creating package script '/home/aniketh05/my_ros2_ws/src/install/turtle_control/share/turtle_control/package.ps1'
[6.474s] INFO:colcon.colcon_core.shell:Creating package descriptor '/home/aniketh05/my_ros2_ws/src/install/turtle_control/share/turtle_control/package.dsv'
[6.475s] INFO:colcon.colcon_core.shell:Creating package script '/home/aniketh05/my_ros2_ws/src/install/turtle_control/share/turtle_control/package.sh'
[6.476s] INFO:colcon.colcon_core.shell:Creating package script '/home/aniketh05/my_ros2_ws/src/install/turtle_control/share/turtle_control/package.bash'
[6.477s] INFO:colcon.colcon_core.shell:Creating package script '/home/aniketh05/my_ros2_ws/src/install/turtle_control/share/turtle_control/package.zsh'
[6.478s] Level 1:colcon.colcon_core.environment:create_file_with_runtime_dependencies(/home/aniketh05/my_ros2_ws/src/install/turtle_control/share/colcon-core/packages/turtle_control)
[6.485s] Level 1:colcon.colcon_core.environment:checking '/home/aniketh05/my_ros2_ws/src/install/my_pkg_prac' for CMake module files
[6.488s] DEBUG:colcon.colcon_core.event_handler.log_command:Invoked command in '/home/aniketh05/my_ros2_ws/src/my_pkg_prac' returned '0': PYTHONPATH=/home/aniketh05/my_ros2_ws/src/build/my_pkg_prac/prefix_override:/usr/lib/python3/dist-packages/colcon_core/task/python/colcon_distutils_commands:/home/aniketh05/my_ros2_ws/src/install/my_pkg_prac/lib/python3.10/site-packages:${PYTHONPATH} /usr/bin/python3 -W ignore:setup.py install is deprecated -W ignore:easy_install command is deprecated setup.py egg_info --egg-base ../build/my_pkg_prac build --build-base /home/aniketh05/my_ros2_ws/src/build/my_pkg_prac/build install --record /home/aniketh05/my_ros2_ws/src/build/my_pkg_prac/install.log --single-version-externally-managed install_data --force
[6.489s] Level 1:colcon.colcon_core.environment:checking '/home/aniketh05/my_ros2_ws/src/install/my_pkg_prac' for CMake config files
[6.490s] Level 1:colcon.colcon_core.environment:checking '/home/aniketh05/my_ros2_ws/src/install/my_pkg_prac/lib'
[6.490s] Level 1:colcon.colcon_core.environment:checking '/home/aniketh05/my_ros2_ws/src/install/my_pkg_prac/bin'
[6.491s] Level 1:colcon.colcon_core.environment:checking '/home/aniketh05/my_ros2_ws/src/install/my_pkg_prac/lib/pkgconfig/my_pkg_prac.pc'
[6.491s] Level 1:colcon.colcon_core.environment:checking '/home/aniketh05/my_ros2_ws/src/install/my_pkg_prac/lib/python3.10/site-packages'
[6.491s] Level 1:colcon.colcon_core.shell:create_environment_hook('my_pkg_prac', 'pythonpath')
[6.492s] INFO:colcon.colcon_core.shell:Creating environment hook '/home/aniketh05/my_ros2_ws/src/install/my_pkg_prac/share/my_pkg_prac/hook/pythonpath.ps1'
[6.493s] INFO:colcon.colcon_core.shell:Creating environment descriptor '/home/aniketh05/my_ros2_ws/src/install/my_pkg_prac/share/my_pkg_prac/hook/pythonpath.dsv'
[6.494s] INFO:colcon.colcon_core.shell:Creating environment hook '/home/aniketh05/my_ros2_ws/src/install/my_pkg_prac/share/my_pkg_prac/hook/pythonpath.sh'
[6.496s] Level 1:colcon.colcon_core.environment:checking '/home/aniketh05/my_ros2_ws/src/install/my_pkg_prac/bin'
[6.496s] Level 1:colcon.colcon_core.environment:create_environment_scripts_only(my_pkg_prac)
[6.497s] INFO:colcon.colcon_core.shell:Creating package script '/home/aniketh05/my_ros2_ws/src/install/my_pkg_prac/share/my_pkg_prac/package.ps1'
[6.499s] INFO:colcon.colcon_core.shell:Creating package descriptor '/home/aniketh05/my_ros2_ws/src/install/my_pkg_prac/share/my_pkg_prac/package.dsv'
[6.500s] INFO:colcon.colcon_core.shell:Creating package script '/home/aniketh05/my_ros2_ws/src/install/my_pkg_prac/share/my_pkg_prac/package.sh'
[6.501s] INFO:colcon.colcon_core.shell:Creating package script '/home/aniketh05/my_ros2_ws/src/install/my_pkg_prac/share/my_pkg_prac/package.bash'
[6.501s] INFO:colcon.colcon_core.shell:Creating package script '/home/aniketh05/my_ros2_ws/src/install/my_pkg_prac/share/my_pkg_prac/package.zsh'
[6.502s] Level 1:colcon.colcon_core.environment:create_file_with_runtime_dependencies(/home/aniketh05/my_ros2_ws/src/install/my_pkg_prac/share/colcon-core/packages/my_pkg_prac)
[6.523s] Level 1:colcon.colcon_core.environment:checking '/home/aniketh05/my_ros2_ws/src/install/my_services' for CMake module files
[6.525s] DEBUG:colcon.colcon_core.event_handler.log_command:Invoked command in '/home/aniketh05/my_ros2_ws/src/my_services' returned '0': PYTHONPATH=/home/aniketh05/my_ros2_ws/src/build/my_services/prefix_override:/usr/lib/python3/dist-packages/colcon_core/task/python/colcon_distutils_commands:/home/aniketh05/my_ros2_ws/src/install/my_services/lib/python3.10/site-packages:${PYTHONPATH} /usr/bin/python3 -W ignore:setup.py install is deprecated -W ignore:easy_install command is deprecated setup.py egg_info --egg-base ../build/my_services build --build-base /home/aniketh05/my_ros2_ws/src/build/my_services/build install --record /home/aniketh05/my_ros2_ws/src/build/my_services/install.log --single-version-externally-managed install_data --force
[6.526s] Level 1:colcon.colcon_core.environment:checking '/home/aniketh05/my_ros2_ws/src/install/my_services' for CMake config files
[6.527s] Level 1:colcon.colcon_core.environment:checking '/home/aniketh05/my_ros2_ws/src/install/my_services/lib'
[6.527s] Level 1:colcon.colcon_core.environment:checking '/home/aniketh05/my_ros2_ws/src/install/my_services/bin'
[6.527s] Level 1:colcon.colcon_core.environment:checking '/home/aniketh05/my_ros2_ws/src/install/my_services/lib/pkgconfig/my_services.pc'
[6.527s] Level 1:colcon.colcon_core.environment:checking '/home/aniketh05/my_ros2_ws/src/install/my_services/lib/python3.10/site-packages'
[6.528s] Level 1:colcon.colcon_core.shell:create_environment_hook('my_services', 'pythonpath')
[6.528s] INFO:colcon.colcon_core.shell:Creating environment hook '/home/aniketh05/my_ros2_ws/src/install/my_services/share/my_services/hook/pythonpath.ps1'
[6.529s] INFO:colcon.colcon_core.shell:Creating environment descriptor '/home/aniketh05/my_ros2_ws/src/install/my_services/share/my_services/hook/pythonpath.dsv'
[6.529s] INFO:colcon.colcon_core.shell:Creating environment hook '/home/aniketh05/my_ros2_ws/src/install/my_services/share/my_services/hook/pythonpath.sh'
[6.531s] Level 1:colcon.colcon_core.environment:checking '/home/aniketh05/my_ros2_ws/src/install/my_services/bin'
[6.531s] Level 1:colcon.colcon_core.environment:create_environment_scripts_only(my_services)
[6.532s] INFO:colcon.colcon_core.shell:Creating package script '/home/aniketh05/my_ros2_ws/src/install/my_services/share/my_services/package.ps1'
[6.533s] INFO:colcon.colcon_core.shell:Creating package descriptor '/home/aniketh05/my_ros2_ws/src/install/my_services/share/my_services/package.dsv'
[6.534s] INFO:colcon.colcon_core.shell:Creating package script '/home/aniketh05/my_ros2_ws/src/install/my_services/share/my_services/package.sh'
[6.535s] INFO:colcon.colcon_core.shell:Creating package script '/home/aniketh05/my_ros2_ws/src/install/my_services/share/my_services/package.bash'
[6.536s] INFO:colcon.colcon_core.shell:Creating package script '/home/aniketh05/my_ros2_ws/src/install/my_services/share/my_services/package.zsh'
[6.537s] Level 1:colcon.colcon_core.environment:create_file_with_runtime_dependencies(/home/aniketh05/my_ros2_ws/src/install/my_services/share/colcon-core/packages/my_services)
[7.477s] DEBUG:colcon.colcon_core.event_handler.log_command:Invoked command in '/home/aniketh05/my_ros2_ws/src/build/my_msg_srv' returned '0': CMAKE_PREFIX_PATH=${CMAKE_PREFIX_PATH}:/home/aniketh05/my_ros2_ws/install/turtle_control:/home/aniketh05/my_ros2_ws/install/my_services:/home/aniketh05/my_ros2_ws/install/my_pkg_prac:/home/aniketh05/my_ros2_ws/install/my_pkg_01:/opt/ros/humble /usr/bin/cmake /home/aniketh05/my_ros2_ws/src/my_msg_srv -DCMAKE_INSTALL_PREFIX=/home/aniketh05/my_ros2_ws/src/install/my_msg_srv
[7.479s] DEBUG:colcon.colcon_core.event_handler.log_command:Invoking command in '/home/aniketh05/my_ros2_ws/src/build/my_msg_srv': CMAKE_PREFIX_PATH=${CMAKE_PREFIX_PATH}:/home/aniketh05/my_ros2_ws/install/turtle_control:/home/aniketh05/my_ros2_ws/install/my_services:/home/aniketh05/my_ros2_ws/install/my_pkg_prac:/home/aniketh05/my_ros2_ws/install/my_pkg_01:/opt/ros/humble /usr/bin/cmake --build /home/aniketh05/my_ros2_ws/src/build/my_msg_srv -- -j12 -l12
[14.479s] DEBUG:colcon.colcon_core.event_handler.log_command:Invoked command in '/home/aniketh05/my_ros2_ws/src/build/my_msg_srv' returned '0': CMAKE_PREFIX_PATH=${CMAKE_PREFIX_PATH}:/home/aniketh05/my_ros2_ws/install/turtle_control:/home/aniketh05/my_ros2_ws/install/my_services:/home/aniketh05/my_ros2_ws/install/my_pkg_prac:/home/aniketh05/my_ros2_ws/install/my_pkg_01:/opt/ros/humble /usr/bin/cmake --build /home/aniketh05/my_ros2_ws/src/build/my_msg_srv -- -j12 -l12
[14.481s] DEBUG:colcon.colcon_core.event_handler.log_command:Invoking command in '/home/aniketh05/my_ros2_ws/src/build/my_msg_srv': CMAKE_PREFIX_PATH=${CMAKE_PREFIX_PATH}:/home/aniketh05/my_ros2_ws/install/turtle_control:/home/aniketh05/my_ros2_ws/install/my_services:/home/aniketh05/my_ros2_ws/install/my_pkg_prac:/home/aniketh05/my_ros2_ws/install/my_pkg_01:/opt/ros/humble /usr/bin/cmake --install /home/aniketh05/my_ros2_ws/src/build/my_msg_srv
[14.687s] Level 1:colcon.colcon_core.environment:create_environment_scripts_only(my_msg_srv)
[14.687s] Level 1:colcon.colcon_core.environment:checking '/home/aniketh05/my_ros2_ws/src/install/my_msg_srv' for CMake module files
[14.688s] DEBUG:colcon.colcon_core.event_handler.log_command:Invoked command in '/home/aniketh05/my_ros2_ws/src/build/my_msg_srv' returned '0': CMAKE_PREFIX_PATH=${CMAKE_PREFIX_PATH}:/home/aniketh05/my_ros2_ws/install/turtle_control:/home/aniketh05/my_ros2_ws/install/my_services:/home/aniketh05/my_ros2_ws/install/my_pkg_prac:/home/aniketh05/my_ros2_ws/install/my_pkg_01:/opt/ros/humble /usr/bin/cmake --install /home/aniketh05/my_ros2_ws/src/build/my_msg_srv
[14.690s] Level 1:colcon.colcon_core.environment:checking '/home/aniketh05/my_ros2_ws/src/install/my_msg_srv' for CMake config files
[14.690s] Level 1:colcon.colcon_core.shell:create_environment_hook('my_msg_srv', 'cmake_prefix_path')
[14.691s] INFO:colcon.colcon_core.shell:Creating environment hook '/home/aniketh05/my_ros2_ws/src/install/my_msg_srv/share/my_msg_srv/hook/cmake_prefix_path.ps1'
[14.692s] INFO:colcon.colcon_core.shell:Creating environment descriptor '/home/aniketh05/my_ros2_ws/src/install/my_msg_srv/share/my_msg_srv/hook/cmake_prefix_path.dsv'
[14.693s] INFO:colcon.colcon_core.shell:Creating environment hook '/home/aniketh05/my_ros2_ws/src/install/my_msg_srv/share/my_msg_srv/hook/cmake_prefix_path.sh'
[14.694s] Level 1:colcon.colcon_core.environment:checking '/home/aniketh05/my_ros2_ws/src/install/my_msg_srv/lib'
[14.695s] Level 1:colcon.colcon_core.shell:create_environment_hook('my_msg_srv', 'ld_library_path_lib')
[14.695s] INFO:colcon.colcon_core.shell:Creating environment hook '/home/aniketh05/my_ros2_ws/src/install/my_msg_srv/share/my_msg_srv/hook/ld_library_path_lib.ps1'
[14.697s] INFO:colcon.colcon_core.shell:Creating environment descriptor '/home/aniketh05/my_ros2_ws/src/install/my_msg_srv/share/my_msg_srv/hook/ld_library_path_lib.dsv'
[14.698s] INFO:colcon.colcon_core.shell:Creating environment hook '/home/aniketh05/my_ros2_ws/src/install/my_msg_srv/share/my_msg_srv/hook/ld_library_path_lib.sh'
[14.699s] Level 1:colcon.colcon_core.environment:checking '/home/aniketh05/my_ros2_ws/src/install/my_msg_srv/bin'
[14.699s] Level 1:colcon.colcon_core.environment:checking '/home/aniketh05/my_ros2_ws/src/install/my_msg_srv/lib/pkgconfig/my_msg_srv.pc'
[14.700s] Level 1:colcon.colcon_core.environment:checking '/home/aniketh05/my_ros2_ws/src/install/my_msg_srv/lib/python3.10/site-packages'
[14.700s] Level 1:colcon.colcon_core.environment:checking '/home/aniketh05/my_ros2_ws/src/install/my_msg_srv/bin'
[14.701s] INFO:colcon.colcon_core.shell:Creating package script '/home/aniketh05/my_ros2_ws/src/install/my_msg_srv/share/my_msg_srv/package.ps1'
[14.702s] INFO:colcon.colcon_core.shell:Creating package descriptor '/home/aniketh05/my_ros2_ws/src/install/my_msg_srv/share/my_msg_srv/package.dsv'
[14.703s] INFO:colcon.colcon_core.shell:Creating package script '/home/aniketh05/my_ros2_ws/src/install/my_msg_srv/share/my_msg_srv/package.sh'
[14.704s] INFO:colcon.colcon_core.shell:Creating package script '/home/aniketh05/my_ros2_ws/src/install/my_msg_srv/share/my_msg_srv/package.bash'
[14.705s] INFO:colcon.colcon_core.shell:Creating package script '/home/aniketh05/my_ros2_ws/src/install/my_msg_srv/share/my_msg_srv/package.zsh'
[14.705s] Level 1:colcon.colcon_core.environment:create_file_with_runtime_dependencies(/home/aniketh05/my_ros2_ws/src/install/my_msg_srv/share/colcon-core/packages/my_msg_srv)
[14.707s] Level 1:colcon.colcon_core.environment:create_environment_scripts_only(my_msg_srv)
[14.707s] Level 1:colcon.colcon_core.environment:checking '/home/aniketh05/my_ros2_ws/src/install/my_msg_srv' for CMake module files
[14.708s] Level 1:colcon.colcon_core.environment:checking '/home/aniketh05/my_ros2_ws/src/install/my_msg_srv' for CMake config files
[14.709s] Level 1:colcon.colcon_core.shell:create_environment_hook('my_msg_srv', 'cmake_prefix_path')
[14.710s] INFO:colcon.colcon_core.shell:Creating environment hook '/home/aniketh05/my_ros2_ws/src/install/my_msg_srv/share/my_msg_srv/hook/cmake_prefix_path.ps1'
[14.711s] INFO:colcon.colcon_core.shell:Creating environment descriptor '/home/aniketh05/my_ros2_ws/src/install/my_msg_srv/share/my_msg_srv/hook/cmake_prefix_path.dsv'
[14.712s] INFO:colcon.colcon_core.shell:Creating environment hook '/home/aniketh05/my_ros2_ws/src/install/my_msg_srv/share/my_msg_srv/hook/cmake_prefix_path.sh'
[14.713s] Level 1:colcon.colcon_core.environment:checking '/home/aniketh05/my_ros2_ws/src/install/my_msg_srv/lib'
[14.713s] Level 1:colcon.colcon_core.shell:create_environment_hook('my_msg_srv', 'ld_library_path_lib')
[14.714s] INFO:colcon.colcon_core.shell:Creating environment hook '/home/aniketh05/my_ros2_ws/src/install/my_msg_srv/share/my_msg_srv/hook/ld_library_path_lib.ps1'
[14.715s] INFO:colcon.colcon_core.shell:Creating environment descriptor '/home/aniketh05/my_ros2_ws/src/install/my_msg_srv/share/my_msg_srv/hook/ld_library_path_lib.dsv'
[14.715s] INFO:colcon.colcon_core.shell:Creating environment hook '/home/aniketh05/my_ros2_ws/src/install/my_msg_srv/share/my_msg_srv/hook/ld_library_path_lib.sh'
[14.716s] Level 1:colcon.colcon_core.environment:checking '/home/aniketh05/my_ros2_ws/src/install/my_msg_srv/bin'
[14.716s] Level 1:colcon.colcon_core.environment:checking '/home/aniketh05/my_ros2_ws/src/install/my_msg_srv/lib/pkgconfig/my_msg_srv.pc'
[14.717s] Level 1:colcon.colcon_core.environment:checking '/home/aniketh05/my_ros2_ws/src/install/my_msg_srv/lib/python3.10/site-packages'
[14.718s] Level 1:colcon.colcon_core.environment:checking '/home/aniketh05/my_ros2_ws/src/install/my_msg_srv/bin'
[14.719s] INFO:colcon.colcon_core.shell:Creating package script '/home/aniketh05/my_ros2_ws/src/install/my_msg_srv/share/my_msg_srv/package.ps1'
[14.720s] INFO:colcon.colcon_core.shell:Creating package descriptor '/home/aniketh05/my_ros2_ws/src/install/my_msg_srv/share/my_msg_srv/package.dsv'
[14.722s] INFO:colcon.colcon_core.shell:Creating package script '/home/aniketh05/my_ros2_ws/src/install/my_msg_srv/share/my_msg_srv/package.sh'
[14.723s] INFO:colcon.colcon_core.shell:Creating package script '/home/aniketh05/my_ros2_ws/src/install/my_msg_srv/share/my_msg_srv/package.bash'
[14.724s] INFO:colcon.colcon_core.shell:Creating package script '/home/aniketh05/my_ros2_ws/src/install/my_msg_srv/share/my_msg_srv/package.zsh'
[14.725s] Level 1:colcon.colcon_core.environment:create_file_with_runtime_dependencies(/home/aniketh05/my_ros2_ws/src/install/my_msg_srv/share/colcon-core/packages/my_msg_srv)
[45.566s] DEBUG:colcon.colcon_core.event_handler.log_command:Invoked command in '/home/aniketh05/my_ros2_ws/src/build/my_gesture_arm_robot' returned '1': CMAKE_PREFIX_PATH=${CMAKE_PREFIX_PATH}:/home/aniketh05/my_ros2_ws/install/turtle_control:/home/aniketh05/my_ros2_ws/install/my_services:/home/aniketh05/my_ros2_ws/install/my_pkg_prac:/home/aniketh05/my_ros2_ws/install/my_pkg_01:/opt/ros/humble /usr/bin/cmake /home/aniketh05/my_ros2_ws/src/my_gesture_arm_robot -DCMAKE_INSTALL_PREFIX=/home/aniketh05/my_ros2_ws/src/install/my_gesture_arm_robot
[45.578s] Level 1:colcon.colcon_core.environment:create_environment_scripts_only(my_gesture_arm_robot)
[45.578s] Level 1:colcon.colcon_core.environment:checking '/home/aniketh05/my_ros2_ws/src/install/my_gesture_arm_robot' for CMake module files
[45.579s] Level 1:colcon.colcon_core.environment:checking '/home/aniketh05/my_ros2_ws/src/install/my_gesture_arm_robot' for CMake config files
[45.580s] Level 1:colcon.colcon_core.environment:checking '/home/aniketh05/my_ros2_ws/src/install/my_gesture_arm_robot/bin'
[45.580s] Level 1:colcon.colcon_core.environment:checking '/home/aniketh05/my_ros2_ws/src/install/my_gesture_arm_robot/lib/pkgconfig/my_gesture_arm_robot.pc'
[45.580s] Level 1:colcon.colcon_core.environment:checking '/home/aniketh05/my_ros2_ws/src/install/my_gesture_arm_robot/lib/python3.10/site-packages'
[45.581s] Level 1:colcon.colcon_core.environment:checking '/home/aniketh05/my_ros2_ws/src/install/my_gesture_arm_robot/bin'
[45.581s] INFO:colcon.colcon_core.shell:Creating package script '/home/aniketh05/my_ros2_ws/src/install/my_gesture_arm_robot/share/my_gesture_arm_robot/package.ps1'
[45.583s] INFO:colcon.colcon_core.shell:Creating package descriptor '/home/aniketh05/my_ros2_ws/src/install/my_gesture_arm_robot/share/my_gesture_arm_robot/package.dsv'
[45.584s] INFO:colcon.colcon_core.shell:Creating package script '/home/aniketh05/my_ros2_ws/src/install/my_gesture_arm_robot/share/my_gesture_arm_robot/package.sh'
[45.585s] INFO:colcon.colcon_core.shell:Creating package script '/home/aniketh05/my_ros2_ws/src/install/my_gesture_arm_robot/share/my_gesture_arm_robot/package.bash'
[45.585s] INFO:colcon.colcon_core.shell:Creating package script '/home/aniketh05/my_ros2_ws/src/install/my_gesture_arm_robot/share/my_gesture_arm_robot/package.zsh'
[45.586s] Level 1:colcon.colcon_core.environment:create_file_with_runtime_dependencies(/home/aniketh05/my_ros2_ws/src/install/my_gesture_arm_robot/share/colcon-core/packages/my_gesture_arm_robot)
[45.597s] DEBUG:colcon.colcon_parallel_executor.executor.parallel:closing loop
[45.598s] DEBUG:colcon.colcon_parallel_executor.executor.parallel:loop closed
[45.598s] DEBUG:colcon.colcon_parallel_executor.executor.parallel:run_until_complete finished with '1'
[45.598s] DEBUG:colcon.colcon_core.event_reactor:joining thread
[45.607s] INFO:colcon.colcon_core.plugin_system:Skipping extension 'colcon_notification.desktop_notification.terminal_notifier': Not used on non-Darwin systems
[45.608s] INFO:colcon.colcon_core.plugin_system:Skipping extension 'colcon_notification.desktop_notification.win32': Not used on non-Windows systems
[45.608s] INFO:colcon.colcon_notification.desktop_notification:Sending desktop notification using 'notify2'
[45.612s] DEBUG:colcon.colcon_notification.desktop_notification.notify2:Failed to initialize notify2: org.freedesktop.DBus.Error.ServiceUnknown: The name org.freedesktop.Notifications was not provided by any .service files
[45.612s] DEBUG:colcon.colcon_core.event_reactor:joined thread
[45.613s] INFO:colcon.colcon_core.shell:Creating prefix script '/home/aniketh05/my_ros2_ws/src/install/local_setup.ps1'
[45.614s] INFO:colcon.colcon_core.shell:Creating prefix util module '/home/aniketh05/my_ros2_ws/src/install/_local_setup_util_ps1.py'
[45.616s] INFO:colcon.colcon_core.shell:Creating prefix chain script '/home/aniketh05/my_ros2_ws/src/install/setup.ps1'
[45.617s] INFO:colcon.colcon_core.shell:Creating prefix script '/home/aniketh05/my_ros2_ws/src/install/local_setup.sh'
[45.618s] INFO:colcon.colcon_core.shell:Creating prefix util module '/home/aniketh05/my_ros2_ws/src/install/_local_setup_util_sh.py'
[45.619s] INFO:colcon.colcon_core.shell:Creating prefix chain script '/home/aniketh05/my_ros2_ws/src/install/setup.sh'
[45.620s] INFO:colcon.colcon_core.shell:Creating prefix script '/home/aniketh05/my_ros2_ws/src/install/local_setup.bash'
[45.621s] INFO:colcon.colcon_core.shell:Creating prefix chain script '/home/aniketh05/my_ros2_ws/src/install/setup.bash'
[45.623s] INFO:colcon.colcon_core.shell:Creating prefix script '/home/aniketh05/my_ros2_ws/src/install/local_setup.zsh'
[45.624s] INFO:colcon.colcon_core.shell:Creating prefix chain script '/home/aniketh05/my_ros2_ws/src/install/setup.zsh'
