[0.009s] Invoking command in '/home/aniketh05/my_ros2_ws/build/my_msg_srv': CMAKE_PREFIX_PATH=${CMAKE_PREFIX_PATH}:/home/aniketh05/my_ros2_ws/install/turtle_control:/home/aniketh05/my_ros2_ws/install/my_services:/home/aniketh05/my_ros2_ws/install/my_pkg_prac:/home/aniketh05/my_ros2_ws/install/my_pkg_01:/home/aniketh05/my_ros2_ws/src/install/turtle_control:/home/aniketh05/my_ros2_ws/src/install/my_services:/home/aniketh05/my_ros2_ws/src/install/my_pkg_srv:/home/aniketh05/my_ros2_ws/src/install/my_pkg_prac:/home/aniketh05/my_ros2_ws/src/install/my_pkg_01:/opt/ros/humble /usr/bin/cmake /home/aniketh05/my_ros2_ws/src/my_msg_srv -DCMAKE_INSTALL_PREFIX=/home/aniketh05/my_ros2_ws/install/my_msg_srv
[0.022s] -- Found ament_cmake: 1.3.11 (/opt/ros/humble/share/ament_cmake/cmake)
[1.179s] [33mCMake Warning at CMakeLists.txt:14 (find_package):
[1.179s]   By not providing "Findrosidl_generate_interfaces.cmake" in
[1.179s]   CMAKE_MODULE_PATH this project has asked CMake to find a package
[1.179s]   configuration file provided by "rosidl_generate_interfaces", but CMake did
[1.179s]   not find one.
[1.179s] 
[1.179s]   Could not find a package configuration file provided by
[1.179s]   "rosidl_generate_interfaces" with any of the following names:
[1.179s] 
[1.179s]     rosidl_generate_interfacesConfig.cmake
[1.179s]     rosidl_generate_interfaces-config.cmake
[1.179s] 
[1.179s]   Add the installation prefix of "rosidl_generate_interfaces" to
[1.179s]   CMAKE_PREFIX_PATH or set "rosidl_generate_interfaces_DIR" to a directory
[1.180s]   containing one of the above files.  If "rosidl_generate_interfaces"
[1.180s]   provides a separate development package or SDK, be sure it has been
[1.180s]   installed.
[1.180s] 
[1.180s] [0m
[1.180s] [31mCMake Error at CMakeLists.txt:16 (rosidl_generate_interfaces):
[1.180s]   Unknown CMake command "rosidl_generate_interfaces".
[1.180s] 
[1.180s] [0m
[1.180s] -- Configuring incomplete, errors occurred!
[1.180s] See also "/home/aniketh05/my_ros2_ws/build/my_msg_srv/CMakeFiles/CMakeOutput.log".
[1.181s] Invoked command in '/home/aniketh05/my_ros2_ws/build/my_msg_srv' returned '1': CMAKE_PREFIX_PATH=${CMAKE_PREFIX_PATH}:/home/aniketh05/my_ros2_ws/install/turtle_control:/home/aniketh05/my_ros2_ws/install/my_services:/home/aniketh05/my_ros2_ws/install/my_pkg_prac:/home/aniketh05/my_ros2_ws/install/my_pkg_01:/home/aniketh05/my_ros2_ws/src/install/turtle_control:/home/aniketh05/my_ros2_ws/src/install/my_services:/home/aniketh05/my_ros2_ws/src/install/my_pkg_srv:/home/aniketh05/my_ros2_ws/src/install/my_pkg_prac:/home/aniketh05/my_ros2_ws/src/install/my_pkg_01:/opt/ros/humble /usr/bin/cmake /home/aniketh05/my_ros2_ws/src/my_msg_srv -DCMAKE_INSTALL_PREFIX=/home/aniketh05/my_ros2_ws/install/my_msg_srv
