/home/aniketh05/my_ros2_ws/install/my_pkg_prac/lib/python3.10/site-packages/my_pkg_prac/pen_change.py
/home/aniketh05/my_ros2_ws/install/my_pkg_prac/lib/python3.10/site-packages/my_pkg_prac/move_circular.py
/home/aniketh05/my_ros2_ws/install/my_pkg_prac/lib/python3.10/site-packages/my_pkg_prac/__init__.py
/home/aniketh05/my_ros2_ws/install/my_pkg_prac/lib/python3.10/site-packages/my_pkg_prac/sub.py
/home/aniketh05/my_ros2_ws/install/my_pkg_prac/lib/python3.10/site-packages/my_pkg_prac/my_pub_node.py
/home/aniketh05/my_ros2_ws/install/my_pkg_prac/lib/python3.10/site-packages/my_pkg_prac/my_pose_sub.py
/home/aniketh05/my_ros2_ws/install/my_pkg_prac/lib/python3.10/site-packages/my_pkg_prac/pub_sub_node.py
/home/aniketh05/my_ros2_ws/install/my_pkg_prac/lib/python3.10/site-packages/my_pkg_prac/shape.py
/home/aniketh05/my_ros2_ws/install/my_pkg_prac/lib/python3.10/site-packages/my_pkg_prac/pub.py
/home/aniketh05/my_ros2_ws/install/my_pkg_prac/lib/python3.10/site-packages/my_pkg_prac/__pycache__/pen_change.cpython-310.pyc
/home/aniketh05/my_ros2_ws/install/my_pkg_prac/lib/python3.10/site-packages/my_pkg_prac/__pycache__/move_circular.cpython-310.pyc
/home/aniketh05/my_ros2_ws/install/my_pkg_prac/lib/python3.10/site-packages/my_pkg_prac/__pycache__/__init__.cpython-310.pyc
/home/aniketh05/my_ros2_ws/install/my_pkg_prac/lib/python3.10/site-packages/my_pkg_prac/__pycache__/sub.cpython-310.pyc
/home/aniketh05/my_ros2_ws/install/my_pkg_prac/lib/python3.10/site-packages/my_pkg_prac/__pycache__/my_pub_node.cpython-310.pyc
/home/aniketh05/my_ros2_ws/install/my_pkg_prac/lib/python3.10/site-packages/my_pkg_prac/__pycache__/my_pose_sub.cpython-310.pyc
/home/aniketh05/my_ros2_ws/install/my_pkg_prac/lib/python3.10/site-packages/my_pkg_prac/__pycache__/pub_sub_node.cpython-310.pyc
/home/aniketh05/my_ros2_ws/install/my_pkg_prac/lib/python3.10/site-packages/my_pkg_prac/__pycache__/shape.cpython-310.pyc
/home/aniketh05/my_ros2_ws/install/my_pkg_prac/lib/python3.10/site-packages/my_pkg_prac/__pycache__/pub.cpython-310.pyc
/home/aniketh05/my_ros2_ws/install/my_pkg_prac/share/ament_index/resource_index/packages/my_pkg_prac
/home/aniketh05/my_ros2_ws/install/my_pkg_prac/share/my_pkg_prac/package.xml
/home/aniketh05/my_ros2_ws/install/my_pkg_prac/lib/python3.10/site-packages/my_pkg_prac-0.0.0-py3.10.egg-info/SOURCES.txt
/home/aniketh05/my_ros2_ws/install/my_pkg_prac/lib/python3.10/site-packages/my_pkg_prac-0.0.0-py3.10.egg-info/requires.txt
/home/aniketh05/my_ros2_ws/install/my_pkg_prac/lib/python3.10/site-packages/my_pkg_prac-0.0.0-py3.10.egg-info/top_level.txt
/home/aniketh05/my_ros2_ws/install/my_pkg_prac/lib/python3.10/site-packages/my_pkg_prac-0.0.0-py3.10.egg-info/entry_points.txt
/home/aniketh05/my_ros2_ws/install/my_pkg_prac/lib/python3.10/site-packages/my_pkg_prac-0.0.0-py3.10.egg-info/PKG-INFO
/home/aniketh05/my_ros2_ws/install/my_pkg_prac/lib/python3.10/site-packages/my_pkg_prac-0.0.0-py3.10.egg-info/zip-safe
/home/aniketh05/my_ros2_ws/install/my_pkg_prac/lib/python3.10/site-packages/my_pkg_prac-0.0.0-py3.10.egg-info/dependency_links.txt
/home/aniketh05/my_ros2_ws/install/my_pkg_prac/lib/my_pkg_prac/move_circular
/home/aniketh05/my_ros2_ws/install/my_pkg_prac/lib/my_pkg_prac/my_pose_sub
/home/aniketh05/my_ros2_ws/install/my_pkg_prac/lib/my_pkg_prac/my_pub_node
/home/aniketh05/my_ros2_ws/install/my_pkg_prac/lib/my_pkg_prac/pen_change
/home/aniketh05/my_ros2_ws/install/my_pkg_prac/lib/my_pkg_prac/pub
/home/aniketh05/my_ros2_ws/install/my_pkg_prac/lib/my_pkg_prac/pub_sub_node
/home/aniketh05/my_ros2_ws/install/my_pkg_prac/lib/my_pkg_prac/shape
/home/aniketh05/my_ros2_ws/install/my_pkg_prac/lib/my_pkg_prac/sub
