[1.480s] Invoking command in '/home/aniketh05/my_ros2_ws/src/my_pkg_01': PYTHONPATH=/home/aniketh05/my_ros2_ws/build/my_pkg_01/prefix_override:/usr/lib/python3/dist-packages/colcon_core/task/python/colcon_distutils_commands:/home/aniketh05/my_ros2_ws/install/my_pkg_01/lib/python3.10/site-packages:${PYTHONPATH} /usr/bin/python3 -W ignore:setup.py install is deprecated -W ignore:easy_install command is deprecated setup.py egg_info --egg-base ../../build/my_pkg_01 build --build-base /home/aniketh05/my_ros2_ws/build/my_pkg_01/build install --record /home/aniketh05/my_ros2_ws/build/my_pkg_01/install.log --single-version-externally-managed install_data
[1.762s] running egg_info
[1.767s] writing ../../build/my_pkg_01/my_pkg_01.egg-info/PKG-INFO
[1.774s] writing dependency_links to ../../build/my_pkg_01/my_pkg_01.egg-info/dependency_links.txt
[1.774s] writing entry points to ../../build/my_pkg_01/my_pkg_01.egg-info/entry_points.txt
[1.775s] writing requirements to ../../build/my_pkg_01/my_pkg_01.egg-info/requires.txt
[1.775s] writing top-level names to ../../build/my_pkg_01/my_pkg_01.egg-info/top_level.txt
[1.776s] reading manifest file '../../build/my_pkg_01/my_pkg_01.egg-info/SOURCES.txt'
[1.794s] writing manifest file '../../build/my_pkg_01/my_pkg_01.egg-info/SOURCES.txt'
[1.794s] running build
[1.794s] running build_py
[1.796s] running install
[1.796s] running install_lib
[1.796s] running install_data
[1.796s] running install_egg_info
[1.798s] removing '/home/aniketh05/my_ros2_ws/install/my_pkg_01/lib/python3.10/site-packages/my_pkg_01-0.0.0-py3.10.egg-info' (and everything under it)
[1.798s] Copying ../../build/my_pkg_01/my_pkg_01.egg-info to /home/aniketh05/my_ros2_ws/install/my_pkg_01/lib/python3.10/site-packages/my_pkg_01-0.0.0-py3.10.egg-info
[1.800s] running install_scripts
[1.828s] Installing my_first_node script to /home/aniketh05/my_ros2_ws/install/my_pkg_01/lib/my_pkg_01
[1.829s] Installing pose_color_change script to /home/aniketh05/my_ros2_ws/install/my_pkg_01/lib/my_pkg_01
[1.829s] Installing set_pen_client script to /home/aniketh05/my_ros2_ws/install/my_pkg_01/lib/my_pkg_01
[1.829s] writing list of installed files to '/home/aniketh05/my_ros2_ws/build/my_pkg_01/install.log'
[1.871s] Invoked command in '/home/aniketh05/my_ros2_ws/src/my_pkg_01' returned '0': PYTHONPATH=/home/aniketh05/my_ros2_ws/build/my_pkg_01/prefix_override:/usr/lib/python3/dist-packages/colcon_core/task/python/colcon_distutils_commands:/home/aniketh05/my_ros2_ws/install/my_pkg_01/lib/python3.10/site-packages:${PYTHONPATH} /usr/bin/python3 -W ignore:setup.py install is deprecated -W ignore:easy_install command is deprecated setup.py egg_info --egg-base ../../build/my_pkg_01 build --build-base /home/aniketh05/my_ros2_ws/build/my_pkg_01/build install --record /home/aniketh05/my_ros2_ws/build/my_pkg_01/install.log --single-version-externally-managed install_data
