[2.094s] Invoking command in '/home/aniketh05/my_ros2_ws/build/turtle_control': PYTHONPATH=/home/aniketh05/my_ros2_ws/build/turtle_control/prefix_override:/usr/lib/python3/dist-packages/colcon_core/task/python/colcon_distutils_commands:/home/aniketh05/my_ros2_ws/install/turtle_control/lib/python3.10/site-packages:${PYTHONPATH} /usr/bin/python3 -W ignore:setup.py install is deprecated -W ignore:easy_install command is deprecated setup.py develop --editable --build-directory /home/aniketh05/my_ros2_ws/build/turtle_control/build --no-deps symlink_data
[2.891s] running develop
[3.056s] /home/aniketh05/.local/lib/python3.10/site-packages/pkg_resources/__init__.py:116: PkgResourcesDeprecationWarning: 2.0.5-build-libtorrent-rasterbar-qrM5vM-libtorrent-rasterbar-2.0.5-bindings-python is an invalid version and will not be supported in a future release
[3.056s]   warnings.warn(
[3.459s] running egg_info
[3.459s] creating turtle_control.egg-info
[3.459s] writing turtle_control.egg-info/PKG-INFO
[3.460s] writing dependency_links to turtle_control.egg-info/dependency_links.txt
[3.461s] writing entry points to turtle_control.egg-info/entry_points.txt
[3.462s] writing requirements to turtle_control.egg-info/requires.txt
[3.463s] writing top-level names to turtle_control.egg-info/top_level.txt
[3.463s] writing manifest file 'turtle_control.egg-info/SOURCES.txt'
[3.468s] reading manifest file 'turtle_control.egg-info/SOURCES.txt'
[3.470s] writing manifest file 'turtle_control.egg-info/SOURCES.txt'
[3.474s] running build_ext
[3.474s] Creating /home/aniketh05/my_ros2_ws/install/turtle_control/lib/python3.10/site-packages/turtle-control.egg-link (link to .)
[3.476s] Installing pub_sub script to /home/aniketh05/my_ros2_ws/install/turtle_control/lib/turtle_control
[3.477s] Installing turtle_publisher script to /home/aniketh05/my_ros2_ws/install/turtle_control/lib/turtle_control
[3.478s] Installing turtle_subscriber script to /home/aniketh05/my_ros2_ws/install/turtle_control/lib/turtle_control
[3.478s] 
[3.480s] Installed /home/aniketh05/my_ros2_ws/build/turtle_control
[3.480s] running symlink_data
[3.481s] creating /home/aniketh05/my_ros2_ws/install/turtle_control/share/ament_index
[3.481s] creating /home/aniketh05/my_ros2_ws/install/turtle_control/share/ament_index/resource_index
[3.481s] creating /home/aniketh05/my_ros2_ws/install/turtle_control/share/ament_index/resource_index/packages
[3.482s] symbolically linking /home/aniketh05/my_ros2_ws/build/turtle_control/resource/turtle_control -> /home/aniketh05/my_ros2_ws/install/turtle_control/share/ament_index/resource_index/packages
[3.482s] symbolically linking /home/aniketh05/my_ros2_ws/build/turtle_control/package.xml -> /home/aniketh05/my_ros2_ws/install/turtle_control/share/turtle_control
[3.610s] Invoked command in '/home/aniketh05/my_ros2_ws/build/turtle_control' returned '0': PYTHONPATH=/home/aniketh05/my_ros2_ws/build/turtle_control/prefix_override:/usr/lib/python3/dist-packages/colcon_core/task/python/colcon_distutils_commands:/home/aniketh05/my_ros2_ws/install/turtle_control/lib/python3.10/site-packages:${PYTHONPATH} /usr/bin/python3 -W ignore:setup.py install is deprecated -W ignore:easy_install command is deprecated setup.py develop --editable --build-directory /home/aniketh05/my_ros2_ws/build/turtle_control/build --no-deps symlink_data
