[0.034s] Invoking command in '/home/aniketh05/my_ros2_ws/build/my_msgs': CMAKE_PREFIX_PATH=${CMAKE_PREFIX_PATH}:/home/aniketh05/my_ros2_ws/install/my_pkg_prac:/home/aniketh05/my_ros2_ws/install/turtle_control:/home/aniketh05/my_ros2_ws/install/my_pkg_srv:/home/aniketh05/my_ros2_ws/install/my_pkg_01:/opt/ros/humble /usr/bin/cmake /home/aniketh05/my_ros2_ws/src/my_msgs -DCMAKE_INSTALL_PREFIX=/home/aniketh05/my_ros2_ws/install/my_msgs
[0.428s] -- Found ament_cmake: 1.3.11 (/opt/ros/humble/share/ament_cmake/cmake)
[0.429s] -- Override CMake install command with custom implementation using symlinks instead of copying resources
[0.429s] -- Found ament_lint_auto: 0.12.11 (/opt/ros/humble/share/ament_lint_auto/cmake)
[0.429s] -- Found geometry_msgs: 4.2.4 (/opt/ros/humble/share/geometry_msgs/cmake)
[0.431s] -- Found rosidl_generator_c: 3.1.6 (/opt/ros/humble/share/rosidl_generator_c/cmake)
[0.434s] -- Found rosidl_adapter: 3.1.6 (/opt/ros/humble/share/rosidl_adapter/cmake)
[0.443s] -- Found rosidl_generator_cpp: 3.1.6 (/opt/ros/humble/share/rosidl_generator_cpp/cmake)
[0.455s] -- Using all available rosidl_typesupport_c: rosidl_typesupport_fastrtps_c;rosidl_typesupport_introspection_c
[0.473s] -- Using all available rosidl_typesupport_cpp: rosidl_typesupport_fastrtps_cpp;rosidl_typesupport_introspection_cpp
[0.520s] -- Found rosidl_default_generators: 1.2.0 (/opt/ros/humble/share/rosidl_default_generators/cmake)
[0.743s] -- Found ament_cmake_ros: 0.10.0 (/opt/ros/humble/share/ament_cmake_ros/cmake)
[1.083s] -- Using all available rosidl_typesupport_c: rosidl_typesupport_fastrtps_c;rosidl_typesupport_introspection_c
[1.237s] -- Using all available rosidl_typesupport_cpp: rosidl_typesupport_fastrtps_cpp;rosidl_typesupport_introspection_cpp
[1.258s] -- Found python_cmake_module: 0.10.0 (/opt/ros/humble/share/python_cmake_module/cmake)
[1.285s] -- Using PYTHON_EXECUTABLE: /usr/bin/python3
[1.285s] -- Using PYTHON_INCLUDE_DIRS: /usr/include/python3.10
[1.285s] -- Using PYTHON_LIBRARIES: /usr/lib/x86_64-linux-gnu/libpython3.10.so
[1.346s] -- Added test 'lint_cmake' to check CMake code style
[1.348s] -- Added test 'xmllint' to check XML markup files
[1.365s] -- Configuring done
[1.462s] -- Generating done
[1.479s] -- Build files have been written to: /home/aniketh05/my_ros2_ws/build/my_msgs
[1.495s] Invoked command in '/home/aniketh05/my_ros2_ws/build/my_msgs' returned '0': CMAKE_PREFIX_PATH=${CMAKE_PREFIX_PATH}:/home/aniketh05/my_ros2_ws/install/my_pkg_prac:/home/aniketh05/my_ros2_ws/install/turtle_control:/home/aniketh05/my_ros2_ws/install/my_pkg_srv:/home/aniketh05/my_ros2_ws/install/my_pkg_01:/opt/ros/humble /usr/bin/cmake /home/aniketh05/my_ros2_ws/src/my_msgs -DCMAKE_INSTALL_PREFIX=/home/aniketh05/my_ros2_ws/install/my_msgs
[1.498s] Invoking command in '/home/aniketh05/my_ros2_ws/build/my_msgs': CMAKE_PREFIX_PATH=${CMAKE_PREFIX_PATH}:/home/aniketh05/my_ros2_ws/install/my_pkg_prac:/home/aniketh05/my_ros2_ws/install/turtle_control:/home/aniketh05/my_ros2_ws/install/my_pkg_srv:/home/aniketh05/my_ros2_ws/install/my_pkg_01:/opt/ros/humble /usr/bin/cmake --build /home/aniketh05/my_ros2_ws/build/my_msgs -- -j12 -l12
[1.545s] [35m[1mConsolidate compiler generated dependencies of target my_msgs__rosidl_generator_c[0m
[1.552s] [  0%] Built target ament_cmake_python_symlink_my_msgs
[1.559s] [  2%] Built target my_msgs__cpp
[1.560s] [ 12%] Built target my_msgs__rosidl_generator_c
[1.574s] [35m[1mConsolidate compiler generated dependencies of target my_msgs__rosidl_typesupport_c[0m
[1.574s] [35m[1mConsolidate compiler generated dependencies of target my_msgs__rosidl_typesupport_cpp[0m
[1.576s] [35m[1mConsolidate compiler generated dependencies of target my_msgs__rosidl_typesupport_introspection_cpp[0m
[1.579s] [35m[1mConsolidate compiler generated dependencies of target my_msgs__rosidl_typesupport_fastrtps_cpp[0m
[1.584s] [35m[1mConsolidate compiler generated dependencies of target my_msgs__rosidl_typesupport_introspection_c[0m
[1.597s] [ 23%] Built target my_msgs__rosidl_typesupport_cpp
[1.600s] [ 38%] Built target my_msgs__rosidl_typesupport_c
[1.604s] [ 51%] Built target my_msgs__rosidl_typesupport_fastrtps_cpp
[1.606s] [ 59%] Built target my_msgs__rosidl_typesupport_introspection_c
[1.606s] [ 65%] Built target my_msgs__rosidl_typesupport_introspection_cpp
[1.608s] [35m[1mConsolidate compiler generated dependencies of target my_msgs__rosidl_typesupport_fastrtps_c[0m
[1.621s] [ 76%] Built target my_msgs__rosidl_typesupport_fastrtps_c
[1.641s] [ 76%] Built target my_msgs
[1.662s] [ 78%] Built target my_msgs__py
[1.671s] [35m[1mConsolidate compiler generated dependencies of target my_msgs__rosidl_generator_py[0m
[1.687s] [ 87%] Built target my_msgs__rosidl_generator_py
[1.695s] [35m[1mConsolidate compiler generated dependencies of target my_msgs__rosidl_typesupport_c__pyext[0m
[1.696s] [35m[1mConsolidate compiler generated dependencies of target my_msgs__rosidl_typesupport_introspection_c__pyext[0m
[1.697s] [35m[1mConsolidate compiler generated dependencies of target my_msgs__rosidl_typesupport_fastrtps_c__pyext[0m
[1.706s] [ 91%] Built target my_msgs__rosidl_typesupport_c__pyext
[1.708s] [ 95%] Built target my_msgs__rosidl_typesupport_introspection_c__pyext
[1.709s] [100%] Built target my_msgs__rosidl_typesupport_fastrtps_c__pyext
[1.824s] running egg_info
[1.824s] writing my_msgs.egg-info/PKG-INFO
[1.824s] writing dependency_links to my_msgs.egg-info/dependency_links.txt
[1.824s] writing top-level names to my_msgs.egg-info/top_level.txt
[1.825s] reading manifest file 'my_msgs.egg-info/SOURCES.txt'
[1.826s] writing manifest file 'my_msgs.egg-info/SOURCES.txt'
[1.850s] [100%] Built target ament_cmake_python_build_my_msgs_egg
[1.861s] Invoked command in '/home/aniketh05/my_ros2_ws/build/my_msgs' returned '0': CMAKE_PREFIX_PATH=${CMAKE_PREFIX_PATH}:/home/aniketh05/my_ros2_ws/install/my_pkg_prac:/home/aniketh05/my_ros2_ws/install/turtle_control:/home/aniketh05/my_ros2_ws/install/my_pkg_srv:/home/aniketh05/my_ros2_ws/install/my_pkg_01:/opt/ros/humble /usr/bin/cmake --build /home/aniketh05/my_ros2_ws/build/my_msgs -- -j12 -l12
[1.871s] Invoking command in '/home/aniketh05/my_ros2_ws/build/my_msgs': CMAKE_PREFIX_PATH=${CMAKE_PREFIX_PATH}:/home/aniketh05/my_ros2_ws/install/my_pkg_prac:/home/aniketh05/my_ros2_ws/install/turtle_control:/home/aniketh05/my_ros2_ws/install/my_pkg_srv:/home/aniketh05/my_ros2_ws/install/my_pkg_01:/opt/ros/humble /usr/bin/cmake --install /home/aniketh05/my_ros2_ws/build/my_msgs
[1.875s] -- Install configuration: ""
[1.875s] -- Execute custom install script
[1.876s] -- Up-to-date symlink: /home/aniketh05/my_ros2_ws/install/my_msgs/share/ament_index/resource_index/rosidl_interfaces/my_msgs
[1.878s] -- Up-to-date symlink: /home/aniketh05/my_ros2_ws/install/my_msgs/include/my_msgs/my_msgs/msg/detail/my_msg__functions.h
[1.879s] -- Up-to-date symlink: /home/aniketh05/my_ros2_ws/install/my_msgs/include/my_msgs/my_msgs/msg/detail/my_msg__struct.h
[1.880s] -- Up-to-date symlink: /home/aniketh05/my_ros2_ws/install/my_msgs/include/my_msgs/my_msgs/msg/detail/my_msg__type_support.h
[1.880s] -- Up-to-date symlink: /home/aniketh05/my_ros2_ws/install/my_msgs/include/my_msgs/my_msgs/msg/detail/sphere__functions.h
[1.880s] -- Up-to-date symlink: /home/aniketh05/my_ros2_ws/install/my_msgs/include/my_msgs/my_msgs/msg/detail/sphere__struct.h
[1.880s] -- Up-to-date symlink: /home/aniketh05/my_ros2_ws/install/my_msgs/include/my_msgs/my_msgs/msg/detail/sphere__type_support.h
[1.880s] -- Up-to-date symlink: /home/aniketh05/my_ros2_ws/install/my_msgs/include/my_msgs/my_msgs/msg/my_msg.h
[1.881s] -- Up-to-date symlink: /home/aniketh05/my_ros2_ws/install/my_msgs/include/my_msgs/my_msgs/msg/rosidl_generator_c__visibility_control.h
[1.881s] -- Up-to-date symlink: /home/aniketh05/my_ros2_ws/install/my_msgs/include/my_msgs/my_msgs/msg/sphere.h
[1.882s] -- Up-to-date symlink: /home/aniketh05/my_ros2_ws/install/my_msgs/include/my_msgs/my_msgs/srv/add_three_nums.h
[1.882s] -- Up-to-date symlink: /home/aniketh05/my_ros2_ws/install/my_msgs/include/my_msgs/my_msgs/srv/detail/add_three_nums__functions.h
[1.882s] -- Up-to-date symlink: /home/aniketh05/my_ros2_ws/install/my_msgs/include/my_msgs/my_msgs/srv/detail/add_three_nums__struct.h
[1.882s] -- Up-to-date symlink: /home/aniketh05/my_ros2_ws/install/my_msgs/include/my_msgs/my_msgs/srv/detail/add_three_nums__type_support.h
[1.884s] -- Up-to-date symlink: /home/aniketh05/my_ros2_ws/install/my_msgs/share/my_msgs/environment/library_path.sh
[1.884s] -- Up-to-date symlink: /home/aniketh05/my_ros2_ws/install/my_msgs/share/my_msgs/environment/library_path.dsv
[1.885s] -- Up-to-date symlink: /home/aniketh05/my_ros2_ws/install/my_msgs/include/my_msgs/my_msgs/msg/detail/my_msg__rosidl_typesupport_fastrtps_c.h
[1.885s] -- Up-to-date symlink: /home/aniketh05/my_ros2_ws/install/my_msgs/include/my_msgs/my_msgs/msg/detail/sphere__rosidl_typesupport_fastrtps_c.h
[1.885s] -- Up-to-date symlink: /home/aniketh05/my_ros2_ws/install/my_msgs/include/my_msgs/my_msgs/msg/rosidl_typesupport_fastrtps_c__visibility_control.h
[1.885s] -- Up-to-date symlink: /home/aniketh05/my_ros2_ws/install/my_msgs/include/my_msgs/my_msgs/srv/detail/add_three_nums__rosidl_typesupport_fastrtps_c.h
[1.890s] -- Up-to-date symlink: /home/aniketh05/my_ros2_ws/install/my_msgs/include/my_msgs/my_msgs/msg/detail/my_msg__builder.hpp
[1.890s] -- Up-to-date symlink: /home/aniketh05/my_ros2_ws/install/my_msgs/include/my_msgs/my_msgs/msg/detail/my_msg__struct.hpp
[1.890s] -- Up-to-date symlink: /home/aniketh05/my_ros2_ws/install/my_msgs/include/my_msgs/my_msgs/msg/detail/my_msg__traits.hpp
[1.891s] -- Up-to-date symlink: /home/aniketh05/my_ros2_ws/install/my_msgs/include/my_msgs/my_msgs/msg/detail/my_msg__type_support.hpp
[1.891s] -- Up-to-date symlink: /home/aniketh05/my_ros2_ws/install/my_msgs/include/my_msgs/my_msgs/msg/detail/sphere__builder.hpp
[1.891s] -- Up-to-date symlink: /home/aniketh05/my_ros2_ws/install/my_msgs/include/my_msgs/my_msgs/msg/detail/sphere__struct.hpp
[1.891s] -- Up-to-date symlink: /home/aniketh05/my_ros2_ws/install/my_msgs/include/my_msgs/my_msgs/msg/detail/sphere__traits.hpp
[1.892s] -- Up-to-date symlink: /home/aniketh05/my_ros2_ws/install/my_msgs/include/my_msgs/my_msgs/msg/detail/sphere__type_support.hpp
[1.892s] -- Up-to-date symlink: /home/aniketh05/my_ros2_ws/install/my_msgs/include/my_msgs/my_msgs/msg/my_msg.hpp
[1.892s] -- Up-to-date symlink: /home/aniketh05/my_ros2_ws/install/my_msgs/include/my_msgs/my_msgs/msg/rosidl_generator_cpp__visibility_control.hpp
[1.892s] -- Up-to-date symlink: /home/aniketh05/my_ros2_ws/install/my_msgs/include/my_msgs/my_msgs/msg/sphere.hpp
[1.892s] -- Up-to-date symlink: /home/aniketh05/my_ros2_ws/install/my_msgs/include/my_msgs/my_msgs/srv/add_three_nums.hpp
[1.893s] -- Up-to-date symlink: /home/aniketh05/my_ros2_ws/install/my_msgs/include/my_msgs/my_msgs/srv/detail/add_three_nums__builder.hpp
[1.893s] -- Up-to-date symlink: /home/aniketh05/my_ros2_ws/install/my_msgs/include/my_msgs/my_msgs/srv/detail/add_three_nums__struct.hpp
[1.893s] -- Up-to-date symlink: /home/aniketh05/my_ros2_ws/install/my_msgs/include/my_msgs/my_msgs/srv/detail/add_three_nums__traits.hpp
[1.894s] -- Up-to-date symlink: /home/aniketh05/my_ros2_ws/install/my_msgs/include/my_msgs/my_msgs/srv/detail/add_three_nums__type_support.hpp
[1.895s] -- Up-to-date symlink: /home/aniketh05/my_ros2_ws/install/my_msgs/include/my_msgs/my_msgs/msg/detail/my_msg__rosidl_typesupport_fastrtps_cpp.hpp
[1.895s] -- Up-to-date symlink: /home/aniketh05/my_ros2_ws/install/my_msgs/include/my_msgs/my_msgs/msg/detail/sphere__rosidl_typesupport_fastrtps_cpp.hpp
[1.895s] -- Up-to-date symlink: /home/aniketh05/my_ros2_ws/install/my_msgs/include/my_msgs/my_msgs/msg/rosidl_typesupport_fastrtps_cpp__visibility_control.h
[1.896s] -- Up-to-date symlink: /home/aniketh05/my_ros2_ws/install/my_msgs/include/my_msgs/my_msgs/srv/detail/add_three_nums__rosidl_typesupport_fastrtps_cpp.hpp
[1.897s] -- Up-to-date symlink: /home/aniketh05/my_ros2_ws/install/my_msgs/include/my_msgs/my_msgs/msg/detail/my_msg__rosidl_typesupport_introspection_c.h
[1.897s] -- Up-to-date symlink: /home/aniketh05/my_ros2_ws/install/my_msgs/include/my_msgs/my_msgs/msg/detail/sphere__rosidl_typesupport_introspection_c.h
[1.898s] -- Up-to-date symlink: /home/aniketh05/my_ros2_ws/install/my_msgs/include/my_msgs/my_msgs/msg/rosidl_typesupport_introspection_c__visibility_control.h
[1.898s] -- Up-to-date symlink: /home/aniketh05/my_ros2_ws/install/my_msgs/include/my_msgs/my_msgs/srv/detail/add_three_nums__rosidl_typesupport_introspection_c.h
[1.900s] -- Up-to-date symlink: /home/aniketh05/my_ros2_ws/install/my_msgs/include/my_msgs/my_msgs/msg/detail/my_msg__rosidl_typesupport_introspection_cpp.hpp
[1.900s] -- Up-to-date symlink: /home/aniketh05/my_ros2_ws/install/my_msgs/include/my_msgs/my_msgs/msg/detail/sphere__rosidl_typesupport_introspection_cpp.hpp
[1.900s] -- Up-to-date symlink: /home/aniketh05/my_ros2_ws/install/my_msgs/include/my_msgs/my_msgs/srv/detail/add_three_nums__rosidl_typesupport_introspection_cpp.hpp
[1.900s] -- Up-to-date symlink: /home/aniketh05/my_ros2_ws/install/my_msgs/share/my_msgs/environment/pythonpath.sh
[1.901s] -- Up-to-date symlink: /home/aniketh05/my_ros2_ws/install/my_msgs/share/my_msgs/environment/pythonpath.dsv
[1.902s] -- Up-to-date symlink: /home/aniketh05/my_ros2_ws/install/my_msgs/local/lib/python3.10/dist-packages/my_msgs-0.0.0-py3.10.egg-info/PKG-INFO
[1.902s] -- Up-to-date symlink: /home/aniketh05/my_ros2_ws/install/my_msgs/local/lib/python3.10/dist-packages/my_msgs-0.0.0-py3.10.egg-info/SOURCES.txt
[1.903s] -- Up-to-date symlink: /home/aniketh05/my_ros2_ws/install/my_msgs/local/lib/python3.10/dist-packages/my_msgs-0.0.0-py3.10.egg-info/dependency_links.txt
[1.903s] -- Up-to-date symlink: /home/aniketh05/my_ros2_ws/install/my_msgs/local/lib/python3.10/dist-packages/my_msgs-0.0.0-py3.10.egg-info/top_level.txt
[1.903s] -- Up-to-date symlink: /home/aniketh05/my_ros2_ws/install/my_msgs/local/lib/python3.10/dist-packages/my_msgs/__init__.py
[1.903s] -- Up-to-date symlink: /home/aniketh05/my_ros2_ws/install/my_msgs/local/lib/python3.10/dist-packages/my_msgs/_my_msgs_s.ep.rosidl_typesupport_c.c
[1.904s] -- Up-to-date symlink: /home/aniketh05/my_ros2_ws/install/my_msgs/local/lib/python3.10/dist-packages/my_msgs/_my_msgs_s.ep.rosidl_typesupport_fastrtps_c.c
[1.904s] -- Up-to-date symlink: /home/aniketh05/my_ros2_ws/install/my_msgs/local/lib/python3.10/dist-packages/my_msgs/_my_msgs_s.ep.rosidl_typesupport_introspection_c.c
[1.905s] -- Up-to-date symlink: /home/aniketh05/my_ros2_ws/install/my_msgs/local/lib/python3.10/dist-packages/my_msgs/libmy_msgs__rosidl_generator_py.so
[1.905s] -- Up-to-date symlink: /home/aniketh05/my_ros2_ws/install/my_msgs/local/lib/python3.10/dist-packages/my_msgs/msg/__init__.py
[1.906s] -- Up-to-date symlink: /home/aniketh05/my_ros2_ws/install/my_msgs/local/lib/python3.10/dist-packages/my_msgs/msg/_my_msg.py
[1.906s] -- Up-to-date symlink: /home/aniketh05/my_ros2_ws/install/my_msgs/local/lib/python3.10/dist-packages/my_msgs/msg/_my_msg_s.c
[1.907s] -- Up-to-date symlink: /home/aniketh05/my_ros2_ws/install/my_msgs/local/lib/python3.10/dist-packages/my_msgs/msg/_sphere.py
[1.907s] -- Up-to-date symlink: /home/aniketh05/my_ros2_ws/install/my_msgs/local/lib/python3.10/dist-packages/my_msgs/msg/_sphere_s.c
[1.908s] -- Up-to-date symlink: /home/aniketh05/my_ros2_ws/install/my_msgs/local/lib/python3.10/dist-packages/my_msgs/my_msgs_s__rosidl_typesupport_c.cpython-310-x86_64-linux-gnu.so
[1.908s] -- Up-to-date symlink: /home/aniketh05/my_ros2_ws/install/my_msgs/local/lib/python3.10/dist-packages/my_msgs/my_msgs_s__rosidl_typesupport_fastrtps_c.cpython-310-x86_64-linux-gnu.so
[1.909s] -- Up-to-date symlink: /home/aniketh05/my_ros2_ws/install/my_msgs/local/lib/python3.10/dist-packages/my_msgs/my_msgs_s__rosidl_typesupport_introspection_c.cpython-310-x86_64-linux-gnu.so
[1.909s] -- Up-to-date symlink: /home/aniketh05/my_ros2_ws/install/my_msgs/local/lib/python3.10/dist-packages/my_msgs/srv/__init__.py
[1.909s] -- Up-to-date symlink: /home/aniketh05/my_ros2_ws/install/my_msgs/local/lib/python3.10/dist-packages/my_msgs/srv/_add_three_nums.py
[1.909s] -- Up-to-date symlink: /home/aniketh05/my_ros2_ws/install/my_msgs/local/lib/python3.10/dist-packages/my_msgs/srv/_add_three_nums_s.c
[1.910s] -- Up-to-date symlink: /home/aniketh05/my_ros2_ws/install/my_msgs/local/lib/python3.10/dist-packages/my_msgs/my_msgs_s__rosidl_typesupport_fastrtps_c.cpython-310-x86_64-linux-gnu.so
[1.910s] -- Up-to-date symlink: /home/aniketh05/my_ros2_ws/install/my_msgs/local/lib/python3.10/dist-packages/my_msgs/my_msgs_s__rosidl_typesupport_introspection_c.cpython-310-x86_64-linux-gnu.so
[1.910s] -- Up-to-date symlink: /home/aniketh05/my_ros2_ws/install/my_msgs/local/lib/python3.10/dist-packages/my_msgs/my_msgs_s__rosidl_typesupport_c.cpython-310-x86_64-linux-gnu.so
[1.910s] -- Up-to-date symlink: /home/aniketh05/my_ros2_ws/install/my_msgs/share/my_msgs/msg/MyMsg.idl
[1.911s] -- Up-to-date symlink: /home/aniketh05/my_ros2_ws/install/my_msgs/share/my_msgs/msg/Sphere.idl
[1.911s] -- Up-to-date symlink: /home/aniketh05/my_ros2_ws/install/my_msgs/share/my_msgs/srv/AddThreeNums.idl
[1.911s] -- Up-to-date symlink: /home/aniketh05/my_ros2_ws/install/my_msgs/share/my_msgs/msg/MyMsg.msg
[1.911s] -- Up-to-date symlink: /home/aniketh05/my_ros2_ws/install/my_msgs/share/my_msgs/msg/Sphere.msg
[1.912s] -- Up-to-date symlink: /home/aniketh05/my_ros2_ws/install/my_msgs/share/my_msgs/srv/AddThreeNums.srv
[1.912s] -- Up-to-date symlink: /home/aniketh05/my_ros2_ws/install/my_msgs/share/my_msgs/srv/AddThreeNums_Request.msg
[1.912s] -- Up-to-date symlink: /home/aniketh05/my_ros2_ws/install/my_msgs/share/my_msgs/srv/AddThreeNums_Response.msg
[1.912s] -- Up-to-date symlink: /home/aniketh05/my_ros2_ws/install/my_msgs/share/ament_index/resource_index/package_run_dependencies/my_msgs
[1.913s] -- Up-to-date symlink: /home/aniketh05/my_ros2_ws/install/my_msgs/share/ament_index/resource_index/parent_prefix_path/my_msgs
[1.913s] -- Up-to-date symlink: /home/aniketh05/my_ros2_ws/install/my_msgs/share/my_msgs/environment/ament_prefix_path.sh
[1.913s] -- Up-to-date symlink: /home/aniketh05/my_ros2_ws/install/my_msgs/share/my_msgs/environment/ament_prefix_path.dsv
[1.914s] -- Up-to-date symlink: /home/aniketh05/my_ros2_ws/install/my_msgs/share/my_msgs/environment/path.sh
[1.914s] -- Up-to-date symlink: /home/aniketh05/my_ros2_ws/install/my_msgs/share/my_msgs/environment/path.dsv
[1.914s] -- Up-to-date symlink: /home/aniketh05/my_ros2_ws/install/my_msgs/share/my_msgs/local_setup.bash
[1.915s] -- Up-to-date symlink: /home/aniketh05/my_ros2_ws/install/my_msgs/share/my_msgs/local_setup.sh
[1.915s] -- Up-to-date symlink: /home/aniketh05/my_ros2_ws/install/my_msgs/share/my_msgs/local_setup.zsh
[1.915s] -- Up-to-date symlink: /home/aniketh05/my_ros2_ws/install/my_msgs/share/my_msgs/local_setup.dsv
[1.916s] -- Symlinking: /home/aniketh05/my_ros2_ws/install/my_msgs/share/my_msgs/package.dsv
[1.922s] -- Up-to-date symlink: /home/aniketh05/my_ros2_ws/install/my_msgs/share/ament_index/resource_index/packages/my_msgs
[1.923s] -- Up-to-date symlink: /home/aniketh05/my_ros2_ws/install/my_msgs/share/my_msgs/cmake/rosidl_cmake-extras.cmake
[1.923s] -- Up-to-date symlink: /home/aniketh05/my_ros2_ws/install/my_msgs/share/my_msgs/cmake/ament_cmake_export_dependencies-extras.cmake
[1.923s] -- Up-to-date symlink: /home/aniketh05/my_ros2_ws/install/my_msgs/share/my_msgs/cmake/ament_cmake_export_include_directories-extras.cmake
[1.924s] -- Up-to-date symlink: /home/aniketh05/my_ros2_ws/install/my_msgs/share/my_msgs/cmake/ament_cmake_export_libraries-extras.cmake
[1.924s] -- Up-to-date symlink: /home/aniketh05/my_ros2_ws/install/my_msgs/share/my_msgs/cmake/ament_cmake_export_targets-extras.cmake
[1.924s] -- Up-to-date symlink: /home/aniketh05/my_ros2_ws/install/my_msgs/share/my_msgs/cmake/rosidl_cmake_export_typesupport_targets-extras.cmake
[1.925s] -- Up-to-date symlink: /home/aniketh05/my_ros2_ws/install/my_msgs/share/my_msgs/cmake/rosidl_cmake_export_typesupport_libraries-extras.cmake
[1.925s] -- Up-to-date symlink: /home/aniketh05/my_ros2_ws/install/my_msgs/share/my_msgs/cmake/my_msgsConfig.cmake
[1.925s] -- Up-to-date symlink: /home/aniketh05/my_ros2_ws/install/my_msgs/share/my_msgs/cmake/my_msgsConfig-version.cmake
[1.925s] -- Up-to-date symlink: /home/aniketh05/my_ros2_ws/install/my_msgs/share/my_msgs/package.xml
[1.926s] -- Up-to-date: /home/aniketh05/my_ros2_ws/install/my_msgs/lib/libmy_msgs__rosidl_generator_c.so
[1.926s] -- Up-to-date: /home/aniketh05/my_ros2_ws/install/my_msgs/lib/libmy_msgs__rosidl_typesupport_fastrtps_c.so
[1.927s] -- Up-to-date: /home/aniketh05/my_ros2_ws/install/my_msgs/lib/libmy_msgs__rosidl_typesupport_fastrtps_cpp.so
[1.928s] -- Up-to-date: /home/aniketh05/my_ros2_ws/install/my_msgs/lib/libmy_msgs__rosidl_typesupport_introspection_c.so
[1.928s] -- Up-to-date: /home/aniketh05/my_ros2_ws/install/my_msgs/lib/libmy_msgs__rosidl_typesupport_c.so
[1.929s] -- Up-to-date: /home/aniketh05/my_ros2_ws/install/my_msgs/lib/libmy_msgs__rosidl_typesupport_introspection_cpp.so
[1.929s] -- Up-to-date: /home/aniketh05/my_ros2_ws/install/my_msgs/lib/libmy_msgs__rosidl_typesupport_cpp.so
[1.958s] Listing '/home/aniketh05/my_ros2_ws/install/my_msgs/local/lib/python3.10/dist-packages/my_msgs'...
[1.958s] Compiling '/home/aniketh05/my_ros2_ws/install/my_msgs/local/lib/python3.10/dist-packages/my_msgs/__init__.py'...
[1.958s] Listing '/home/aniketh05/my_ros2_ws/install/my_msgs/local/lib/python3.10/dist-packages/my_msgs/msg'...
[1.958s] Listing '/home/aniketh05/my_ros2_ws/install/my_msgs/local/lib/python3.10/dist-packages/my_msgs/srv'...
[1.962s] -- Up-to-date: /home/aniketh05/my_ros2_ws/install/my_msgs/lib/libmy_msgs__rosidl_generator_py.so
[1.962s] -- Up-to-date: /home/aniketh05/my_ros2_ws/install/my_msgs/share/my_msgs/cmake/export_my_msgs__rosidl_generator_cExport.cmake
[1.963s] -- Up-to-date: /home/aniketh05/my_ros2_ws/install/my_msgs/share/my_msgs/cmake/export_my_msgs__rosidl_generator_cExport-noconfig.cmake
[1.963s] -- Up-to-date: /home/aniketh05/my_ros2_ws/install/my_msgs/share/my_msgs/cmake/export_my_msgs__rosidl_typesupport_fastrtps_cExport.cmake
[1.963s] -- Up-to-date: /home/aniketh05/my_ros2_ws/install/my_msgs/share/my_msgs/cmake/export_my_msgs__rosidl_typesupport_fastrtps_cExport-noconfig.cmake
[1.963s] -- Up-to-date: /home/aniketh05/my_ros2_ws/install/my_msgs/share/my_msgs/cmake/export_my_msgs__rosidl_generator_cppExport.cmake
[1.964s] -- Up-to-date: /home/aniketh05/my_ros2_ws/install/my_msgs/share/my_msgs/cmake/export_my_msgs__rosidl_typesupport_fastrtps_cppExport.cmake
[1.964s] -- Up-to-date: /home/aniketh05/my_ros2_ws/install/my_msgs/share/my_msgs/cmake/export_my_msgs__rosidl_typesupport_fastrtps_cppExport-noconfig.cmake
[1.964s] -- Up-to-date: /home/aniketh05/my_ros2_ws/install/my_msgs/share/my_msgs/cmake/my_msgs__rosidl_typesupport_introspection_cExport.cmake
[1.964s] -- Up-to-date: /home/aniketh05/my_ros2_ws/install/my_msgs/share/my_msgs/cmake/my_msgs__rosidl_typesupport_introspection_cExport-noconfig.cmake
[1.964s] -- Up-to-date: /home/aniketh05/my_ros2_ws/install/my_msgs/share/my_msgs/cmake/my_msgs__rosidl_typesupport_cExport.cmake
[1.964s] -- Up-to-date: /home/aniketh05/my_ros2_ws/install/my_msgs/share/my_msgs/cmake/my_msgs__rosidl_typesupport_cExport-noconfig.cmake
[1.965s] -- Up-to-date: /home/aniketh05/my_ros2_ws/install/my_msgs/share/my_msgs/cmake/my_msgs__rosidl_typesupport_introspection_cppExport.cmake
[1.965s] -- Up-to-date: /home/aniketh05/my_ros2_ws/install/my_msgs/share/my_msgs/cmake/my_msgs__rosidl_typesupport_introspection_cppExport-noconfig.cmake
[1.965s] -- Up-to-date: /home/aniketh05/my_ros2_ws/install/my_msgs/share/my_msgs/cmake/my_msgs__rosidl_typesupport_cppExport.cmake
[1.965s] -- Up-to-date: /home/aniketh05/my_ros2_ws/install/my_msgs/share/my_msgs/cmake/my_msgs__rosidl_typesupport_cppExport-noconfig.cmake
[1.965s] -- Up-to-date: /home/aniketh05/my_ros2_ws/install/my_msgs/share/my_msgs/cmake/export_my_msgs__rosidl_generator_pyExport.cmake
[1.965s] -- Up-to-date: /home/aniketh05/my_ros2_ws/install/my_msgs/share/my_msgs/cmake/export_my_msgs__rosidl_generator_pyExport-noconfig.cmake
[1.967s] Invoked command in '/home/aniketh05/my_ros2_ws/build/my_msgs' returned '0': CMAKE_PREFIX_PATH=${CMAKE_PREFIX_PATH}:/home/aniketh05/my_ros2_ws/install/my_pkg_prac:/home/aniketh05/my_ros2_ws/install/turtle_control:/home/aniketh05/my_ros2_ws/install/my_pkg_srv:/home/aniketh05/my_ros2_ws/install/my_pkg_01:/opt/ros/humble /usr/bin/cmake --install /home/aniketh05/my_ros2_ws/build/my_msgs
