[3.164s] Invoking command in '/home/aniketh05/my_ros2_ws/build/my_services': PYTHONPATH=/home/aniketh05/my_ros2_ws/build/my_services/prefix_override:/usr/lib/python3/dist-packages/colcon_core/task/python/colcon_distutils_commands:/home/aniketh05/my_ros2_ws/install/my_services/lib/python3.10/site-packages:${PYTHONPATH} /usr/bin/python3 -W ignore:setup.py install is deprecated -W ignore:easy_install command is deprecated setup.py develop --uninstall --editable --build-directory /home/aniketh05/my_ros2_ws/build/my_services/build
[3.704s] running develop
[3.796s] /home/aniketh05/.local/lib/python3.10/site-packages/pkg_resources/__init__.py:116: PkgResourcesDeprecationWarning: 2.0.5-build-libtorrent-rasterbar-qrM5vM-libtorrent-rasterbar-2.0.5-bindings-python is an invalid version and will not be supported in a future release
[3.796s]   warnings.warn(
[4.022s] Removing /home/aniketh05/my_ros2_ws/install/my_services/lib/python3.10/site-packages/my-services.egg-link (link to .)
[4.085s] Invoked command in '/home/aniketh05/my_ros2_ws/build/my_services' returned '0': PYTHONPATH=/home/aniketh05/my_ros2_ws/build/my_services/prefix_override:/usr/lib/python3/dist-packages/colcon_core/task/python/colcon_distutils_commands:/home/aniketh05/my_ros2_ws/install/my_services/lib/python3.10/site-packages:${PYTHONPATH} /usr/bin/python3 -W ignore:setup.py install is deprecated -W ignore:easy_install command is deprecated setup.py develop --uninstall --editable --build-directory /home/aniketh05/my_ros2_ws/build/my_services/build
[4.089s] Invoking command in '/home/aniketh05/my_ros2_ws/src/my_services': PYTHONPATH=/home/aniketh05/my_ros2_ws/build/my_services/prefix_override:/usr/lib/python3/dist-packages/colcon_core/task/python/colcon_distutils_commands:/home/aniketh05/my_ros2_ws/install/my_services/lib/python3.10/site-packages:${PYTHONPATH} /usr/bin/python3 -W ignore:setup.py install is deprecated -W ignore:easy_install command is deprecated setup.py egg_info --egg-base ../../build/my_services build --build-base /home/aniketh05/my_ros2_ws/build/my_services/build install --record /home/aniketh05/my_ros2_ws/build/my_services/install.log --single-version-externally-managed install_data --force
[4.567s] running egg_info
[4.569s] writing ../../build/my_services/my_services.egg-info/PKG-INFO
[4.569s] writing dependency_links to ../../build/my_services/my_services.egg-info/dependency_links.txt
[4.570s] writing entry points to ../../build/my_services/my_services.egg-info/entry_points.txt
[4.570s] writing requirements to ../../build/my_services/my_services.egg-info/requires.txt
[4.570s] writing top-level names to ../../build/my_services/my_services.egg-info/top_level.txt
[4.574s] reading manifest file '../../build/my_services/my_services.egg-info/SOURCES.txt'
[4.576s] writing manifest file '../../build/my_services/my_services.egg-info/SOURCES.txt'
[4.576s] running build
[4.576s] running build_py
[4.577s] creating /home/aniketh05/my_ros2_ws/build/my_services/build
[4.577s] creating /home/aniketh05/my_ros2_ws/build/my_services/build/lib
[4.578s] creating /home/aniketh05/my_ros2_ws/build/my_services/build/lib/my_services
[4.578s] copying my_services/__init__.py -> /home/aniketh05/my_ros2_ws/build/my_services/build/lib/my_services
[4.578s] copying my_services/add_two_ints.py -> /home/aniketh05/my_ros2_ws/build/my_services/build/lib/my_services
[4.578s] copying my_services/my_client.py -> /home/aniketh05/my_ros2_ws/build/my_services/build/lib/my_services
[4.580s] running install
[4.580s] running install_lib
[4.581s] creating /home/aniketh05/my_ros2_ws/install/my_services/lib/python3.10/site-packages/my_services
[4.582s] copying /home/aniketh05/my_ros2_ws/build/my_services/build/lib/my_services/__init__.py -> /home/aniketh05/my_ros2_ws/install/my_services/lib/python3.10/site-packages/my_services
[4.582s] copying /home/aniketh05/my_ros2_ws/build/my_services/build/lib/my_services/add_two_ints.py -> /home/aniketh05/my_ros2_ws/install/my_services/lib/python3.10/site-packages/my_services
[4.582s] copying /home/aniketh05/my_ros2_ws/build/my_services/build/lib/my_services/my_client.py -> /home/aniketh05/my_ros2_ws/install/my_services/lib/python3.10/site-packages/my_services
[4.583s] byte-compiling /home/aniketh05/my_ros2_ws/install/my_services/lib/python3.10/site-packages/my_services/__init__.py to __init__.cpython-310.pyc
[4.584s] byte-compiling /home/aniketh05/my_ros2_ws/install/my_services/lib/python3.10/site-packages/my_services/add_two_ints.py to add_two_ints.cpython-310.pyc
[4.584s] byte-compiling /home/aniketh05/my_ros2_ws/install/my_services/lib/python3.10/site-packages/my_services/my_client.py to my_client.cpython-310.pyc
[4.585s] running install_data
[4.587s] copying resource/my_services -> /home/aniketh05/my_ros2_ws/install/my_services/share/ament_index/resource_index/packages
[4.588s] copying package.xml -> /home/aniketh05/my_ros2_ws/install/my_services/share/my_services
[4.589s] running install_egg_info
[4.593s] Copying ../../build/my_services/my_services.egg-info to /home/aniketh05/my_ros2_ws/install/my_services/lib/python3.10/site-packages/my_services-0.0.0-py3.10.egg-info
[4.594s] running install_scripts
[4.628s] Installing add_two_ints script to /home/aniketh05/my_ros2_ws/install/my_services/lib/my_services
[4.628s] Installing my_client script to /home/aniketh05/my_ros2_ws/install/my_services/lib/my_services
[4.629s] writing list of installed files to '/home/aniketh05/my_ros2_ws/build/my_services/install.log'
[4.699s] Invoked command in '/home/aniketh05/my_ros2_ws/src/my_services' returned '0': PYTHONPATH=/home/aniketh05/my_ros2_ws/build/my_services/prefix_override:/usr/lib/python3/dist-packages/colcon_core/task/python/colcon_distutils_commands:/home/aniketh05/my_ros2_ws/install/my_services/lib/python3.10/site-packages:${PYTHONPATH} /usr/bin/python3 -W ignore:setup.py install is deprecated -W ignore:easy_install command is deprecated setup.py egg_info --egg-base ../../build/my_services build --build-base /home/aniketh05/my_ros2_ws/build/my_services/build install --record /home/aniketh05/my_ros2_ws/build/my_services/install.log --single-version-externally-managed install_data --force
