[0.288s] DEBUG:colcon:Command line arguments: ['/usr/bin/colcon', 'build']
[0.288s] DEBUG:colcon:Parsed command line arguments: Namespace(log_base=None, log_level=None, verb_name='build', build_base='build', install_base='install', merge_install=False, symlink_install=False, test_result_base=None, continue_on_error=False, executor='parallel', parallel_workers=12, event_handlers=None, ignore_user_meta=False, metas=['./colcon.meta'], base_paths=['.'], packages_ignore=None, packages_ignore_regex=None, paths=None, packages_up_to=None, packages_up_to_regex=None, packages_above=None, packages_above_and_dependencies=None, packages_above_depth=None, packages_select_by_dep=None, packages_skip_by_dep=None, packages_skip_up_to=None, packages_select_build_failed=False, packages_skip_build_finished=False, packages_select_test_failures=False, packages_skip_test_passed=False, packages_select=None, packages_skip=None, packages_select_regex=None, packages_skip_regex=None, packages_start=None, packages_end=None, allow_overriding=[], cmake_args=None, cmake_target=None, cmake_target_skip_unavailable=False, cmake_clean_cache=False, cmake_clean_first=False, cmake_force_configure=False, ament_cmake_args=None, catkin_cmake_args=None, catkin_skip_building_tests=False, mixin_files=None, mixin=None, verb_parser=<colcon_mixin.mixin.mixin_argument.MixinArgumentDecorator object at 0x7f397cee05e0>, verb_extension=<colcon_core.verb.build.BuildVerb object at 0x7f397d0755a0>, main=<bound method BuildVerb.main of <colcon_core.verb.build.BuildVerb object at 0x7f397d0755a0>>, mixin_verb=('build',))
[0.414s] Level 1:colcon.colcon_core.package_discovery:discover_packages(colcon_meta) check parameters
[0.414s] Level 1:colcon.colcon_core.package_discovery:discover_packages(recursive) check parameters
[0.414s] Level 1:colcon.colcon_core.package_discovery:discover_packages(ignore) check parameters
[0.414s] Level 1:colcon.colcon_core.package_discovery:discover_packages(path) check parameters
[0.414s] Level 1:colcon.colcon_core.package_discovery:discover_packages(colcon_meta) discover
[0.414s] Level 1:colcon.colcon_core.package_discovery:discover_packages(recursive) discover
[0.414s] INFO:colcon.colcon_core.package_discovery:Crawling recursively for packages in '/home/aniketh05/my_ros2_ws'
[0.414s] Level 1:colcon.colcon_core.package_identification:_identify(.) by extensions ['ignore', 'ignore_ament_install']
[0.415s] Level 1:colcon.colcon_core.package_identification:_identify(.) by extension 'ignore'
[0.415s] Level 1:colcon.colcon_core.package_identification:_identify(.) by extension 'ignore_ament_install'
[0.415s] Level 1:colcon.colcon_core.package_identification:_identify(.) by extensions ['colcon_pkg']
[0.415s] Level 1:colcon.colcon_core.package_identification:_identify(.) by extension 'colcon_pkg'
[0.415s] Level 1:colcon.colcon_core.package_identification:_identify(.) by extensions ['colcon_meta']
[0.415s] Level 1:colcon.colcon_core.package_identification:_identify(.) by extension 'colcon_meta'
[0.415s] Level 1:colcon.colcon_core.package_identification:_identify(.) by extensions ['ros']
[0.415s] Level 1:colcon.colcon_core.package_identification:_identify(.) by extension 'ros'
[0.429s] Level 1:colcon.colcon_core.package_identification:_identify(.) by extensions ['cmake', 'python']
[0.429s] Level 1:colcon.colcon_core.package_identification:_identify(.) by extension 'cmake'
[0.429s] Level 1:colcon.colcon_core.package_identification:_identify(.) by extension 'python'
[0.429s] Level 1:colcon.colcon_core.package_identification:_identify(.) by extensions ['python_setup_py']
[0.429s] Level 1:colcon.colcon_core.package_identification:_identify(.) by extension 'python_setup_py'
[0.429s] Level 1:colcon.colcon_core.package_identification:_identify(build) by extensions ['ignore', 'ignore_ament_install']
[0.429s] Level 1:colcon.colcon_core.package_identification:_identify(build) by extension 'ignore'
[0.429s] Level 1:colcon.colcon_core.package_identification:_identify(build) ignored
[0.429s] Level 1:colcon.colcon_core.package_identification:_identify(install) by extensions ['ignore', 'ignore_ament_install']
[0.429s] Level 1:colcon.colcon_core.package_identification:_identify(install) by extension 'ignore'
[0.430s] Level 1:colcon.colcon_core.package_identification:_identify(install) ignored
[0.430s] Level 1:colcon.colcon_core.package_identification:_identify(log) by extensions ['ignore', 'ignore_ament_install']
[0.430s] Level 1:colcon.colcon_core.package_identification:_identify(log) by extension 'ignore'
[0.430s] Level 1:colcon.colcon_core.package_identification:_identify(log) ignored
[0.430s] Level 1:colcon.colcon_core.package_identification:_identify(my_dd_robot) by extensions ['ignore', 'ignore_ament_install']
[0.430s] Level 1:colcon.colcon_core.package_identification:_identify(my_dd_robot) by extension 'ignore'
[0.430s] Level 1:colcon.colcon_core.package_identification:_identify(my_dd_robot) by extension 'ignore_ament_install'
[0.430s] Level 1:colcon.colcon_core.package_identification:_identify(my_dd_robot) by extensions ['colcon_pkg']
[0.430s] Level 1:colcon.colcon_core.package_identification:_identify(my_dd_robot) by extension 'colcon_pkg'
[0.430s] Level 1:colcon.colcon_core.package_identification:_identify(my_dd_robot) by extensions ['colcon_meta']
[0.430s] Level 1:colcon.colcon_core.package_identification:_identify(my_dd_robot) by extension 'colcon_meta'
[0.430s] Level 1:colcon.colcon_core.package_identification:_identify(my_dd_robot) by extensions ['ros']
[0.430s] Level 1:colcon.colcon_core.package_identification:_identify(my_dd_robot) by extension 'ros'
[0.432s] DEBUG:colcon.colcon_core.package_identification:Package 'my_dd_robot' with type 'ros.ament_cmake' and name 'my_dd_robot'
[0.432s] Level 1:colcon.colcon_core.package_identification:_identify(src) by extensions ['ignore', 'ignore_ament_install']
[0.432s] Level 1:colcon.colcon_core.package_identification:_identify(src) by extension 'ignore'
[0.432s] Level 1:colcon.colcon_core.package_identification:_identify(src) by extension 'ignore_ament_install'
[0.432s] Level 1:colcon.colcon_core.package_identification:_identify(src) by extensions ['colcon_pkg']
[0.432s] Level 1:colcon.colcon_core.package_identification:_identify(src) by extension 'colcon_pkg'
[0.432s] Level 1:colcon.colcon_core.package_identification:_identify(src) by extensions ['colcon_meta']
[0.432s] Level 1:colcon.colcon_core.package_identification:_identify(src) by extension 'colcon_meta'
[0.432s] Level 1:colcon.colcon_core.package_identification:_identify(src) by extensions ['ros']
[0.432s] Level 1:colcon.colcon_core.package_identification:_identify(src) by extension 'ros'
[0.432s] Level 1:colcon.colcon_core.package_identification:_identify(src) by extensions ['cmake', 'python']
[0.432s] Level 1:colcon.colcon_core.package_identification:_identify(src) by extension 'cmake'
[0.432s] Level 1:colcon.colcon_core.package_identification:_identify(src) by extension 'python'
[0.432s] Level 1:colcon.colcon_core.package_identification:_identify(src) by extensions ['python_setup_py']
[0.432s] Level 1:colcon.colcon_core.package_identification:_identify(src) by extension 'python_setup_py'
[0.433s] Level 1:colcon.colcon_core.package_identification:_identify(src/build) by extensions ['ignore', 'ignore_ament_install']
[0.433s] Level 1:colcon.colcon_core.package_identification:_identify(src/build) by extension 'ignore'
[0.433s] Level 1:colcon.colcon_core.package_identification:_identify(src/build) ignored
[0.433s] Level 1:colcon.colcon_core.package_identification:_identify(src/install) by extensions ['ignore', 'ignore_ament_install']
[0.433s] Level 1:colcon.colcon_core.package_identification:_identify(src/install) by extension 'ignore'
[0.433s] Level 1:colcon.colcon_core.package_identification:_identify(src/install) ignored
[0.433s] Level 1:colcon.colcon_core.package_identification:_identify(src/log) by extensions ['ignore', 'ignore_ament_install']
[0.433s] Level 1:colcon.colcon_core.package_identification:_identify(src/log) by extension 'ignore'
[0.433s] Level 1:colcon.colcon_core.package_identification:_identify(src/log) ignored
[0.433s] Level 1:colcon.colcon_core.package_identification:_identify(src/my_gesture_arm_robot) by extensions ['ignore', 'ignore_ament_install']
[0.433s] Level 1:colcon.colcon_core.package_identification:_identify(src/my_gesture_arm_robot) by extension 'ignore'
[0.433s] Level 1:colcon.colcon_core.package_identification:_identify(src/my_gesture_arm_robot) by extension 'ignore_ament_install'
[0.433s] Level 1:colcon.colcon_core.package_identification:_identify(src/my_gesture_arm_robot) by extensions ['colcon_pkg']
[0.433s] Level 1:colcon.colcon_core.package_identification:_identify(src/my_gesture_arm_robot) by extension 'colcon_pkg'
[0.433s] Level 1:colcon.colcon_core.package_identification:_identify(src/my_gesture_arm_robot) by extensions ['colcon_meta']
[0.433s] Level 1:colcon.colcon_core.package_identification:_identify(src/my_gesture_arm_robot) by extension 'colcon_meta'
[0.434s] Level 1:colcon.colcon_core.package_identification:_identify(src/my_gesture_arm_robot) by extensions ['ros']
[0.434s] Level 1:colcon.colcon_core.package_identification:_identify(src/my_gesture_arm_robot) by extension 'ros'
[0.434s] DEBUG:colcon.colcon_core.package_identification:Package 'src/my_gesture_arm_robot' with type 'ros.ament_cmake' and name 'my_gesture_arm_robot'
[0.434s] Level 1:colcon.colcon_core.package_identification:_identify(src/my_msg_srv) by extensions ['ignore', 'ignore_ament_install']
[0.434s] Level 1:colcon.colcon_core.package_identification:_identify(src/my_msg_srv) by extension 'ignore'
[0.434s] Level 1:colcon.colcon_core.package_identification:_identify(src/my_msg_srv) by extension 'ignore_ament_install'
[0.434s] Level 1:colcon.colcon_core.package_identification:_identify(src/my_msg_srv) by extensions ['colcon_pkg']
[0.434s] Level 1:colcon.colcon_core.package_identification:_identify(src/my_msg_srv) by extension 'colcon_pkg'
[0.434s] Level 1:colcon.colcon_core.package_identification:_identify(src/my_msg_srv) by extensions ['colcon_meta']
[0.435s] Level 1:colcon.colcon_core.package_identification:_identify(src/my_msg_srv) by extension 'colcon_meta'
[0.435s] Level 1:colcon.colcon_core.package_identification:_identify(src/my_msg_srv) by extensions ['ros']
[0.435s] Level 1:colcon.colcon_core.package_identification:_identify(src/my_msg_srv) by extension 'ros'
[0.435s] DEBUG:colcon.colcon_core.package_identification:Package 'src/my_msg_srv' with type 'ros.ament_cmake' and name 'my_msg_srv'
[0.435s] Level 1:colcon.colcon_core.package_identification:_identify(src/my_pkg_01) by extensions ['ignore', 'ignore_ament_install']
[0.435s] Level 1:colcon.colcon_core.package_identification:_identify(src/my_pkg_01) by extension 'ignore'
[0.435s] Level 1:colcon.colcon_core.package_identification:_identify(src/my_pkg_01) by extension 'ignore_ament_install'
[0.435s] Level 1:colcon.colcon_core.package_identification:_identify(src/my_pkg_01) by extensions ['colcon_pkg']
[0.435s] Level 1:colcon.colcon_core.package_identification:_identify(src/my_pkg_01) by extension 'colcon_pkg'
[0.435s] Level 1:colcon.colcon_core.package_identification:_identify(src/my_pkg_01) by extensions ['colcon_meta']
[0.435s] Level 1:colcon.colcon_core.package_identification:_identify(src/my_pkg_01) by extension 'colcon_meta'
[0.435s] Level 1:colcon.colcon_core.package_identification:_identify(src/my_pkg_01) by extensions ['ros']
[0.435s] Level 1:colcon.colcon_core.package_identification:_identify(src/my_pkg_01) by extension 'ros'
[0.436s] DEBUG:colcon.colcon_core.package_identification:Package 'src/my_pkg_01' with type 'ros.ament_python' and name 'my_pkg_01'
[0.436s] Level 1:colcon.colcon_core.package_identification:_identify(src/my_pkg_prac) by extensions ['ignore', 'ignore_ament_install']
[0.436s] Level 1:colcon.colcon_core.package_identification:_identify(src/my_pkg_prac) by extension 'ignore'
[0.436s] Level 1:colcon.colcon_core.package_identification:_identify(src/my_pkg_prac) by extension 'ignore_ament_install'
[0.436s] Level 1:colcon.colcon_core.package_identification:_identify(src/my_pkg_prac) by extensions ['colcon_pkg']
[0.436s] Level 1:colcon.colcon_core.package_identification:_identify(src/my_pkg_prac) by extension 'colcon_pkg'
[0.436s] Level 1:colcon.colcon_core.package_identification:_identify(src/my_pkg_prac) by extensions ['colcon_meta']
[0.436s] Level 1:colcon.colcon_core.package_identification:_identify(src/my_pkg_prac) by extension 'colcon_meta'
[0.436s] Level 1:colcon.colcon_core.package_identification:_identify(src/my_pkg_prac) by extensions ['ros']
[0.436s] Level 1:colcon.colcon_core.package_identification:_identify(src/my_pkg_prac) by extension 'ros'
[0.437s] DEBUG:colcon.colcon_core.package_identification:Package 'src/my_pkg_prac' with type 'ros.ament_python' and name 'my_pkg_prac'
[0.437s] Level 1:colcon.colcon_core.package_identification:_identify(src/my_services) by extensions ['ignore', 'ignore_ament_install']
[0.437s] Level 1:colcon.colcon_core.package_identification:_identify(src/my_services) by extension 'ignore'
[0.437s] Level 1:colcon.colcon_core.package_identification:_identify(src/my_services) by extension 'ignore_ament_install'
[0.437s] Level 1:colcon.colcon_core.package_identification:_identify(src/my_services) by extensions ['colcon_pkg']
[0.437s] Level 1:colcon.colcon_core.package_identification:_identify(src/my_services) by extension 'colcon_pkg'
[0.437s] Level 1:colcon.colcon_core.package_identification:_identify(src/my_services) by extensions ['colcon_meta']
[0.437s] Level 1:colcon.colcon_core.package_identification:_identify(src/my_services) by extension 'colcon_meta'
[0.437s] Level 1:colcon.colcon_core.package_identification:_identify(src/my_services) by extensions ['ros']
[0.437s] Level 1:colcon.colcon_core.package_identification:_identify(src/my_services) by extension 'ros'
[0.437s] DEBUG:colcon.colcon_core.package_identification:Package 'src/my_services' with type 'ros.ament_python' and name 'my_services'
[0.437s] Level 1:colcon.colcon_core.package_identification:_identify(src/turtle_control) by extensions ['ignore', 'ignore_ament_install']
[0.438s] Level 1:colcon.colcon_core.package_identification:_identify(src/turtle_control) by extension 'ignore'
[0.438s] Level 1:colcon.colcon_core.package_identification:_identify(src/turtle_control) by extension 'ignore_ament_install'
[0.438s] Level 1:colcon.colcon_core.package_identification:_identify(src/turtle_control) by extensions ['colcon_pkg']
[0.438s] Level 1:colcon.colcon_core.package_identification:_identify(src/turtle_control) by extension 'colcon_pkg'
[0.438s] Level 1:colcon.colcon_core.package_identification:_identify(src/turtle_control) by extensions ['colcon_meta']
[0.438s] Level 1:colcon.colcon_core.package_identification:_identify(src/turtle_control) by extension 'colcon_meta'
[0.438s] Level 1:colcon.colcon_core.package_identification:_identify(src/turtle_control) by extensions ['ros']
[0.438s] Level 1:colcon.colcon_core.package_identification:_identify(src/turtle_control) by extension 'ros'
[0.438s] DEBUG:colcon.colcon_core.package_identification:Package 'src/turtle_control' with type 'ros.ament_python' and name 'turtle_control'
[0.438s] Level 1:colcon.colcon_core.package_discovery:discover_packages(recursive) using defaults
[0.438s] Level 1:colcon.colcon_core.package_discovery:discover_packages(ignore) discover
[0.438s] Level 1:colcon.colcon_core.package_discovery:discover_packages(ignore) using defaults
[0.438s] Level 1:colcon.colcon_core.package_discovery:discover_packages(path) discover
[0.438s] Level 1:colcon.colcon_core.package_discovery:discover_packages(path) using defaults
[0.455s] Level 1:colcon.colcon_core.package_discovery:discover_packages(prefix_path) check parameters
[0.455s] Level 1:colcon.colcon_core.package_discovery:discover_packages(prefix_path) discover
[0.460s] DEBUG:colcon.colcon_installed_package_information.package_discovery:Found 6 installed packages in /home/aniketh05/my_ros2_ws/install
[0.461s] DEBUG:colcon.colcon_installed_package_information.package_discovery:Found 359 installed packages in /opt/ros/humble
[0.462s] Level 1:colcon.colcon_core.package_discovery:discover_packages(prefix_path) using defaults
[0.500s] Level 5:colcon.colcon_core.verb:set package 'my_dd_robot' build argument 'cmake_args' from command line to 'None'
[0.500s] Level 5:colcon.colcon_core.verb:set package 'my_dd_robot' build argument 'cmake_target' from command line to 'None'
[0.500s] Level 5:colcon.colcon_core.verb:set package 'my_dd_robot' build argument 'cmake_target_skip_unavailable' from command line to 'False'
[0.500s] Level 5:colcon.colcon_core.verb:set package 'my_dd_robot' build argument 'cmake_clean_cache' from command line to 'False'
[0.500s] Level 5:colcon.colcon_core.verb:set package 'my_dd_robot' build argument 'cmake_clean_first' from command line to 'False'
[0.500s] Level 5:colcon.colcon_core.verb:set package 'my_dd_robot' build argument 'cmake_force_configure' from command line to 'False'
[0.500s] Level 5:colcon.colcon_core.verb:set package 'my_dd_robot' build argument 'ament_cmake_args' from command line to 'None'
[0.500s] Level 5:colcon.colcon_core.verb:set package 'my_dd_robot' build argument 'catkin_cmake_args' from command line to 'None'
[0.500s] Level 5:colcon.colcon_core.verb:set package 'my_dd_robot' build argument 'catkin_skip_building_tests' from command line to 'False'
[0.500s] DEBUG:colcon.colcon_core.verb:Building package 'my_dd_robot' with the following arguments: {'ament_cmake_args': None, 'build_base': '/home/aniketh05/my_ros2_ws/build/my_dd_robot', 'catkin_cmake_args': None, 'catkin_skip_building_tests': False, 'cmake_args': None, 'cmake_clean_cache': False, 'cmake_clean_first': False, 'cmake_force_configure': False, 'cmake_target': None, 'cmake_target_skip_unavailable': False, 'install_base': '/home/aniketh05/my_ros2_ws/install/my_dd_robot', 'merge_install': False, 'path': '/home/aniketh05/my_ros2_ws/my_dd_robot', 'symlink_install': False, 'test_result_base': None}
[0.500s] Level 5:colcon.colcon_core.verb:set package 'my_gesture_arm_robot' build argument 'cmake_args' from command line to 'None'
[0.501s] Level 5:colcon.colcon_core.verb:set package 'my_gesture_arm_robot' build argument 'cmake_target' from command line to 'None'
[0.501s] Level 5:colcon.colcon_core.verb:set package 'my_gesture_arm_robot' build argument 'cmake_target_skip_unavailable' from command line to 'False'
[0.501s] Level 5:colcon.colcon_core.verb:set package 'my_gesture_arm_robot' build argument 'cmake_clean_cache' from command line to 'False'
[0.501s] Level 5:colcon.colcon_core.verb:set package 'my_gesture_arm_robot' build argument 'cmake_clean_first' from command line to 'False'
[0.501s] Level 5:colcon.colcon_core.verb:set package 'my_gesture_arm_robot' build argument 'cmake_force_configure' from command line to 'False'
[0.501s] Level 5:colcon.colcon_core.verb:set package 'my_gesture_arm_robot' build argument 'ament_cmake_args' from command line to 'None'
[0.501s] Level 5:colcon.colcon_core.verb:set package 'my_gesture_arm_robot' build argument 'catkin_cmake_args' from command line to 'None'
[0.501s] Level 5:colcon.colcon_core.verb:set package 'my_gesture_arm_robot' build argument 'catkin_skip_building_tests' from command line to 'False'
[0.501s] DEBUG:colcon.colcon_core.verb:Building package 'my_gesture_arm_robot' with the following arguments: {'ament_cmake_args': None, 'build_base': '/home/aniketh05/my_ros2_ws/build/my_gesture_arm_robot', 'catkin_cmake_args': None, 'catkin_skip_building_tests': False, 'cmake_args': None, 'cmake_clean_cache': False, 'cmake_clean_first': False, 'cmake_force_configure': False, 'cmake_target': None, 'cmake_target_skip_unavailable': False, 'install_base': '/home/aniketh05/my_ros2_ws/install/my_gesture_arm_robot', 'merge_install': False, 'path': '/home/aniketh05/my_ros2_ws/src/my_gesture_arm_robot', 'symlink_install': False, 'test_result_base': None}
[0.501s] Level 5:colcon.colcon_core.verb:set package 'my_msg_srv' build argument 'cmake_args' from command line to 'None'
[0.501s] Level 5:colcon.colcon_core.verb:set package 'my_msg_srv' build argument 'cmake_target' from command line to 'None'
[0.501s] Level 5:colcon.colcon_core.verb:set package 'my_msg_srv' build argument 'cmake_target_skip_unavailable' from command line to 'False'
[0.501s] Level 5:colcon.colcon_core.verb:set package 'my_msg_srv' build argument 'cmake_clean_cache' from command line to 'False'
[0.501s] Level 5:colcon.colcon_core.verb:set package 'my_msg_srv' build argument 'cmake_clean_first' from command line to 'False'
[0.501s] Level 5:colcon.colcon_core.verb:set package 'my_msg_srv' build argument 'cmake_force_configure' from command line to 'False'
[0.501s] Level 5:colcon.colcon_core.verb:set package 'my_msg_srv' build argument 'ament_cmake_args' from command line to 'None'
[0.501s] Level 5:colcon.colcon_core.verb:set package 'my_msg_srv' build argument 'catkin_cmake_args' from command line to 'None'
[0.501s] Level 5:colcon.colcon_core.verb:set package 'my_msg_srv' build argument 'catkin_skip_building_tests' from command line to 'False'
[0.501s] DEBUG:colcon.colcon_core.verb:Building package 'my_msg_srv' with the following arguments: {'ament_cmake_args': None, 'build_base': '/home/aniketh05/my_ros2_ws/build/my_msg_srv', 'catkin_cmake_args': None, 'catkin_skip_building_tests': False, 'cmake_args': None, 'cmake_clean_cache': False, 'cmake_clean_first': False, 'cmake_force_configure': False, 'cmake_target': None, 'cmake_target_skip_unavailable': False, 'install_base': '/home/aniketh05/my_ros2_ws/install/my_msg_srv', 'merge_install': False, 'path': '/home/aniketh05/my_ros2_ws/src/my_msg_srv', 'symlink_install': False, 'test_result_base': None}
[0.501s] Level 5:colcon.colcon_core.verb:set package 'my_pkg_01' build argument 'cmake_args' from command line to 'None'
[0.501s] Level 5:colcon.colcon_core.verb:set package 'my_pkg_01' build argument 'cmake_target' from command line to 'None'
[0.502s] Level 5:colcon.colcon_core.verb:set package 'my_pkg_01' build argument 'cmake_target_skip_unavailable' from command line to 'False'
[0.502s] Level 5:colcon.colcon_core.verb:set package 'my_pkg_01' build argument 'cmake_clean_cache' from command line to 'False'
[0.502s] Level 5:colcon.colcon_core.verb:set package 'my_pkg_01' build argument 'cmake_clean_first' from command line to 'False'
[0.502s] Level 5:colcon.colcon_core.verb:set package 'my_pkg_01' build argument 'cmake_force_configure' from command line to 'False'
[0.502s] Level 5:colcon.colcon_core.verb:set package 'my_pkg_01' build argument 'ament_cmake_args' from command line to 'None'
[0.502s] Level 5:colcon.colcon_core.verb:set package 'my_pkg_01' build argument 'catkin_cmake_args' from command line to 'None'
[0.502s] Level 5:colcon.colcon_core.verb:set package 'my_pkg_01' build argument 'catkin_skip_building_tests' from command line to 'False'
[0.502s] DEBUG:colcon.colcon_core.verb:Building package 'my_pkg_01' with the following arguments: {'ament_cmake_args': None, 'build_base': '/home/aniketh05/my_ros2_ws/build/my_pkg_01', 'catkin_cmake_args': None, 'catkin_skip_building_tests': False, 'cmake_args': None, 'cmake_clean_cache': False, 'cmake_clean_first': False, 'cmake_force_configure': False, 'cmake_target': None, 'cmake_target_skip_unavailable': False, 'install_base': '/home/aniketh05/my_ros2_ws/install/my_pkg_01', 'merge_install': False, 'path': '/home/aniketh05/my_ros2_ws/src/my_pkg_01', 'symlink_install': False, 'test_result_base': None}
[0.502s] Level 5:colcon.colcon_core.verb:set package 'my_pkg_prac' build argument 'cmake_args' from command line to 'None'
[0.502s] Level 5:colcon.colcon_core.verb:set package 'my_pkg_prac' build argument 'cmake_target' from command line to 'None'
[0.502s] Level 5:colcon.colcon_core.verb:set package 'my_pkg_prac' build argument 'cmake_target_skip_unavailable' from command line to 'False'
[0.502s] Level 5:colcon.colcon_core.verb:set package 'my_pkg_prac' build argument 'cmake_clean_cache' from command line to 'False'
[0.502s] Level 5:colcon.colcon_core.verb:set package 'my_pkg_prac' build argument 'cmake_clean_first' from command line to 'False'
[0.502s] Level 5:colcon.colcon_core.verb:set package 'my_pkg_prac' build argument 'cmake_force_configure' from command line to 'False'
[0.502s] Level 5:colcon.colcon_core.verb:set package 'my_pkg_prac' build argument 'ament_cmake_args' from command line to 'None'
[0.502s] Level 5:colcon.colcon_core.verb:set package 'my_pkg_prac' build argument 'catkin_cmake_args' from command line to 'None'
[0.502s] Level 5:colcon.colcon_core.verb:set package 'my_pkg_prac' build argument 'catkin_skip_building_tests' from command line to 'False'
[0.502s] DEBUG:colcon.colcon_core.verb:Building package 'my_pkg_prac' with the following arguments: {'ament_cmake_args': None, 'build_base': '/home/aniketh05/my_ros2_ws/build/my_pkg_prac', 'catkin_cmake_args': None, 'catkin_skip_building_tests': False, 'cmake_args': None, 'cmake_clean_cache': False, 'cmake_clean_first': False, 'cmake_force_configure': False, 'cmake_target': None, 'cmake_target_skip_unavailable': False, 'install_base': '/home/aniketh05/my_ros2_ws/install/my_pkg_prac', 'merge_install': False, 'path': '/home/aniketh05/my_ros2_ws/src/my_pkg_prac', 'symlink_install': False, 'test_result_base': None}
[0.502s] Level 5:colcon.colcon_core.verb:set package 'my_services' build argument 'cmake_args' from command line to 'None'
[0.502s] Level 5:colcon.colcon_core.verb:set package 'my_services' build argument 'cmake_target' from command line to 'None'
[0.502s] Level 5:colcon.colcon_core.verb:set package 'my_services' build argument 'cmake_target_skip_unavailable' from command line to 'False'
[0.502s] Level 5:colcon.colcon_core.verb:set package 'my_services' build argument 'cmake_clean_cache' from command line to 'False'
[0.502s] Level 5:colcon.colcon_core.verb:set package 'my_services' build argument 'cmake_clean_first' from command line to 'False'
[0.502s] Level 5:colcon.colcon_core.verb:set package 'my_services' build argument 'cmake_force_configure' from command line to 'False'
[0.503s] Level 5:colcon.colcon_core.verb:set package 'my_services' build argument 'ament_cmake_args' from command line to 'None'
[0.503s] Level 5:colcon.colcon_core.verb:set package 'my_services' build argument 'catkin_cmake_args' from command line to 'None'
[0.503s] Level 5:colcon.colcon_core.verb:set package 'my_services' build argument 'catkin_skip_building_tests' from command line to 'False'
[0.503s] DEBUG:colcon.colcon_core.verb:Building package 'my_services' with the following arguments: {'ament_cmake_args': None, 'build_base': '/home/aniketh05/my_ros2_ws/build/my_services', 'catkin_cmake_args': None, 'catkin_skip_building_tests': False, 'cmake_args': None, 'cmake_clean_cache': False, 'cmake_clean_first': False, 'cmake_force_configure': False, 'cmake_target': None, 'cmake_target_skip_unavailable': False, 'install_base': '/home/aniketh05/my_ros2_ws/install/my_services', 'merge_install': False, 'path': '/home/aniketh05/my_ros2_ws/src/my_services', 'symlink_install': False, 'test_result_base': None}
[0.503s] Level 5:colcon.colcon_core.verb:set package 'turtle_control' build argument 'cmake_args' from command line to 'None'
[0.503s] Level 5:colcon.colcon_core.verb:set package 'turtle_control' build argument 'cmake_target' from command line to 'None'
[0.503s] Level 5:colcon.colcon_core.verb:set package 'turtle_control' build argument 'cmake_target_skip_unavailable' from command line to 'False'
[0.503s] Level 5:colcon.colcon_core.verb:set package 'turtle_control' build argument 'cmake_clean_cache' from command line to 'False'
[0.503s] Level 5:colcon.colcon_core.verb:set package 'turtle_control' build argument 'cmake_clean_first' from command line to 'False'
[0.503s] Level 5:colcon.colcon_core.verb:set package 'turtle_control' build argument 'cmake_force_configure' from command line to 'False'
[0.503s] Level 5:colcon.colcon_core.verb:set package 'turtle_control' build argument 'ament_cmake_args' from command line to 'None'
[0.503s] Level 5:colcon.colcon_core.verb:set package 'turtle_control' build argument 'catkin_cmake_args' from command line to 'None'
[0.503s] Level 5:colcon.colcon_core.verb:set package 'turtle_control' build argument 'catkin_skip_building_tests' from command line to 'False'
[0.503s] DEBUG:colcon.colcon_core.verb:Building package 'turtle_control' with the following arguments: {'ament_cmake_args': None, 'build_base': '/home/aniketh05/my_ros2_ws/build/turtle_control', 'catkin_cmake_args': None, 'catkin_skip_building_tests': False, 'cmake_args': None, 'cmake_clean_cache': False, 'cmake_clean_first': False, 'cmake_force_configure': False, 'cmake_target': None, 'cmake_target_skip_unavailable': False, 'install_base': '/home/aniketh05/my_ros2_ws/install/turtle_control', 'merge_install': False, 'path': '/home/aniketh05/my_ros2_ws/src/turtle_control', 'symlink_install': False, 'test_result_base': None}
[0.504s] INFO:colcon.colcon_core.executor:Executing jobs using 'parallel' executor
[0.504s] DEBUG:colcon.colcon_parallel_executor.executor.parallel:run_until_complete
[0.505s] INFO:colcon.colcon_ros.task.ament_cmake.build:Building ROS package in '/home/aniketh05/my_ros2_ws/my_dd_robot' with build type 'ament_cmake'
[0.505s] INFO:colcon.colcon_cmake.task.cmake.build:Building CMake package in '/home/aniketh05/my_ros2_ws/my_dd_robot'
[0.513s] INFO:colcon.colcon_core.plugin_system:Skipping extension 'colcon_core.shell.bat': Not used on non-Windows systems
[0.514s] INFO:colcon.colcon_core.shell:Skip shell extension 'powershell' for command environment: Not usable outside of PowerShell
[0.514s] DEBUG:colcon.colcon_core.shell:Skip shell extension 'dsv' for command environment
[0.517s] INFO:colcon.colcon_ros.task.ament_cmake.build:Building ROS package in '/home/aniketh05/my_ros2_ws/src/my_gesture_arm_robot' with build type 'ament_cmake'
[0.517s] INFO:colcon.colcon_cmake.task.cmake.build:Building CMake package in '/home/aniketh05/my_ros2_ws/src/my_gesture_arm_robot'
[0.517s] INFO:colcon.colcon_core.shell:Skip shell extension 'powershell' for command environment: Not usable outside of PowerShell
[0.517s] DEBUG:colcon.colcon_core.shell:Skip shell extension 'dsv' for command environment
[0.522s] INFO:colcon.colcon_ros.task.ament_cmake.build:Building ROS package in '/home/aniketh05/my_ros2_ws/src/my_msg_srv' with build type 'ament_cmake'
[0.522s] INFO:colcon.colcon_cmake.task.cmake.build:Building CMake package in '/home/aniketh05/my_ros2_ws/src/my_msg_srv'
[0.522s] INFO:colcon.colcon_core.shell:Skip shell extension 'powershell' for command environment: Not usable outside of PowerShell
[0.522s] DEBUG:colcon.colcon_core.shell:Skip shell extension 'dsv' for command environment
[0.529s] INFO:colcon.colcon_ros.task.ament_python.build:Building ROS package in '/home/aniketh05/my_ros2_ws/src/my_pkg_01' with build type 'ament_python'
[0.530s] Level 1:colcon.colcon_core.shell:create_environment_hook('my_pkg_01', 'ament_prefix_path')
[0.531s] INFO:colcon.colcon_core.shell:Creating environment hook '/home/aniketh05/my_ros2_ws/install/my_pkg_01/share/my_pkg_01/hook/ament_prefix_path.ps1'
[0.533s] INFO:colcon.colcon_core.shell:Creating environment descriptor '/home/aniketh05/my_ros2_ws/install/my_pkg_01/share/my_pkg_01/hook/ament_prefix_path.dsv'
[0.533s] INFO:colcon.colcon_core.shell:Creating environment hook '/home/aniketh05/my_ros2_ws/install/my_pkg_01/share/my_pkg_01/hook/ament_prefix_path.sh'
[0.536s] INFO:colcon.colcon_core.shell:Skip shell extension 'powershell' for command environment: Not usable outside of PowerShell
[0.536s] DEBUG:colcon.colcon_core.shell:Skip shell extension 'dsv' for command environment
[0.540s] INFO:colcon.colcon_ros.task.ament_python.build:Building ROS package in '/home/aniketh05/my_ros2_ws/src/my_pkg_prac' with build type 'ament_python'
[0.540s] Level 1:colcon.colcon_core.shell:create_environment_hook('my_pkg_prac', 'ament_prefix_path')
[0.540s] INFO:colcon.colcon_core.shell:Creating environment hook '/home/aniketh05/my_ros2_ws/install/my_pkg_prac/share/my_pkg_prac/hook/ament_prefix_path.ps1'
[0.540s] INFO:colcon.colcon_core.shell:Creating environment descriptor '/home/aniketh05/my_ros2_ws/install/my_pkg_prac/share/my_pkg_prac/hook/ament_prefix_path.dsv'
[0.541s] INFO:colcon.colcon_core.shell:Creating environment hook '/home/aniketh05/my_ros2_ws/install/my_pkg_prac/share/my_pkg_prac/hook/ament_prefix_path.sh'
[0.542s] INFO:colcon.colcon_core.shell:Skip shell extension 'powershell' for command environment: Not usable outside of PowerShell
[0.542s] DEBUG:colcon.colcon_core.shell:Skip shell extension 'dsv' for command environment
[0.544s] INFO:colcon.colcon_ros.task.ament_python.build:Building ROS package in '/home/aniketh05/my_ros2_ws/src/my_services' with build type 'ament_python'
[0.545s] Level 1:colcon.colcon_core.shell:create_environment_hook('my_services', 'ament_prefix_path')
[0.546s] INFO:colcon.colcon_core.shell:Creating environment hook '/home/aniketh05/my_ros2_ws/install/my_services/share/my_services/hook/ament_prefix_path.ps1'
[0.546s] INFO:colcon.colcon_core.shell:Creating environment descriptor '/home/aniketh05/my_ros2_ws/install/my_services/share/my_services/hook/ament_prefix_path.dsv'
[0.547s] INFO:colcon.colcon_core.shell:Creating environment hook '/home/aniketh05/my_ros2_ws/install/my_services/share/my_services/hook/ament_prefix_path.sh'
[0.547s] INFO:colcon.colcon_core.shell:Skip shell extension 'powershell' for command environment: Not usable outside of PowerShell
[0.547s] DEBUG:colcon.colcon_core.shell:Skip shell extension 'dsv' for command environment
[0.555s] INFO:colcon.colcon_ros.task.ament_python.build:Building ROS package in '/home/aniketh05/my_ros2_ws/src/turtle_control' with build type 'ament_python'
[0.556s] Level 1:colcon.colcon_core.shell:create_environment_hook('turtle_control', 'ament_prefix_path')
[0.556s] INFO:colcon.colcon_core.shell:Creating environment hook '/home/aniketh05/my_ros2_ws/install/turtle_control/share/turtle_control/hook/ament_prefix_path.ps1'
[0.556s] INFO:colcon.colcon_core.shell:Creating environment descriptor '/home/aniketh05/my_ros2_ws/install/turtle_control/share/turtle_control/hook/ament_prefix_path.dsv'
[0.557s] INFO:colcon.colcon_core.shell:Creating environment hook '/home/aniketh05/my_ros2_ws/install/turtle_control/share/turtle_control/hook/ament_prefix_path.sh'
[0.557s] INFO:colcon.colcon_core.shell:Skip shell extension 'powershell' for command environment: Not usable outside of PowerShell
[0.558s] DEBUG:colcon.colcon_core.shell:Skip shell extension 'dsv' for command environment
[0.570s] DEBUG:colcon.colcon_core.event_handler.log_command:Invoking command in '/home/aniketh05/my_ros2_ws/build/my_dd_robot': CMAKE_PREFIX_PATH=${CMAKE_PREFIX_PATH}:/home/aniketh05/my_ros2_ws/install/turtle_control:/home/aniketh05/my_ros2_ws/install/my_services:/home/aniketh05/my_ros2_ws/install/my_pkg_prac:/home/aniketh05/my_ros2_ws/install/my_pkg_01:/opt/ros/humble /usr/bin/cmake /home/aniketh05/my_ros2_ws/my_dd_robot -DCMAKE_INSTALL_PREFIX=/home/aniketh05/my_ros2_ws/install/my_dd_robot
[0.575s] DEBUG:colcon.colcon_core.event_handler.log_command:Invoking command in '/home/aniketh05/my_ros2_ws/build/my_gesture_arm_robot': CMAKE_PREFIX_PATH=${CMAKE_PREFIX_PATH}:/home/aniketh05/my_ros2_ws/install/turtle_control:/home/aniketh05/my_ros2_ws/install/my_services:/home/aniketh05/my_ros2_ws/install/my_pkg_prac:/home/aniketh05/my_ros2_ws/install/my_pkg_01:/opt/ros/humble /usr/bin/cmake /home/aniketh05/my_ros2_ws/src/my_gesture_arm_robot -DCMAKE_INSTALL_PREFIX=/home/aniketh05/my_ros2_ws/install/my_gesture_arm_robot
[0.582s] DEBUG:colcon.colcon_core.event_handler.log_command:Invoking command in '/home/aniketh05/my_ros2_ws/build/my_msg_srv': CMAKE_PREFIX_PATH=${CMAKE_PREFIX_PATH}:/home/aniketh05/my_ros2_ws/install/turtle_control:/home/aniketh05/my_ros2_ws/install/my_services:/home/aniketh05/my_ros2_ws/install/my_pkg_prac:/home/aniketh05/my_ros2_ws/install/my_pkg_01:/opt/ros/humble /usr/bin/cmake /home/aniketh05/my_ros2_ws/src/my_msg_srv -DCMAKE_INSTALL_PREFIX=/home/aniketh05/my_ros2_ws/install/my_msg_srv
[1.061s] INFO:colcon.colcon_core.task.python.build:Building Python package in '/home/aniketh05/my_ros2_ws/src/my_pkg_01'
[1.061s] INFO:colcon.colcon_core.shell:Skip shell extension 'powershell' for command environment: Not usable outside of PowerShell
[1.061s] DEBUG:colcon.colcon_core.shell:Skip shell extension 'dsv' for command environment
[1.493s] INFO:colcon.colcon_core.task.python.build:Building Python package in '/home/aniketh05/my_ros2_ws/src/my_pkg_prac'
[1.494s] INFO:colcon.colcon_core.shell:Skip shell extension 'powershell' for command environment: Not usable outside of PowerShell
[1.494s] DEBUG:colcon.colcon_core.shell:Skip shell extension 'dsv' for command environment
[1.951s] INFO:colcon.colcon_core.task.python.build:Building Python package in '/home/aniketh05/my_ros2_ws/src/my_services'
[1.951s] INFO:colcon.colcon_core.shell:Skip shell extension 'powershell' for command environment: Not usable outside of PowerShell
[1.951s] DEBUG:colcon.colcon_core.shell:Skip shell extension 'dsv' for command environment
[2.369s] INFO:colcon.colcon_core.task.python.build:Building Python package in '/home/aniketh05/my_ros2_ws/src/turtle_control'
[2.370s] INFO:colcon.colcon_core.shell:Skip shell extension 'powershell' for command environment: Not usable outside of PowerShell
[2.370s] DEBUG:colcon.colcon_core.shell:Skip shell extension 'dsv' for command environment
[3.109s] DEBUG:colcon.colcon_core.event_handler.log_command:Invoked command in '/home/aniketh05/my_ros2_ws/build/my_msg_srv' returned '0': CMAKE_PREFIX_PATH=${CMAKE_PREFIX_PATH}:/home/aniketh05/my_ros2_ws/install/turtle_control:/home/aniketh05/my_ros2_ws/install/my_services:/home/aniketh05/my_ros2_ws/install/my_pkg_prac:/home/aniketh05/my_ros2_ws/install/my_pkg_01:/opt/ros/humble /usr/bin/cmake /home/aniketh05/my_ros2_ws/src/my_msg_srv -DCMAKE_INSTALL_PREFIX=/home/aniketh05/my_ros2_ws/install/my_msg_srv
[3.115s] DEBUG:colcon.colcon_core.event_handler.log_command:Invoking command in '/home/aniketh05/my_ros2_ws/build/my_msg_srv': CMAKE_PREFIX_PATH=${CMAKE_PREFIX_PATH}:/home/aniketh05/my_ros2_ws/install/turtle_control:/home/aniketh05/my_ros2_ws/install/my_services:/home/aniketh05/my_ros2_ws/install/my_pkg_prac:/home/aniketh05/my_ros2_ws/install/my_pkg_01:/opt/ros/humble /usr/bin/cmake --build /home/aniketh05/my_ros2_ws/build/my_msg_srv -- -j12 -l12
[3.128s] DEBUG:colcon.colcon_core.event_handler.log_command:Invoked command in '/home/aniketh05/my_ros2_ws/build/my_dd_robot' returned '0': CMAKE_PREFIX_PATH=${CMAKE_PREFIX_PATH}:/home/aniketh05/my_ros2_ws/install/turtle_control:/home/aniketh05/my_ros2_ws/install/my_services:/home/aniketh05/my_ros2_ws/install/my_pkg_prac:/home/aniketh05/my_ros2_ws/install/my_pkg_01:/opt/ros/humble /usr/bin/cmake /home/aniketh05/my_ros2_ws/my_dd_robot -DCMAKE_INSTALL_PREFIX=/home/aniketh05/my_ros2_ws/install/my_dd_robot
[3.133s] DEBUG:colcon.colcon_core.event_handler.log_command:Invoking command in '/home/aniketh05/my_ros2_ws/build/my_dd_robot': CMAKE_PREFIX_PATH=${CMAKE_PREFIX_PATH}:/home/aniketh05/my_ros2_ws/install/turtle_control:/home/aniketh05/my_ros2_ws/install/my_services:/home/aniketh05/my_ros2_ws/install/my_pkg_prac:/home/aniketh05/my_ros2_ws/install/my_pkg_01:/opt/ros/humble /usr/bin/cmake --build /home/aniketh05/my_ros2_ws/build/my_dd_robot -- -j12 -l12
[3.198s] DEBUG:colcon.colcon_core.event_handler.log_command:Invoked command in '/home/aniketh05/my_ros2_ws/build/my_dd_robot' returned '0': CMAKE_PREFIX_PATH=${CMAKE_PREFIX_PATH}:/home/aniketh05/my_ros2_ws/install/turtle_control:/home/aniketh05/my_ros2_ws/install/my_services:/home/aniketh05/my_ros2_ws/install/my_pkg_prac:/home/aniketh05/my_ros2_ws/install/my_pkg_01:/opt/ros/humble /usr/bin/cmake --build /home/aniketh05/my_ros2_ws/build/my_dd_robot -- -j12 -l12
[3.221s] DEBUG:colcon.colcon_core.event_handler.log_command:Invoking command in '/home/aniketh05/my_ros2_ws/build/my_dd_robot': CMAKE_PREFIX_PATH=${CMAKE_PREFIX_PATH}:/home/aniketh05/my_ros2_ws/install/turtle_control:/home/aniketh05/my_ros2_ws/install/my_services:/home/aniketh05/my_ros2_ws/install/my_pkg_prac:/home/aniketh05/my_ros2_ws/install/my_pkg_01:/opt/ros/humble /usr/bin/cmake --install /home/aniketh05/my_ros2_ws/build/my_dd_robot
[3.248s] Level 1:colcon.colcon_core.environment:create_environment_scripts_only(my_dd_robot)
[3.251s] DEBUG:colcon.colcon_core.event_handler.log_command:Invoked command in '/home/aniketh05/my_ros2_ws/build/my_dd_robot' returned '0': CMAKE_PREFIX_PATH=${CMAKE_PREFIX_PATH}:/home/aniketh05/my_ros2_ws/install/turtle_control:/home/aniketh05/my_ros2_ws/install/my_services:/home/aniketh05/my_ros2_ws/install/my_pkg_prac:/home/aniketh05/my_ros2_ws/install/my_pkg_01:/opt/ros/humble /usr/bin/cmake --install /home/aniketh05/my_ros2_ws/build/my_dd_robot
[3.271s] Level 1:colcon.colcon_core.environment:checking '/home/aniketh05/my_ros2_ws/install/my_dd_robot' for CMake module files
[3.272s] Level 1:colcon.colcon_core.environment:checking '/home/aniketh05/my_ros2_ws/install/my_dd_robot' for CMake config files
[3.273s] Level 1:colcon.colcon_core.shell:create_environment_hook('my_dd_robot', 'cmake_prefix_path')
[3.275s] INFO:colcon.colcon_core.shell:Creating environment hook '/home/aniketh05/my_ros2_ws/install/my_dd_robot/share/my_dd_robot/hook/cmake_prefix_path.ps1'
[3.277s] INFO:colcon.colcon_core.shell:Creating environment descriptor '/home/aniketh05/my_ros2_ws/install/my_dd_robot/share/my_dd_robot/hook/cmake_prefix_path.dsv'
[3.278s] INFO:colcon.colcon_core.shell:Creating environment hook '/home/aniketh05/my_ros2_ws/install/my_dd_robot/share/my_dd_robot/hook/cmake_prefix_path.sh'
[3.279s] Level 1:colcon.colcon_core.environment:checking '/home/aniketh05/my_ros2_ws/install/my_dd_robot/bin'
[3.280s] Level 1:colcon.colcon_core.environment:checking '/home/aniketh05/my_ros2_ws/install/my_dd_robot/lib/pkgconfig/my_dd_robot.pc'
[3.280s] Level 1:colcon.colcon_core.environment:checking '/home/aniketh05/my_ros2_ws/install/my_dd_robot/lib/python3.10/site-packages'
[3.281s] Level 1:colcon.colcon_core.environment:checking '/home/aniketh05/my_ros2_ws/install/my_dd_robot/bin'
[3.282s] INFO:colcon.colcon_core.shell:Creating package script '/home/aniketh05/my_ros2_ws/install/my_dd_robot/share/my_dd_robot/package.ps1'
[3.285s] INFO:colcon.colcon_core.shell:Creating package descriptor '/home/aniketh05/my_ros2_ws/install/my_dd_robot/share/my_dd_robot/package.dsv'
[3.288s] INFO:colcon.colcon_core.shell:Creating package script '/home/aniketh05/my_ros2_ws/install/my_dd_robot/share/my_dd_robot/package.sh'
[3.291s] INFO:colcon.colcon_core.shell:Creating package script '/home/aniketh05/my_ros2_ws/install/my_dd_robot/share/my_dd_robot/package.bash'
[3.294s] INFO:colcon.colcon_core.shell:Creating package script '/home/aniketh05/my_ros2_ws/install/my_dd_robot/share/my_dd_robot/package.zsh'
[3.297s] Level 1:colcon.colcon_core.environment:create_file_with_runtime_dependencies(/home/aniketh05/my_ros2_ws/install/my_dd_robot/share/colcon-core/packages/my_dd_robot)
[3.302s] Level 1:colcon.colcon_core.environment:create_environment_scripts_only(my_dd_robot)
[3.303s] Level 1:colcon.colcon_core.environment:checking '/home/aniketh05/my_ros2_ws/install/my_dd_robot' for CMake module files
[3.304s] Level 1:colcon.colcon_core.environment:checking '/home/aniketh05/my_ros2_ws/install/my_dd_robot' for CMake config files
[3.305s] Level 1:colcon.colcon_core.shell:create_environment_hook('my_dd_robot', 'cmake_prefix_path')
[3.306s] INFO:colcon.colcon_core.shell:Creating environment hook '/home/aniketh05/my_ros2_ws/install/my_dd_robot/share/my_dd_robot/hook/cmake_prefix_path.ps1'
[3.308s] INFO:colcon.colcon_core.shell:Creating environment descriptor '/home/aniketh05/my_ros2_ws/install/my_dd_robot/share/my_dd_robot/hook/cmake_prefix_path.dsv'
[3.309s] INFO:colcon.colcon_core.shell:Creating environment hook '/home/aniketh05/my_ros2_ws/install/my_dd_robot/share/my_dd_robot/hook/cmake_prefix_path.sh'
[3.310s] Level 1:colcon.colcon_core.environment:checking '/home/aniketh05/my_ros2_ws/install/my_dd_robot/bin'
[3.310s] Level 1:colcon.colcon_core.environment:checking '/home/aniketh05/my_ros2_ws/install/my_dd_robot/lib/pkgconfig/my_dd_robot.pc'
[3.311s] Level 1:colcon.colcon_core.environment:checking '/home/aniketh05/my_ros2_ws/install/my_dd_robot/lib/python3.10/site-packages'
[3.311s] Level 1:colcon.colcon_core.environment:checking '/home/aniketh05/my_ros2_ws/install/my_dd_robot/bin'
[3.312s] INFO:colcon.colcon_core.shell:Creating package script '/home/aniketh05/my_ros2_ws/install/my_dd_robot/share/my_dd_robot/package.ps1'
[3.313s] INFO:colcon.colcon_core.shell:Creating package descriptor '/home/aniketh05/my_ros2_ws/install/my_dd_robot/share/my_dd_robot/package.dsv'
[3.314s] INFO:colcon.colcon_core.shell:Creating package script '/home/aniketh05/my_ros2_ws/install/my_dd_robot/share/my_dd_robot/package.sh'
[3.315s] INFO:colcon.colcon_core.shell:Creating package script '/home/aniketh05/my_ros2_ws/install/my_dd_robot/share/my_dd_robot/package.bash'
[3.317s] INFO:colcon.colcon_core.shell:Creating package script '/home/aniketh05/my_ros2_ws/install/my_dd_robot/share/my_dd_robot/package.zsh'
[3.318s] Level 1:colcon.colcon_core.environment:create_file_with_runtime_dependencies(/home/aniketh05/my_ros2_ws/install/my_dd_robot/share/colcon-core/packages/my_dd_robot)
[3.710s] DEBUG:colcon.colcon_core.event_handler.log_command:Invoking command in '/home/aniketh05/my_ros2_ws/build/my_services': PYTHONPATH=/home/aniketh05/my_ros2_ws/build/my_services/prefix_override:/usr/lib/python3/dist-packages/colcon_core/task/python/colcon_distutils_commands:/home/aniketh05/my_ros2_ws/install/my_services/lib/python3.10/site-packages:${PYTHONPATH} /usr/bin/python3 -W ignore:setup.py install is deprecated -W ignore:easy_install command is deprecated setup.py develop --uninstall --editable --build-directory /home/aniketh05/my_ros2_ws/build/my_services/build
[3.716s] DEBUG:colcon.colcon_core.event_handler.log_command:Invoking command in '/home/aniketh05/my_ros2_ws/build/my_pkg_01': PYTHONPATH=/home/aniketh05/my_ros2_ws/build/my_pkg_01/prefix_override:/usr/lib/python3/dist-packages/colcon_core/task/python/colcon_distutils_commands:/home/aniketh05/my_ros2_ws/install/my_pkg_01/lib/python3.10/site-packages:${PYTHONPATH} /usr/bin/python3 -W ignore:setup.py install is deprecated -W ignore:easy_install command is deprecated setup.py develop --uninstall --editable --build-directory /home/aniketh05/my_ros2_ws/build/my_pkg_01/build
[3.717s] DEBUG:colcon.colcon_core.event_handler.log_command:Invoking command in '/home/aniketh05/my_ros2_ws/build/turtle_control': PYTHONPATH=/home/aniketh05/my_ros2_ws/build/turtle_control/prefix_override:/usr/lib/python3/dist-packages/colcon_core/task/python/colcon_distutils_commands:/home/aniketh05/my_ros2_ws/install/turtle_control/lib/python3.10/site-packages:${PYTHONPATH} /usr/bin/python3 -W ignore:setup.py install is deprecated -W ignore:easy_install command is deprecated setup.py develop --uninstall --editable --build-directory /home/aniketh05/my_ros2_ws/build/turtle_control/build
[3.717s] DEBUG:colcon.colcon_core.event_handler.log_command:Invoking command in '/home/aniketh05/my_ros2_ws/build/my_pkg_prac': PYTHONPATH=/home/aniketh05/my_ros2_ws/build/my_pkg_prac/prefix_override:/usr/lib/python3/dist-packages/colcon_core/task/python/colcon_distutils_commands:/home/aniketh05/my_ros2_ws/install/my_pkg_prac/lib/python3.10/site-packages:${PYTHONPATH} /usr/bin/python3 -W ignore:setup.py install is deprecated -W ignore:easy_install command is deprecated setup.py develop --uninstall --editable --build-directory /home/aniketh05/my_ros2_ws/build/my_pkg_prac/build
[3.855s] DEBUG:colcon.colcon_core.event_handler.log_command:Invoked command in '/home/aniketh05/my_ros2_ws/build/my_msg_srv' returned '0': CMAKE_PREFIX_PATH=${CMAKE_PREFIX_PATH}:/home/aniketh05/my_ros2_ws/install/turtle_control:/home/aniketh05/my_ros2_ws/install/my_services:/home/aniketh05/my_ros2_ws/install/my_pkg_prac:/home/aniketh05/my_ros2_ws/install/my_pkg_01:/opt/ros/humble /usr/bin/cmake --build /home/aniketh05/my_ros2_ws/build/my_msg_srv -- -j12 -l12
[3.859s] DEBUG:colcon.colcon_core.event_handler.log_command:Invoking command in '/home/aniketh05/my_ros2_ws/build/my_msg_srv': CMAKE_PREFIX_PATH=${CMAKE_PREFIX_PATH}:/home/aniketh05/my_ros2_ws/install/turtle_control:/home/aniketh05/my_ros2_ws/install/my_services:/home/aniketh05/my_ros2_ws/install/my_pkg_prac:/home/aniketh05/my_ros2_ws/install/my_pkg_01:/opt/ros/humble /usr/bin/cmake --install /home/aniketh05/my_ros2_ws/build/my_msg_srv
[4.038s] Level 1:colcon.colcon_core.environment:create_environment_scripts_only(my_msg_srv)
[4.039s] Level 1:colcon.colcon_core.environment:checking '/home/aniketh05/my_ros2_ws/install/my_msg_srv' for CMake module files
[4.042s] DEBUG:colcon.colcon_core.event_handler.log_command:Invoked command in '/home/aniketh05/my_ros2_ws/build/my_msg_srv' returned '0': CMAKE_PREFIX_PATH=${CMAKE_PREFIX_PATH}:/home/aniketh05/my_ros2_ws/install/turtle_control:/home/aniketh05/my_ros2_ws/install/my_services:/home/aniketh05/my_ros2_ws/install/my_pkg_prac:/home/aniketh05/my_ros2_ws/install/my_pkg_01:/opt/ros/humble /usr/bin/cmake --install /home/aniketh05/my_ros2_ws/build/my_msg_srv
[4.043s] Level 1:colcon.colcon_core.environment:checking '/home/aniketh05/my_ros2_ws/install/my_msg_srv' for CMake config files
[4.044s] Level 1:colcon.colcon_core.shell:create_environment_hook('my_msg_srv', 'cmake_prefix_path')
[4.044s] INFO:colcon.colcon_core.shell:Creating environment hook '/home/aniketh05/my_ros2_ws/install/my_msg_srv/share/my_msg_srv/hook/cmake_prefix_path.ps1'
[4.045s] INFO:colcon.colcon_core.shell:Creating environment descriptor '/home/aniketh05/my_ros2_ws/install/my_msg_srv/share/my_msg_srv/hook/cmake_prefix_path.dsv'
[4.046s] INFO:colcon.colcon_core.shell:Creating environment hook '/home/aniketh05/my_ros2_ws/install/my_msg_srv/share/my_msg_srv/hook/cmake_prefix_path.sh'
[4.047s] Level 1:colcon.colcon_core.environment:checking '/home/aniketh05/my_ros2_ws/install/my_msg_srv/lib'
[4.048s] Level 1:colcon.colcon_core.shell:create_environment_hook('my_msg_srv', 'ld_library_path_lib')
[4.048s] INFO:colcon.colcon_core.shell:Creating environment hook '/home/aniketh05/my_ros2_ws/install/my_msg_srv/share/my_msg_srv/hook/ld_library_path_lib.ps1'
[4.049s] INFO:colcon.colcon_core.shell:Creating environment descriptor '/home/aniketh05/my_ros2_ws/install/my_msg_srv/share/my_msg_srv/hook/ld_library_path_lib.dsv'
[4.049s] INFO:colcon.colcon_core.shell:Creating environment hook '/home/aniketh05/my_ros2_ws/install/my_msg_srv/share/my_msg_srv/hook/ld_library_path_lib.sh'
[4.050s] Level 1:colcon.colcon_core.environment:checking '/home/aniketh05/my_ros2_ws/install/my_msg_srv/bin'
[4.050s] Level 1:colcon.colcon_core.environment:checking '/home/aniketh05/my_ros2_ws/install/my_msg_srv/lib/pkgconfig/my_msg_srv.pc'
[4.051s] Level 1:colcon.colcon_core.environment:checking '/home/aniketh05/my_ros2_ws/install/my_msg_srv/lib/python3.10/site-packages'
[4.051s] Level 1:colcon.colcon_core.environment:checking '/home/aniketh05/my_ros2_ws/install/my_msg_srv/bin'
[4.052s] INFO:colcon.colcon_core.shell:Creating package script '/home/aniketh05/my_ros2_ws/install/my_msg_srv/share/my_msg_srv/package.ps1'
[4.053s] INFO:colcon.colcon_core.shell:Creating package descriptor '/home/aniketh05/my_ros2_ws/install/my_msg_srv/share/my_msg_srv/package.dsv'
[4.054s] INFO:colcon.colcon_core.shell:Creating package script '/home/aniketh05/my_ros2_ws/install/my_msg_srv/share/my_msg_srv/package.sh'
[4.055s] INFO:colcon.colcon_core.shell:Creating package script '/home/aniketh05/my_ros2_ws/install/my_msg_srv/share/my_msg_srv/package.bash'
[4.056s] INFO:colcon.colcon_core.shell:Creating package script '/home/aniketh05/my_ros2_ws/install/my_msg_srv/share/my_msg_srv/package.zsh'
[4.057s] Level 1:colcon.colcon_core.environment:create_file_with_runtime_dependencies(/home/aniketh05/my_ros2_ws/install/my_msg_srv/share/colcon-core/packages/my_msg_srv)
[4.058s] Level 1:colcon.colcon_core.environment:create_environment_scripts_only(my_msg_srv)
[4.058s] Level 1:colcon.colcon_core.environment:checking '/home/aniketh05/my_ros2_ws/install/my_msg_srv' for CMake module files
[4.060s] Level 1:colcon.colcon_core.environment:checking '/home/aniketh05/my_ros2_ws/install/my_msg_srv' for CMake config files
[4.060s] Level 1:colcon.colcon_core.shell:create_environment_hook('my_msg_srv', 'cmake_prefix_path')
[4.061s] INFO:colcon.colcon_core.shell:Creating environment hook '/home/aniketh05/my_ros2_ws/install/my_msg_srv/share/my_msg_srv/hook/cmake_prefix_path.ps1'
[4.061s] INFO:colcon.colcon_core.shell:Creating environment descriptor '/home/aniketh05/my_ros2_ws/install/my_msg_srv/share/my_msg_srv/hook/cmake_prefix_path.dsv'
[4.062s] INFO:colcon.colcon_core.shell:Creating environment hook '/home/aniketh05/my_ros2_ws/install/my_msg_srv/share/my_msg_srv/hook/cmake_prefix_path.sh'
[4.063s] Level 1:colcon.colcon_core.environment:checking '/home/aniketh05/my_ros2_ws/install/my_msg_srv/lib'
[4.063s] Level 1:colcon.colcon_core.shell:create_environment_hook('my_msg_srv', 'ld_library_path_lib')
[4.064s] INFO:colcon.colcon_core.shell:Creating environment hook '/home/aniketh05/my_ros2_ws/install/my_msg_srv/share/my_msg_srv/hook/ld_library_path_lib.ps1'
[4.065s] INFO:colcon.colcon_core.shell:Creating environment descriptor '/home/aniketh05/my_ros2_ws/install/my_msg_srv/share/my_msg_srv/hook/ld_library_path_lib.dsv'
[4.065s] INFO:colcon.colcon_core.shell:Creating environment hook '/home/aniketh05/my_ros2_ws/install/my_msg_srv/share/my_msg_srv/hook/ld_library_path_lib.sh'
[4.066s] Level 1:colcon.colcon_core.environment:checking '/home/aniketh05/my_ros2_ws/install/my_msg_srv/bin'
[4.066s] Level 1:colcon.colcon_core.environment:checking '/home/aniketh05/my_ros2_ws/install/my_msg_srv/lib/pkgconfig/my_msg_srv.pc'
[4.067s] Level 1:colcon.colcon_core.environment:checking '/home/aniketh05/my_ros2_ws/install/my_msg_srv/lib/python3.10/site-packages'
[4.067s] Level 1:colcon.colcon_core.environment:checking '/home/aniketh05/my_ros2_ws/install/my_msg_srv/bin'
[4.068s] INFO:colcon.colcon_core.shell:Creating package script '/home/aniketh05/my_ros2_ws/install/my_msg_srv/share/my_msg_srv/package.ps1'
[4.069s] INFO:colcon.colcon_core.shell:Creating package descriptor '/home/aniketh05/my_ros2_ws/install/my_msg_srv/share/my_msg_srv/package.dsv'
[4.070s] INFO:colcon.colcon_core.shell:Creating package script '/home/aniketh05/my_ros2_ws/install/my_msg_srv/share/my_msg_srv/package.sh'
[4.071s] INFO:colcon.colcon_core.shell:Creating package script '/home/aniketh05/my_ros2_ws/install/my_msg_srv/share/my_msg_srv/package.bash'
[4.072s] INFO:colcon.colcon_core.shell:Creating package script '/home/aniketh05/my_ros2_ws/install/my_msg_srv/share/my_msg_srv/package.zsh'
[4.073s] Level 1:colcon.colcon_core.environment:create_file_with_runtime_dependencies(/home/aniketh05/my_ros2_ws/install/my_msg_srv/share/colcon-core/packages/my_msg_srv)
[4.608s] DEBUG:colcon.colcon_core.event_handler.log_command:Invoked command in '/home/aniketh05/my_ros2_ws/build/turtle_control' returned '0': PYTHONPATH=/home/aniketh05/my_ros2_ws/build/turtle_control/prefix_override:/usr/lib/python3/dist-packages/colcon_core/task/python/colcon_distutils_commands:/home/aniketh05/my_ros2_ws/install/turtle_control/lib/python3.10/site-packages:${PYTHONPATH} /usr/bin/python3 -W ignore:setup.py install is deprecated -W ignore:easy_install command is deprecated setup.py develop --uninstall --editable --build-directory /home/aniketh05/my_ros2_ws/build/turtle_control/build
[4.611s] DEBUG:colcon.colcon_core.event_handler.log_command:Invoking command in '/home/aniketh05/my_ros2_ws/src/turtle_control': PYTHONPATH=/home/aniketh05/my_ros2_ws/build/turtle_control/prefix_override:/usr/lib/python3/dist-packages/colcon_core/task/python/colcon_distutils_commands:/home/aniketh05/my_ros2_ws/install/turtle_control/lib/python3.10/site-packages:${PYTHONPATH} /usr/bin/python3 -W ignore:setup.py install is deprecated -W ignore:easy_install command is deprecated setup.py egg_info --egg-base ../../build/turtle_control build --build-base /home/aniketh05/my_ros2_ws/build/turtle_control/build install --record /home/aniketh05/my_ros2_ws/build/turtle_control/install.log --single-version-externally-managed install_data --force
[4.618s] DEBUG:colcon.colcon_core.event_handler.log_command:Invoked command in '/home/aniketh05/my_ros2_ws/build/my_pkg_prac' returned '0': PYTHONPATH=/home/aniketh05/my_ros2_ws/build/my_pkg_prac/prefix_override:/usr/lib/python3/dist-packages/colcon_core/task/python/colcon_distutils_commands:/home/aniketh05/my_ros2_ws/install/my_pkg_prac/lib/python3.10/site-packages:${PYTHONPATH} /usr/bin/python3 -W ignore:setup.py install is deprecated -W ignore:easy_install command is deprecated setup.py develop --uninstall --editable --build-directory /home/aniketh05/my_ros2_ws/build/my_pkg_prac/build
[4.621s] DEBUG:colcon.colcon_core.event_handler.log_command:Invoking command in '/home/aniketh05/my_ros2_ws/src/my_pkg_prac': PYTHONPATH=/home/aniketh05/my_ros2_ws/build/my_pkg_prac/prefix_override:/usr/lib/python3/dist-packages/colcon_core/task/python/colcon_distutils_commands:/home/aniketh05/my_ros2_ws/install/my_pkg_prac/lib/python3.10/site-packages:${PYTHONPATH} /usr/bin/python3 -W ignore:setup.py install is deprecated -W ignore:easy_install command is deprecated setup.py egg_info --egg-base ../../build/my_pkg_prac build --build-base /home/aniketh05/my_ros2_ws/build/my_pkg_prac/build install --record /home/aniketh05/my_ros2_ws/build/my_pkg_prac/install.log --single-version-externally-managed install_data --force
[4.631s] DEBUG:colcon.colcon_core.event_handler.log_command:Invoked command in '/home/aniketh05/my_ros2_ws/build/my_services' returned '0': PYTHONPATH=/home/aniketh05/my_ros2_ws/build/my_services/prefix_override:/usr/lib/python3/dist-packages/colcon_core/task/python/colcon_distutils_commands:/home/aniketh05/my_ros2_ws/install/my_services/lib/python3.10/site-packages:${PYTHONPATH} /usr/bin/python3 -W ignore:setup.py install is deprecated -W ignore:easy_install command is deprecated setup.py develop --uninstall --editable --build-directory /home/aniketh05/my_ros2_ws/build/my_services/build
[4.634s] DEBUG:colcon.colcon_core.event_handler.log_command:Invoking command in '/home/aniketh05/my_ros2_ws/src/my_services': PYTHONPATH=/home/aniketh05/my_ros2_ws/build/my_services/prefix_override:/usr/lib/python3/dist-packages/colcon_core/task/python/colcon_distutils_commands:/home/aniketh05/my_ros2_ws/install/my_services/lib/python3.10/site-packages:${PYTHONPATH} /usr/bin/python3 -W ignore:setup.py install is deprecated -W ignore:easy_install command is deprecated setup.py egg_info --egg-base ../../build/my_services build --build-base /home/aniketh05/my_ros2_ws/build/my_services/build install --record /home/aniketh05/my_ros2_ws/build/my_services/install.log --single-version-externally-managed install_data --force
[4.676s] DEBUG:colcon.colcon_core.event_handler.log_command:Invoked command in '/home/aniketh05/my_ros2_ws/build/my_pkg_01' returned '0': PYTHONPATH=/home/aniketh05/my_ros2_ws/build/my_pkg_01/prefix_override:/usr/lib/python3/dist-packages/colcon_core/task/python/colcon_distutils_commands:/home/aniketh05/my_ros2_ws/install/my_pkg_01/lib/python3.10/site-packages:${PYTHONPATH} /usr/bin/python3 -W ignore:setup.py install is deprecated -W ignore:easy_install command is deprecated setup.py develop --uninstall --editable --build-directory /home/aniketh05/my_ros2_ws/build/my_pkg_01/build
[4.679s] DEBUG:colcon.colcon_core.event_handler.log_command:Invoking command in '/home/aniketh05/my_ros2_ws/src/my_pkg_01': PYTHONPATH=/home/aniketh05/my_ros2_ws/build/my_pkg_01/prefix_override:/usr/lib/python3/dist-packages/colcon_core/task/python/colcon_distutils_commands:/home/aniketh05/my_ros2_ws/install/my_pkg_01/lib/python3.10/site-packages:${PYTHONPATH} /usr/bin/python3 -W ignore:setup.py install is deprecated -W ignore:easy_install command is deprecated setup.py egg_info --egg-base ../../build/my_pkg_01 build --build-base /home/aniketh05/my_ros2_ws/build/my_pkg_01/build install --record /home/aniketh05/my_ros2_ws/build/my_pkg_01/install.log --single-version-externally-managed install_data --force
[5.193s] Level 1:colcon.colcon_core.environment:checking '/home/aniketh05/my_ros2_ws/install/my_pkg_prac' for CMake module files
[5.196s] DEBUG:colcon.colcon_core.event_handler.log_command:Invoked command in '/home/aniketh05/my_ros2_ws/src/my_pkg_prac' returned '0': PYTHONPATH=/home/aniketh05/my_ros2_ws/build/my_pkg_prac/prefix_override:/usr/lib/python3/dist-packages/colcon_core/task/python/colcon_distutils_commands:/home/aniketh05/my_ros2_ws/install/my_pkg_prac/lib/python3.10/site-packages:${PYTHONPATH} /usr/bin/python3 -W ignore:setup.py install is deprecated -W ignore:easy_install command is deprecated setup.py egg_info --egg-base ../../build/my_pkg_prac build --build-base /home/aniketh05/my_ros2_ws/build/my_pkg_prac/build install --record /home/aniketh05/my_ros2_ws/build/my_pkg_prac/install.log --single-version-externally-managed install_data --force
[5.201s] Level 1:colcon.colcon_core.environment:checking '/home/aniketh05/my_ros2_ws/install/my_pkg_prac' for CMake config files
[5.211s] Level 1:colcon.colcon_core.environment:checking '/home/aniketh05/my_ros2_ws/install/my_pkg_prac/lib'
[5.212s] Level 1:colcon.colcon_core.environment:checking '/home/aniketh05/my_ros2_ws/install/my_pkg_prac/bin'
[5.212s] Level 1:colcon.colcon_core.environment:checking '/home/aniketh05/my_ros2_ws/install/my_pkg_prac/lib/pkgconfig/my_pkg_prac.pc'
[5.213s] Level 1:colcon.colcon_core.environment:checking '/home/aniketh05/my_ros2_ws/install/my_pkg_prac/lib/python3.10/site-packages'
[5.213s] Level 1:colcon.colcon_core.shell:create_environment_hook('my_pkg_prac', 'pythonpath')
[5.213s] INFO:colcon.colcon_core.shell:Creating environment hook '/home/aniketh05/my_ros2_ws/install/my_pkg_prac/share/my_pkg_prac/hook/pythonpath.ps1'
[5.216s] INFO:colcon.colcon_core.shell:Creating environment descriptor '/home/aniketh05/my_ros2_ws/install/my_pkg_prac/share/my_pkg_prac/hook/pythonpath.dsv'
[5.217s] INFO:colcon.colcon_core.shell:Creating environment hook '/home/aniketh05/my_ros2_ws/install/my_pkg_prac/share/my_pkg_prac/hook/pythonpath.sh'
[5.218s] Level 1:colcon.colcon_core.environment:checking '/home/aniketh05/my_ros2_ws/install/my_pkg_prac/bin'
[5.218s] Level 1:colcon.colcon_core.environment:create_environment_scripts_only(my_pkg_prac)
[5.219s] INFO:colcon.colcon_core.shell:Creating package script '/home/aniketh05/my_ros2_ws/install/my_pkg_prac/share/my_pkg_prac/package.ps1'
[5.220s] INFO:colcon.colcon_core.shell:Creating package descriptor '/home/aniketh05/my_ros2_ws/install/my_pkg_prac/share/my_pkg_prac/package.dsv'
[5.220s] INFO:colcon.colcon_core.shell:Creating package script '/home/aniketh05/my_ros2_ws/install/my_pkg_prac/share/my_pkg_prac/package.sh'
[5.221s] INFO:colcon.colcon_core.shell:Creating package script '/home/aniketh05/my_ros2_ws/install/my_pkg_prac/share/my_pkg_prac/package.bash'
[5.222s] INFO:colcon.colcon_core.shell:Creating package script '/home/aniketh05/my_ros2_ws/install/my_pkg_prac/share/my_pkg_prac/package.zsh'
[5.223s] Level 1:colcon.colcon_core.environment:create_file_with_runtime_dependencies(/home/aniketh05/my_ros2_ws/install/my_pkg_prac/share/colcon-core/packages/my_pkg_prac)
[5.227s] Level 1:colcon.colcon_core.environment:checking '/home/aniketh05/my_ros2_ws/install/turtle_control' for CMake module files
[5.231s] DEBUG:colcon.colcon_core.event_handler.log_command:Invoked command in '/home/aniketh05/my_ros2_ws/src/turtle_control' returned '0': PYTHONPATH=/home/aniketh05/my_ros2_ws/build/turtle_control/prefix_override:/usr/lib/python3/dist-packages/colcon_core/task/python/colcon_distutils_commands:/home/aniketh05/my_ros2_ws/install/turtle_control/lib/python3.10/site-packages:${PYTHONPATH} /usr/bin/python3 -W ignore:setup.py install is deprecated -W ignore:easy_install command is deprecated setup.py egg_info --egg-base ../../build/turtle_control build --build-base /home/aniketh05/my_ros2_ws/build/turtle_control/build install --record /home/aniketh05/my_ros2_ws/build/turtle_control/install.log --single-version-externally-managed install_data --force
[5.231s] Level 1:colcon.colcon_core.environment:checking '/home/aniketh05/my_ros2_ws/install/turtle_control' for CMake config files
[5.232s] Level 1:colcon.colcon_core.environment:checking '/home/aniketh05/my_ros2_ws/install/turtle_control/lib'
[5.233s] Level 1:colcon.colcon_core.environment:checking '/home/aniketh05/my_ros2_ws/install/turtle_control/bin'
[5.233s] Level 1:colcon.colcon_core.environment:checking '/home/aniketh05/my_ros2_ws/install/turtle_control/lib/pkgconfig/turtle_control.pc'
[5.234s] Level 1:colcon.colcon_core.environment:checking '/home/aniketh05/my_ros2_ws/install/turtle_control/lib/python3.10/site-packages'
[5.234s] Level 1:colcon.colcon_core.shell:create_environment_hook('turtle_control', 'pythonpath')
[5.234s] INFO:colcon.colcon_core.shell:Creating environment hook '/home/aniketh05/my_ros2_ws/install/turtle_control/share/turtle_control/hook/pythonpath.ps1'
[5.236s] INFO:colcon.colcon_core.shell:Creating environment descriptor '/home/aniketh05/my_ros2_ws/install/turtle_control/share/turtle_control/hook/pythonpath.dsv'
[5.237s] INFO:colcon.colcon_core.shell:Creating environment hook '/home/aniketh05/my_ros2_ws/install/turtle_control/share/turtle_control/hook/pythonpath.sh'
[5.237s] Level 1:colcon.colcon_core.environment:checking '/home/aniketh05/my_ros2_ws/install/turtle_control/bin'
[5.238s] Level 1:colcon.colcon_core.environment:create_environment_scripts_only(turtle_control)
[5.238s] INFO:colcon.colcon_core.shell:Creating package script '/home/aniketh05/my_ros2_ws/install/turtle_control/share/turtle_control/package.ps1'
[5.239s] INFO:colcon.colcon_core.shell:Creating package descriptor '/home/aniketh05/my_ros2_ws/install/turtle_control/share/turtle_control/package.dsv'
[5.239s] INFO:colcon.colcon_core.shell:Creating package script '/home/aniketh05/my_ros2_ws/install/turtle_control/share/turtle_control/package.sh'
[5.240s] INFO:colcon.colcon_core.shell:Creating package script '/home/aniketh05/my_ros2_ws/install/turtle_control/share/turtle_control/package.bash'
[5.240s] INFO:colcon.colcon_core.shell:Creating package script '/home/aniketh05/my_ros2_ws/install/turtle_control/share/turtle_control/package.zsh'
[5.241s] Level 1:colcon.colcon_core.environment:create_file_with_runtime_dependencies(/home/aniketh05/my_ros2_ws/install/turtle_control/share/colcon-core/packages/turtle_control)
[5.242s] Level 1:colcon.colcon_core.environment:checking '/home/aniketh05/my_ros2_ws/install/my_services' for CMake module files
[5.244s] Level 1:colcon.colcon_core.environment:checking '/home/aniketh05/my_ros2_ws/install/my_services' for CMake config files
[5.245s] DEBUG:colcon.colcon_core.event_handler.log_command:Invoked command in '/home/aniketh05/my_ros2_ws/src/my_services' returned '0': PYTHONPATH=/home/aniketh05/my_ros2_ws/build/my_services/prefix_override:/usr/lib/python3/dist-packages/colcon_core/task/python/colcon_distutils_commands:/home/aniketh05/my_ros2_ws/install/my_services/lib/python3.10/site-packages:${PYTHONPATH} /usr/bin/python3 -W ignore:setup.py install is deprecated -W ignore:easy_install command is deprecated setup.py egg_info --egg-base ../../build/my_services build --build-base /home/aniketh05/my_ros2_ws/build/my_services/build install --record /home/aniketh05/my_ros2_ws/build/my_services/install.log --single-version-externally-managed install_data --force
[5.246s] Level 1:colcon.colcon_core.environment:checking '/home/aniketh05/my_ros2_ws/install/my_services/lib'
[5.246s] Level 1:colcon.colcon_core.environment:checking '/home/aniketh05/my_ros2_ws/install/my_services/bin'
[5.247s] Level 1:colcon.colcon_core.environment:checking '/home/aniketh05/my_ros2_ws/install/my_services/lib/pkgconfig/my_services.pc'
[5.247s] Level 1:colcon.colcon_core.environment:checking '/home/aniketh05/my_ros2_ws/install/my_services/lib/python3.10/site-packages'
[5.247s] Level 1:colcon.colcon_core.shell:create_environment_hook('my_services', 'pythonpath')
[5.247s] INFO:colcon.colcon_core.shell:Creating environment hook '/home/aniketh05/my_ros2_ws/install/my_services/share/my_services/hook/pythonpath.ps1'
[5.250s] INFO:colcon.colcon_core.shell:Creating environment descriptor '/home/aniketh05/my_ros2_ws/install/my_services/share/my_services/hook/pythonpath.dsv'
[5.251s] INFO:colcon.colcon_core.shell:Creating environment hook '/home/aniketh05/my_ros2_ws/install/my_services/share/my_services/hook/pythonpath.sh'
[5.253s] Level 1:colcon.colcon_core.environment:checking '/home/aniketh05/my_ros2_ws/install/my_services/bin'
[5.253s] Level 1:colcon.colcon_core.environment:create_environment_scripts_only(my_services)
[5.254s] INFO:colcon.colcon_core.shell:Creating package script '/home/aniketh05/my_ros2_ws/install/my_services/share/my_services/package.ps1'
[5.255s] INFO:colcon.colcon_core.shell:Creating package descriptor '/home/aniketh05/my_ros2_ws/install/my_services/share/my_services/package.dsv'
[5.255s] INFO:colcon.colcon_core.shell:Creating package script '/home/aniketh05/my_ros2_ws/install/my_services/share/my_services/package.sh'
[5.256s] INFO:colcon.colcon_core.shell:Creating package script '/home/aniketh05/my_ros2_ws/install/my_services/share/my_services/package.bash'
[5.256s] INFO:colcon.colcon_core.shell:Creating package script '/home/aniketh05/my_ros2_ws/install/my_services/share/my_services/package.zsh'
[5.257s] Level 1:colcon.colcon_core.environment:create_file_with_runtime_dependencies(/home/aniketh05/my_ros2_ws/install/my_services/share/colcon-core/packages/my_services)
[5.284s] Level 1:colcon.colcon_core.environment:checking '/home/aniketh05/my_ros2_ws/install/my_pkg_01' for CMake module files
[5.286s] DEBUG:colcon.colcon_core.event_handler.log_command:Invoked command in '/home/aniketh05/my_ros2_ws/src/my_pkg_01' returned '0': PYTHONPATH=/home/aniketh05/my_ros2_ws/build/my_pkg_01/prefix_override:/usr/lib/python3/dist-packages/colcon_core/task/python/colcon_distutils_commands:/home/aniketh05/my_ros2_ws/install/my_pkg_01/lib/python3.10/site-packages:${PYTHONPATH} /usr/bin/python3 -W ignore:setup.py install is deprecated -W ignore:easy_install command is deprecated setup.py egg_info --egg-base ../../build/my_pkg_01 build --build-base /home/aniketh05/my_ros2_ws/build/my_pkg_01/build install --record /home/aniketh05/my_ros2_ws/build/my_pkg_01/install.log --single-version-externally-managed install_data --force
[5.287s] Level 1:colcon.colcon_core.environment:checking '/home/aniketh05/my_ros2_ws/install/my_pkg_01' for CMake config files
[5.288s] Level 1:colcon.colcon_core.environment:checking '/home/aniketh05/my_ros2_ws/install/my_pkg_01/lib'
[5.288s] Level 1:colcon.colcon_core.environment:checking '/home/aniketh05/my_ros2_ws/install/my_pkg_01/bin'
[5.288s] Level 1:colcon.colcon_core.environment:checking '/home/aniketh05/my_ros2_ws/install/my_pkg_01/lib/pkgconfig/my_pkg_01.pc'
[5.289s] Level 1:colcon.colcon_core.environment:checking '/home/aniketh05/my_ros2_ws/install/my_pkg_01/lib/python3.10/site-packages'
[5.289s] Level 1:colcon.colcon_core.shell:create_environment_hook('my_pkg_01', 'pythonpath')
[5.289s] INFO:colcon.colcon_core.shell:Creating environment hook '/home/aniketh05/my_ros2_ws/install/my_pkg_01/share/my_pkg_01/hook/pythonpath.ps1'
[5.290s] INFO:colcon.colcon_core.shell:Creating environment descriptor '/home/aniketh05/my_ros2_ws/install/my_pkg_01/share/my_pkg_01/hook/pythonpath.dsv'
[5.291s] INFO:colcon.colcon_core.shell:Creating environment hook '/home/aniketh05/my_ros2_ws/install/my_pkg_01/share/my_pkg_01/hook/pythonpath.sh'
[5.292s] Level 1:colcon.colcon_core.environment:checking '/home/aniketh05/my_ros2_ws/install/my_pkg_01/bin'
[5.292s] Level 1:colcon.colcon_core.environment:create_environment_scripts_only(my_pkg_01)
[5.293s] INFO:colcon.colcon_core.shell:Creating package script '/home/aniketh05/my_ros2_ws/install/my_pkg_01/share/my_pkg_01/package.ps1'
[5.294s] INFO:colcon.colcon_core.shell:Creating package descriptor '/home/aniketh05/my_ros2_ws/install/my_pkg_01/share/my_pkg_01/package.dsv'
[5.295s] INFO:colcon.colcon_core.shell:Creating package script '/home/aniketh05/my_ros2_ws/install/my_pkg_01/share/my_pkg_01/package.sh'
[5.295s] INFO:colcon.colcon_core.shell:Creating package script '/home/aniketh05/my_ros2_ws/install/my_pkg_01/share/my_pkg_01/package.bash'
[5.295s] INFO:colcon.colcon_core.shell:Creating package script '/home/aniketh05/my_ros2_ws/install/my_pkg_01/share/my_pkg_01/package.zsh'
[5.296s] Level 1:colcon.colcon_core.environment:create_file_with_runtime_dependencies(/home/aniketh05/my_ros2_ws/install/my_pkg_01/share/colcon-core/packages/my_pkg_01)
[27.726s] DEBUG:colcon.colcon_core.event_handler.log_command:Invoked command in '/home/aniketh05/my_ros2_ws/build/my_gesture_arm_robot' returned '1': CMAKE_PREFIX_PATH=${CMAKE_PREFIX_PATH}:/home/aniketh05/my_ros2_ws/install/turtle_control:/home/aniketh05/my_ros2_ws/install/my_services:/home/aniketh05/my_ros2_ws/install/my_pkg_prac:/home/aniketh05/my_ros2_ws/install/my_pkg_01:/opt/ros/humble /usr/bin/cmake /home/aniketh05/my_ros2_ws/src/my_gesture_arm_robot -DCMAKE_INSTALL_PREFIX=/home/aniketh05/my_ros2_ws/install/my_gesture_arm_robot
[27.734s] Level 1:colcon.colcon_core.environment:create_environment_scripts_only(my_gesture_arm_robot)
[27.734s] Level 1:colcon.colcon_core.environment:checking '/home/aniketh05/my_ros2_ws/install/my_gesture_arm_robot' for CMake module files
[27.734s] Level 1:colcon.colcon_core.environment:checking '/home/aniketh05/my_ros2_ws/install/my_gesture_arm_robot' for CMake config files
[27.735s] Level 1:colcon.colcon_core.environment:checking '/home/aniketh05/my_ros2_ws/install/my_gesture_arm_robot/bin'
[27.735s] Level 1:colcon.colcon_core.environment:checking '/home/aniketh05/my_ros2_ws/install/my_gesture_arm_robot/lib/pkgconfig/my_gesture_arm_robot.pc'
[27.735s] Level 1:colcon.colcon_core.environment:checking '/home/aniketh05/my_ros2_ws/install/my_gesture_arm_robot/lib/python3.10/site-packages'
[27.735s] Level 1:colcon.colcon_core.environment:checking '/home/aniketh05/my_ros2_ws/install/my_gesture_arm_robot/bin'
[27.736s] INFO:colcon.colcon_core.shell:Creating package script '/home/aniketh05/my_ros2_ws/install/my_gesture_arm_robot/share/my_gesture_arm_robot/package.ps1'
[27.736s] INFO:colcon.colcon_core.shell:Creating package descriptor '/home/aniketh05/my_ros2_ws/install/my_gesture_arm_robot/share/my_gesture_arm_robot/package.dsv'
[27.736s] INFO:colcon.colcon_core.shell:Creating package script '/home/aniketh05/my_ros2_ws/install/my_gesture_arm_robot/share/my_gesture_arm_robot/package.sh'
[27.737s] INFO:colcon.colcon_core.shell:Creating package script '/home/aniketh05/my_ros2_ws/install/my_gesture_arm_robot/share/my_gesture_arm_robot/package.bash'
[27.737s] INFO:colcon.colcon_core.shell:Creating package script '/home/aniketh05/my_ros2_ws/install/my_gesture_arm_robot/share/my_gesture_arm_robot/package.zsh'
[27.737s] Level 1:colcon.colcon_core.environment:create_file_with_runtime_dependencies(/home/aniketh05/my_ros2_ws/install/my_gesture_arm_robot/share/colcon-core/packages/my_gesture_arm_robot)
[27.748s] DEBUG:colcon.colcon_parallel_executor.executor.parallel:closing loop
[27.748s] DEBUG:colcon.colcon_parallel_executor.executor.parallel:loop closed
[27.748s] DEBUG:colcon.colcon_parallel_executor.executor.parallel:run_until_complete finished with '1'
[27.748s] DEBUG:colcon.colcon_core.event_reactor:joining thread
[27.759s] INFO:colcon.colcon_core.plugin_system:Skipping extension 'colcon_notification.desktop_notification.terminal_notifier': Not used on non-Darwin systems
[27.759s] INFO:colcon.colcon_core.plugin_system:Skipping extension 'colcon_notification.desktop_notification.win32': Not used on non-Windows systems
[27.759s] INFO:colcon.colcon_notification.desktop_notification:Sending desktop notification using 'notify2'
[27.760s] DEBUG:colcon.colcon_notification.desktop_notification.notify2:Failed to initialize notify2: org.freedesktop.DBus.Error.ServiceUnknown: The name org.freedesktop.Notifications was not provided by any .service files
[27.760s] DEBUG:colcon.colcon_core.event_reactor:joined thread
[27.761s] INFO:colcon.colcon_core.shell:Creating prefix script '/home/aniketh05/my_ros2_ws/install/local_setup.ps1'
[27.762s] INFO:colcon.colcon_core.shell:Creating prefix util module '/home/aniketh05/my_ros2_ws/install/_local_setup_util_ps1.py'
[27.763s] INFO:colcon.colcon_core.shell:Creating prefix chain script '/home/aniketh05/my_ros2_ws/install/setup.ps1'
[27.765s] INFO:colcon.colcon_core.shell:Creating prefix script '/home/aniketh05/my_ros2_ws/install/local_setup.sh'
[27.766s] INFO:colcon.colcon_core.shell:Creating prefix util module '/home/aniketh05/my_ros2_ws/install/_local_setup_util_sh.py'
[27.766s] INFO:colcon.colcon_core.shell:Creating prefix chain script '/home/aniketh05/my_ros2_ws/install/setup.sh'
[27.768s] INFO:colcon.colcon_core.shell:Creating prefix script '/home/aniketh05/my_ros2_ws/install/local_setup.bash'
[27.770s] INFO:colcon.colcon_core.shell:Creating prefix chain script '/home/aniketh05/my_ros2_ws/install/setup.bash'
[27.771s] INFO:colcon.colcon_core.shell:Creating prefix script '/home/aniketh05/my_ros2_ws/install/local_setup.zsh'
[27.772s] INFO:colcon.colcon_core.shell:Creating prefix chain script '/home/aniketh05/my_ros2_ws/install/setup.zsh'
