running develop
/home/aniketh05/.local/lib/python3.10/site-packages/pkg_resources/__init__.py:116: PkgResourcesDeprecationWarning: 2.0.5-build-libtorrent-rasterbar-qrM5vM-libtorrent-rasterbar-2.0.5-bindings-python is an invalid version and will not be supported in a future release
  warnings.warn(
Removing /home/aniketh05/my_ros2_ws/install/my_pkg_01/lib/python3.10/site-packages/my-pkg-01.egg-link (link to .)
running egg_info
writing ../../build/my_pkg_01/my_pkg_01.egg-info/PKG-INFO
writing dependency_links to ../../build/my_pkg_01/my_pkg_01.egg-info/dependency_links.txt
writing entry points to ../../build/my_pkg_01/my_pkg_01.egg-info/entry_points.txt
writing requirements to ../../build/my_pkg_01/my_pkg_01.egg-info/requires.txt
writing top-level names to ../../build/my_pkg_01/my_pkg_01.egg-info/top_level.txt
reading manifest file '../../build/my_pkg_01/my_pkg_01.egg-info/SOURCES.txt'
writing manifest file '../../build/my_pkg_01/my_pkg_01.egg-info/SOURCES.txt'
running build
running build_py
running install
running install_lib
creating /home/aniketh05/my_ros2_ws/install/my_pkg_01/lib/python3.10/site-packages/my_pkg_01
copying /home/aniketh05/my_ros2_ws/build/my_pkg_01/build/lib/my_pkg_01/my_first_node.py -> /home/aniketh05/my_ros2_ws/install/my_pkg_01/lib/python3.10/site-packages/my_pkg_01
copying /home/aniketh05/my_ros2_ws/build/my_pkg_01/build/lib/my_pkg_01/pose_color_change.py -> /home/aniketh05/my_ros2_ws/install/my_pkg_01/lib/python3.10/site-packages/my_pkg_01
copying /home/aniketh05/my_ros2_ws/build/my_pkg_01/build/lib/my_pkg_01/practice_node.py -> /home/aniketh05/my_ros2_ws/install/my_pkg_01/lib/python3.10/site-packages/my_pkg_01
copying /home/aniketh05/my_ros2_ws/build/my_pkg_01/build/lib/my_pkg_01/__init__.py -> /home/aniketh05/my_ros2_ws/install/my_pkg_01/lib/python3.10/site-packages/my_pkg_01
copying /home/aniketh05/my_ros2_ws/build/my_pkg_01/build/lib/my_pkg_01/pub_node.py -> /home/aniketh05/my_ros2_ws/install/my_pkg_01/lib/python3.10/site-packages/my_pkg_01
copying /home/aniketh05/my_ros2_ws/build/my_pkg_01/build/lib/my_pkg_01/my_pub_node.py -> /home/aniketh05/my_ros2_ws/install/my_pkg_01/lib/python3.10/site-packages/my_pkg_01
copying /home/aniketh05/my_ros2_ws/build/my_pkg_01/build/lib/my_pkg_01/set_pen_client.py -> /home/aniketh05/my_ros2_ws/install/my_pkg_01/lib/python3.10/site-packages/my_pkg_01
byte-compiling /home/aniketh05/my_ros2_ws/install/my_pkg_01/lib/python3.10/site-packages/my_pkg_01/my_first_node.py to my_first_node.cpython-310.pyc
byte-compiling /home/aniketh05/my_ros2_ws/install/my_pkg_01/lib/python3.10/site-packages/my_pkg_01/pose_color_change.py to pose_color_change.cpython-310.pyc
byte-compiling /home/aniketh05/my_ros2_ws/install/my_pkg_01/lib/python3.10/site-packages/my_pkg_01/practice_node.py to practice_node.cpython-310.pyc
byte-compiling /home/aniketh05/my_ros2_ws/install/my_pkg_01/lib/python3.10/site-packages/my_pkg_01/__init__.py to __init__.cpython-310.pyc
byte-compiling /home/aniketh05/my_ros2_ws/install/my_pkg_01/lib/python3.10/site-packages/my_pkg_01/pub_node.py to pub_node.cpython-310.pyc
byte-compiling /home/aniketh05/my_ros2_ws/install/my_pkg_01/lib/python3.10/site-packages/my_pkg_01/my_pub_node.py to my_pub_node.cpython-310.pyc
byte-compiling /home/aniketh05/my_ros2_ws/install/my_pkg_01/lib/python3.10/site-packages/my_pkg_01/set_pen_client.py to set_pen_client.cpython-310.pyc
running install_data
copying resource/my_pkg_01 -> /home/aniketh05/my_ros2_ws/install/my_pkg_01/share/ament_index/resource_index/packages
copying package.xml -> /home/aniketh05/my_ros2_ws/install/my_pkg_01/share/my_pkg_01
running install_egg_info
Copying ../../build/my_pkg_01/my_pkg_01.egg-info to /home/aniketh05/my_ros2_ws/install/my_pkg_01/lib/python3.10/site-packages/my_pkg_01-0.0.0-py3.10.egg-info
running install_scripts
Installing my_first_node script to /home/aniketh05/my_ros2_ws/install/my_pkg_01/lib/my_pkg_01
Installing pose_color_change script to /home/aniketh05/my_ros2_ws/install/my_pkg_01/lib/my_pkg_01
Installing set_pen_client script to /home/aniketh05/my_ros2_ws/install/my_pkg_01/lib/my_pkg_01
writing list of installed files to '/home/aniketh05/my_ros2_ws/build/my_pkg_01/install.log'
