[0.449s] Invoking command in '/home/aniketh05/my_ros2_ws/build/my_pkg_prac': PYTHONPATH=/home/aniketh05/my_ros2_ws/build/my_pkg_prac/prefix_override:/usr/lib/python3/dist-packages/colcon_core/task/python/colcon_distutils_commands:/home/aniketh05/my_ros2_ws/install/my_pkg_prac/lib/python3.10/site-packages:${PYTHONPATH} /usr/bin/python3 -W ignore:setup.py install is deprecated -W ignore:easy_install command is deprecated setup.py develop --editable --build-directory /home/aniketh05/my_ros2_ws/build/my_pkg_prac/build --no-deps symlink_data --force
[0.634s] running develop
[0.664s] /home/aniketh05/.local/lib/python3.10/site-packages/pkg_resources/__init__.py:116: PkgResourcesDeprecationWarning: 2.0.5-build-libtorrent-rasterbar-qrM5vM-libtorrent-rasterbar-2.0.5-bindings-python is an invalid version and will not be supported in a future release
[0.664s]   warnings.warn(
[0.734s] running egg_info
[0.734s] writing my_pkg_prac.egg-info/PKG-INFO
[0.734s] writing dependency_links to my_pkg_prac.egg-info/dependency_links.txt
[0.735s] writing entry points to my_pkg_prac.egg-info/entry_points.txt
[0.735s] writing requirements to my_pkg_prac.egg-info/requires.txt
[0.735s] writing top-level names to my_pkg_prac.egg-info/top_level.txt
[0.736s] reading manifest file 'my_pkg_prac.egg-info/SOURCES.txt'
[0.737s] writing manifest file 'my_pkg_prac.egg-info/SOURCES.txt'
[0.738s] running build_ext
[0.738s] Creating /home/aniketh05/my_ros2_ws/install/my_pkg_prac/lib/python3.10/site-packages/my-pkg-prac.egg-link (link to .)
[0.739s] Installing my_pub_node script to /home/aniketh05/my_ros2_ws/install/my_pkg_prac/lib/my_pkg_prac
[0.739s] 
[0.739s] Installed /home/aniketh05/my_ros2_ws/build/my_pkg_prac
[0.739s] running symlink_data
[0.739s] symbolically linking /home/aniketh05/my_ros2_ws/build/my_pkg_prac/resource/my_pkg_prac -> /home/aniketh05/my_ros2_ws/install/my_pkg_prac/share/ament_index/resource_index/packages
[0.739s] symbolically linking /home/aniketh05/my_ros2_ws/build/my_pkg_prac/package.xml -> /home/aniketh05/my_ros2_ws/install/my_pkg_prac/share/my_pkg_prac
[0.759s] Invoked command in '/home/aniketh05/my_ros2_ws/build/my_pkg_prac' returned '0': PYTHONPATH=/home/aniketh05/my_ros2_ws/build/my_pkg_prac/prefix_override:/usr/lib/python3/dist-packages/colcon_core/task/python/colcon_distutils_commands:/home/aniketh05/my_ros2_ws/install/my_pkg_prac/lib/python3.10/site-packages:${PYTHONPATH} /usr/bin/python3 -W ignore:setup.py install is deprecated -W ignore:easy_install command is deprecated setup.py develop --editable --build-directory /home/aniketh05/my_ros2_ws/build/my_pkg_prac/build --no-deps symlink_data --force
