[0.047s] Invoking command in '/home/aniketh05/my_ros2_ws/build/my_msg_srv': CMAKE_PREFIX_PATH=${CMAKE_PREFIX_PATH}:/home/aniketh05/my_ros2_ws/install/turtle_control:/home/aniketh05/my_ros2_ws/install/my_services:/home/aniketh05/my_ros2_ws/install/my_pkg_prac:/home/aniketh05/my_ros2_ws/install/my_pkg_01:/opt/ros/humble /usr/bin/cmake /home/aniketh05/my_ros2_ws/src/my_msg_srv -DAMENT_CMAKE_SYMLINK_INSTALL=1 -DCMAKE_INSTALL_PREFIX=/home/aniketh05/my_ros2_ws/install/my_msg_srv
[1.319s] -- The C compiler identification is GNU 11.4.0
[1.319s] -- The CXX compiler identification is GNU 11.4.0
[1.319s] -- Detecting C compiler ABI info
[1.320s] -- Detecting C compiler ABI info - done
[1.320s] -- Check for working C compiler: /usr/bin/cc - skipped
[1.320s] -- Detecting C compile features
[1.320s] -- Detecting C compile features - done
[1.320s] -- Detecting CXX compiler ABI info
[1.321s] -- Detecting CXX compiler ABI info - done
[1.321s] -- Check for working CXX compiler: /usr/bin/c++ - skipped
[1.321s] -- Detecting CXX compile features
[1.322s] -- Detecting CXX compile features - done
[1.322s] -- Found ament_cmake: 1.3.11 (/opt/ros/humble/share/ament_cmake/cmake)
[1.375s] -- Found Python3: /usr/bin/python3 (found version "3.10.12") found components: Interpreter 
[1.464s] -- Override CMake install command with custom implementation using symlinks instead of copying resources
[1.512s] -- Found rosidl_default_generators: 1.2.0 (/opt/ros/humble/share/rosidl_default_generators/cmake)
[1.518s] -- Using all available rosidl_typesupport_c: rosidl_typesupport_fastrtps_c;rosidl_typesupport_introspection_c
[1.527s] -- Found rosidl_adapter: 3.1.6 (/opt/ros/humble/share/rosidl_adapter/cmake)
[1.805s] -- Using all available rosidl_typesupport_cpp: rosidl_typesupport_fastrtps_cpp;rosidl_typesupport_introspection_cpp
[1.875s] -- Found geometry_msgs: 4.2.4 (/opt/ros/humble/share/geometry_msgs/cmake)
[2.760s] -- Found ament_cmake_ros: 0.10.0 (/opt/ros/humble/share/ament_cmake_ros/cmake)
[3.520s] -- Using all available rosidl_typesupport_c: rosidl_typesupport_fastrtps_c;rosidl_typesupport_introspection_c
[4.169s] -- Using all available rosidl_typesupport_cpp: rosidl_typesupport_fastrtps_cpp;rosidl_typesupport_introspection_cpp
[4.396s] -- Found PythonInterp: /usr/bin/python3 (found suitable version "3.10.12", minimum required is "3.6") 
[4.399s] -- Found python_cmake_module: 0.10.0 (/opt/ros/humble/share/python_cmake_module/cmake)
[5.450s] -- Found PythonLibs: /usr/lib/x86_64-linux-gnu/libpython3.10.so (found suitable version "3.10.12", minimum required is "3.5") 
[5.451s] -- Using PYTHON_EXECUTABLE: /usr/bin/python3
[5.451s] -- Using PYTHON_INCLUDE_DIRS: /usr/include/python3.10
[5.451s] -- Using PYTHON_LIBRARIES: /usr/lib/x86_64-linux-gnu/libpython3.10.so
[5.495s] -- Found PythonExtra: .so  
[5.753s] -- Found ament_lint_auto: 0.12.11 (/opt/ros/humble/share/ament_lint_auto/cmake)
[5.795s] -- Added test 'lint_cmake' to check CMake code style
[5.797s] -- Added test 'xmllint' to check XML markup files
[5.803s] -- Configuring done
[5.919s] -- Generating done
[5.978s] -- Build files have been written to: /home/aniketh05/my_ros2_ws/build/my_msg_srv
[6.016s] Invoked command in '/home/aniketh05/my_ros2_ws/build/my_msg_srv' returned '0': CMAKE_PREFIX_PATH=${CMAKE_PREFIX_PATH}:/home/aniketh05/my_ros2_ws/install/turtle_control:/home/aniketh05/my_ros2_ws/install/my_services:/home/aniketh05/my_ros2_ws/install/my_pkg_prac:/home/aniketh05/my_ros2_ws/install/my_pkg_01:/opt/ros/humble /usr/bin/cmake /home/aniketh05/my_ros2_ws/src/my_msg_srv -DAMENT_CMAKE_SYMLINK_INSTALL=1 -DCMAKE_INSTALL_PREFIX=/home/aniketh05/my_ros2_ws/install/my_msg_srv
[6.021s] Invoking command in '/home/aniketh05/my_ros2_ws/build/my_msg_srv': CMAKE_PREFIX_PATH=${CMAKE_PREFIX_PATH}:/home/aniketh05/my_ros2_ws/install/turtle_control:/home/aniketh05/my_ros2_ws/install/my_services:/home/aniketh05/my_ros2_ws/install/my_pkg_prac:/home/aniketh05/my_ros2_ws/install/my_pkg_01:/opt/ros/humble /usr/bin/cmake --build /home/aniketh05/my_ros2_ws/build/my_msg_srv -- -j12 -l12
[6.118s] [  2%] [34m[1mGenerating C code for ROS interfaces[0m
[6.137s] [  4%] [34m[1mGenerating C++ code for ROS interfaces[0m
[6.155s] [  4%] Built target ament_cmake_python_symlink_my_msg_srv
[6.861s] running egg_info
[6.862s] creating my_msg_srv.egg-info
[6.862s] writing my_msg_srv.egg-info/PKG-INFO
[6.863s] writing dependency_links to my_msg_srv.egg-info/dependency_links.txt
[6.863s] writing top-level names to my_msg_srv.egg-info/top_level.txt
[6.864s] writing manifest file 'my_msg_srv.egg-info/SOURCES.txt'
[6.868s] reading manifest file 'my_msg_srv.egg-info/SOURCES.txt'
[6.869s] writing manifest file 'my_msg_srv.egg-info/SOURCES.txt'
[6.930s] [  4%] Built target ament_cmake_python_build_my_msg_srv_egg
[7.014s] [  4%] Built target my_msg_srv__cpp
[7.020s] [  6%] [32mBuilding C object CMakeFiles/my_msg_srv__rosidl_generator_c.dir/rosidl_generator_c/my_msg_srv/msg/detail/my_msg__functions.c.o[0m
[7.023s] [  8%] [32mBuilding C object CMakeFiles/my_msg_srv__rosidl_generator_c.dir/rosidl_generator_c/my_msg_srv/msg/detail/sphere__functions.c.o[0m
[7.024s] [ 10%] [32mBuilding C object CMakeFiles/my_msg_srv__rosidl_generator_c.dir/rosidl_generator_c/my_msg_srv/srv/detail/add_three_nums__functions.c.o[0m
[7.034s] [ 14%] [34m[1mGenerating C++ type support for eProsima Fast-RTPS[0m
[7.034s] [ 14%] [34m[1mGenerating C++ type support dispatch for ROS interfaces[0m
[7.034s] [ 17%] [34m[1mGenerating C++ introspection for ROS interfaces[0m
[7.153s] [ 19%] [32m[1mLinking C shared library libmy_msg_srv__rosidl_generator_c.so[0m
[7.492s] [ 19%] Built target my_msg_srv__rosidl_generator_c
[7.516s] [ 21%] [34m[1mGenerating C type support dispatch for ROS interfaces[0m
[7.517s] [ 23%] [34m[1mGenerating C type support for eProsima Fast-RTPS[0m
[7.517s] [ 25%] [34m[1mGenerating C introspection for ROS interfaces[0m
[7.882s] [ 27%] [32mBuilding CXX object CMakeFiles/my_msg_srv__rosidl_typesupport_cpp.dir/rosidl_typesupport_cpp/my_msg_srv/msg/sphere__type_support.cpp.o[0m
[7.883s] [ 29%] [32mBuilding CXX object CMakeFiles/my_msg_srv__rosidl_typesupport_cpp.dir/rosidl_typesupport_cpp/my_msg_srv/srv/add_three_nums__type_support.cpp.o[0m
[7.883s] [ 31%] [32mBuilding CXX object CMakeFiles/my_msg_srv__rosidl_typesupport_cpp.dir/rosidl_typesupport_cpp/my_msg_srv/msg/my_msg__type_support.cpp.o[0m
[8.026s] [ 34%] [32mBuilding CXX object CMakeFiles/my_msg_srv__rosidl_typesupport_introspection_cpp.dir/rosidl_typesupport_introspection_cpp/my_msg_srv/msg/detail/my_msg__type_support.cpp.o[0m
[8.028s] [ 36%] [32mBuilding CXX object CMakeFiles/my_msg_srv__rosidl_typesupport_introspection_cpp.dir/rosidl_typesupport_introspection_cpp/my_msg_srv/msg/detail/sphere__type_support.cpp.o[0m
[8.038s] [ 38%] [32mBuilding CXX object CMakeFiles/my_msg_srv__rosidl_typesupport_introspection_cpp.dir/rosidl_typesupport_introspection_cpp/my_msg_srv/srv/detail/add_three_nums__type_support.cpp.o[0m
[8.177s] [ 40%] [32mBuilding CXX object CMakeFiles/my_msg_srv__rosidl_typesupport_fastrtps_cpp.dir/rosidl_typesupport_fastrtps_cpp/my_msg_srv/msg/detail/dds_fastrtps/my_msg__type_support.cpp.o[0m
[8.181s] [ 42%] [32mBuilding CXX object CMakeFiles/my_msg_srv__rosidl_typesupport_fastrtps_cpp.dir/rosidl_typesupport_fastrtps_cpp/my_msg_srv/srv/detail/dds_fastrtps/add_three_nums__type_support.cpp.o[0m
[8.201s] [ 44%] [32mBuilding CXX object CMakeFiles/my_msg_srv__rosidl_typesupport_fastrtps_cpp.dir/rosidl_typesupport_fastrtps_cpp/my_msg_srv/msg/detail/dds_fastrtps/sphere__type_support.cpp.o[0m
[8.740s] [ 46%] [32mBuilding CXX object CMakeFiles/my_msg_srv__rosidl_typesupport_c.dir/rosidl_typesupport_c/my_msg_srv/msg/my_msg__type_support.cpp.o[0m
[8.873s] [ 48%] [32mBuilding CXX object CMakeFiles/my_msg_srv__rosidl_typesupport_c.dir/rosidl_typesupport_c/my_msg_srv/msg/sphere__type_support.cpp.o[0m
[9.038s] [ 51%] [32mBuilding CXX object CMakeFiles/my_msg_srv__rosidl_typesupport_c.dir/rosidl_typesupport_c/my_msg_srv/srv/add_three_nums__type_support.cpp.o[0m
[9.101s] [ 53%] [32mBuilding C object CMakeFiles/my_msg_srv__rosidl_typesupport_introspection_c.dir/rosidl_typesupport_introspection_c/my_msg_srv/msg/detail/my_msg__type_support.c.o[0m
[9.181s] [ 55%] [32m[1mLinking CXX shared library libmy_msg_srv__rosidl_typesupport_c.so[0m
[9.185s] [ 57%] [32mBuilding CXX object CMakeFiles/my_msg_srv__rosidl_typesupport_fastrtps_c.dir/rosidl_typesupport_fastrtps_c/my_msg_srv/msg/detail/my_msg__type_support_c.cpp.o[0m
[9.213s] [ 59%] [32mBuilding C object CMakeFiles/my_msg_srv__rosidl_typesupport_introspection_c.dir/rosidl_typesupport_introspection_c/my_msg_srv/msg/detail/sphere__type_support.c.o[0m
[9.239s] [ 63%] [32mBuilding CXX object CMakeFiles/my_msg_srv__rosidl_typesupport_fastrtps_c.dir/rosidl_typesupport_fastrtps_c/my_msg_srv/msg/detail/sphere__type_support_c.cpp.o[0m
[9.239s] [ 63%] [32mBuilding C object CMakeFiles/my_msg_srv__rosidl_typesupport_introspection_c.dir/rosidl_typesupport_introspection_c/my_msg_srv/srv/detail/add_three_nums__type_support.c.o[0m
[9.302s] [ 65%] [32m[1mLinking CXX shared library libmy_msg_srv__rosidl_typesupport_cpp.so[0m
[9.385s] [ 68%] [32mBuilding CXX object CMakeFiles/my_msg_srv__rosidl_typesupport_fastrtps_c.dir/rosidl_typesupport_fastrtps_c/my_msg_srv/srv/detail/add_three_nums__type_support_c.cpp.o[0m
[9.390s] [ 70%] [32m[1mLinking C shared library libmy_msg_srv__rosidl_typesupport_introspection_c.so[0m
[10.114s] [ 70%] Built target my_msg_srv__rosidl_typesupport_introspection_c
[10.240s] [ 70%] Built target my_msg_srv__rosidl_typesupport_cpp
[10.280s] [ 70%] Built target my_msg_srv__rosidl_typesupport_c
[10.298s] [ 72%] [32m[1mLinking CXX shared library libmy_msg_srv__rosidl_typesupport_introspection_cpp.so[0m
[10.618s] [ 74%] [32m[1mLinking CXX shared library libmy_msg_srv__rosidl_typesupport_fastrtps_cpp.so[0m
[10.961s] [ 74%] Built target my_msg_srv__rosidl_typesupport_introspection_cpp
[11.085s] [ 76%] [32m[1mLinking CXX shared library libmy_msg_srv__rosidl_typesupport_fastrtps_c.so[0m
[11.190s] [ 76%] Built target my_msg_srv__rosidl_typesupport_fastrtps_cpp
[11.427s] [ 76%] Built target my_msg_srv__rosidl_typesupport_fastrtps_c
[11.484s] [ 76%] Built target my_msg_srv
[11.529s] [ 78%] [34m[1mGenerating Python code for ROS interfaces[0m
[12.382s] [ 78%] Built target my_msg_srv__py
[12.410s] [ 82%] [32mBuilding C object CMakeFiles/my_msg_srv__rosidl_generator_py.dir/rosidl_generator_py/my_msg_srv/msg/_sphere_s.c.o[0m
[12.410s] [ 82%] [32mBuilding C object CMakeFiles/my_msg_srv__rosidl_generator_py.dir/rosidl_generator_py/my_msg_srv/msg/_my_msg_s.c.o[0m
[12.411s] [ 85%] [32mBuilding C object CMakeFiles/my_msg_srv__rosidl_generator_py.dir/rosidl_generator_py/my_msg_srv/srv/_add_three_nums_s.c.o[0m
[12.582s] [ 87%] [32m[1mLinking C shared library rosidl_generator_py/my_msg_srv/libmy_msg_srv__rosidl_generator_py.so[0m
[12.735s] [ 87%] Built target my_msg_srv__rosidl_generator_py
[12.759s] [ 89%] [32mBuilding C object CMakeFiles/my_msg_srv__rosidl_typesupport_fastrtps_c__pyext.dir/rosidl_generator_py/my_msg_srv/_my_msg_srv_s.ep.rosidl_typesupport_fastrtps_c.c.o[0m
[12.762s] [ 91%] [32mBuilding C object CMakeFiles/my_msg_srv__rosidl_typesupport_c__pyext.dir/rosidl_generator_py/my_msg_srv/_my_msg_srv_s.ep.rosidl_typesupport_c.c.o[0m
[12.768s] [ 93%] [32mBuilding C object CMakeFiles/my_msg_srv__rosidl_typesupport_introspection_c__pyext.dir/rosidl_generator_py/my_msg_srv/_my_msg_srv_s.ep.rosidl_typesupport_introspection_c.c.o[0m
[12.975s] [ 95%] [32m[1mLinking C shared library rosidl_generator_py/my_msg_srv/my_msg_srv_s__rosidl_typesupport_fastrtps_c.cpython-310-x86_64-linux-gnu.so[0m
[12.985s] [ 97%] [32m[1mLinking C shared library rosidl_generator_py/my_msg_srv/my_msg_srv_s__rosidl_typesupport_c.cpython-310-x86_64-linux-gnu.so[0m
[13.007s] [100%] [32m[1mLinking C shared library rosidl_generator_py/my_msg_srv/my_msg_srv_s__rosidl_typesupport_introspection_c.cpython-310-x86_64-linux-gnu.so[0m
[13.208s] [100%] Built target my_msg_srv__rosidl_typesupport_fastrtps_c__pyext
[13.219s] [100%] Built target my_msg_srv__rosidl_typesupport_c__pyext
[13.273s] [100%] Built target my_msg_srv__rosidl_typesupport_introspection_c__pyext
[13.294s] Invoked command in '/home/aniketh05/my_ros2_ws/build/my_msg_srv' returned '0': CMAKE_PREFIX_PATH=${CMAKE_PREFIX_PATH}:/home/aniketh05/my_ros2_ws/install/turtle_control:/home/aniketh05/my_ros2_ws/install/my_services:/home/aniketh05/my_ros2_ws/install/my_pkg_prac:/home/aniketh05/my_ros2_ws/install/my_pkg_01:/opt/ros/humble /usr/bin/cmake --build /home/aniketh05/my_ros2_ws/build/my_msg_srv -- -j12 -l12
[13.312s] Invoking command in '/home/aniketh05/my_ros2_ws/build/my_msg_srv': CMAKE_PREFIX_PATH=${CMAKE_PREFIX_PATH}:/home/aniketh05/my_ros2_ws/install/turtle_control:/home/aniketh05/my_ros2_ws/install/my_services:/home/aniketh05/my_ros2_ws/install/my_pkg_prac:/home/aniketh05/my_ros2_ws/install/my_pkg_01:/opt/ros/humble /usr/bin/cmake --install /home/aniketh05/my_ros2_ws/build/my_msg_srv
[13.321s] -- Install configuration: ""
[13.322s] -- Execute custom install script
[13.323s] -- Symlinking: /home/aniketh05/my_ros2_ws/install/my_msg_srv/share/ament_index/resource_index/rosidl_interfaces/my_msg_srv
[13.336s] -- Symlinking: /home/aniketh05/my_ros2_ws/install/my_msg_srv/include/my_msg_srv/my_msg_srv/msg/detail/my_msg__functions.h
[13.348s] -- Symlinking: /home/aniketh05/my_ros2_ws/install/my_msg_srv/include/my_msg_srv/my_msg_srv/msg/detail/my_msg__struct.h
[13.360s] -- Symlinking: /home/aniketh05/my_ros2_ws/install/my_msg_srv/include/my_msg_srv/my_msg_srv/msg/detail/my_msg__type_support.h
[13.372s] -- Symlinking: /home/aniketh05/my_ros2_ws/install/my_msg_srv/include/my_msg_srv/my_msg_srv/msg/detail/sphere__functions.h
[13.387s] -- Symlinking: /home/aniketh05/my_ros2_ws/install/my_msg_srv/include/my_msg_srv/my_msg_srv/msg/detail/sphere__struct.h
[13.399s] -- Symlinking: /home/aniketh05/my_ros2_ws/install/my_msg_srv/include/my_msg_srv/my_msg_srv/msg/detail/sphere__type_support.h
[13.410s] -- Symlinking: /home/aniketh05/my_ros2_ws/install/my_msg_srv/include/my_msg_srv/my_msg_srv/msg/my_msg.h
[13.422s] -- Symlinking: /home/aniketh05/my_ros2_ws/install/my_msg_srv/include/my_msg_srv/my_msg_srv/msg/rosidl_generator_c__visibility_control.h
[13.437s] -- Symlinking: /home/aniketh05/my_ros2_ws/install/my_msg_srv/include/my_msg_srv/my_msg_srv/msg/sphere.h
[13.450s] -- Symlinking: /home/aniketh05/my_ros2_ws/install/my_msg_srv/include/my_msg_srv/my_msg_srv/srv/add_three_nums.h
[13.461s] -- Symlinking: /home/aniketh05/my_ros2_ws/install/my_msg_srv/include/my_msg_srv/my_msg_srv/srv/detail/add_three_nums__functions.h
[13.471s] -- Symlinking: /home/aniketh05/my_ros2_ws/install/my_msg_srv/include/my_msg_srv/my_msg_srv/srv/detail/add_three_nums__struct.h
[13.485s] -- Symlinking: /home/aniketh05/my_ros2_ws/install/my_msg_srv/include/my_msg_srv/my_msg_srv/srv/detail/add_three_nums__type_support.h
[13.496s] -- Symlinking: /home/aniketh05/my_ros2_ws/install/my_msg_srv/share/my_msg_srv/environment/library_path.sh
[13.507s] -- Symlinking: /home/aniketh05/my_ros2_ws/install/my_msg_srv/share/my_msg_srv/environment/library_path.dsv
[13.518s] -- Symlinking: /home/aniketh05/my_ros2_ws/install/my_msg_srv/include/my_msg_srv/my_msg_srv/msg/detail/my_msg__rosidl_typesupport_fastrtps_c.h
[13.529s] -- Symlinking: /home/aniketh05/my_ros2_ws/install/my_msg_srv/include/my_msg_srv/my_msg_srv/msg/detail/sphere__rosidl_typesupport_fastrtps_c.h
[13.541s] -- Symlinking: /home/aniketh05/my_ros2_ws/install/my_msg_srv/include/my_msg_srv/my_msg_srv/msg/rosidl_typesupport_fastrtps_c__visibility_control.h
[13.551s] -- Symlinking: /home/aniketh05/my_ros2_ws/install/my_msg_srv/include/my_msg_srv/my_msg_srv/srv/detail/add_three_nums__rosidl_typesupport_fastrtps_c.h
[13.562s] -- Symlinking: /home/aniketh05/my_ros2_ws/install/my_msg_srv/include/my_msg_srv/my_msg_srv/msg/detail/my_msg__rosidl_typesupport_introspection_c.h
[13.574s] -- Symlinking: /home/aniketh05/my_ros2_ws/install/my_msg_srv/include/my_msg_srv/my_msg_srv/msg/detail/sphere__rosidl_typesupport_introspection_c.h
[13.588s] -- Symlinking: /home/aniketh05/my_ros2_ws/install/my_msg_srv/include/my_msg_srv/my_msg_srv/msg/rosidl_typesupport_introspection_c__visibility_control.h
[13.601s] -- Symlinking: /home/aniketh05/my_ros2_ws/install/my_msg_srv/include/my_msg_srv/my_msg_srv/srv/detail/add_three_nums__rosidl_typesupport_introspection_c.h
[13.616s] -- Symlinking: /home/aniketh05/my_ros2_ws/install/my_msg_srv/include/my_msg_srv/my_msg_srv/msg/detail/my_msg__builder.hpp
[13.630s] -- Symlinking: /home/aniketh05/my_ros2_ws/install/my_msg_srv/include/my_msg_srv/my_msg_srv/msg/detail/my_msg__struct.hpp
[13.644s] -- Symlinking: /home/aniketh05/my_ros2_ws/install/my_msg_srv/include/my_msg_srv/my_msg_srv/msg/detail/my_msg__traits.hpp
[13.656s] -- Symlinking: /home/aniketh05/my_ros2_ws/install/my_msg_srv/include/my_msg_srv/my_msg_srv/msg/detail/my_msg__type_support.hpp
[13.668s] -- Symlinking: /home/aniketh05/my_ros2_ws/install/my_msg_srv/include/my_msg_srv/my_msg_srv/msg/detail/sphere__builder.hpp
[13.680s] -- Symlinking: /home/aniketh05/my_ros2_ws/install/my_msg_srv/include/my_msg_srv/my_msg_srv/msg/detail/sphere__struct.hpp
[13.691s] -- Symlinking: /home/aniketh05/my_ros2_ws/install/my_msg_srv/include/my_msg_srv/my_msg_srv/msg/detail/sphere__traits.hpp
[13.701s] -- Symlinking: /home/aniketh05/my_ros2_ws/install/my_msg_srv/include/my_msg_srv/my_msg_srv/msg/detail/sphere__type_support.hpp
[13.712s] -- Symlinking: /home/aniketh05/my_ros2_ws/install/my_msg_srv/include/my_msg_srv/my_msg_srv/msg/my_msg.hpp
[13.723s] -- Symlinking: /home/aniketh05/my_ros2_ws/install/my_msg_srv/include/my_msg_srv/my_msg_srv/msg/rosidl_generator_cpp__visibility_control.hpp
[13.733s] -- Symlinking: /home/aniketh05/my_ros2_ws/install/my_msg_srv/include/my_msg_srv/my_msg_srv/msg/sphere.hpp
[13.744s] -- Symlinking: /home/aniketh05/my_ros2_ws/install/my_msg_srv/include/my_msg_srv/my_msg_srv/srv/add_three_nums.hpp
[13.754s] -- Symlinking: /home/aniketh05/my_ros2_ws/install/my_msg_srv/include/my_msg_srv/my_msg_srv/srv/detail/add_three_nums__builder.hpp
[13.769s] -- Symlinking: /home/aniketh05/my_ros2_ws/install/my_msg_srv/include/my_msg_srv/my_msg_srv/srv/detail/add_three_nums__struct.hpp
[13.780s] -- Symlinking: /home/aniketh05/my_ros2_ws/install/my_msg_srv/include/my_msg_srv/my_msg_srv/srv/detail/add_three_nums__traits.hpp
[13.795s] -- Symlinking: /home/aniketh05/my_ros2_ws/install/my_msg_srv/include/my_msg_srv/my_msg_srv/srv/detail/add_three_nums__type_support.hpp
[13.810s] -- Symlinking: /home/aniketh05/my_ros2_ws/install/my_msg_srv/include/my_msg_srv/my_msg_srv/msg/detail/my_msg__rosidl_typesupport_fastrtps_cpp.hpp
[13.819s] -- Symlinking: /home/aniketh05/my_ros2_ws/install/my_msg_srv/include/my_msg_srv/my_msg_srv/msg/detail/sphere__rosidl_typesupport_fastrtps_cpp.hpp
[13.833s] -- Symlinking: /home/aniketh05/my_ros2_ws/install/my_msg_srv/include/my_msg_srv/my_msg_srv/msg/rosidl_typesupport_fastrtps_cpp__visibility_control.h
[13.844s] -- Symlinking: /home/aniketh05/my_ros2_ws/install/my_msg_srv/include/my_msg_srv/my_msg_srv/srv/detail/add_three_nums__rosidl_typesupport_fastrtps_cpp.hpp
[13.855s] -- Symlinking: /home/aniketh05/my_ros2_ws/install/my_msg_srv/include/my_msg_srv/my_msg_srv/msg/detail/my_msg__rosidl_typesupport_introspection_cpp.hpp
[13.867s] -- Symlinking: /home/aniketh05/my_ros2_ws/install/my_msg_srv/include/my_msg_srv/my_msg_srv/msg/detail/sphere__rosidl_typesupport_introspection_cpp.hpp
[13.881s] -- Symlinking: /home/aniketh05/my_ros2_ws/install/my_msg_srv/include/my_msg_srv/my_msg_srv/srv/detail/add_three_nums__rosidl_typesupport_introspection_cpp.hpp
[13.894s] -- Symlinking: /home/aniketh05/my_ros2_ws/install/my_msg_srv/share/my_msg_srv/environment/pythonpath.sh
[13.905s] -- Symlinking: /home/aniketh05/my_ros2_ws/install/my_msg_srv/share/my_msg_srv/environment/pythonpath.dsv
[13.919s] -- Symlinking: /home/aniketh05/my_ros2_ws/install/my_msg_srv/local/lib/python3.10/dist-packages/my_msg_srv-0.0.0-py3.10.egg-info/PKG-INFO
[13.931s] -- Symlinking: /home/aniketh05/my_ros2_ws/install/my_msg_srv/local/lib/python3.10/dist-packages/my_msg_srv-0.0.0-py3.10.egg-info/SOURCES.txt
[13.942s] -- Symlinking: /home/aniketh05/my_ros2_ws/install/my_msg_srv/local/lib/python3.10/dist-packages/my_msg_srv-0.0.0-py3.10.egg-info/dependency_links.txt
[13.954s] -- Symlinking: /home/aniketh05/my_ros2_ws/install/my_msg_srv/local/lib/python3.10/dist-packages/my_msg_srv-0.0.0-py3.10.egg-info/top_level.txt
[13.967s] -- Symlinking: /home/aniketh05/my_ros2_ws/install/my_msg_srv/local/lib/python3.10/dist-packages/my_msg_srv/__init__.py
[13.979s] -- Symlinking: /home/aniketh05/my_ros2_ws/install/my_msg_srv/local/lib/python3.10/dist-packages/my_msg_srv/_my_msg_srv_s.ep.rosidl_typesupport_c.c
[13.991s] -- Symlinking: /home/aniketh05/my_ros2_ws/install/my_msg_srv/local/lib/python3.10/dist-packages/my_msg_srv/_my_msg_srv_s.ep.rosidl_typesupport_fastrtps_c.c
[14.002s] -- Symlinking: /home/aniketh05/my_ros2_ws/install/my_msg_srv/local/lib/python3.10/dist-packages/my_msg_srv/_my_msg_srv_s.ep.rosidl_typesupport_introspection_c.c
[14.014s] -- Symlinking: /home/aniketh05/my_ros2_ws/install/my_msg_srv/local/lib/python3.10/dist-packages/my_msg_srv/libmy_msg_srv__rosidl_generator_py.so
[14.025s] -- Symlinking: /home/aniketh05/my_ros2_ws/install/my_msg_srv/local/lib/python3.10/dist-packages/my_msg_srv/msg/__init__.py
[14.036s] -- Symlinking: /home/aniketh05/my_ros2_ws/install/my_msg_srv/local/lib/python3.10/dist-packages/my_msg_srv/msg/_my_msg.py
[14.045s] -- Symlinking: /home/aniketh05/my_ros2_ws/install/my_msg_srv/local/lib/python3.10/dist-packages/my_msg_srv/msg/_my_msg_s.c
[14.054s] -- Symlinking: /home/aniketh05/my_ros2_ws/install/my_msg_srv/local/lib/python3.10/dist-packages/my_msg_srv/msg/_sphere.py
[14.064s] -- Symlinking: /home/aniketh05/my_ros2_ws/install/my_msg_srv/local/lib/python3.10/dist-packages/my_msg_srv/msg/_sphere_s.c
[14.072s] -- Symlinking: /home/aniketh05/my_ros2_ws/install/my_msg_srv/local/lib/python3.10/dist-packages/my_msg_srv/my_msg_srv_s__rosidl_typesupport_c.cpython-310-x86_64-linux-gnu.so
[14.082s] -- Symlinking: /home/aniketh05/my_ros2_ws/install/my_msg_srv/local/lib/python3.10/dist-packages/my_msg_srv/my_msg_srv_s__rosidl_typesupport_fastrtps_c.cpython-310-x86_64-linux-gnu.so
[14.092s] -- Symlinking: /home/aniketh05/my_ros2_ws/install/my_msg_srv/local/lib/python3.10/dist-packages/my_msg_srv/my_msg_srv_s__rosidl_typesupport_introspection_c.cpython-310-x86_64-linux-gnu.so
[14.103s] -- Symlinking: /home/aniketh05/my_ros2_ws/install/my_msg_srv/local/lib/python3.10/dist-packages/my_msg_srv/srv/__init__.py
[14.114s] -- Symlinking: /home/aniketh05/my_ros2_ws/install/my_msg_srv/local/lib/python3.10/dist-packages/my_msg_srv/srv/_add_three_nums.py
[14.122s] -- Symlinking: /home/aniketh05/my_ros2_ws/install/my_msg_srv/local/lib/python3.10/dist-packages/my_msg_srv/srv/_add_three_nums_s.c
[14.131s] -- Up-to-date symlink: /home/aniketh05/my_ros2_ws/install/my_msg_srv/local/lib/python3.10/dist-packages/my_msg_srv/my_msg_srv_s__rosidl_typesupport_fastrtps_c.cpython-310-x86_64-linux-gnu.so
[14.132s] -- Up-to-date symlink: /home/aniketh05/my_ros2_ws/install/my_msg_srv/local/lib/python3.10/dist-packages/my_msg_srv/my_msg_srv_s__rosidl_typesupport_introspection_c.cpython-310-x86_64-linux-gnu.so
[14.132s] -- Up-to-date symlink: /home/aniketh05/my_ros2_ws/install/my_msg_srv/local/lib/python3.10/dist-packages/my_msg_srv/my_msg_srv_s__rosidl_typesupport_c.cpython-310-x86_64-linux-gnu.so
[14.132s] -- Symlinking: /home/aniketh05/my_ros2_ws/install/my_msg_srv/share/my_msg_srv/msg/MyMsg.idl
[14.144s] -- Symlinking: /home/aniketh05/my_ros2_ws/install/my_msg_srv/share/my_msg_srv/msg/Sphere.idl
[14.153s] -- Symlinking: /home/aniketh05/my_ros2_ws/install/my_msg_srv/share/my_msg_srv/srv/AddThreeNums.idl
[14.164s] -- Symlinking: /home/aniketh05/my_ros2_ws/install/my_msg_srv/share/my_msg_srv/msg/MyMsg.msg
[14.174s] -- Symlinking: /home/aniketh05/my_ros2_ws/install/my_msg_srv/share/my_msg_srv/msg/Sphere.msg
[14.185s] -- Symlinking: /home/aniketh05/my_ros2_ws/install/my_msg_srv/share/my_msg_srv/srv/AddThreeNums.srv
[14.194s] -- Symlinking: /home/aniketh05/my_ros2_ws/install/my_msg_srv/share/my_msg_srv/srv/AddThreeNums_Request.msg
[14.204s] -- Symlinking: /home/aniketh05/my_ros2_ws/install/my_msg_srv/share/my_msg_srv/srv/AddThreeNums_Response.msg
[14.215s] -- Symlinking: /home/aniketh05/my_ros2_ws/install/my_msg_srv/share/ament_index/resource_index/package_run_dependencies/my_msg_srv
[14.224s] -- Symlinking: /home/aniketh05/my_ros2_ws/install/my_msg_srv/share/ament_index/resource_index/parent_prefix_path/my_msg_srv
[14.234s] -- Symlinking: /home/aniketh05/my_ros2_ws/install/my_msg_srv/share/my_msg_srv/environment/ament_prefix_path.sh
[14.242s] -- Symlinking: /home/aniketh05/my_ros2_ws/install/my_msg_srv/share/my_msg_srv/environment/ament_prefix_path.dsv
[14.252s] -- Symlinking: /home/aniketh05/my_ros2_ws/install/my_msg_srv/share/my_msg_srv/environment/path.sh
[14.262s] -- Symlinking: /home/aniketh05/my_ros2_ws/install/my_msg_srv/share/my_msg_srv/environment/path.dsv
[14.272s] -- Symlinking: /home/aniketh05/my_ros2_ws/install/my_msg_srv/share/my_msg_srv/local_setup.bash
[14.284s] -- Symlinking: /home/aniketh05/my_ros2_ws/install/my_msg_srv/share/my_msg_srv/local_setup.sh
[14.302s] -- Symlinking: /home/aniketh05/my_ros2_ws/install/my_msg_srv/share/my_msg_srv/local_setup.zsh
[14.313s] -- Symlinking: /home/aniketh05/my_ros2_ws/install/my_msg_srv/share/my_msg_srv/local_setup.dsv
[14.323s] -- Symlinking: /home/aniketh05/my_ros2_ws/install/my_msg_srv/share/my_msg_srv/package.dsv
[14.333s] -- Symlinking: /home/aniketh05/my_ros2_ws/install/my_msg_srv/share/ament_index/resource_index/packages/my_msg_srv
[14.344s] -- Symlinking: /home/aniketh05/my_ros2_ws/install/my_msg_srv/share/my_msg_srv/cmake/rosidl_cmake-extras.cmake
[14.354s] -- Symlinking: /home/aniketh05/my_ros2_ws/install/my_msg_srv/share/my_msg_srv/cmake/ament_cmake_export_dependencies-extras.cmake
[14.363s] -- Symlinking: /home/aniketh05/my_ros2_ws/install/my_msg_srv/share/my_msg_srv/cmake/ament_cmake_export_include_directories-extras.cmake
[14.372s] -- Symlinking: /home/aniketh05/my_ros2_ws/install/my_msg_srv/share/my_msg_srv/cmake/ament_cmake_export_libraries-extras.cmake
[14.382s] -- Symlinking: /home/aniketh05/my_ros2_ws/install/my_msg_srv/share/my_msg_srv/cmake/ament_cmake_export_targets-extras.cmake
[14.392s] -- Symlinking: /home/aniketh05/my_ros2_ws/install/my_msg_srv/share/my_msg_srv/cmake/rosidl_cmake_export_typesupport_targets-extras.cmake
[14.406s] -- Symlinking: /home/aniketh05/my_ros2_ws/install/my_msg_srv/share/my_msg_srv/cmake/rosidl_cmake_export_typesupport_libraries-extras.cmake
[14.420s] -- Symlinking: /home/aniketh05/my_ros2_ws/install/my_msg_srv/share/my_msg_srv/cmake/my_msg_srvConfig.cmake
[14.433s] -- Symlinking: /home/aniketh05/my_ros2_ws/install/my_msg_srv/share/my_msg_srv/cmake/my_msg_srvConfig-version.cmake
[14.456s] -- Symlinking: /home/aniketh05/my_ros2_ws/install/my_msg_srv/share/my_msg_srv/package.xml
[14.474s] -- Installing: /home/aniketh05/my_ros2_ws/install/my_msg_srv/lib/libmy_msg_srv__rosidl_generator_c.so
[14.479s] -- Set runtime path of "/home/aniketh05/my_ros2_ws/install/my_msg_srv/lib/libmy_msg_srv__rosidl_generator_c.so" to ""
[14.480s] -- Installing: /home/aniketh05/my_ros2_ws/install/my_msg_srv/lib/libmy_msg_srv__rosidl_typesupport_fastrtps_c.so
[14.481s] -- Set runtime path of "/home/aniketh05/my_ros2_ws/install/my_msg_srv/lib/libmy_msg_srv__rosidl_typesupport_fastrtps_c.so" to ""
[14.481s] -- Installing: /home/aniketh05/my_ros2_ws/install/my_msg_srv/lib/libmy_msg_srv__rosidl_typesupport_introspection_c.so
[14.481s] -- Set runtime path of "/home/aniketh05/my_ros2_ws/install/my_msg_srv/lib/libmy_msg_srv__rosidl_typesupport_introspection_c.so" to ""
[14.481s] -- Installing: /home/aniketh05/my_ros2_ws/install/my_msg_srv/lib/libmy_msg_srv__rosidl_typesupport_c.so
[14.481s] -- Set runtime path of "/home/aniketh05/my_ros2_ws/install/my_msg_srv/lib/libmy_msg_srv__rosidl_typesupport_c.so" to ""
[14.481s] -- Installing: /home/aniketh05/my_ros2_ws/install/my_msg_srv/lib/libmy_msg_srv__rosidl_typesupport_fastrtps_cpp.so
[14.481s] -- Set runtime path of "/home/aniketh05/my_ros2_ws/install/my_msg_srv/lib/libmy_msg_srv__rosidl_typesupport_fastrtps_cpp.so" to ""
[14.481s] -- Installing: /home/aniketh05/my_ros2_ws/install/my_msg_srv/lib/libmy_msg_srv__rosidl_typesupport_introspection_cpp.so
[14.483s] -- Set runtime path of "/home/aniketh05/my_ros2_ws/install/my_msg_srv/lib/libmy_msg_srv__rosidl_typesupport_introspection_cpp.so" to ""
[14.483s] -- Installing: /home/aniketh05/my_ros2_ws/install/my_msg_srv/lib/libmy_msg_srv__rosidl_typesupport_cpp.so
[14.483s] -- Set runtime path of "/home/aniketh05/my_ros2_ws/install/my_msg_srv/lib/libmy_msg_srv__rosidl_typesupport_cpp.so" to ""
[14.566s] Listing '/home/aniketh05/my_ros2_ws/install/my_msg_srv/local/lib/python3.10/dist-packages/my_msg_srv'...
[14.566s] Compiling '/home/aniketh05/my_ros2_ws/install/my_msg_srv/local/lib/python3.10/dist-packages/my_msg_srv/__init__.py'...
[14.566s] Listing '/home/aniketh05/my_ros2_ws/install/my_msg_srv/local/lib/python3.10/dist-packages/my_msg_srv/msg'...
[14.566s] Compiling '/home/aniketh05/my_ros2_ws/install/my_msg_srv/local/lib/python3.10/dist-packages/my_msg_srv/msg/__init__.py'...
[14.567s] Compiling '/home/aniketh05/my_ros2_ws/install/my_msg_srv/local/lib/python3.10/dist-packages/my_msg_srv/msg/_my_msg.py'...
[14.567s] Compiling '/home/aniketh05/my_ros2_ws/install/my_msg_srv/local/lib/python3.10/dist-packages/my_msg_srv/msg/_sphere.py'...
[14.567s] Listing '/home/aniketh05/my_ros2_ws/install/my_msg_srv/local/lib/python3.10/dist-packages/my_msg_srv/srv'...
[14.567s] Compiling '/home/aniketh05/my_ros2_ws/install/my_msg_srv/local/lib/python3.10/dist-packages/my_msg_srv/srv/__init__.py'...
[14.567s] Compiling '/home/aniketh05/my_ros2_ws/install/my_msg_srv/local/lib/python3.10/dist-packages/my_msg_srv/srv/_add_three_nums.py'...
[14.575s] -- Installing: /home/aniketh05/my_ros2_ws/install/my_msg_srv/lib/libmy_msg_srv__rosidl_generator_py.so
[14.576s] -- Set runtime path of "/home/aniketh05/my_ros2_ws/install/my_msg_srv/lib/libmy_msg_srv__rosidl_generator_py.so" to ""
[14.577s] -- Installing: /home/aniketh05/my_ros2_ws/install/my_msg_srv/share/my_msg_srv/cmake/export_my_msg_srv__rosidl_generator_cExport.cmake
[14.578s] -- Installing: /home/aniketh05/my_ros2_ws/install/my_msg_srv/share/my_msg_srv/cmake/export_my_msg_srv__rosidl_generator_cExport-noconfig.cmake
[14.578s] -- Installing: /home/aniketh05/my_ros2_ws/install/my_msg_srv/share/my_msg_srv/cmake/export_my_msg_srv__rosidl_typesupport_fastrtps_cExport.cmake
[14.578s] -- Installing: /home/aniketh05/my_ros2_ws/install/my_msg_srv/share/my_msg_srv/cmake/export_my_msg_srv__rosidl_typesupport_fastrtps_cExport-noconfig.cmake
[14.580s] -- Installing: /home/aniketh05/my_ros2_ws/install/my_msg_srv/share/my_msg_srv/cmake/my_msg_srv__rosidl_typesupport_introspection_cExport.cmake
[14.581s] -- Installing: /home/aniketh05/my_ros2_ws/install/my_msg_srv/share/my_msg_srv/cmake/my_msg_srv__rosidl_typesupport_introspection_cExport-noconfig.cmake
[14.582s] -- Installing: /home/aniketh05/my_ros2_ws/install/my_msg_srv/share/my_msg_srv/cmake/my_msg_srv__rosidl_typesupport_cExport.cmake
[14.582s] -- Installing: /home/aniketh05/my_ros2_ws/install/my_msg_srv/share/my_msg_srv/cmake/my_msg_srv__rosidl_typesupport_cExport-noconfig.cmake
[14.582s] -- Installing: /home/aniketh05/my_ros2_ws/install/my_msg_srv/share/my_msg_srv/cmake/export_my_msg_srv__rosidl_generator_cppExport.cmake
[14.583s] -- Installing: /home/aniketh05/my_ros2_ws/install/my_msg_srv/share/my_msg_srv/cmake/export_my_msg_srv__rosidl_typesupport_fastrtps_cppExport.cmake
[14.583s] -- Installing: /home/aniketh05/my_ros2_ws/install/my_msg_srv/share/my_msg_srv/cmake/export_my_msg_srv__rosidl_typesupport_fastrtps_cppExport-noconfig.cmake
[14.583s] -- Installing: /home/aniketh05/my_ros2_ws/install/my_msg_srv/share/my_msg_srv/cmake/my_msg_srv__rosidl_typesupport_introspection_cppExport.cmake
[14.583s] -- Installing: /home/aniketh05/my_ros2_ws/install/my_msg_srv/share/my_msg_srv/cmake/my_msg_srv__rosidl_typesupport_introspection_cppExport-noconfig.cmake
[14.584s] -- Installing: /home/aniketh05/my_ros2_ws/install/my_msg_srv/share/my_msg_srv/cmake/my_msg_srv__rosidl_typesupport_cppExport.cmake
[14.585s] -- Installing: /home/aniketh05/my_ros2_ws/install/my_msg_srv/share/my_msg_srv/cmake/my_msg_srv__rosidl_typesupport_cppExport-noconfig.cmake
[14.585s] -- Installing: /home/aniketh05/my_ros2_ws/install/my_msg_srv/share/my_msg_srv/cmake/export_my_msg_srv__rosidl_generator_pyExport.cmake
[14.585s] -- Installing: /home/aniketh05/my_ros2_ws/install/my_msg_srv/share/my_msg_srv/cmake/export_my_msg_srv__rosidl_generator_pyExport-noconfig.cmake
[14.591s] Invoked command in '/home/aniketh05/my_ros2_ws/build/my_msg_srv' returned '0': CMAKE_PREFIX_PATH=${CMAKE_PREFIX_PATH}:/home/aniketh05/my_ros2_ws/install/turtle_control:/home/aniketh05/my_ros2_ws/install/my_services:/home/aniketh05/my_ros2_ws/install/my_pkg_prac:/home/aniketh05/my_ros2_ws/install/my_pkg_01:/opt/ros/humble /usr/bin/cmake --install /home/aniketh05/my_ros2_ws/build/my_msg_srv
