-- The C compiler identification is GNU 11.4.0
-- The CXX compiler identification is GNU 11.4.0
-- Detecting C compiler ABI info
-- Detecting C compiler ABI info - done
-- Check for working C compiler: /usr/bin/cc - skipped
-- Detecting C compile features
-- Detecting C compile features - done
-- Detecting CXX compiler ABI info
-- Detecting CXX compiler ABI info - done
-- Check for working CXX compiler: /usr/bin/c++ - skipped
-- Detecting CXX compile features
-- Detecting CXX compile features - done
-- Found ament_cmake: 1.3.11 (/opt/ros/humble/share/ament_cmake/cmake)
-- Found Python3: /usr/bin/python3 (found version "3.10.12") found components: Interpreter 
-- Override CMake install command with custom implementation using symlinks instead of copying resources
-- Found ament_lint_auto: 0.12.11 (/opt/ros/humble/share/ament_lint_auto/cmake)
-- Found geometry_msgs: 4.2.4 (/opt/ros/humble/share/geometry_msgs/cmake)
-- Found rosidl_generator_c: 3.1.6 (/opt/ros/humble/share/rosidl_generator_c/cmake)
-- Found rosidl_adapter: 3.1.6 (/opt/ros/humble/share/rosidl_adapter/cmake)
-- Found rosidl_generator_cpp: 3.1.6 (/opt/ros/humble/share/rosidl_generator_cpp/cmake)
-- Using all available rosidl_typesupport_c: rosidl_typesupport_fastrtps_c;rosidl_typesupport_introspection_c
-- Using all available rosidl_typesupport_cpp: rosidl_typesupport_fastrtps_cpp;rosidl_typesupport_introspection_cpp
-- Found rosidl_default_generators: 1.2.0 (/opt/ros/humble/share/rosidl_default_generators/cmake)
-- Found ament_cmake_ros: 0.10.0 (/opt/ros/humble/share/ament_cmake_ros/cmake)
-- Using all available rosidl_typesupport_c: rosidl_typesupport_fastrtps_c;rosidl_typesupport_introspection_c
-- Using all available rosidl_typesupport_cpp: rosidl_typesupport_fastrtps_cpp;rosidl_typesupport_introspection_cpp
-- Found PythonInterp: /usr/bin/python3 (found suitable version "3.10.12", minimum required is "3.6") 
-- Found python_cmake_module: 0.10.0 (/opt/ros/humble/share/python_cmake_module/cmake)
-- Found PythonLibs: /usr/lib/x86_64-linux-gnu/libpython3.10.so (found suitable version "3.10.12", minimum required is "3.5") 
-- Using PYTHON_EXECUTABLE: /usr/bin/python3
-- Using PYTHON_INCLUDE_DIRS: /usr/include/python3.10
-- Using PYTHON_LIBRARIES: /usr/lib/x86_64-linux-gnu/libpython3.10.so
-- Found PythonExtra: .so  
-- Added test 'lint_cmake' to check CMake code style
-- Added test 'xmllint' to check XML markup files
-- Configuring done
-- Generating done
-- Build files have been written to: /home/aniketh05/my_ros2_ws/src/build/my_msgs
[  2%] [34m[1mGenerating C code for ROS interfaces[0m
[  4%] [34m[1mGenerating C++ code for ROS interfaces[0m
[  4%] Built target ament_cmake_python_symlink_my_msgs
running egg_info
creating my_msgs.egg-info
writing my_msgs.egg-info/PKG-INFO
writing dependency_links to my_msgs.egg-info/dependency_links.txt
writing top-level names to my_msgs.egg-info/top_level.txt
writing manifest file 'my_msgs.egg-info/SOURCES.txt'
reading manifest file 'my_msgs.egg-info/SOURCES.txt'
writing manifest file 'my_msgs.egg-info/SOURCES.txt'
[  4%] Built target ament_cmake_python_build_my_msgs_egg
[  8%] [32mBuilding C object CMakeFiles/my_msgs__rosidl_generator_c.dir/rosidl_generator_c/my_msgs/msg/detail/my_msg__functions.c.o[0m
[  8%] [32mBuilding C object CMakeFiles/my_msgs__rosidl_generator_c.dir/rosidl_generator_c/my_msgs/msg/detail/sphere__functions.c.o[0m
[ 10%] [32mBuilding C object CMakeFiles/my_msgs__rosidl_generator_c.dir/rosidl_generator_c/my_msgs/srv/detail/add_three_nums__functions.c.o[0m
[ 10%] Built target my_msgs__cpp
[ 14%] [34m[1mGenerating C++ type support dispatch for ROS interfaces[0m
[ 14%] [34m[1mGenerating C++ type support for eProsima Fast-RTPS[0m
[ 17%] [34m[1mGenerating C++ introspection for ROS interfaces[0m
[ 19%] [32m[1mLinking C shared library libmy_msgs__rosidl_generator_c.so[0m
[ 19%] Built target my_msgs__rosidl_generator_c
[ 21%] [34m[1mGenerating C type support dispatch for ROS interfaces[0m
[ 23%] [34m[1mGenerating C introspection for ROS interfaces[0m
[ 25%] [34m[1mGenerating C type support for eProsima Fast-RTPS[0m
[ 29%] [32mBuilding CXX object CMakeFiles/my_msgs__rosidl_typesupport_cpp.dir/rosidl_typesupport_cpp/my_msgs/msg/my_msg__type_support.cpp.o[0m
[ 29%] [32mBuilding CXX object CMakeFiles/my_msgs__rosidl_typesupport_cpp.dir/rosidl_typesupport_cpp/my_msgs/msg/sphere__type_support.cpp.o[0m
[ 31%] [32mBuilding CXX object CMakeFiles/my_msgs__rosidl_typesupport_cpp.dir/rosidl_typesupport_cpp/my_msgs/srv/add_three_nums__type_support.cpp.o[0m
[ 34%] [32mBuilding CXX object CMakeFiles/my_msgs__rosidl_typesupport_introspection_cpp.dir/rosidl_typesupport_introspection_cpp/my_msgs/msg/detail/my_msg__type_support.cpp.o[0m
[ 36%] [32mBuilding CXX object CMakeFiles/my_msgs__rosidl_typesupport_introspection_cpp.dir/rosidl_typesupport_introspection_cpp/my_msgs/srv/detail/add_three_nums__type_support.cpp.o[0m
[ 38%] [32mBuilding CXX object CMakeFiles/my_msgs__rosidl_typesupport_introspection_cpp.dir/rosidl_typesupport_introspection_cpp/my_msgs/msg/detail/sphere__type_support.cpp.o[0m
[ 42%] [32mBuilding CXX object CMakeFiles/my_msgs__rosidl_typesupport_fastrtps_cpp.dir/rosidl_typesupport_fastrtps_cpp/my_msgs/msg/detail/dds_fastrtps/sphere__type_support.cpp.o[0m
[ 42%] [32mBuilding CXX object CMakeFiles/my_msgs__rosidl_typesupport_fastrtps_cpp.dir/rosidl_typesupport_fastrtps_cpp/my_msgs/msg/detail/dds_fastrtps/my_msg__type_support.cpp.o[0m
[ 44%] [32mBuilding CXX object CMakeFiles/my_msgs__rosidl_typesupport_fastrtps_cpp.dir/rosidl_typesupport_fastrtps_cpp/my_msgs/srv/detail/dds_fastrtps/add_three_nums__type_support.cpp.o[0m
[ 46%] [32mBuilding CXX object CMakeFiles/my_msgs__rosidl_typesupport_c.dir/rosidl_typesupport_c/my_msgs/msg/my_msg__type_support.cpp.o[0m
[ 48%] [32mBuilding CXX object CMakeFiles/my_msgs__rosidl_typesupport_c.dir/rosidl_typesupport_c/my_msgs/msg/sphere__type_support.cpp.o[0m
[ 51%] [32mBuilding CXX object CMakeFiles/my_msgs__rosidl_typesupport_c.dir/rosidl_typesupport_c/my_msgs/srv/add_three_nums__type_support.cpp.o[0m
[ 53%] [32mBuilding C object CMakeFiles/my_msgs__rosidl_typesupport_introspection_c.dir/rosidl_typesupport_introspection_c/my_msgs/msg/detail/my_msg__type_support.c.o[0m
[ 55%] [32m[1mLinking CXX shared library libmy_msgs__rosidl_typesupport_c.so[0m
[ 57%] [32mBuilding CXX object CMakeFiles/my_msgs__rosidl_typesupport_fastrtps_c.dir/rosidl_typesupport_fastrtps_c/my_msgs/msg/detail/my_msg__type_support_c.cpp.o[0m
[ 59%] [32mBuilding C object CMakeFiles/my_msgs__rosidl_typesupport_introspection_c.dir/rosidl_typesupport_introspection_c/my_msgs/msg/detail/sphere__type_support.c.o[0m
[ 61%] [32mBuilding C object CMakeFiles/my_msgs__rosidl_typesupport_introspection_c.dir/rosidl_typesupport_introspection_c/my_msgs/srv/detail/add_three_nums__type_support.c.o[0m
[ 63%] [32mBuilding CXX object CMakeFiles/my_msgs__rosidl_typesupport_fastrtps_c.dir/rosidl_typesupport_fastrtps_c/my_msgs/msg/detail/sphere__type_support_c.cpp.o[0m
[ 65%] [32mBuilding CXX object CMakeFiles/my_msgs__rosidl_typesupport_fastrtps_c.dir/rosidl_typesupport_fastrtps_c/my_msgs/srv/detail/add_three_nums__type_support_c.cpp.o[0m
[ 68%] [32m[1mLinking CXX shared library libmy_msgs__rosidl_typesupport_cpp.so[0m
[ 70%] [32m[1mLinking C shared library libmy_msgs__rosidl_typesupport_introspection_c.so[0m
[ 70%] Built target my_msgs__rosidl_typesupport_c
[ 70%] Built target my_msgs__rosidl_typesupport_cpp
[ 72%] [32m[1mLinking CXX shared library libmy_msgs__rosidl_typesupport_introspection_cpp.so[0m
[ 72%] Built target my_msgs__rosidl_typesupport_introspection_c
[ 74%] [32m[1mLinking CXX shared library libmy_msgs__rosidl_typesupport_fastrtps_cpp.so[0m
[ 74%] Built target my_msgs__rosidl_typesupport_introspection_cpp
[ 76%] [32m[1mLinking CXX shared library libmy_msgs__rosidl_typesupport_fastrtps_c.so[0m
[ 76%] Built target my_msgs__rosidl_typesupport_fastrtps_cpp
[ 76%] Built target my_msgs__rosidl_typesupport_fastrtps_c
[ 76%] Built target my_msgs
[ 78%] [34m[1mGenerating Python code for ROS interfaces[0m
[ 78%] Built target my_msgs__py
[ 82%] [32mBuilding C object CMakeFiles/my_msgs__rosidl_generator_py.dir/rosidl_generator_py/my_msgs/msg/_my_msg_s.c.o[0m
[ 82%] [32mBuilding C object CMakeFiles/my_msgs__rosidl_generator_py.dir/rosidl_generator_py/my_msgs/srv/_add_three_nums_s.c.o[0m
[ 85%] [32mBuilding C object CMakeFiles/my_msgs__rosidl_generator_py.dir/rosidl_generator_py/my_msgs/msg/_sphere_s.c.o[0m
[ 87%] [32m[1mLinking C shared library rosidl_generator_py/my_msgs/libmy_msgs__rosidl_generator_py.so[0m
[ 87%] Built target my_msgs__rosidl_generator_py
[ 91%] [32mBuilding C object CMakeFiles/my_msgs__rosidl_typesupport_fastrtps_c__pyext.dir/rosidl_generator_py/my_msgs/_my_msgs_s.ep.rosidl_typesupport_fastrtps_c.c.o[0m
[ 91%] [32mBuilding C object CMakeFiles/my_msgs__rosidl_typesupport_introspection_c__pyext.dir/rosidl_generator_py/my_msgs/_my_msgs_s.ep.rosidl_typesupport_introspection_c.c.o[0m
[ 93%] [32mBuilding C object CMakeFiles/my_msgs__rosidl_typesupport_c__pyext.dir/rosidl_generator_py/my_msgs/_my_msgs_s.ep.rosidl_typesupport_c.c.o[0m
[ 95%] [32m[1mLinking C shared library rosidl_generator_py/my_msgs/my_msgs_s__rosidl_typesupport_c.cpython-310-x86_64-linux-gnu.so[0m
[ 97%] [32m[1mLinking C shared library rosidl_generator_py/my_msgs/my_msgs_s__rosidl_typesupport_fastrtps_c.cpython-310-x86_64-linux-gnu.so[0m
[100%] [32m[1mLinking C shared library rosidl_generator_py/my_msgs/my_msgs_s__rosidl_typesupport_introspection_c.cpython-310-x86_64-linux-gnu.so[0m
[100%] Built target my_msgs__rosidl_typesupport_introspection_c__pyext
[100%] Built target my_msgs__rosidl_typesupport_fastrtps_c__pyext
[100%] Built target my_msgs__rosidl_typesupport_c__pyext
-- Install configuration: ""
-- Execute custom install script
-- Symlinking: /home/aniketh05/my_ros2_ws/src/install/my_msgs/share/ament_index/resource_index/rosidl_interfaces/my_msgs
-- Symlinking: /home/aniketh05/my_ros2_ws/src/install/my_msgs/include/my_msgs/my_msgs/msg/detail/my_msg__functions.h
-- Symlinking: /home/aniketh05/my_ros2_ws/src/install/my_msgs/include/my_msgs/my_msgs/msg/detail/my_msg__struct.h
-- Symlinking: /home/aniketh05/my_ros2_ws/src/install/my_msgs/include/my_msgs/my_msgs/msg/detail/my_msg__type_support.h
-- Symlinking: /home/aniketh05/my_ros2_ws/src/install/my_msgs/include/my_msgs/my_msgs/msg/detail/sphere__functions.h
-- Symlinking: /home/aniketh05/my_ros2_ws/src/install/my_msgs/include/my_msgs/my_msgs/msg/detail/sphere__struct.h
-- Symlinking: /home/aniketh05/my_ros2_ws/src/install/my_msgs/include/my_msgs/my_msgs/msg/detail/sphere__type_support.h
-- Symlinking: /home/aniketh05/my_ros2_ws/src/install/my_msgs/include/my_msgs/my_msgs/msg/my_msg.h
-- Symlinking: /home/aniketh05/my_ros2_ws/src/install/my_msgs/include/my_msgs/my_msgs/msg/rosidl_generator_c__visibility_control.h
-- Symlinking: /home/aniketh05/my_ros2_ws/src/install/my_msgs/include/my_msgs/my_msgs/msg/sphere.h
-- Symlinking: /home/aniketh05/my_ros2_ws/src/install/my_msgs/include/my_msgs/my_msgs/srv/add_three_nums.h
-- Symlinking: /home/aniketh05/my_ros2_ws/src/install/my_msgs/include/my_msgs/my_msgs/srv/detail/add_three_nums__functions.h
-- Symlinking: /home/aniketh05/my_ros2_ws/src/install/my_msgs/include/my_msgs/my_msgs/srv/detail/add_three_nums__struct.h
-- Symlinking: /home/aniketh05/my_ros2_ws/src/install/my_msgs/include/my_msgs/my_msgs/srv/detail/add_three_nums__type_support.h
-- Symlinking: /home/aniketh05/my_ros2_ws/src/install/my_msgs/share/my_msgs/environment/library_path.sh
-- Symlinking: /home/aniketh05/my_ros2_ws/src/install/my_msgs/share/my_msgs/environment/library_path.dsv
-- Symlinking: /home/aniketh05/my_ros2_ws/src/install/my_msgs/include/my_msgs/my_msgs/msg/detail/my_msg__rosidl_typesupport_fastrtps_c.h
-- Symlinking: /home/aniketh05/my_ros2_ws/src/install/my_msgs/include/my_msgs/my_msgs/msg/detail/sphere__rosidl_typesupport_fastrtps_c.h
-- Symlinking: /home/aniketh05/my_ros2_ws/src/install/my_msgs/include/my_msgs/my_msgs/msg/rosidl_typesupport_fastrtps_c__visibility_control.h
-- Symlinking: /home/aniketh05/my_ros2_ws/src/install/my_msgs/include/my_msgs/my_msgs/srv/detail/add_three_nums__rosidl_typesupport_fastrtps_c.h
-- Symlinking: /home/aniketh05/my_ros2_ws/src/install/my_msgs/include/my_msgs/my_msgs/msg/detail/my_msg__builder.hpp
-- Symlinking: /home/aniketh05/my_ros2_ws/src/install/my_msgs/include/my_msgs/my_msgs/msg/detail/my_msg__struct.hpp
-- Symlinking: /home/aniketh05/my_ros2_ws/src/install/my_msgs/include/my_msgs/my_msgs/msg/detail/my_msg__traits.hpp
-- Symlinking: /home/aniketh05/my_ros2_ws/src/install/my_msgs/include/my_msgs/my_msgs/msg/detail/my_msg__type_support.hpp
-- Symlinking: /home/aniketh05/my_ros2_ws/src/install/my_msgs/include/my_msgs/my_msgs/msg/detail/sphere__builder.hpp
-- Symlinking: /home/aniketh05/my_ros2_ws/src/install/my_msgs/include/my_msgs/my_msgs/msg/detail/sphere__struct.hpp
-- Symlinking: /home/aniketh05/my_ros2_ws/src/install/my_msgs/include/my_msgs/my_msgs/msg/detail/sphere__traits.hpp
-- Symlinking: /home/aniketh05/my_ros2_ws/src/install/my_msgs/include/my_msgs/my_msgs/msg/detail/sphere__type_support.hpp
-- Symlinking: /home/aniketh05/my_ros2_ws/src/install/my_msgs/include/my_msgs/my_msgs/msg/my_msg.hpp
-- Symlinking: /home/aniketh05/my_ros2_ws/src/install/my_msgs/include/my_msgs/my_msgs/msg/rosidl_generator_cpp__visibility_control.hpp
-- Symlinking: /home/aniketh05/my_ros2_ws/src/install/my_msgs/include/my_msgs/my_msgs/msg/sphere.hpp
-- Symlinking: /home/aniketh05/my_ros2_ws/src/install/my_msgs/include/my_msgs/my_msgs/srv/add_three_nums.hpp
-- Symlinking: /home/aniketh05/my_ros2_ws/src/install/my_msgs/include/my_msgs/my_msgs/srv/detail/add_three_nums__builder.hpp
-- Symlinking: /home/aniketh05/my_ros2_ws/src/install/my_msgs/include/my_msgs/my_msgs/srv/detail/add_three_nums__struct.hpp
-- Symlinking: /home/aniketh05/my_ros2_ws/src/install/my_msgs/include/my_msgs/my_msgs/srv/detail/add_three_nums__traits.hpp
-- Symlinking: /home/aniketh05/my_ros2_ws/src/install/my_msgs/include/my_msgs/my_msgs/srv/detail/add_three_nums__type_support.hpp
-- Symlinking: /home/aniketh05/my_ros2_ws/src/install/my_msgs/include/my_msgs/my_msgs/msg/detail/my_msg__rosidl_typesupport_fastrtps_cpp.hpp
-- Symlinking: /home/aniketh05/my_ros2_ws/src/install/my_msgs/include/my_msgs/my_msgs/msg/detail/sphere__rosidl_typesupport_fastrtps_cpp.hpp
-- Symlinking: /home/aniketh05/my_ros2_ws/src/install/my_msgs/include/my_msgs/my_msgs/msg/rosidl_typesupport_fastrtps_cpp__visibility_control.h
-- Symlinking: /home/aniketh05/my_ros2_ws/src/install/my_msgs/include/my_msgs/my_msgs/srv/detail/add_three_nums__rosidl_typesupport_fastrtps_cpp.hpp
-- Symlinking: /home/aniketh05/my_ros2_ws/src/install/my_msgs/include/my_msgs/my_msgs/msg/detail/my_msg__rosidl_typesupport_introspection_c.h
-- Symlinking: /home/aniketh05/my_ros2_ws/src/install/my_msgs/include/my_msgs/my_msgs/msg/detail/sphere__rosidl_typesupport_introspection_c.h
-- Symlinking: /home/aniketh05/my_ros2_ws/src/install/my_msgs/include/my_msgs/my_msgs/msg/rosidl_typesupport_introspection_c__visibility_control.h
-- Symlinking: /home/aniketh05/my_ros2_ws/src/install/my_msgs/include/my_msgs/my_msgs/srv/detail/add_three_nums__rosidl_typesupport_introspection_c.h
-- Symlinking: /home/aniketh05/my_ros2_ws/src/install/my_msgs/include/my_msgs/my_msgs/msg/detail/my_msg__rosidl_typesupport_introspection_cpp.hpp
-- Symlinking: /home/aniketh05/my_ros2_ws/src/install/my_msgs/include/my_msgs/my_msgs/msg/detail/sphere__rosidl_typesupport_introspection_cpp.hpp
-- Symlinking: /home/aniketh05/my_ros2_ws/src/install/my_msgs/include/my_msgs/my_msgs/srv/detail/add_three_nums__rosidl_typesupport_introspection_cpp.hpp
-- Symlinking: /home/aniketh05/my_ros2_ws/src/install/my_msgs/share/my_msgs/environment/pythonpath.sh
-- Symlinking: /home/aniketh05/my_ros2_ws/src/install/my_msgs/share/my_msgs/environment/pythonpath.dsv
-- Symlinking: /home/aniketh05/my_ros2_ws/src/install/my_msgs/local/lib/python3.10/dist-packages/my_msgs-0.0.0-py3.10.egg-info/PKG-INFO
-- Symlinking: /home/aniketh05/my_ros2_ws/src/install/my_msgs/local/lib/python3.10/dist-packages/my_msgs-0.0.0-py3.10.egg-info/SOURCES.txt
-- Symlinking: /home/aniketh05/my_ros2_ws/src/install/my_msgs/local/lib/python3.10/dist-packages/my_msgs-0.0.0-py3.10.egg-info/dependency_links.txt
-- Symlinking: /home/aniketh05/my_ros2_ws/src/install/my_msgs/local/lib/python3.10/dist-packages/my_msgs-0.0.0-py3.10.egg-info/top_level.txt
-- Symlinking: /home/aniketh05/my_ros2_ws/src/install/my_msgs/local/lib/python3.10/dist-packages/my_msgs/__init__.py
-- Symlinking: /home/aniketh05/my_ros2_ws/src/install/my_msgs/local/lib/python3.10/dist-packages/my_msgs/_my_msgs_s.ep.rosidl_typesupport_c.c
-- Symlinking: /home/aniketh05/my_ros2_ws/src/install/my_msgs/local/lib/python3.10/dist-packages/my_msgs/_my_msgs_s.ep.rosidl_typesupport_fastrtps_c.c
-- Symlinking: /home/aniketh05/my_ros2_ws/src/install/my_msgs/local/lib/python3.10/dist-packages/my_msgs/_my_msgs_s.ep.rosidl_typesupport_introspection_c.c
-- Symlinking: /home/aniketh05/my_ros2_ws/src/install/my_msgs/local/lib/python3.10/dist-packages/my_msgs/libmy_msgs__rosidl_generator_py.so
-- Symlinking: /home/aniketh05/my_ros2_ws/src/install/my_msgs/local/lib/python3.10/dist-packages/my_msgs/msg/__init__.py
-- Symlinking: /home/aniketh05/my_ros2_ws/src/install/my_msgs/local/lib/python3.10/dist-packages/my_msgs/msg/_my_msg.py
-- Symlinking: /home/aniketh05/my_ros2_ws/src/install/my_msgs/local/lib/python3.10/dist-packages/my_msgs/msg/_my_msg_s.c
-- Symlinking: /home/aniketh05/my_ros2_ws/src/install/my_msgs/local/lib/python3.10/dist-packages/my_msgs/msg/_sphere.py
-- Symlinking: /home/aniketh05/my_ros2_ws/src/install/my_msgs/local/lib/python3.10/dist-packages/my_msgs/msg/_sphere_s.c
-- Symlinking: /home/aniketh05/my_ros2_ws/src/install/my_msgs/local/lib/python3.10/dist-packages/my_msgs/my_msgs_s__rosidl_typesupport_c.cpython-310-x86_64-linux-gnu.so
-- Symlinking: /home/aniketh05/my_ros2_ws/src/install/my_msgs/local/lib/python3.10/dist-packages/my_msgs/my_msgs_s__rosidl_typesupport_fastrtps_c.cpython-310-x86_64-linux-gnu.so
-- Symlinking: /home/aniketh05/my_ros2_ws/src/install/my_msgs/local/lib/python3.10/dist-packages/my_msgs/my_msgs_s__rosidl_typesupport_introspection_c.cpython-310-x86_64-linux-gnu.so
-- Symlinking: /home/aniketh05/my_ros2_ws/src/install/my_msgs/local/lib/python3.10/dist-packages/my_msgs/srv/__init__.py
-- Symlinking: /home/aniketh05/my_ros2_ws/src/install/my_msgs/local/lib/python3.10/dist-packages/my_msgs/srv/_add_three_nums.py
-- Symlinking: /home/aniketh05/my_ros2_ws/src/install/my_msgs/local/lib/python3.10/dist-packages/my_msgs/srv/_add_three_nums_s.c
-- Up-to-date symlink: /home/aniketh05/my_ros2_ws/src/install/my_msgs/local/lib/python3.10/dist-packages/my_msgs/my_msgs_s__rosidl_typesupport_fastrtps_c.cpython-310-x86_64-linux-gnu.so
-- Up-to-date symlink: /home/aniketh05/my_ros2_ws/src/install/my_msgs/local/lib/python3.10/dist-packages/my_msgs/my_msgs_s__rosidl_typesupport_introspection_c.cpython-310-x86_64-linux-gnu.so
-- Up-to-date symlink: /home/aniketh05/my_ros2_ws/src/install/my_msgs/local/lib/python3.10/dist-packages/my_msgs/my_msgs_s__rosidl_typesupport_c.cpython-310-x86_64-linux-gnu.so
-- Symlinking: /home/aniketh05/my_ros2_ws/src/install/my_msgs/share/my_msgs/msg/MyMsg.idl
-- Symlinking: /home/aniketh05/my_ros2_ws/src/install/my_msgs/share/my_msgs/msg/Sphere.idl
-- Symlinking: /home/aniketh05/my_ros2_ws/src/install/my_msgs/share/my_msgs/srv/AddThreeNums.idl
-- Symlinking: /home/aniketh05/my_ros2_ws/src/install/my_msgs/share/my_msgs/msg/MyMsg.msg
-- Symlinking: /home/aniketh05/my_ros2_ws/src/install/my_msgs/share/my_msgs/msg/Sphere.msg
-- Symlinking: /home/aniketh05/my_ros2_ws/src/install/my_msgs/share/my_msgs/srv/AddThreeNums.srv
-- Symlinking: /home/aniketh05/my_ros2_ws/src/install/my_msgs/share/my_msgs/srv/AddThreeNums_Request.msg
-- Symlinking: /home/aniketh05/my_ros2_ws/src/install/my_msgs/share/my_msgs/srv/AddThreeNums_Response.msg
-- Symlinking: /home/aniketh05/my_ros2_ws/src/install/my_msgs/share/ament_index/resource_index/package_run_dependencies/my_msgs
-- Symlinking: /home/aniketh05/my_ros2_ws/src/install/my_msgs/share/ament_index/resource_index/parent_prefix_path/my_msgs
-- Symlinking: /home/aniketh05/my_ros2_ws/src/install/my_msgs/share/my_msgs/environment/ament_prefix_path.sh
-- Symlinking: /home/aniketh05/my_ros2_ws/src/install/my_msgs/share/my_msgs/environment/ament_prefix_path.dsv
-- Symlinking: /home/aniketh05/my_ros2_ws/src/install/my_msgs/share/my_msgs/environment/path.sh
-- Symlinking: /home/aniketh05/my_ros2_ws/src/install/my_msgs/share/my_msgs/environment/path.dsv
-- Symlinking: /home/aniketh05/my_ros2_ws/src/install/my_msgs/share/my_msgs/local_setup.bash
-- Symlinking: /home/aniketh05/my_ros2_ws/src/install/my_msgs/share/my_msgs/local_setup.sh
-- Symlinking: /home/aniketh05/my_ros2_ws/src/install/my_msgs/share/my_msgs/local_setup.zsh
-- Symlinking: /home/aniketh05/my_ros2_ws/src/install/my_msgs/share/my_msgs/local_setup.dsv
-- Symlinking: /home/aniketh05/my_ros2_ws/src/install/my_msgs/share/my_msgs/package.dsv
-- Symlinking: /home/aniketh05/my_ros2_ws/src/install/my_msgs/share/ament_index/resource_index/packages/my_msgs
-- Symlinking: /home/aniketh05/my_ros2_ws/src/install/my_msgs/share/my_msgs/cmake/rosidl_cmake-extras.cmake
-- Symlinking: /home/aniketh05/my_ros2_ws/src/install/my_msgs/share/my_msgs/cmake/ament_cmake_export_dependencies-extras.cmake
-- Symlinking: /home/aniketh05/my_ros2_ws/src/install/my_msgs/share/my_msgs/cmake/ament_cmake_export_include_directories-extras.cmake
-- Symlinking: /home/aniketh05/my_ros2_ws/src/install/my_msgs/share/my_msgs/cmake/ament_cmake_export_libraries-extras.cmake
-- Symlinking: /home/aniketh05/my_ros2_ws/src/install/my_msgs/share/my_msgs/cmake/ament_cmake_export_targets-extras.cmake
-- Symlinking: /home/aniketh05/my_ros2_ws/src/install/my_msgs/share/my_msgs/cmake/rosidl_cmake_export_typesupport_targets-extras.cmake
-- Symlinking: /home/aniketh05/my_ros2_ws/src/install/my_msgs/share/my_msgs/cmake/rosidl_cmake_export_typesupport_libraries-extras.cmake
-- Symlinking: /home/aniketh05/my_ros2_ws/src/install/my_msgs/share/my_msgs/cmake/my_msgsConfig.cmake
-- Symlinking: /home/aniketh05/my_ros2_ws/src/install/my_msgs/share/my_msgs/cmake/my_msgsConfig-version.cmake
-- Symlinking: /home/aniketh05/my_ros2_ws/src/install/my_msgs/share/my_msgs/package.xml
-- Installing: /home/aniketh05/my_ros2_ws/src/install/my_msgs/lib/libmy_msgs__rosidl_generator_c.so
-- Set runtime path of "/home/aniketh05/my_ros2_ws/src/install/my_msgs/lib/libmy_msgs__rosidl_generator_c.so" to ""
-- Installing: /home/aniketh05/my_ros2_ws/src/install/my_msgs/lib/libmy_msgs__rosidl_typesupport_fastrtps_c.so
-- Set runtime path of "/home/aniketh05/my_ros2_ws/src/install/my_msgs/lib/libmy_msgs__rosidl_typesupport_fastrtps_c.so" to ""
-- Installing: /home/aniketh05/my_ros2_ws/src/install/my_msgs/lib/libmy_msgs__rosidl_typesupport_fastrtps_cpp.so
-- Set runtime path of "/home/aniketh05/my_ros2_ws/src/install/my_msgs/lib/libmy_msgs__rosidl_typesupport_fastrtps_cpp.so" to ""
-- Installing: /home/aniketh05/my_ros2_ws/src/install/my_msgs/lib/libmy_msgs__rosidl_typesupport_introspection_c.so
-- Set runtime path of "/home/aniketh05/my_ros2_ws/src/install/my_msgs/lib/libmy_msgs__rosidl_typesupport_introspection_c.so" to ""
-- Installing: /home/aniketh05/my_ros2_ws/src/install/my_msgs/lib/libmy_msgs__rosidl_typesupport_c.so
-- Set runtime path of "/home/aniketh05/my_ros2_ws/src/install/my_msgs/lib/libmy_msgs__rosidl_typesupport_c.so" to ""
-- Installing: /home/aniketh05/my_ros2_ws/src/install/my_msgs/lib/libmy_msgs__rosidl_typesupport_introspection_cpp.so
-- Set runtime path of "/home/aniketh05/my_ros2_ws/src/install/my_msgs/lib/libmy_msgs__rosidl_typesupport_introspection_cpp.so" to ""
-- Installing: /home/aniketh05/my_ros2_ws/src/install/my_msgs/lib/libmy_msgs__rosidl_typesupport_cpp.so
-- Set runtime path of "/home/aniketh05/my_ros2_ws/src/install/my_msgs/lib/libmy_msgs__rosidl_typesupport_cpp.so" to ""
Listing '/home/aniketh05/my_ros2_ws/src/install/my_msgs/local/lib/python3.10/dist-packages/my_msgs'...
Compiling '/home/aniketh05/my_ros2_ws/src/install/my_msgs/local/lib/python3.10/dist-packages/my_msgs/__init__.py'...
Listing '/home/aniketh05/my_ros2_ws/src/install/my_msgs/local/lib/python3.10/dist-packages/my_msgs/msg'...
Compiling '/home/aniketh05/my_ros2_ws/src/install/my_msgs/local/lib/python3.10/dist-packages/my_msgs/msg/__init__.py'...
Compiling '/home/aniketh05/my_ros2_ws/src/install/my_msgs/local/lib/python3.10/dist-packages/my_msgs/msg/_my_msg.py'...
Compiling '/home/aniketh05/my_ros2_ws/src/install/my_msgs/local/lib/python3.10/dist-packages/my_msgs/msg/_sphere.py'...
Listing '/home/aniketh05/my_ros2_ws/src/install/my_msgs/local/lib/python3.10/dist-packages/my_msgs/srv'...
Compiling '/home/aniketh05/my_ros2_ws/src/install/my_msgs/local/lib/python3.10/dist-packages/my_msgs/srv/__init__.py'...
Compiling '/home/aniketh05/my_ros2_ws/src/install/my_msgs/local/lib/python3.10/dist-packages/my_msgs/srv/_add_three_nums.py'...
-- Installing: /home/aniketh05/my_ros2_ws/src/install/my_msgs/lib/libmy_msgs__rosidl_generator_py.so
-- Set runtime path of "/home/aniketh05/my_ros2_ws/src/install/my_msgs/lib/libmy_msgs__rosidl_generator_py.so" to ""
-- Installing: /home/aniketh05/my_ros2_ws/src/install/my_msgs/share/my_msgs/cmake/export_my_msgs__rosidl_generator_cExport.cmake
-- Installing: /home/aniketh05/my_ros2_ws/src/install/my_msgs/share/my_msgs/cmake/export_my_msgs__rosidl_generator_cExport-noconfig.cmake
-- Installing: /home/aniketh05/my_ros2_ws/src/install/my_msgs/share/my_msgs/cmake/export_my_msgs__rosidl_typesupport_fastrtps_cExport.cmake
-- Installing: /home/aniketh05/my_ros2_ws/src/install/my_msgs/share/my_msgs/cmake/export_my_msgs__rosidl_typesupport_fastrtps_cExport-noconfig.cmake
-- Installing: /home/aniketh05/my_ros2_ws/src/install/my_msgs/share/my_msgs/cmake/export_my_msgs__rosidl_generator_cppExport.cmake
-- Installing: /home/aniketh05/my_ros2_ws/src/install/my_msgs/share/my_msgs/cmake/export_my_msgs__rosidl_typesupport_fastrtps_cppExport.cmake
-- Installing: /home/aniketh05/my_ros2_ws/src/install/my_msgs/share/my_msgs/cmake/export_my_msgs__rosidl_typesupport_fastrtps_cppExport-noconfig.cmake
-- Installing: /home/aniketh05/my_ros2_ws/src/install/my_msgs/share/my_msgs/cmake/my_msgs__rosidl_typesupport_introspection_cExport.cmake
-- Installing: /home/aniketh05/my_ros2_ws/src/install/my_msgs/share/my_msgs/cmake/my_msgs__rosidl_typesupport_introspection_cExport-noconfig.cmake
-- Installing: /home/aniketh05/my_ros2_ws/src/install/my_msgs/share/my_msgs/cmake/my_msgs__rosidl_typesupport_cExport.cmake
-- Installing: /home/aniketh05/my_ros2_ws/src/install/my_msgs/share/my_msgs/cmake/my_msgs__rosidl_typesupport_cExport-noconfig.cmake
-- Installing: /home/aniketh05/my_ros2_ws/src/install/my_msgs/share/my_msgs/cmake/my_msgs__rosidl_typesupport_introspection_cppExport.cmake
-- Installing: /home/aniketh05/my_ros2_ws/src/install/my_msgs/share/my_msgs/cmake/my_msgs__rosidl_typesupport_introspection_cppExport-noconfig.cmake
-- Installing: /home/aniketh05/my_ros2_ws/src/install/my_msgs/share/my_msgs/cmake/my_msgs__rosidl_typesupport_cppExport.cmake
-- Installing: /home/aniketh05/my_ros2_ws/src/install/my_msgs/share/my_msgs/cmake/my_msgs__rosidl_typesupport_cppExport-noconfig.cmake
-- Installing: /home/aniketh05/my_ros2_ws/src/install/my_msgs/share/my_msgs/cmake/export_my_msgs__rosidl_generator_pyExport.cmake
-- Installing: /home/aniketh05/my_ros2_ws/src/install/my_msgs/share/my_msgs/cmake/export_my_msgs__rosidl_generator_pyExport-noconfig.cmake
