[0.035s] Invoking command in '/home/aniketh05/my_ros2_ws/src/build/my_msgs': CMAKE_PREFIX_PATH=${CMAKE_PREFIX_PATH}:/home/aniketh05/my_ros2_ws/install/turtle_control:/home/aniketh05/my_ros2_ws/install/my_pkg_prac:/home/aniketh05/my_ros2_ws/install/my_pkg_01:/opt/ros/humble /usr/bin/cmake /home/aniketh05/my_ros2_ws/src/my_msgs -DAMENT_CMAKE_SYMLINK_INSTALL=1 -DCMAKE_INSTALL_PREFIX=/home/aniketh05/my_ros2_ws/src/install/my_msgs
[0.895s] -- The C compiler identification is GNU 11.4.0
[0.895s] -- The CXX compiler identification is GNU 11.4.0
[1.141s] -- Detecting C compiler ABI info
[1.280s] -- Detecting C compiler ABI info - done
[1.285s] -- Check for working C compiler: /usr/bin/cc - skipped
[1.286s] -- Detecting C compile features
[1.287s] -- Detecting C compile features - done
[1.290s] -- Detecting CXX compiler ABI info
[1.476s] -- Detecting CXX compiler ABI info - done
[1.482s] -- Check for working CXX compiler: /usr/bin/c++ - skipped
[1.482s] -- Detecting CXX compile features
[1.483s] -- Detecting CXX compile features - done
[1.513s] -- Found ament_cmake: 1.3.11 (/opt/ros/humble/share/ament_cmake/cmake)
[1.734s] -- Found Python3: /usr/bin/python3 (found version "3.10.12") found components: Interpreter 
[1.832s] -- Override CMake install command with custom implementation using symlinks instead of copying resources
[1.886s] -- Found ament_lint_auto: 0.12.11 (/opt/ros/humble/share/ament_lint_auto/cmake)
[2.008s] -- Found geometry_msgs: 4.2.4 (/opt/ros/humble/share/geometry_msgs/cmake)
[2.223s] -- Found rosidl_generator_c: 3.1.6 (/opt/ros/humble/share/rosidl_generator_c/cmake)
[2.232s] -- Found rosidl_adapter: 3.1.6 (/opt/ros/humble/share/rosidl_adapter/cmake)
[2.245s] -- Found rosidl_generator_cpp: 3.1.6 (/opt/ros/humble/share/rosidl_generator_cpp/cmake)
[2.279s] -- Using all available rosidl_typesupport_c: rosidl_typesupport_fastrtps_c;rosidl_typesupport_introspection_c
[2.311s] -- Using all available rosidl_typesupport_cpp: rosidl_typesupport_fastrtps_cpp;rosidl_typesupport_introspection_cpp
[2.380s] -- Found rosidl_default_generators: 1.2.0 (/opt/ros/humble/share/rosidl_default_generators/cmake)
[2.582s] -- Found ament_cmake_ros: 0.10.0 (/opt/ros/humble/share/ament_cmake_ros/cmake)
[2.902s] -- Using all available rosidl_typesupport_c: rosidl_typesupport_fastrtps_c;rosidl_typesupport_introspection_c
[3.016s] -- Using all available rosidl_typesupport_cpp: rosidl_typesupport_fastrtps_cpp;rosidl_typesupport_introspection_cpp
[3.094s] -- Found PythonInterp: /usr/bin/python3 (found suitable version "3.10.12", minimum required is "3.6") 
[3.096s] -- Found python_cmake_module: 0.10.0 (/opt/ros/humble/share/python_cmake_module/cmake)
[3.453s] -- Found PythonLibs: /usr/lib/x86_64-linux-gnu/libpython3.10.so (found suitable version "3.10.12", minimum required is "3.5") 
[3.453s] -- Using PYTHON_EXECUTABLE: /usr/bin/python3
[3.453s] -- Using PYTHON_INCLUDE_DIRS: /usr/include/python3.10
[3.453s] -- Using PYTHON_LIBRARIES: /usr/lib/x86_64-linux-gnu/libpython3.10.so
[3.470s] -- Found PythonExtra: .so  
[3.558s] -- Added test 'lint_cmake' to check CMake code style
[3.560s] -- Added test 'xmllint' to check XML markup files
[3.569s] -- Configuring done
[3.604s] -- Generating done
[3.614s] -- Build files have been written to: /home/aniketh05/my_ros2_ws/src/build/my_msgs
[3.623s] Invoked command in '/home/aniketh05/my_ros2_ws/src/build/my_msgs' returned '0': CMAKE_PREFIX_PATH=${CMAKE_PREFIX_PATH}:/home/aniketh05/my_ros2_ws/install/turtle_control:/home/aniketh05/my_ros2_ws/install/my_pkg_prac:/home/aniketh05/my_ros2_ws/install/my_pkg_01:/opt/ros/humble /usr/bin/cmake /home/aniketh05/my_ros2_ws/src/my_msgs -DAMENT_CMAKE_SYMLINK_INSTALL=1 -DCMAKE_INSTALL_PREFIX=/home/aniketh05/my_ros2_ws/src/install/my_msgs
[3.624s] Invoking command in '/home/aniketh05/my_ros2_ws/src/build/my_msgs': CMAKE_PREFIX_PATH=${CMAKE_PREFIX_PATH}:/home/aniketh05/my_ros2_ws/install/turtle_control:/home/aniketh05/my_ros2_ws/install/my_pkg_prac:/home/aniketh05/my_ros2_ws/install/my_pkg_01:/opt/ros/humble /usr/bin/cmake --build /home/aniketh05/my_ros2_ws/src/build/my_msgs -- -j12 -l12
[3.649s] [  2%] [34m[1mGenerating C code for ROS interfaces[0m
[3.657s] [  4%] [34m[1mGenerating C++ code for ROS interfaces[0m
[3.661s] [  4%] Built target ament_cmake_python_symlink_my_msgs
[3.863s] running egg_info
[3.864s] creating my_msgs.egg-info
[3.864s] writing my_msgs.egg-info/PKG-INFO
[3.864s] writing dependency_links to my_msgs.egg-info/dependency_links.txt
[3.864s] writing top-level names to my_msgs.egg-info/top_level.txt
[3.864s] writing manifest file 'my_msgs.egg-info/SOURCES.txt'
[3.865s] reading manifest file 'my_msgs.egg-info/SOURCES.txt'
[3.866s] writing manifest file 'my_msgs.egg-info/SOURCES.txt'
[3.889s] [  4%] Built target ament_cmake_python_build_my_msgs_egg
[3.958s] [  8%] [32mBuilding C object CMakeFiles/my_msgs__rosidl_generator_c.dir/rosidl_generator_c/my_msgs/msg/detail/my_msg__functions.c.o[0m
[3.958s] [  8%] [32mBuilding C object CMakeFiles/my_msgs__rosidl_generator_c.dir/rosidl_generator_c/my_msgs/msg/detail/sphere__functions.c.o[0m
[3.960s] [ 10%] [32mBuilding C object CMakeFiles/my_msgs__rosidl_generator_c.dir/rosidl_generator_c/my_msgs/srv/detail/add_three_nums__functions.c.o[0m
[3.966s] [ 10%] Built target my_msgs__cpp
[3.974s] [ 14%] [34m[1mGenerating C++ type support dispatch for ROS interfaces[0m
[3.974s] [ 14%] [34m[1mGenerating C++ type support for eProsima Fast-RTPS[0m
[3.976s] [ 17%] [34m[1mGenerating C++ introspection for ROS interfaces[0m
[4.055s] [ 19%] [32m[1mLinking C shared library libmy_msgs__rosidl_generator_c.so[0m
[4.147s] [ 19%] Built target my_msgs__rosidl_generator_c
[4.155s] [ 21%] [34m[1mGenerating C type support dispatch for ROS interfaces[0m
[4.156s] [ 23%] [34m[1mGenerating C introspection for ROS interfaces[0m
[4.156s] [ 25%] [34m[1mGenerating C type support for eProsima Fast-RTPS[0m
[4.248s] [ 29%] [32mBuilding CXX object CMakeFiles/my_msgs__rosidl_typesupport_cpp.dir/rosidl_typesupport_cpp/my_msgs/msg/my_msg__type_support.cpp.o[0m
[4.249s] [ 29%] [32mBuilding CXX object CMakeFiles/my_msgs__rosidl_typesupport_cpp.dir/rosidl_typesupport_cpp/my_msgs/msg/sphere__type_support.cpp.o[0m
[4.249s] [ 31%] [32mBuilding CXX object CMakeFiles/my_msgs__rosidl_typesupport_cpp.dir/rosidl_typesupport_cpp/my_msgs/srv/add_three_nums__type_support.cpp.o[0m
[4.280s] [ 34%] [32mBuilding CXX object CMakeFiles/my_msgs__rosidl_typesupport_introspection_cpp.dir/rosidl_typesupport_introspection_cpp/my_msgs/msg/detail/my_msg__type_support.cpp.o[0m
[4.282s] [ 36%] [32mBuilding CXX object CMakeFiles/my_msgs__rosidl_typesupport_introspection_cpp.dir/rosidl_typesupport_introspection_cpp/my_msgs/srv/detail/add_three_nums__type_support.cpp.o[0m
[4.282s] [ 38%] [32mBuilding CXX object CMakeFiles/my_msgs__rosidl_typesupport_introspection_cpp.dir/rosidl_typesupport_introspection_cpp/my_msgs/msg/detail/sphere__type_support.cpp.o[0m
[4.352s] [ 42%] [32mBuilding CXX object CMakeFiles/my_msgs__rosidl_typesupport_fastrtps_cpp.dir/rosidl_typesupport_fastrtps_cpp/my_msgs/msg/detail/dds_fastrtps/sphere__type_support.cpp.o[0m
[4.352s] [ 42%] [32mBuilding CXX object CMakeFiles/my_msgs__rosidl_typesupport_fastrtps_cpp.dir/rosidl_typesupport_fastrtps_cpp/my_msgs/msg/detail/dds_fastrtps/my_msg__type_support.cpp.o[0m
[4.353s] [ 44%] [32mBuilding CXX object CMakeFiles/my_msgs__rosidl_typesupport_fastrtps_cpp.dir/rosidl_typesupport_fastrtps_cpp/my_msgs/srv/detail/dds_fastrtps/add_three_nums__type_support.cpp.o[0m
[4.522s] [ 46%] [32mBuilding CXX object CMakeFiles/my_msgs__rosidl_typesupport_c.dir/rosidl_typesupport_c/my_msgs/msg/my_msg__type_support.cpp.o[0m
[4.569s] [ 48%] [32mBuilding CXX object CMakeFiles/my_msgs__rosidl_typesupport_c.dir/rosidl_typesupport_c/my_msgs/msg/sphere__type_support.cpp.o[0m
[4.609s] [ 51%] [32mBuilding CXX object CMakeFiles/my_msgs__rosidl_typesupport_c.dir/rosidl_typesupport_c/my_msgs/srv/add_three_nums__type_support.cpp.o[0m
[4.639s] [ 53%] [32mBuilding C object CMakeFiles/my_msgs__rosidl_typesupport_introspection_c.dir/rosidl_typesupport_introspection_c/my_msgs/msg/detail/my_msg__type_support.c.o[0m
[4.652s] [ 55%] [32m[1mLinking CXX shared library libmy_msgs__rosidl_typesupport_c.so[0m
[4.663s] [ 57%] [32mBuilding CXX object CMakeFiles/my_msgs__rosidl_typesupport_fastrtps_c.dir/rosidl_typesupport_fastrtps_c/my_msgs/msg/detail/my_msg__type_support_c.cpp.o[0m
[4.691s] [ 59%] [32mBuilding C object CMakeFiles/my_msgs__rosidl_typesupport_introspection_c.dir/rosidl_typesupport_introspection_c/my_msgs/msg/detail/sphere__type_support.c.o[0m
[4.743s] [ 61%] [32mBuilding C object CMakeFiles/my_msgs__rosidl_typesupport_introspection_c.dir/rosidl_typesupport_introspection_c/my_msgs/srv/detail/add_three_nums__type_support.c.o[0m
[4.744s] [ 63%] [32mBuilding CXX object CMakeFiles/my_msgs__rosidl_typesupport_fastrtps_c.dir/rosidl_typesupport_fastrtps_c/my_msgs/msg/detail/sphere__type_support_c.cpp.o[0m
[4.745s] [ 65%] [32mBuilding CXX object CMakeFiles/my_msgs__rosidl_typesupport_fastrtps_c.dir/rosidl_typesupport_fastrtps_c/my_msgs/srv/detail/add_three_nums__type_support_c.cpp.o[0m
[4.764s] [ 68%] [32m[1mLinking CXX shared library libmy_msgs__rosidl_typesupport_cpp.so[0m
[4.802s] [ 70%] [32m[1mLinking C shared library libmy_msgs__rosidl_typesupport_introspection_c.so[0m
[4.860s] [ 70%] Built target my_msgs__rosidl_typesupport_c
[4.973s] [ 70%] Built target my_msgs__rosidl_typesupport_cpp
[4.990s] [ 72%] [32m[1mLinking CXX shared library libmy_msgs__rosidl_typesupport_introspection_cpp.so[0m
[5.010s] [ 72%] Built target my_msgs__rosidl_typesupport_introspection_c
[5.150s] [ 74%] [32m[1mLinking CXX shared library libmy_msgs__rosidl_typesupport_fastrtps_cpp.so[0m
[5.154s] [ 74%] Built target my_msgs__rosidl_typesupport_introspection_cpp
[5.210s] [ 76%] [32m[1mLinking CXX shared library libmy_msgs__rosidl_typesupport_fastrtps_c.so[0m
[5.304s] [ 76%] Built target my_msgs__rosidl_typesupport_fastrtps_cpp
[5.358s] [ 76%] Built target my_msgs__rosidl_typesupport_fastrtps_c
[5.372s] [ 76%] Built target my_msgs
[5.388s] [ 78%] [34m[1mGenerating Python code for ROS interfaces[0m
[5.756s] [ 78%] Built target my_msgs__py
[5.770s] [ 82%] [32mBuilding C object CMakeFiles/my_msgs__rosidl_generator_py.dir/rosidl_generator_py/my_msgs/msg/_my_msg_s.c.o[0m
[5.770s] [ 82%] [32mBuilding C object CMakeFiles/my_msgs__rosidl_generator_py.dir/rosidl_generator_py/my_msgs/srv/_add_three_nums_s.c.o[0m
[5.771s] [ 85%] [32mBuilding C object CMakeFiles/my_msgs__rosidl_generator_py.dir/rosidl_generator_py/my_msgs/msg/_sphere_s.c.o[0m
[5.883s] [ 87%] [32m[1mLinking C shared library rosidl_generator_py/my_msgs/libmy_msgs__rosidl_generator_py.so[0m
[5.981s] [ 87%] Built target my_msgs__rosidl_generator_py
[5.995s] [ 91%] [32mBuilding C object CMakeFiles/my_msgs__rosidl_typesupport_fastrtps_c__pyext.dir/rosidl_generator_py/my_msgs/_my_msgs_s.ep.rosidl_typesupport_fastrtps_c.c.o[0m
[5.995s] [ 91%] [32mBuilding C object CMakeFiles/my_msgs__rosidl_typesupport_introspection_c__pyext.dir/rosidl_generator_py/my_msgs/_my_msgs_s.ep.rosidl_typesupport_introspection_c.c.o[0m
[5.997s] [ 93%] [32mBuilding C object CMakeFiles/my_msgs__rosidl_typesupport_c__pyext.dir/rosidl_generator_py/my_msgs/_my_msgs_s.ep.rosidl_typesupport_c.c.o[0m
[6.071s] [ 95%] [32m[1mLinking C shared library rosidl_generator_py/my_msgs/my_msgs_s__rosidl_typesupport_c.cpython-310-x86_64-linux-gnu.so[0m
[6.078s] [ 97%] [32m[1mLinking C shared library rosidl_generator_py/my_msgs/my_msgs_s__rosidl_typesupport_fastrtps_c.cpython-310-x86_64-linux-gnu.so[0m
[6.079s] [100%] [32m[1mLinking C shared library rosidl_generator_py/my_msgs/my_msgs_s__rosidl_typesupport_introspection_c.cpython-310-x86_64-linux-gnu.so[0m
[6.147s] [100%] Built target my_msgs__rosidl_typesupport_introspection_c__pyext
[6.150s] [100%] Built target my_msgs__rosidl_typesupport_fastrtps_c__pyext
[6.150s] [100%] Built target my_msgs__rosidl_typesupport_c__pyext
[6.158s] Invoked command in '/home/aniketh05/my_ros2_ws/src/build/my_msgs' returned '0': CMAKE_PREFIX_PATH=${CMAKE_PREFIX_PATH}:/home/aniketh05/my_ros2_ws/install/turtle_control:/home/aniketh05/my_ros2_ws/install/my_pkg_prac:/home/aniketh05/my_ros2_ws/install/my_pkg_01:/opt/ros/humble /usr/bin/cmake --build /home/aniketh05/my_ros2_ws/src/build/my_msgs -- -j12 -l12
[6.165s] Invoking command in '/home/aniketh05/my_ros2_ws/src/build/my_msgs': CMAKE_PREFIX_PATH=${CMAKE_PREFIX_PATH}:/home/aniketh05/my_ros2_ws/install/turtle_control:/home/aniketh05/my_ros2_ws/install/my_pkg_prac:/home/aniketh05/my_ros2_ws/install/my_pkg_01:/opt/ros/humble /usr/bin/cmake --install /home/aniketh05/my_ros2_ws/src/build/my_msgs
[6.169s] -- Install configuration: ""
[6.170s] -- Execute custom install script
[6.170s] -- Symlinking: /home/aniketh05/my_ros2_ws/src/install/my_msgs/share/ament_index/resource_index/rosidl_interfaces/my_msgs
[6.176s] -- Symlinking: /home/aniketh05/my_ros2_ws/src/install/my_msgs/include/my_msgs/my_msgs/msg/detail/my_msg__functions.h
[6.181s] -- Symlinking: /home/aniketh05/my_ros2_ws/src/install/my_msgs/include/my_msgs/my_msgs/msg/detail/my_msg__struct.h
[6.186s] -- Symlinking: /home/aniketh05/my_ros2_ws/src/install/my_msgs/include/my_msgs/my_msgs/msg/detail/my_msg__type_support.h
[6.192s] -- Symlinking: /home/aniketh05/my_ros2_ws/src/install/my_msgs/include/my_msgs/my_msgs/msg/detail/sphere__functions.h
[6.197s] -- Symlinking: /home/aniketh05/my_ros2_ws/src/install/my_msgs/include/my_msgs/my_msgs/msg/detail/sphere__struct.h
[6.203s] -- Symlinking: /home/aniketh05/my_ros2_ws/src/install/my_msgs/include/my_msgs/my_msgs/msg/detail/sphere__type_support.h
[6.208s] -- Symlinking: /home/aniketh05/my_ros2_ws/src/install/my_msgs/include/my_msgs/my_msgs/msg/my_msg.h
[6.213s] -- Symlinking: /home/aniketh05/my_ros2_ws/src/install/my_msgs/include/my_msgs/my_msgs/msg/rosidl_generator_c__visibility_control.h
[6.219s] -- Symlinking: /home/aniketh05/my_ros2_ws/src/install/my_msgs/include/my_msgs/my_msgs/msg/sphere.h
[6.225s] -- Symlinking: /home/aniketh05/my_ros2_ws/src/install/my_msgs/include/my_msgs/my_msgs/srv/add_three_nums.h
[6.230s] -- Symlinking: /home/aniketh05/my_ros2_ws/src/install/my_msgs/include/my_msgs/my_msgs/srv/detail/add_three_nums__functions.h
[6.236s] -- Symlinking: /home/aniketh05/my_ros2_ws/src/install/my_msgs/include/my_msgs/my_msgs/srv/detail/add_three_nums__struct.h
[6.241s] -- Symlinking: /home/aniketh05/my_ros2_ws/src/install/my_msgs/include/my_msgs/my_msgs/srv/detail/add_three_nums__type_support.h
[6.247s] -- Symlinking: /home/aniketh05/my_ros2_ws/src/install/my_msgs/share/my_msgs/environment/library_path.sh
[6.253s] -- Symlinking: /home/aniketh05/my_ros2_ws/src/install/my_msgs/share/my_msgs/environment/library_path.dsv
[6.258s] -- Symlinking: /home/aniketh05/my_ros2_ws/src/install/my_msgs/include/my_msgs/my_msgs/msg/detail/my_msg__rosidl_typesupport_fastrtps_c.h
[6.264s] -- Symlinking: /home/aniketh05/my_ros2_ws/src/install/my_msgs/include/my_msgs/my_msgs/msg/detail/sphere__rosidl_typesupport_fastrtps_c.h
[6.269s] -- Symlinking: /home/aniketh05/my_ros2_ws/src/install/my_msgs/include/my_msgs/my_msgs/msg/rosidl_typesupport_fastrtps_c__visibility_control.h
[6.275s] -- Symlinking: /home/aniketh05/my_ros2_ws/src/install/my_msgs/include/my_msgs/my_msgs/srv/detail/add_three_nums__rosidl_typesupport_fastrtps_c.h
[6.280s] -- Symlinking: /home/aniketh05/my_ros2_ws/src/install/my_msgs/include/my_msgs/my_msgs/msg/detail/my_msg__builder.hpp
[6.286s] -- Symlinking: /home/aniketh05/my_ros2_ws/src/install/my_msgs/include/my_msgs/my_msgs/msg/detail/my_msg__struct.hpp
[6.291s] -- Symlinking: /home/aniketh05/my_ros2_ws/src/install/my_msgs/include/my_msgs/my_msgs/msg/detail/my_msg__traits.hpp
[6.297s] -- Symlinking: /home/aniketh05/my_ros2_ws/src/install/my_msgs/include/my_msgs/my_msgs/msg/detail/my_msg__type_support.hpp
[6.302s] -- Symlinking: /home/aniketh05/my_ros2_ws/src/install/my_msgs/include/my_msgs/my_msgs/msg/detail/sphere__builder.hpp
[6.308s] -- Symlinking: /home/aniketh05/my_ros2_ws/src/install/my_msgs/include/my_msgs/my_msgs/msg/detail/sphere__struct.hpp
[6.313s] -- Symlinking: /home/aniketh05/my_ros2_ws/src/install/my_msgs/include/my_msgs/my_msgs/msg/detail/sphere__traits.hpp
[6.318s] -- Symlinking: /home/aniketh05/my_ros2_ws/src/install/my_msgs/include/my_msgs/my_msgs/msg/detail/sphere__type_support.hpp
[6.323s] -- Symlinking: /home/aniketh05/my_ros2_ws/src/install/my_msgs/include/my_msgs/my_msgs/msg/my_msg.hpp
[6.329s] -- Symlinking: /home/aniketh05/my_ros2_ws/src/install/my_msgs/include/my_msgs/my_msgs/msg/rosidl_generator_cpp__visibility_control.hpp
[6.334s] -- Symlinking: /home/aniketh05/my_ros2_ws/src/install/my_msgs/include/my_msgs/my_msgs/msg/sphere.hpp
[6.340s] -- Symlinking: /home/aniketh05/my_ros2_ws/src/install/my_msgs/include/my_msgs/my_msgs/srv/add_three_nums.hpp
[6.345s] -- Symlinking: /home/aniketh05/my_ros2_ws/src/install/my_msgs/include/my_msgs/my_msgs/srv/detail/add_three_nums__builder.hpp
[6.350s] -- Symlinking: /home/aniketh05/my_ros2_ws/src/install/my_msgs/include/my_msgs/my_msgs/srv/detail/add_three_nums__struct.hpp
[6.356s] -- Symlinking: /home/aniketh05/my_ros2_ws/src/install/my_msgs/include/my_msgs/my_msgs/srv/detail/add_three_nums__traits.hpp
[6.361s] -- Symlinking: /home/aniketh05/my_ros2_ws/src/install/my_msgs/include/my_msgs/my_msgs/srv/detail/add_three_nums__type_support.hpp
[6.367s] -- Symlinking: /home/aniketh05/my_ros2_ws/src/install/my_msgs/include/my_msgs/my_msgs/msg/detail/my_msg__rosidl_typesupport_fastrtps_cpp.hpp
[6.372s] -- Symlinking: /home/aniketh05/my_ros2_ws/src/install/my_msgs/include/my_msgs/my_msgs/msg/detail/sphere__rosidl_typesupport_fastrtps_cpp.hpp
[6.377s] -- Symlinking: /home/aniketh05/my_ros2_ws/src/install/my_msgs/include/my_msgs/my_msgs/msg/rosidl_typesupport_fastrtps_cpp__visibility_control.h
[6.383s] -- Symlinking: /home/aniketh05/my_ros2_ws/src/install/my_msgs/include/my_msgs/my_msgs/srv/detail/add_three_nums__rosidl_typesupport_fastrtps_cpp.hpp
[6.389s] -- Symlinking: /home/aniketh05/my_ros2_ws/src/install/my_msgs/include/my_msgs/my_msgs/msg/detail/my_msg__rosidl_typesupport_introspection_c.h
[6.394s] -- Symlinking: /home/aniketh05/my_ros2_ws/src/install/my_msgs/include/my_msgs/my_msgs/msg/detail/sphere__rosidl_typesupport_introspection_c.h
[6.399s] -- Symlinking: /home/aniketh05/my_ros2_ws/src/install/my_msgs/include/my_msgs/my_msgs/msg/rosidl_typesupport_introspection_c__visibility_control.h
[6.405s] -- Symlinking: /home/aniketh05/my_ros2_ws/src/install/my_msgs/include/my_msgs/my_msgs/srv/detail/add_three_nums__rosidl_typesupport_introspection_c.h
[6.411s] -- Symlinking: /home/aniketh05/my_ros2_ws/src/install/my_msgs/include/my_msgs/my_msgs/msg/detail/my_msg__rosidl_typesupport_introspection_cpp.hpp
[6.418s] -- Symlinking: /home/aniketh05/my_ros2_ws/src/install/my_msgs/include/my_msgs/my_msgs/msg/detail/sphere__rosidl_typesupport_introspection_cpp.hpp
[6.423s] -- Symlinking: /home/aniketh05/my_ros2_ws/src/install/my_msgs/include/my_msgs/my_msgs/srv/detail/add_three_nums__rosidl_typesupport_introspection_cpp.hpp
[6.429s] -- Symlinking: /home/aniketh05/my_ros2_ws/src/install/my_msgs/share/my_msgs/environment/pythonpath.sh
[6.434s] -- Symlinking: /home/aniketh05/my_ros2_ws/src/install/my_msgs/share/my_msgs/environment/pythonpath.dsv
[6.441s] -- Symlinking: /home/aniketh05/my_ros2_ws/src/install/my_msgs/local/lib/python3.10/dist-packages/my_msgs-0.0.0-py3.10.egg-info/PKG-INFO
[6.449s] -- Symlinking: /home/aniketh05/my_ros2_ws/src/install/my_msgs/local/lib/python3.10/dist-packages/my_msgs-0.0.0-py3.10.egg-info/SOURCES.txt
[6.456s] -- Symlinking: /home/aniketh05/my_ros2_ws/src/install/my_msgs/local/lib/python3.10/dist-packages/my_msgs-0.0.0-py3.10.egg-info/dependency_links.txt
[6.462s] -- Symlinking: /home/aniketh05/my_ros2_ws/src/install/my_msgs/local/lib/python3.10/dist-packages/my_msgs-0.0.0-py3.10.egg-info/top_level.txt
[6.468s] -- Symlinking: /home/aniketh05/my_ros2_ws/src/install/my_msgs/local/lib/python3.10/dist-packages/my_msgs/__init__.py
[6.475s] -- Symlinking: /home/aniketh05/my_ros2_ws/src/install/my_msgs/local/lib/python3.10/dist-packages/my_msgs/_my_msgs_s.ep.rosidl_typesupport_c.c
[6.481s] -- Symlinking: /home/aniketh05/my_ros2_ws/src/install/my_msgs/local/lib/python3.10/dist-packages/my_msgs/_my_msgs_s.ep.rosidl_typesupport_fastrtps_c.c
[6.487s] -- Symlinking: /home/aniketh05/my_ros2_ws/src/install/my_msgs/local/lib/python3.10/dist-packages/my_msgs/_my_msgs_s.ep.rosidl_typesupport_introspection_c.c
[6.493s] -- Symlinking: /home/aniketh05/my_ros2_ws/src/install/my_msgs/local/lib/python3.10/dist-packages/my_msgs/libmy_msgs__rosidl_generator_py.so
[6.499s] -- Symlinking: /home/aniketh05/my_ros2_ws/src/install/my_msgs/local/lib/python3.10/dist-packages/my_msgs/msg/__init__.py
[6.506s] -- Symlinking: /home/aniketh05/my_ros2_ws/src/install/my_msgs/local/lib/python3.10/dist-packages/my_msgs/msg/_my_msg.py
[6.511s] -- Symlinking: /home/aniketh05/my_ros2_ws/src/install/my_msgs/local/lib/python3.10/dist-packages/my_msgs/msg/_my_msg_s.c
[6.517s] -- Symlinking: /home/aniketh05/my_ros2_ws/src/install/my_msgs/local/lib/python3.10/dist-packages/my_msgs/msg/_sphere.py
[6.523s] -- Symlinking: /home/aniketh05/my_ros2_ws/src/install/my_msgs/local/lib/python3.10/dist-packages/my_msgs/msg/_sphere_s.c
[6.528s] -- Symlinking: /home/aniketh05/my_ros2_ws/src/install/my_msgs/local/lib/python3.10/dist-packages/my_msgs/my_msgs_s__rosidl_typesupport_c.cpython-310-x86_64-linux-gnu.so
[6.535s] -- Symlinking: /home/aniketh05/my_ros2_ws/src/install/my_msgs/local/lib/python3.10/dist-packages/my_msgs/my_msgs_s__rosidl_typesupport_fastrtps_c.cpython-310-x86_64-linux-gnu.so
[6.542s] -- Symlinking: /home/aniketh05/my_ros2_ws/src/install/my_msgs/local/lib/python3.10/dist-packages/my_msgs/my_msgs_s__rosidl_typesupport_introspection_c.cpython-310-x86_64-linux-gnu.so
[6.548s] -- Symlinking: /home/aniketh05/my_ros2_ws/src/install/my_msgs/local/lib/python3.10/dist-packages/my_msgs/srv/__init__.py
[6.554s] -- Symlinking: /home/aniketh05/my_ros2_ws/src/install/my_msgs/local/lib/python3.10/dist-packages/my_msgs/srv/_add_three_nums.py
[6.560s] -- Symlinking: /home/aniketh05/my_ros2_ws/src/install/my_msgs/local/lib/python3.10/dist-packages/my_msgs/srv/_add_three_nums_s.c
[6.567s] -- Up-to-date symlink: /home/aniketh05/my_ros2_ws/src/install/my_msgs/local/lib/python3.10/dist-packages/my_msgs/my_msgs_s__rosidl_typesupport_fastrtps_c.cpython-310-x86_64-linux-gnu.so
[6.567s] -- Up-to-date symlink: /home/aniketh05/my_ros2_ws/src/install/my_msgs/local/lib/python3.10/dist-packages/my_msgs/my_msgs_s__rosidl_typesupport_introspection_c.cpython-310-x86_64-linux-gnu.so
[6.567s] -- Up-to-date symlink: /home/aniketh05/my_ros2_ws/src/install/my_msgs/local/lib/python3.10/dist-packages/my_msgs/my_msgs_s__rosidl_typesupport_c.cpython-310-x86_64-linux-gnu.so
[6.568s] -- Symlinking: /home/aniketh05/my_ros2_ws/src/install/my_msgs/share/my_msgs/msg/MyMsg.idl
[6.574s] -- Symlinking: /home/aniketh05/my_ros2_ws/src/install/my_msgs/share/my_msgs/msg/Sphere.idl
[6.580s] -- Symlinking: /home/aniketh05/my_ros2_ws/src/install/my_msgs/share/my_msgs/srv/AddThreeNums.idl
[6.585s] -- Symlinking: /home/aniketh05/my_ros2_ws/src/install/my_msgs/share/my_msgs/msg/MyMsg.msg
[6.591s] -- Symlinking: /home/aniketh05/my_ros2_ws/src/install/my_msgs/share/my_msgs/msg/Sphere.msg
[6.597s] -- Symlinking: /home/aniketh05/my_ros2_ws/src/install/my_msgs/share/my_msgs/srv/AddThreeNums.srv
[6.603s] -- Symlinking: /home/aniketh05/my_ros2_ws/src/install/my_msgs/share/my_msgs/srv/AddThreeNums_Request.msg
[6.610s] -- Symlinking: /home/aniketh05/my_ros2_ws/src/install/my_msgs/share/my_msgs/srv/AddThreeNums_Response.msg
[6.616s] -- Symlinking: /home/aniketh05/my_ros2_ws/src/install/my_msgs/share/ament_index/resource_index/package_run_dependencies/my_msgs
[6.622s] -- Symlinking: /home/aniketh05/my_ros2_ws/src/install/my_msgs/share/ament_index/resource_index/parent_prefix_path/my_msgs
[6.628s] -- Symlinking: /home/aniketh05/my_ros2_ws/src/install/my_msgs/share/my_msgs/environment/ament_prefix_path.sh
[6.634s] -- Symlinking: /home/aniketh05/my_ros2_ws/src/install/my_msgs/share/my_msgs/environment/ament_prefix_path.dsv
[6.640s] -- Symlinking: /home/aniketh05/my_ros2_ws/src/install/my_msgs/share/my_msgs/environment/path.sh
[6.646s] -- Symlinking: /home/aniketh05/my_ros2_ws/src/install/my_msgs/share/my_msgs/environment/path.dsv
[6.653s] -- Symlinking: /home/aniketh05/my_ros2_ws/src/install/my_msgs/share/my_msgs/local_setup.bash
[6.660s] -- Symlinking: /home/aniketh05/my_ros2_ws/src/install/my_msgs/share/my_msgs/local_setup.sh
[6.668s] -- Symlinking: /home/aniketh05/my_ros2_ws/src/install/my_msgs/share/my_msgs/local_setup.zsh
[6.675s] -- Symlinking: /home/aniketh05/my_ros2_ws/src/install/my_msgs/share/my_msgs/local_setup.dsv
[6.681s] -- Symlinking: /home/aniketh05/my_ros2_ws/src/install/my_msgs/share/my_msgs/package.dsv
[6.687s] -- Symlinking: /home/aniketh05/my_ros2_ws/src/install/my_msgs/share/ament_index/resource_index/packages/my_msgs
[6.692s] -- Symlinking: /home/aniketh05/my_ros2_ws/src/install/my_msgs/share/my_msgs/cmake/rosidl_cmake-extras.cmake
[6.698s] -- Symlinking: /home/aniketh05/my_ros2_ws/src/install/my_msgs/share/my_msgs/cmake/ament_cmake_export_dependencies-extras.cmake
[6.704s] -- Symlinking: /home/aniketh05/my_ros2_ws/src/install/my_msgs/share/my_msgs/cmake/ament_cmake_export_include_directories-extras.cmake
[6.709s] -- Symlinking: /home/aniketh05/my_ros2_ws/src/install/my_msgs/share/my_msgs/cmake/ament_cmake_export_libraries-extras.cmake
[6.716s] -- Symlinking: /home/aniketh05/my_ros2_ws/src/install/my_msgs/share/my_msgs/cmake/ament_cmake_export_targets-extras.cmake
[6.722s] -- Symlinking: /home/aniketh05/my_ros2_ws/src/install/my_msgs/share/my_msgs/cmake/rosidl_cmake_export_typesupport_targets-extras.cmake
[6.728s] -- Symlinking: /home/aniketh05/my_ros2_ws/src/install/my_msgs/share/my_msgs/cmake/rosidl_cmake_export_typesupport_libraries-extras.cmake
[6.733s] -- Symlinking: /home/aniketh05/my_ros2_ws/src/install/my_msgs/share/my_msgs/cmake/my_msgsConfig.cmake
[6.739s] -- Symlinking: /home/aniketh05/my_ros2_ws/src/install/my_msgs/share/my_msgs/cmake/my_msgsConfig-version.cmake
[6.744s] -- Symlinking: /home/aniketh05/my_ros2_ws/src/install/my_msgs/share/my_msgs/package.xml
[6.750s] -- Installing: /home/aniketh05/my_ros2_ws/src/install/my_msgs/lib/libmy_msgs__rosidl_generator_c.so
[6.750s] -- Set runtime path of "/home/aniketh05/my_ros2_ws/src/install/my_msgs/lib/libmy_msgs__rosidl_generator_c.so" to ""
[6.750s] -- Installing: /home/aniketh05/my_ros2_ws/src/install/my_msgs/lib/libmy_msgs__rosidl_typesupport_fastrtps_c.so
[6.751s] -- Set runtime path of "/home/aniketh05/my_ros2_ws/src/install/my_msgs/lib/libmy_msgs__rosidl_typesupport_fastrtps_c.so" to ""
[6.751s] -- Installing: /home/aniketh05/my_ros2_ws/src/install/my_msgs/lib/libmy_msgs__rosidl_typesupport_fastrtps_cpp.so
[6.751s] -- Set runtime path of "/home/aniketh05/my_ros2_ws/src/install/my_msgs/lib/libmy_msgs__rosidl_typesupport_fastrtps_cpp.so" to ""
[6.751s] -- Installing: /home/aniketh05/my_ros2_ws/src/install/my_msgs/lib/libmy_msgs__rosidl_typesupport_introspection_c.so
[6.751s] -- Set runtime path of "/home/aniketh05/my_ros2_ws/src/install/my_msgs/lib/libmy_msgs__rosidl_typesupport_introspection_c.so" to ""
[6.752s] -- Installing: /home/aniketh05/my_ros2_ws/src/install/my_msgs/lib/libmy_msgs__rosidl_typesupport_c.so
[6.752s] -- Set runtime path of "/home/aniketh05/my_ros2_ws/src/install/my_msgs/lib/libmy_msgs__rosidl_typesupport_c.so" to ""
[6.752s] -- Installing: /home/aniketh05/my_ros2_ws/src/install/my_msgs/lib/libmy_msgs__rosidl_typesupport_introspection_cpp.so
[6.752s] -- Set runtime path of "/home/aniketh05/my_ros2_ws/src/install/my_msgs/lib/libmy_msgs__rosidl_typesupport_introspection_cpp.so" to ""
[6.752s] -- Installing: /home/aniketh05/my_ros2_ws/src/install/my_msgs/lib/libmy_msgs__rosidl_typesupport_cpp.so
[6.752s] -- Set runtime path of "/home/aniketh05/my_ros2_ws/src/install/my_msgs/lib/libmy_msgs__rosidl_typesupport_cpp.so" to ""
[6.781s] Listing '/home/aniketh05/my_ros2_ws/src/install/my_msgs/local/lib/python3.10/dist-packages/my_msgs'...
[6.781s] Compiling '/home/aniketh05/my_ros2_ws/src/install/my_msgs/local/lib/python3.10/dist-packages/my_msgs/__init__.py'...
[6.781s] Listing '/home/aniketh05/my_ros2_ws/src/install/my_msgs/local/lib/python3.10/dist-packages/my_msgs/msg'...
[6.782s] Compiling '/home/aniketh05/my_ros2_ws/src/install/my_msgs/local/lib/python3.10/dist-packages/my_msgs/msg/__init__.py'...
[6.782s] Compiling '/home/aniketh05/my_ros2_ws/src/install/my_msgs/local/lib/python3.10/dist-packages/my_msgs/msg/_my_msg.py'...
[6.782s] Compiling '/home/aniketh05/my_ros2_ws/src/install/my_msgs/local/lib/python3.10/dist-packages/my_msgs/msg/_sphere.py'...
[6.782s] Listing '/home/aniketh05/my_ros2_ws/src/install/my_msgs/local/lib/python3.10/dist-packages/my_msgs/srv'...
[6.782s] Compiling '/home/aniketh05/my_ros2_ws/src/install/my_msgs/local/lib/python3.10/dist-packages/my_msgs/srv/__init__.py'...
[6.782s] Compiling '/home/aniketh05/my_ros2_ws/src/install/my_msgs/local/lib/python3.10/dist-packages/my_msgs/srv/_add_three_nums.py'...
[6.785s] -- Installing: /home/aniketh05/my_ros2_ws/src/install/my_msgs/lib/libmy_msgs__rosidl_generator_py.so
[6.785s] -- Set runtime path of "/home/aniketh05/my_ros2_ws/src/install/my_msgs/lib/libmy_msgs__rosidl_generator_py.so" to ""
[6.786s] -- Installing: /home/aniketh05/my_ros2_ws/src/install/my_msgs/share/my_msgs/cmake/export_my_msgs__rosidl_generator_cExport.cmake
[6.786s] -- Installing: /home/aniketh05/my_ros2_ws/src/install/my_msgs/share/my_msgs/cmake/export_my_msgs__rosidl_generator_cExport-noconfig.cmake
[6.787s] -- Installing: /home/aniketh05/my_ros2_ws/src/install/my_msgs/share/my_msgs/cmake/export_my_msgs__rosidl_typesupport_fastrtps_cExport.cmake
[6.787s] -- Installing: /home/aniketh05/my_ros2_ws/src/install/my_msgs/share/my_msgs/cmake/export_my_msgs__rosidl_typesupport_fastrtps_cExport-noconfig.cmake
[6.787s] -- Installing: /home/aniketh05/my_ros2_ws/src/install/my_msgs/share/my_msgs/cmake/export_my_msgs__rosidl_generator_cppExport.cmake
[6.787s] -- Installing: /home/aniketh05/my_ros2_ws/src/install/my_msgs/share/my_msgs/cmake/export_my_msgs__rosidl_typesupport_fastrtps_cppExport.cmake
[6.787s] -- Installing: /home/aniketh05/my_ros2_ws/src/install/my_msgs/share/my_msgs/cmake/export_my_msgs__rosidl_typesupport_fastrtps_cppExport-noconfig.cmake
[6.788s] -- Installing: /home/aniketh05/my_ros2_ws/src/install/my_msgs/share/my_msgs/cmake/my_msgs__rosidl_typesupport_introspection_cExport.cmake
[6.788s] -- Installing: /home/aniketh05/my_ros2_ws/src/install/my_msgs/share/my_msgs/cmake/my_msgs__rosidl_typesupport_introspection_cExport-noconfig.cmake
[6.788s] -- Installing: /home/aniketh05/my_ros2_ws/src/install/my_msgs/share/my_msgs/cmake/my_msgs__rosidl_typesupport_cExport.cmake
[6.789s] -- Installing: /home/aniketh05/my_ros2_ws/src/install/my_msgs/share/my_msgs/cmake/my_msgs__rosidl_typesupport_cExport-noconfig.cmake
[6.789s] -- Installing: /home/aniketh05/my_ros2_ws/src/install/my_msgs/share/my_msgs/cmake/my_msgs__rosidl_typesupport_introspection_cppExport.cmake
[6.789s] -- Installing: /home/aniketh05/my_ros2_ws/src/install/my_msgs/share/my_msgs/cmake/my_msgs__rosidl_typesupport_introspection_cppExport-noconfig.cmake
[6.789s] -- Installing: /home/aniketh05/my_ros2_ws/src/install/my_msgs/share/my_msgs/cmake/my_msgs__rosidl_typesupport_cppExport.cmake
[6.789s] -- Installing: /home/aniketh05/my_ros2_ws/src/install/my_msgs/share/my_msgs/cmake/my_msgs__rosidl_typesupport_cppExport-noconfig.cmake
[6.789s] -- Installing: /home/aniketh05/my_ros2_ws/src/install/my_msgs/share/my_msgs/cmake/export_my_msgs__rosidl_generator_pyExport.cmake
[6.789s] -- Installing: /home/aniketh05/my_ros2_ws/src/install/my_msgs/share/my_msgs/cmake/export_my_msgs__rosidl_generator_pyExport-noconfig.cmake
[6.791s] Invoked command in '/home/aniketh05/my_ros2_ws/src/build/my_msgs' returned '0': CMAKE_PREFIX_PATH=${CMAKE_PREFIX_PATH}:/home/aniketh05/my_ros2_ws/install/turtle_control:/home/aniketh05/my_ros2_ws/install/my_pkg_prac:/home/aniketh05/my_ros2_ws/install/my_pkg_01:/opt/ros/humble /usr/bin/cmake --install /home/aniketh05/my_ros2_ws/src/build/my_msgs
