running develop
/home/aniketh05/.local/lib/python3.10/site-packages/pkg_resources/__init__.py:116: PkgResourcesDeprecationWarning: 2.0.5-build-libtorrent-rasterbar-qrM5vM-libtorrent-rasterbar-2.0.5-bindings-python is an invalid version and will not be supported in a future release
  warnings.warn(
running egg_info
creating my_services.egg-info
writing my_services.egg-info/PKG-INFO
writing dependency_links to my_services.egg-info/dependency_links.txt
writing entry points to my_services.egg-info/entry_points.txt
writing requirements to my_services.egg-info/requires.txt
writing top-level names to my_services.egg-info/top_level.txt
writing manifest file 'my_services.egg-info/SOURCES.txt'
reading manifest file 'my_services.egg-info/SOURCES.txt'
writing manifest file 'my_services.egg-info/SOURCES.txt'
running build_ext
Creating /home/aniketh05/my_ros2_ws/src/install/my_services/lib/python3.10/site-packages/my-services.egg-link (link to .)
Installing add_two_ints script to /home/aniketh05/my_ros2_ws/src/install/my_services/lib/my_services
Installing my_client script to /home/aniketh05/my_ros2_ws/src/install/my_services/lib/my_services

Installed /home/aniketh05/my_ros2_ws/src/build/my_services
running symlink_data
creating /home/aniketh05/my_ros2_ws/src/install/my_services/share/ament_index
creating /home/aniketh05/my_ros2_ws/src/install/my_services/share/ament_index/resource_index
creating /home/aniketh05/my_ros2_ws/src/install/my_services/share/ament_index/resource_index/packages
symbolically linking /home/aniketh05/my_ros2_ws/src/build/my_services/resource/my_services -> /home/aniketh05/my_ros2_ws/src/install/my_services/share/ament_index/resource_index/packages
symbolically linking /home/aniketh05/my_ros2_ws/src/build/my_services/package.xml -> /home/aniketh05/my_ros2_ws/src/install/my_services/share/my_services
