[0.012s] Invoking command in '/home/aniketh05/my_ros2_ws/src/build/my_dd_robot': CMAKE_PREFIX_PATH=${CMAKE_PREFIX_PATH}:/home/aniketh05/my_ros2_ws/install/turtle_control:/home/aniketh05/my_ros2_ws/install/my_services:/home/aniketh05/my_ros2_ws/install/my_pkg_prac:/home/aniketh05/my_ros2_ws/install/my_pkg_01:/opt/ros/humble /usr/bin/cmake /home/aniketh05/my_ros2_ws/src/my_dd_robot -DCMAKE_INSTALL_PREFIX=/home/aniketh05/my_ros2_ws/src/install/my_dd_robot
[0.108s] -- The C compiler identification is GNU 11.4.0
[0.434s] -- The CXX compiler identification is GNU 11.4.0
[0.697s] -- Detecting C compiler ABI info
[0.805s] -- Detecting C compiler ABI info - done
[0.814s] -- Check for working C compiler: /usr/bin/cc - skipped
[0.814s] -- Detecting C compile features
[0.814s] -- Detecting C compile features - done
[0.823s] -- Detecting CXX compiler ABI info
[0.929s] -- Detecting CXX compiler ABI info - done
[0.936s] -- Check for working CXX compiler: /usr/bin/c++ - skipped
[0.936s] -- Detecting CXX compile features
[0.937s] -- Detecting CXX compile features - done
[0.939s] -- Found ament_cmake: 1.3.11 (/opt/ros/humble/share/ament_cmake/cmake)
[1.082s] -- Found Python3: /usr/bin/python3 (found version "3.10.12") found components: Interpreter 
[1.181s] -- Found ament_lint_auto: 0.12.12 (/opt/ros/humble/share/ament_lint_auto/cmake)
[1.305s] -- Added test 'flake8' to check Python code syntax and style conventions
[1.307s] -- Added test 'lint_cmake' to check CMake code style
[1.309s] -- Added test 'pep257' to check Python code against some of the docstring style conventions in PEP 257
[1.310s] -- Added test 'xmllint' to check XML markup files
[1.313s] -- Configuring done
[1.322s] -- Generating done
[1.322s] -- Build files have been written to: /home/aniketh05/my_ros2_ws/src/build/my_dd_robot
[1.327s] Invoked command in '/home/aniketh05/my_ros2_ws/src/build/my_dd_robot' returned '0': CMAKE_PREFIX_PATH=${CMAKE_PREFIX_PATH}:/home/aniketh05/my_ros2_ws/install/turtle_control:/home/aniketh05/my_ros2_ws/install/my_services:/home/aniketh05/my_ros2_ws/install/my_pkg_prac:/home/aniketh05/my_ros2_ws/install/my_pkg_01:/opt/ros/humble /usr/bin/cmake /home/aniketh05/my_ros2_ws/src/my_dd_robot -DCMAKE_INSTALL_PREFIX=/home/aniketh05/my_ros2_ws/src/install/my_dd_robot
[1.331s] Invoking command in '/home/aniketh05/my_ros2_ws/src/build/my_dd_robot': CMAKE_PREFIX_PATH=${CMAKE_PREFIX_PATH}:/home/aniketh05/my_ros2_ws/install/turtle_control:/home/aniketh05/my_ros2_ws/install/my_services:/home/aniketh05/my_ros2_ws/install/my_pkg_prac:/home/aniketh05/my_ros2_ws/install/my_pkg_01:/opt/ros/humble /usr/bin/cmake --build /home/aniketh05/my_ros2_ws/src/build/my_dd_robot -- -j12 -l12
[1.382s] Invoked command in '/home/aniketh05/my_ros2_ws/src/build/my_dd_robot' returned '0': CMAKE_PREFIX_PATH=${CMAKE_PREFIX_PATH}:/home/aniketh05/my_ros2_ws/install/turtle_control:/home/aniketh05/my_ros2_ws/install/my_services:/home/aniketh05/my_ros2_ws/install/my_pkg_prac:/home/aniketh05/my_ros2_ws/install/my_pkg_01:/opt/ros/humble /usr/bin/cmake --build /home/aniketh05/my_ros2_ws/src/build/my_dd_robot -- -j12 -l12
[1.392s] Invoking command in '/home/aniketh05/my_ros2_ws/src/build/my_dd_robot': CMAKE_PREFIX_PATH=${CMAKE_PREFIX_PATH}:/home/aniketh05/my_ros2_ws/install/turtle_control:/home/aniketh05/my_ros2_ws/install/my_services:/home/aniketh05/my_ros2_ws/install/my_pkg_prac:/home/aniketh05/my_ros2_ws/install/my_pkg_01:/opt/ros/humble /usr/bin/cmake --install /home/aniketh05/my_ros2_ws/src/build/my_dd_robot
[1.399s] -- Install configuration: ""
[1.399s] -- Installing: /home/aniketh05/my_ros2_ws/src/install/my_dd_robot/share/ament_index/resource_index/package_run_dependencies/my_dd_robot
[1.399s] -- Installing: /home/aniketh05/my_ros2_ws/src/install/my_dd_robot/share/ament_index/resource_index/parent_prefix_path/my_dd_robot
[1.400s] -- Installing: /home/aniketh05/my_ros2_ws/src/install/my_dd_robot/share/my_dd_robot/environment/ament_prefix_path.sh
[1.400s] -- Installing: /home/aniketh05/my_ros2_ws/src/install/my_dd_robot/share/my_dd_robot/environment/ament_prefix_path.dsv
[1.401s] -- Installing: /home/aniketh05/my_ros2_ws/src/install/my_dd_robot/share/my_dd_robot/environment/path.sh
[1.401s] -- Installing: /home/aniketh05/my_ros2_ws/src/install/my_dd_robot/share/my_dd_robot/environment/path.dsv
[1.401s] -- Installing: /home/aniketh05/my_ros2_ws/src/install/my_dd_robot/share/my_dd_robot/local_setup.bash
[1.401s] -- Installing: /home/aniketh05/my_ros2_ws/src/install/my_dd_robot/share/my_dd_robot/local_setup.sh
[1.405s] -- Installing: /home/aniketh05/my_ros2_ws/src/install/my_dd_robot/share/my_dd_robot/local_setup.zsh
[1.406s] -- Installing: /home/aniketh05/my_ros2_ws/src/install/my_dd_robot/share/my_dd_robot/local_setup.dsv
[1.406s] -- Installing: /home/aniketh05/my_ros2_ws/src/install/my_dd_robot/share/my_dd_robot/package.dsv
[1.408s] -- Installing: /home/aniketh05/my_ros2_ws/src/install/my_dd_robot/share/ament_index/resource_index/packages/my_dd_robot
[1.408s] -- Installing: /home/aniketh05/my_ros2_ws/src/install/my_dd_robot/share/my_dd_robot/cmake/my_dd_robotConfig.cmake
[1.408s] -- Installing: /home/aniketh05/my_ros2_ws/src/install/my_dd_robot/share/my_dd_robot/cmake/my_dd_robotConfig-version.cmake
[1.408s] -- Installing: /home/aniketh05/my_ros2_ws/src/install/my_dd_robot/share/my_dd_robot/package.xml
[1.413s] Invoked command in '/home/aniketh05/my_ros2_ws/src/build/my_dd_robot' returned '0': CMAKE_PREFIX_PATH=${CMAKE_PREFIX_PATH}:/home/aniketh05/my_ros2_ws/install/turtle_control:/home/aniketh05/my_ros2_ws/install/my_services:/home/aniketh05/my_ros2_ws/install/my_pkg_prac:/home/aniketh05/my_ros2_ws/install/my_pkg_01:/opt/ros/humble /usr/bin/cmake --install /home/aniketh05/my_ros2_ws/src/build/my_dd_robot
