[0.228s] DEBUG:colcon:Command line arguments: ['/usr/bin/colcon', 'build', '--packages-select', 'my_dd_robot']
[0.228s] DEBUG:colcon:Parsed command line arguments: Namespace(log_base=None, log_level=None, verb_name='build', build_base='build', install_base='install', merge_install=False, symlink_install=False, test_result_base=None, continue_on_error=False, executor='parallel', parallel_workers=12, event_handlers=None, ignore_user_meta=False, metas=['./colcon.meta'], base_paths=['.'], packages_ignore=None, packages_ignore_regex=None, paths=None, packages_up_to=None, packages_up_to_regex=None, packages_above=None, packages_above_and_dependencies=None, packages_above_depth=None, packages_select_by_dep=None, packages_skip_by_dep=None, packages_skip_up_to=None, packages_select_build_failed=False, packages_skip_build_finished=False, packages_select_test_failures=False, packages_skip_test_passed=False, packages_select=['my_dd_robot'], packages_skip=None, packages_select_regex=None, packages_skip_regex=None, packages_start=None, packages_end=None, allow_overriding=[], cmake_args=None, cmake_target=None, cmake_target_skip_unavailable=False, cmake_clean_cache=False, cmake_clean_first=False, cmake_force_configure=False, ament_cmake_args=None, catkin_cmake_args=None, catkin_skip_building_tests=False, mixin_files=None, mixin=None, verb_parser=<colcon_mixin.mixin.mixin_argument.MixinArgumentDecorator object at 0x7f69ad75c610>, verb_extension=<colcon_core.verb.build.BuildVerb object at 0x7f69ad8f15d0>, main=<bound method BuildVerb.main of <colcon_core.verb.build.BuildVerb object at 0x7f69ad8f15d0>>, mixin_verb=('build',))
[0.382s] Level 1:colcon.colcon_core.package_discovery:discover_packages(colcon_meta) check parameters
[0.382s] Level 1:colcon.colcon_core.package_discovery:discover_packages(recursive) check parameters
[0.382s] Level 1:colcon.colcon_core.package_discovery:discover_packages(ignore) check parameters
[0.382s] Level 1:colcon.colcon_core.package_discovery:discover_packages(path) check parameters
[0.382s] Level 1:colcon.colcon_core.package_discovery:discover_packages(colcon_meta) discover
[0.382s] Level 1:colcon.colcon_core.package_discovery:discover_packages(recursive) discover
[0.382s] INFO:colcon.colcon_core.package_discovery:Crawling recursively for packages in '/home/aniketh05/my_ros2_ws'
[0.382s] Level 1:colcon.colcon_core.package_identification:_identify(.) by extensions ['ignore', 'ignore_ament_install']
[0.382s] Level 1:colcon.colcon_core.package_identification:_identify(.) by extension 'ignore'
[0.382s] Level 1:colcon.colcon_core.package_identification:_identify(.) by extension 'ignore_ament_install'
[0.382s] Level 1:colcon.colcon_core.package_identification:_identify(.) by extensions ['colcon_pkg']
[0.382s] Level 1:colcon.colcon_core.package_identification:_identify(.) by extension 'colcon_pkg'
[0.383s] Level 1:colcon.colcon_core.package_identification:_identify(.) by extensions ['colcon_meta']
[0.383s] Level 1:colcon.colcon_core.package_identification:_identify(.) by extension 'colcon_meta'
[0.383s] Level 1:colcon.colcon_core.package_identification:_identify(.) by extensions ['ros']
[0.383s] Level 1:colcon.colcon_core.package_identification:_identify(.) by extension 'ros'
[0.399s] Level 1:colcon.colcon_core.package_identification:_identify(.) by extensions ['cmake', 'python']
[0.399s] Level 1:colcon.colcon_core.package_identification:_identify(.) by extension 'cmake'
[0.399s] Level 1:colcon.colcon_core.package_identification:_identify(.) by extension 'python'
[0.399s] Level 1:colcon.colcon_core.package_identification:_identify(.) by extensions ['python_setup_py']
[0.399s] Level 1:colcon.colcon_core.package_identification:_identify(.) by extension 'python_setup_py'
[0.399s] Level 1:colcon.colcon_core.package_identification:_identify(build) by extensions ['ignore', 'ignore_ament_install']
[0.400s] Level 1:colcon.colcon_core.package_identification:_identify(build) by extension 'ignore'
[0.400s] Level 1:colcon.colcon_core.package_identification:_identify(build) ignored
[0.400s] Level 1:colcon.colcon_core.package_identification:_identify(install) by extensions ['ignore', 'ignore_ament_install']
[0.400s] Level 1:colcon.colcon_core.package_identification:_identify(install) by extension 'ignore'
[0.400s] Level 1:colcon.colcon_core.package_identification:_identify(install) ignored
[0.400s] Level 1:colcon.colcon_core.package_identification:_identify(log) by extensions ['ignore', 'ignore_ament_install']
[0.401s] Level 1:colcon.colcon_core.package_identification:_identify(log) by extension 'ignore'
[0.401s] Level 1:colcon.colcon_core.package_identification:_identify(log) ignored
[0.401s] Level 1:colcon.colcon_core.package_identification:_identify(my_dd_robot) by extensions ['ignore', 'ignore_ament_install']
[0.401s] Level 1:colcon.colcon_core.package_identification:_identify(my_dd_robot) by extension 'ignore'
[0.401s] Level 1:colcon.colcon_core.package_identification:_identify(my_dd_robot) by extension 'ignore_ament_install'
[0.401s] Level 1:colcon.colcon_core.package_identification:_identify(my_dd_robot) by extensions ['colcon_pkg']
[0.401s] Level 1:colcon.colcon_core.package_identification:_identify(my_dd_robot) by extension 'colcon_pkg'
[0.401s] Level 1:colcon.colcon_core.package_identification:_identify(my_dd_robot) by extensions ['colcon_meta']
[0.401s] Level 1:colcon.colcon_core.package_identification:_identify(my_dd_robot) by extension 'colcon_meta'
[0.401s] Level 1:colcon.colcon_core.package_identification:_identify(my_dd_robot) by extensions ['ros']
[0.401s] Level 1:colcon.colcon_core.package_identification:_identify(my_dd_robot) by extension 'ros'
[0.405s] DEBUG:colcon.colcon_core.package_identification:Package 'my_dd_robot' with type 'ros.ament_cmake' and name 'my_dd_robot'
[0.406s] Level 1:colcon.colcon_core.package_identification:_identify(src) by extensions ['ignore', 'ignore_ament_install']
[0.406s] Level 1:colcon.colcon_core.package_identification:_identify(src) by extension 'ignore'
[0.406s] Level 1:colcon.colcon_core.package_identification:_identify(src) by extension 'ignore_ament_install'
[0.406s] Level 1:colcon.colcon_core.package_identification:_identify(src) by extensions ['colcon_pkg']
[0.406s] Level 1:colcon.colcon_core.package_identification:_identify(src) by extension 'colcon_pkg'
[0.406s] Level 1:colcon.colcon_core.package_identification:_identify(src) by extensions ['colcon_meta']
[0.406s] Level 1:colcon.colcon_core.package_identification:_identify(src) by extension 'colcon_meta'
[0.406s] Level 1:colcon.colcon_core.package_identification:_identify(src) by extensions ['ros']
[0.406s] Level 1:colcon.colcon_core.package_identification:_identify(src) by extension 'ros'
[0.406s] Level 1:colcon.colcon_core.package_identification:_identify(src) by extensions ['cmake', 'python']
[0.406s] Level 1:colcon.colcon_core.package_identification:_identify(src) by extension 'cmake'
[0.406s] Level 1:colcon.colcon_core.package_identification:_identify(src) by extension 'python'
[0.406s] Level 1:colcon.colcon_core.package_identification:_identify(src) by extensions ['python_setup_py']
[0.406s] Level 1:colcon.colcon_core.package_identification:_identify(src) by extension 'python_setup_py'
[0.406s] Level 1:colcon.colcon_core.package_identification:_identify(src/build) by extensions ['ignore', 'ignore_ament_install']
[0.406s] Level 1:colcon.colcon_core.package_identification:_identify(src/build) by extension 'ignore'
[0.406s] Level 1:colcon.colcon_core.package_identification:_identify(src/build) ignored
[0.406s] Level 1:colcon.colcon_core.package_identification:_identify(src/install) by extensions ['ignore', 'ignore_ament_install']
[0.406s] Level 1:colcon.colcon_core.package_identification:_identify(src/install) by extension 'ignore'
[0.406s] Level 1:colcon.colcon_core.package_identification:_identify(src/install) ignored
[0.407s] Level 1:colcon.colcon_core.package_identification:_identify(src/log) by extensions ['ignore', 'ignore_ament_install']
[0.407s] Level 1:colcon.colcon_core.package_identification:_identify(src/log) by extension 'ignore'
[0.407s] Level 1:colcon.colcon_core.package_identification:_identify(src/log) ignored
[0.407s] Level 1:colcon.colcon_core.package_identification:_identify(src/my_gesture_arm_robot) by extensions ['ignore', 'ignore_ament_install']
[0.407s] Level 1:colcon.colcon_core.package_identification:_identify(src/my_gesture_arm_robot) by extension 'ignore'
[0.407s] Level 1:colcon.colcon_core.package_identification:_identify(src/my_gesture_arm_robot) by extension 'ignore_ament_install'
[0.407s] Level 1:colcon.colcon_core.package_identification:_identify(src/my_gesture_arm_robot) by extensions ['colcon_pkg']
[0.407s] Level 1:colcon.colcon_core.package_identification:_identify(src/my_gesture_arm_robot) by extension 'colcon_pkg'
[0.407s] Level 1:colcon.colcon_core.package_identification:_identify(src/my_gesture_arm_robot) by extensions ['colcon_meta']
[0.407s] Level 1:colcon.colcon_core.package_identification:_identify(src/my_gesture_arm_robot) by extension 'colcon_meta'
[0.407s] Level 1:colcon.colcon_core.package_identification:_identify(src/my_gesture_arm_robot) by extensions ['ros']
[0.407s] Level 1:colcon.colcon_core.package_identification:_identify(src/my_gesture_arm_robot) by extension 'ros'
[0.409s] DEBUG:colcon.colcon_core.package_identification:Package 'src/my_gesture_arm_robot' with type 'ros.ament_cmake' and name 'my_gesture_arm_robot'
[0.410s] Level 1:colcon.colcon_core.package_identification:_identify(src/my_msg_srv) by extensions ['ignore', 'ignore_ament_install']
[0.410s] Level 1:colcon.colcon_core.package_identification:_identify(src/my_msg_srv) by extension 'ignore'
[0.410s] Level 1:colcon.colcon_core.package_identification:_identify(src/my_msg_srv) by extension 'ignore_ament_install'
[0.410s] Level 1:colcon.colcon_core.package_identification:_identify(src/my_msg_srv) by extensions ['colcon_pkg']
[0.410s] Level 1:colcon.colcon_core.package_identification:_identify(src/my_msg_srv) by extension 'colcon_pkg'
[0.410s] Level 1:colcon.colcon_core.package_identification:_identify(src/my_msg_srv) by extensions ['colcon_meta']
[0.410s] Level 1:colcon.colcon_core.package_identification:_identify(src/my_msg_srv) by extension 'colcon_meta'
[0.410s] Level 1:colcon.colcon_core.package_identification:_identify(src/my_msg_srv) by extensions ['ros']
[0.410s] Level 1:colcon.colcon_core.package_identification:_identify(src/my_msg_srv) by extension 'ros'
[0.411s] DEBUG:colcon.colcon_core.package_identification:Package 'src/my_msg_srv' with type 'ros.ament_cmake' and name 'my_msg_srv'
[0.411s] Level 1:colcon.colcon_core.package_identification:_identify(src/my_pkg_01) by extensions ['ignore', 'ignore_ament_install']
[0.411s] Level 1:colcon.colcon_core.package_identification:_identify(src/my_pkg_01) by extension 'ignore'
[0.411s] Level 1:colcon.colcon_core.package_identification:_identify(src/my_pkg_01) by extension 'ignore_ament_install'
[0.411s] Level 1:colcon.colcon_core.package_identification:_identify(src/my_pkg_01) by extensions ['colcon_pkg']
[0.411s] Level 1:colcon.colcon_core.package_identification:_identify(src/my_pkg_01) by extension 'colcon_pkg'
[0.411s] Level 1:colcon.colcon_core.package_identification:_identify(src/my_pkg_01) by extensions ['colcon_meta']
[0.411s] Level 1:colcon.colcon_core.package_identification:_identify(src/my_pkg_01) by extension 'colcon_meta'
[0.411s] Level 1:colcon.colcon_core.package_identification:_identify(src/my_pkg_01) by extensions ['ros']
[0.411s] Level 1:colcon.colcon_core.package_identification:_identify(src/my_pkg_01) by extension 'ros'
[0.412s] DEBUG:colcon.colcon_core.package_identification:Package 'src/my_pkg_01' with type 'ros.ament_python' and name 'my_pkg_01'
[0.412s] Level 1:colcon.colcon_core.package_identification:_identify(src/my_pkg_prac) by extensions ['ignore', 'ignore_ament_install']
[0.412s] Level 1:colcon.colcon_core.package_identification:_identify(src/my_pkg_prac) by extension 'ignore'
[0.412s] Level 1:colcon.colcon_core.package_identification:_identify(src/my_pkg_prac) by extension 'ignore_ament_install'
[0.412s] Level 1:colcon.colcon_core.package_identification:_identify(src/my_pkg_prac) by extensions ['colcon_pkg']
[0.412s] Level 1:colcon.colcon_core.package_identification:_identify(src/my_pkg_prac) by extension 'colcon_pkg'
[0.412s] Level 1:colcon.colcon_core.package_identification:_identify(src/my_pkg_prac) by extensions ['colcon_meta']
[0.412s] Level 1:colcon.colcon_core.package_identification:_identify(src/my_pkg_prac) by extension 'colcon_meta'
[0.412s] Level 1:colcon.colcon_core.package_identification:_identify(src/my_pkg_prac) by extensions ['ros']
[0.412s] Level 1:colcon.colcon_core.package_identification:_identify(src/my_pkg_prac) by extension 'ros'
[0.412s] DEBUG:colcon.colcon_core.package_identification:Package 'src/my_pkg_prac' with type 'ros.ament_python' and name 'my_pkg_prac'
[0.413s] Level 1:colcon.colcon_core.package_identification:_identify(src/my_services) by extensions ['ignore', 'ignore_ament_install']
[0.413s] Level 1:colcon.colcon_core.package_identification:_identify(src/my_services) by extension 'ignore'
[0.413s] Level 1:colcon.colcon_core.package_identification:_identify(src/my_services) by extension 'ignore_ament_install'
[0.413s] Level 1:colcon.colcon_core.package_identification:_identify(src/my_services) by extensions ['colcon_pkg']
[0.413s] Level 1:colcon.colcon_core.package_identification:_identify(src/my_services) by extension 'colcon_pkg'
[0.413s] Level 1:colcon.colcon_core.package_identification:_identify(src/my_services) by extensions ['colcon_meta']
[0.413s] Level 1:colcon.colcon_core.package_identification:_identify(src/my_services) by extension 'colcon_meta'
[0.413s] Level 1:colcon.colcon_core.package_identification:_identify(src/my_services) by extensions ['ros']
[0.413s] Level 1:colcon.colcon_core.package_identification:_identify(src/my_services) by extension 'ros'
[0.413s] DEBUG:colcon.colcon_core.package_identification:Package 'src/my_services' with type 'ros.ament_python' and name 'my_services'
[0.413s] Level 1:colcon.colcon_core.package_identification:_identify(src/turtle_control) by extensions ['ignore', 'ignore_ament_install']
[0.414s] Level 1:colcon.colcon_core.package_identification:_identify(src/turtle_control) by extension 'ignore'
[0.414s] Level 1:colcon.colcon_core.package_identification:_identify(src/turtle_control) by extension 'ignore_ament_install'
[0.414s] Level 1:colcon.colcon_core.package_identification:_identify(src/turtle_control) by extensions ['colcon_pkg']
[0.414s] Level 1:colcon.colcon_core.package_identification:_identify(src/turtle_control) by extension 'colcon_pkg'
[0.414s] Level 1:colcon.colcon_core.package_identification:_identify(src/turtle_control) by extensions ['colcon_meta']
[0.414s] Level 1:colcon.colcon_core.package_identification:_identify(src/turtle_control) by extension 'colcon_meta'
[0.414s] Level 1:colcon.colcon_core.package_identification:_identify(src/turtle_control) by extensions ['ros']
[0.414s] Level 1:colcon.colcon_core.package_identification:_identify(src/turtle_control) by extension 'ros'
[0.414s] DEBUG:colcon.colcon_core.package_identification:Package 'src/turtle_control' with type 'ros.ament_python' and name 'turtle_control'
[0.414s] Level 1:colcon.colcon_core.package_discovery:discover_packages(recursive) using defaults
[0.414s] Level 1:colcon.colcon_core.package_discovery:discover_packages(ignore) discover
[0.414s] Level 1:colcon.colcon_core.package_discovery:discover_packages(ignore) using defaults
[0.414s] Level 1:colcon.colcon_core.package_discovery:discover_packages(path) discover
[0.414s] Level 1:colcon.colcon_core.package_discovery:discover_packages(path) using defaults
[0.471s] INFO:colcon.colcon_core.package_selection:Skipping not selected package 'my_gesture_arm_robot' in 'src/my_gesture_arm_robot'
[0.471s] INFO:colcon.colcon_core.package_selection:Skipping not selected package 'my_msg_srv' in 'src/my_msg_srv'
[0.471s] INFO:colcon.colcon_core.package_selection:Skipping not selected package 'my_pkg_01' in 'src/my_pkg_01'
[0.471s] INFO:colcon.colcon_core.package_selection:Skipping not selected package 'my_pkg_prac' in 'src/my_pkg_prac'
[0.471s] INFO:colcon.colcon_core.package_selection:Skipping not selected package 'my_services' in 'src/my_services'
[0.471s] INFO:colcon.colcon_core.package_selection:Skipping not selected package 'turtle_control' in 'src/turtle_control'
[0.472s] Level 1:colcon.colcon_core.package_discovery:discover_packages(prefix_path) check parameters
[0.472s] Level 1:colcon.colcon_core.package_discovery:discover_packages(prefix_path) discover
[0.475s] DEBUG:colcon.colcon_installed_package_information.package_discovery:Found 7 installed packages in /home/aniketh05/my_ros2_ws/install
[0.477s] DEBUG:colcon.colcon_installed_package_information.package_discovery:Found 359 installed packages in /opt/ros/humble
[0.479s] Level 1:colcon.colcon_core.package_discovery:discover_packages(prefix_path) using defaults
[0.566s] Level 5:colcon.colcon_core.verb:set package 'my_dd_robot' build argument 'cmake_args' from command line to 'None'
[0.566s] Level 5:colcon.colcon_core.verb:set package 'my_dd_robot' build argument 'cmake_target' from command line to 'None'
[0.566s] Level 5:colcon.colcon_core.verb:set package 'my_dd_robot' build argument 'cmake_target_skip_unavailable' from command line to 'False'
[0.566s] Level 5:colcon.colcon_core.verb:set package 'my_dd_robot' build argument 'cmake_clean_cache' from command line to 'False'
[0.566s] Level 5:colcon.colcon_core.verb:set package 'my_dd_robot' build argument 'cmake_clean_first' from command line to 'False'
[0.566s] Level 5:colcon.colcon_core.verb:set package 'my_dd_robot' build argument 'cmake_force_configure' from command line to 'False'
[0.566s] Level 5:colcon.colcon_core.verb:set package 'my_dd_robot' build argument 'ament_cmake_args' from command line to 'None'
[0.566s] Level 5:colcon.colcon_core.verb:set package 'my_dd_robot' build argument 'catkin_cmake_args' from command line to 'None'
[0.566s] Level 5:colcon.colcon_core.verb:set package 'my_dd_robot' build argument 'catkin_skip_building_tests' from command line to 'False'
[0.566s] DEBUG:colcon.colcon_core.verb:Building package 'my_dd_robot' with the following arguments: {'ament_cmake_args': None, 'build_base': '/home/aniketh05/my_ros2_ws/build/my_dd_robot', 'catkin_cmake_args': None, 'catkin_skip_building_tests': False, 'cmake_args': None, 'cmake_clean_cache': False, 'cmake_clean_first': False, 'cmake_force_configure': False, 'cmake_target': None, 'cmake_target_skip_unavailable': False, 'install_base': '/home/aniketh05/my_ros2_ws/install/my_dd_robot', 'merge_install': False, 'path': '/home/aniketh05/my_ros2_ws/my_dd_robot', 'symlink_install': False, 'test_result_base': None}
[0.567s] INFO:colcon.colcon_core.executor:Executing jobs using 'parallel' executor
[0.568s] DEBUG:colcon.colcon_parallel_executor.executor.parallel:run_until_complete
[0.569s] INFO:colcon.colcon_ros.task.ament_cmake.build:Building ROS package in '/home/aniketh05/my_ros2_ws/my_dd_robot' with build type 'ament_cmake'
[0.570s] INFO:colcon.colcon_cmake.task.cmake.build:Building CMake package in '/home/aniketh05/my_ros2_ws/my_dd_robot'
[0.573s] INFO:colcon.colcon_core.plugin_system:Skipping extension 'colcon_core.shell.bat': Not used on non-Windows systems
[0.573s] INFO:colcon.colcon_core.shell:Skip shell extension 'powershell' for command environment: Not usable outside of PowerShell
[0.573s] DEBUG:colcon.colcon_core.shell:Skip shell extension 'dsv' for command environment
[0.582s] DEBUG:colcon.colcon_core.event_handler.log_command:Invoking command in '/home/aniketh05/my_ros2_ws/build/my_dd_robot': CMAKE_PREFIX_PATH=${CMAKE_PREFIX_PATH}:/home/aniketh05/my_ros2_ws/install/turtle_control:/home/aniketh05/my_ros2_ws/install/my_services:/home/aniketh05/my_ros2_ws/install/my_pkg_prac:/home/aniketh05/my_ros2_ws/install/my_pkg_01:/opt/ros/humble /usr/bin/cmake --build /home/aniketh05/my_ros2_ws/build/my_dd_robot -- -j12 -l12
[0.617s] DEBUG:colcon.colcon_core.event_handler.log_command:Invoked command in '/home/aniketh05/my_ros2_ws/build/my_dd_robot' returned '0': CMAKE_PREFIX_PATH=${CMAKE_PREFIX_PATH}:/home/aniketh05/my_ros2_ws/install/turtle_control:/home/aniketh05/my_ros2_ws/install/my_services:/home/aniketh05/my_ros2_ws/install/my_pkg_prac:/home/aniketh05/my_ros2_ws/install/my_pkg_01:/opt/ros/humble /usr/bin/cmake --build /home/aniketh05/my_ros2_ws/build/my_dd_robot -- -j12 -l12
[0.626s] DEBUG:colcon.colcon_core.event_handler.log_command:Invoking command in '/home/aniketh05/my_ros2_ws/build/my_dd_robot': CMAKE_PREFIX_PATH=${CMAKE_PREFIX_PATH}:/home/aniketh05/my_ros2_ws/install/turtle_control:/home/aniketh05/my_ros2_ws/install/my_services:/home/aniketh05/my_ros2_ws/install/my_pkg_prac:/home/aniketh05/my_ros2_ws/install/my_pkg_01:/opt/ros/humble /usr/bin/cmake --install /home/aniketh05/my_ros2_ws/build/my_dd_robot
[0.633s] Level 1:colcon.colcon_core.environment:create_environment_scripts_only(my_dd_robot)
[0.634s] DEBUG:colcon.colcon_core.event_handler.log_command:Invoked command in '/home/aniketh05/my_ros2_ws/build/my_dd_robot' returned '0': CMAKE_PREFIX_PATH=${CMAKE_PREFIX_PATH}:/home/aniketh05/my_ros2_ws/install/turtle_control:/home/aniketh05/my_ros2_ws/install/my_services:/home/aniketh05/my_ros2_ws/install/my_pkg_prac:/home/aniketh05/my_ros2_ws/install/my_pkg_01:/opt/ros/humble /usr/bin/cmake --install /home/aniketh05/my_ros2_ws/build/my_dd_robot
[0.637s] Level 1:colcon.colcon_core.environment:checking '/home/aniketh05/my_ros2_ws/install/my_dd_robot' for CMake module files
[0.637s] Level 1:colcon.colcon_core.environment:checking '/home/aniketh05/my_ros2_ws/install/my_dd_robot' for CMake config files
[0.638s] Level 1:colcon.colcon_core.shell:create_environment_hook('my_dd_robot', 'cmake_prefix_path')
[0.638s] INFO:colcon.colcon_core.shell:Creating environment hook '/home/aniketh05/my_ros2_ws/install/my_dd_robot/share/my_dd_robot/hook/cmake_prefix_path.ps1'
[0.640s] INFO:colcon.colcon_core.shell:Creating environment descriptor '/home/aniketh05/my_ros2_ws/install/my_dd_robot/share/my_dd_robot/hook/cmake_prefix_path.dsv'
[0.640s] INFO:colcon.colcon_core.shell:Creating environment hook '/home/aniketh05/my_ros2_ws/install/my_dd_robot/share/my_dd_robot/hook/cmake_prefix_path.sh'
[0.641s] Level 1:colcon.colcon_core.environment:checking '/home/aniketh05/my_ros2_ws/install/my_dd_robot/bin'
[0.641s] Level 1:colcon.colcon_core.environment:checking '/home/aniketh05/my_ros2_ws/install/my_dd_robot/lib/pkgconfig/my_dd_robot.pc'
[0.642s] Level 1:colcon.colcon_core.environment:checking '/home/aniketh05/my_ros2_ws/install/my_dd_robot/lib/python3.10/site-packages'
[0.642s] Level 1:colcon.colcon_core.environment:checking '/home/aniketh05/my_ros2_ws/install/my_dd_robot/bin'
[0.642s] INFO:colcon.colcon_core.shell:Creating package script '/home/aniketh05/my_ros2_ws/install/my_dd_robot/share/my_dd_robot/package.ps1'
[0.643s] INFO:colcon.colcon_core.shell:Creating package descriptor '/home/aniketh05/my_ros2_ws/install/my_dd_robot/share/my_dd_robot/package.dsv'
[0.643s] INFO:colcon.colcon_core.shell:Creating package script '/home/aniketh05/my_ros2_ws/install/my_dd_robot/share/my_dd_robot/package.sh'
[0.644s] INFO:colcon.colcon_core.shell:Creating package script '/home/aniketh05/my_ros2_ws/install/my_dd_robot/share/my_dd_robot/package.bash'
[0.644s] INFO:colcon.colcon_core.shell:Creating package script '/home/aniketh05/my_ros2_ws/install/my_dd_robot/share/my_dd_robot/package.zsh'
[0.645s] Level 1:colcon.colcon_core.environment:create_file_with_runtime_dependencies(/home/aniketh05/my_ros2_ws/install/my_dd_robot/share/colcon-core/packages/my_dd_robot)
[0.646s] Level 1:colcon.colcon_core.environment:create_environment_scripts_only(my_dd_robot)
[0.646s] Level 1:colcon.colcon_core.environment:checking '/home/aniketh05/my_ros2_ws/install/my_dd_robot' for CMake module files
[0.646s] Level 1:colcon.colcon_core.environment:checking '/home/aniketh05/my_ros2_ws/install/my_dd_robot' for CMake config files
[0.646s] Level 1:colcon.colcon_core.shell:create_environment_hook('my_dd_robot', 'cmake_prefix_path')
[0.647s] INFO:colcon.colcon_core.shell:Creating environment hook '/home/aniketh05/my_ros2_ws/install/my_dd_robot/share/my_dd_robot/hook/cmake_prefix_path.ps1'
[0.647s] INFO:colcon.colcon_core.shell:Creating environment descriptor '/home/aniketh05/my_ros2_ws/install/my_dd_robot/share/my_dd_robot/hook/cmake_prefix_path.dsv'
[0.648s] INFO:colcon.colcon_core.shell:Creating environment hook '/home/aniketh05/my_ros2_ws/install/my_dd_robot/share/my_dd_robot/hook/cmake_prefix_path.sh'
[0.648s] Level 1:colcon.colcon_core.environment:checking '/home/aniketh05/my_ros2_ws/install/my_dd_robot/bin'
[0.648s] Level 1:colcon.colcon_core.environment:checking '/home/aniketh05/my_ros2_ws/install/my_dd_robot/lib/pkgconfig/my_dd_robot.pc'
[0.649s] Level 1:colcon.colcon_core.environment:checking '/home/aniketh05/my_ros2_ws/install/my_dd_robot/lib/python3.10/site-packages'
[0.649s] Level 1:colcon.colcon_core.environment:checking '/home/aniketh05/my_ros2_ws/install/my_dd_robot/bin'
[0.649s] INFO:colcon.colcon_core.shell:Creating package script '/home/aniketh05/my_ros2_ws/install/my_dd_robot/share/my_dd_robot/package.ps1'
[0.650s] INFO:colcon.colcon_core.shell:Creating package descriptor '/home/aniketh05/my_ros2_ws/install/my_dd_robot/share/my_dd_robot/package.dsv'
[0.650s] INFO:colcon.colcon_core.shell:Creating package script '/home/aniketh05/my_ros2_ws/install/my_dd_robot/share/my_dd_robot/package.sh'
[0.651s] INFO:colcon.colcon_core.shell:Creating package script '/home/aniketh05/my_ros2_ws/install/my_dd_robot/share/my_dd_robot/package.bash'
[0.651s] INFO:colcon.colcon_core.shell:Creating package script '/home/aniketh05/my_ros2_ws/install/my_dd_robot/share/my_dd_robot/package.zsh'
[0.651s] Level 1:colcon.colcon_core.environment:create_file_with_runtime_dependencies(/home/aniketh05/my_ros2_ws/install/my_dd_robot/share/colcon-core/packages/my_dd_robot)
[0.652s] DEBUG:colcon.colcon_parallel_executor.executor.parallel:closing loop
[0.652s] DEBUG:colcon.colcon_parallel_executor.executor.parallel:loop closed
[0.652s] DEBUG:colcon.colcon_parallel_executor.executor.parallel:run_until_complete finished with '0'
[0.652s] DEBUG:colcon.colcon_core.event_reactor:joining thread
[0.660s] INFO:colcon.colcon_core.plugin_system:Skipping extension 'colcon_notification.desktop_notification.terminal_notifier': Not used on non-Darwin systems
[0.661s] INFO:colcon.colcon_core.plugin_system:Skipping extension 'colcon_notification.desktop_notification.win32': Not used on non-Windows systems
[0.661s] INFO:colcon.colcon_notification.desktop_notification:Sending desktop notification using 'notify2'
[0.662s] DEBUG:colcon.colcon_notification.desktop_notification.notify2:Failed to initialize notify2: org.freedesktop.DBus.Error.ServiceUnknown: The name org.freedesktop.Notifications was not provided by any .service files
[0.662s] DEBUG:colcon.colcon_core.event_reactor:joined thread
[0.663s] INFO:colcon.colcon_core.shell:Creating prefix script '/home/aniketh05/my_ros2_ws/install/local_setup.ps1'
[0.664s] INFO:colcon.colcon_core.shell:Creating prefix util module '/home/aniketh05/my_ros2_ws/install/_local_setup_util_ps1.py'
[0.665s] INFO:colcon.colcon_core.shell:Creating prefix chain script '/home/aniketh05/my_ros2_ws/install/setup.ps1'
[0.666s] INFO:colcon.colcon_core.shell:Creating prefix script '/home/aniketh05/my_ros2_ws/install/local_setup.sh'
[0.667s] INFO:colcon.colcon_core.shell:Creating prefix util module '/home/aniketh05/my_ros2_ws/install/_local_setup_util_sh.py'
[0.667s] INFO:colcon.colcon_core.shell:Creating prefix chain script '/home/aniketh05/my_ros2_ws/install/setup.sh'
[0.668s] INFO:colcon.colcon_core.shell:Creating prefix script '/home/aniketh05/my_ros2_ws/install/local_setup.bash'
[0.669s] INFO:colcon.colcon_core.shell:Creating prefix chain script '/home/aniketh05/my_ros2_ws/install/setup.bash'
[0.670s] INFO:colcon.colcon_core.shell:Creating prefix script '/home/aniketh05/my_ros2_ws/install/local_setup.zsh'
[0.670s] INFO:colcon.colcon_core.shell:Creating prefix chain script '/home/aniketh05/my_ros2_ws/install/setup.zsh'
