[1.636s] Invoking command in '/home/aniketh05/my_ros2_ws/build/my_pkg_01': PYTHONPATH=/home/aniketh05/my_ros2_ws/build/my_pkg_01/prefix_override:/usr/lib/python3/dist-packages/colcon_core/task/python/colcon_distutils_commands:/home/aniketh05/my_ros2_ws/install/my_pkg_01/lib/python3.10/site-packages:${PYTHONPATH} /usr/bin/python3 -W ignore:setup.py install is deprecated -W ignore:easy_install command is deprecated setup.py develop --editable --build-directory /home/aniketh05/my_ros2_ws/build/my_pkg_01/build --no-deps symlink_data
[2.040s] running develop
[2.112s] /home/aniketh05/.local/lib/python3.10/site-packages/pkg_resources/__init__.py:116: PkgResourcesDeprecationWarning: 2.0.5-build-libtorrent-rasterbar-qrM5vM-libtorrent-rasterbar-2.0.5-bindings-python is an invalid version and will not be supported in a future release
[2.112s]   warnings.warn(
[2.280s] running egg_info
[2.281s] creating my_pkg_01.egg-info
[2.281s] writing my_pkg_01.egg-info/PKG-INFO
[2.281s] writing dependency_links to my_pkg_01.egg-info/dependency_links.txt
[2.281s] writing entry points to my_pkg_01.egg-info/entry_points.txt
[2.282s] writing requirements to my_pkg_01.egg-info/requires.txt
[2.282s] writing top-level names to my_pkg_01.egg-info/top_level.txt
[2.282s] writing manifest file 'my_pkg_01.egg-info/SOURCES.txt'
[2.283s] reading manifest file 'my_pkg_01.egg-info/SOURCES.txt'
[2.284s] writing manifest file 'my_pkg_01.egg-info/SOURCES.txt'
[2.287s] running build_ext
[2.287s] Creating /home/aniketh05/my_ros2_ws/install/my_pkg_01/lib/python3.10/site-packages/my-pkg-01.egg-link (link to .)
[2.287s] Installing my_first_node script to /home/aniketh05/my_ros2_ws/install/my_pkg_01/lib/my_pkg_01
[2.288s] Installing pose_color_change script to /home/aniketh05/my_ros2_ws/install/my_pkg_01/lib/my_pkg_01
[2.288s] Installing set_pen_client script to /home/aniketh05/my_ros2_ws/install/my_pkg_01/lib/my_pkg_01
[2.288s] 
[2.289s] Installed /home/aniketh05/my_ros2_ws/build/my_pkg_01
[2.289s] running symlink_data
[2.289s] creating /home/aniketh05/my_ros2_ws/install/my_pkg_01/share/ament_index
[2.289s] creating /home/aniketh05/my_ros2_ws/install/my_pkg_01/share/ament_index/resource_index
[2.289s] creating /home/aniketh05/my_ros2_ws/install/my_pkg_01/share/ament_index/resource_index/packages
[2.290s] symbolically linking /home/aniketh05/my_ros2_ws/build/my_pkg_01/resource/my_pkg_01 -> /home/aniketh05/my_ros2_ws/install/my_pkg_01/share/ament_index/resource_index/packages
[2.290s] symbolically linking /home/aniketh05/my_ros2_ws/build/my_pkg_01/package.xml -> /home/aniketh05/my_ros2_ws/install/my_pkg_01/share/my_pkg_01
[2.324s] Invoked command in '/home/aniketh05/my_ros2_ws/build/my_pkg_01' returned '0': PYTHONPATH=/home/aniketh05/my_ros2_ws/build/my_pkg_01/prefix_override:/usr/lib/python3/dist-packages/colcon_core/task/python/colcon_distutils_commands:/home/aniketh05/my_ros2_ws/install/my_pkg_01/lib/python3.10/site-packages:${PYTHONPATH} /usr/bin/python3 -W ignore:setup.py install is deprecated -W ignore:easy_install command is deprecated setup.py develop --editable --build-directory /home/aniketh05/my_ros2_ws/build/my_pkg_01/build --no-deps symlink_data
