[0.176s] DEBUG:colcon:Command line arguments: ['/usr/bin/colcon', 'build', '--symlink-install']
[0.176s] DEBUG:colcon:Parsed command line arguments: Namespace(log_base=None, log_level=None, verb_name='build', build_base='build', install_base='install', merge_install=False, symlink_install=True, test_result_base=None, continue_on_error=False, executor='parallel', parallel_workers=12, event_handlers=None, ignore_user_meta=False, metas=['./colcon.meta'], base_paths=['.'], packages_ignore=None, packages_ignore_regex=None, paths=None, packages_up_to=None, packages_up_to_regex=None, packages_above=None, packages_above_and_dependencies=None, packages_above_depth=None, packages_select_by_dep=None, packages_skip_by_dep=None, packages_skip_up_to=None, packages_select_build_failed=False, packages_skip_build_finished=False, packages_select_test_failures=False, packages_skip_test_passed=False, packages_select=None, packages_skip=None, packages_select_regex=None, packages_skip_regex=None, packages_start=None, packages_end=None, allow_overriding=[], cmake_args=None, cmake_target=None, cmake_target_skip_unavailable=False, cmake_clean_cache=False, cmake_clean_first=False, cmake_force_configure=False, ament_cmake_args=None, catkin_cmake_args=None, catkin_skip_building_tests=False, mixin_files=None, mixin=None, verb_parser=<colcon_mixin.mixin.mixin_argument.MixinArgumentDecorator object at 0x7f25f84272b0>, verb_extension=<colcon_core.verb.build.BuildVerb object at 0x7f25f8426d40>, main=<bound method BuildVerb.main of <colcon_core.verb.build.BuildVerb object at 0x7f25f8426d40>>, mixin_verb=('build',))
[0.422s] Level 1:colcon.colcon_core.package_discovery:discover_packages(colcon_meta) check parameters
[0.422s] Level 1:colcon.colcon_core.package_discovery:discover_packages(recursive) check parameters
[0.422s] Level 1:colcon.colcon_core.package_discovery:discover_packages(ignore) check parameters
[0.422s] Level 1:colcon.colcon_core.package_discovery:discover_packages(path) check parameters
[0.422s] Level 1:colcon.colcon_core.package_discovery:discover_packages(colcon_meta) discover
[0.422s] Level 1:colcon.colcon_core.package_discovery:discover_packages(recursive) discover
[0.422s] INFO:colcon.colcon_core.package_discovery:Crawling recursively for packages in '/home/aniketh05/my_ros2_ws/src'
[0.422s] Level 1:colcon.colcon_core.package_identification:_identify(.) by extensions ['ignore', 'ignore_ament_install']
[0.422s] Level 1:colcon.colcon_core.package_identification:_identify(.) by extension 'ignore'
[0.422s] Level 1:colcon.colcon_core.package_identification:_identify(.) by extension 'ignore_ament_install'
[0.423s] Level 1:colcon.colcon_core.package_identification:_identify(.) by extensions ['colcon_pkg']
[0.423s] Level 1:colcon.colcon_core.package_identification:_identify(.) by extension 'colcon_pkg'
[0.423s] Level 1:colcon.colcon_core.package_identification:_identify(.) by extensions ['colcon_meta']
[0.423s] Level 1:colcon.colcon_core.package_identification:_identify(.) by extension 'colcon_meta'
[0.423s] Level 1:colcon.colcon_core.package_identification:_identify(.) by extensions ['ros']
[0.423s] Level 1:colcon.colcon_core.package_identification:_identify(.) by extension 'ros'
[0.438s] Level 1:colcon.colcon_core.package_identification:_identify(.) by extensions ['cmake', 'python']
[0.438s] Level 1:colcon.colcon_core.package_identification:_identify(.) by extension 'cmake'
[0.438s] Level 1:colcon.colcon_core.package_identification:_identify(.) by extension 'python'
[0.438s] Level 1:colcon.colcon_core.package_identification:_identify(.) by extensions ['python_setup_py']
[0.438s] Level 1:colcon.colcon_core.package_identification:_identify(.) by extension 'python_setup_py'
[0.438s] Level 1:colcon.colcon_core.package_identification:_identify(build) by extensions ['ignore', 'ignore_ament_install']
[0.438s] Level 1:colcon.colcon_core.package_identification:_identify(build) by extension 'ignore'
[0.438s] Level 1:colcon.colcon_core.package_identification:_identify(build) ignored
[0.438s] Level 1:colcon.colcon_core.package_identification:_identify(install) by extensions ['ignore', 'ignore_ament_install']
[0.438s] Level 1:colcon.colcon_core.package_identification:_identify(install) by extension 'ignore'
[0.439s] Level 1:colcon.colcon_core.package_identification:_identify(install) ignored
[0.439s] Level 1:colcon.colcon_core.package_identification:_identify(log) by extensions ['ignore', 'ignore_ament_install']
[0.439s] Level 1:colcon.colcon_core.package_identification:_identify(log) by extension 'ignore'
[0.439s] Level 1:colcon.colcon_core.package_identification:_identify(log) ignored
[0.439s] Level 1:colcon.colcon_core.package_identification:_identify(my_msgs) by extensions ['ignore', 'ignore_ament_install']
[0.439s] Level 1:colcon.colcon_core.package_identification:_identify(my_msgs) by extension 'ignore'
[0.439s] Level 1:colcon.colcon_core.package_identification:_identify(my_msgs) by extension 'ignore_ament_install'
[0.439s] Level 1:colcon.colcon_core.package_identification:_identify(my_msgs) by extensions ['colcon_pkg']
[0.439s] Level 1:colcon.colcon_core.package_identification:_identify(my_msgs) by extension 'colcon_pkg'
[0.439s] Level 1:colcon.colcon_core.package_identification:_identify(my_msgs) by extensions ['colcon_meta']
[0.439s] Level 1:colcon.colcon_core.package_identification:_identify(my_msgs) by extension 'colcon_meta'
[0.439s] Level 1:colcon.colcon_core.package_identification:_identify(my_msgs) by extensions ['ros']
[0.439s] Level 1:colcon.colcon_core.package_identification:_identify(my_msgs) by extension 'ros'
[0.443s] DEBUG:colcon.colcon_core.package_identification:Package 'my_msgs' with type 'ros.ament_cmake' and name 'my_msgs'
[0.443s] Level 1:colcon.colcon_core.package_identification:_identify(my_pkg_01) by extensions ['ignore', 'ignore_ament_install']
[0.443s] Level 1:colcon.colcon_core.package_identification:_identify(my_pkg_01) by extension 'ignore'
[0.443s] Level 1:colcon.colcon_core.package_identification:_identify(my_pkg_01) by extension 'ignore_ament_install'
[0.443s] Level 1:colcon.colcon_core.package_identification:_identify(my_pkg_01) by extensions ['colcon_pkg']
[0.443s] Level 1:colcon.colcon_core.package_identification:_identify(my_pkg_01) by extension 'colcon_pkg'
[0.443s] Level 1:colcon.colcon_core.package_identification:_identify(my_pkg_01) by extensions ['colcon_meta']
[0.443s] Level 1:colcon.colcon_core.package_identification:_identify(my_pkg_01) by extension 'colcon_meta'
[0.443s] Level 1:colcon.colcon_core.package_identification:_identify(my_pkg_01) by extensions ['ros']
[0.443s] Level 1:colcon.colcon_core.package_identification:_identify(my_pkg_01) by extension 'ros'
[0.444s] DEBUG:colcon.colcon_core.package_identification:Package 'my_pkg_01' with type 'ros.ament_python' and name 'my_pkg_01'
[0.444s] Level 1:colcon.colcon_core.package_identification:_identify(my_pkg_prac) by extensions ['ignore', 'ignore_ament_install']
[0.444s] Level 1:colcon.colcon_core.package_identification:_identify(my_pkg_prac) by extension 'ignore'
[0.444s] Level 1:colcon.colcon_core.package_identification:_identify(my_pkg_prac) by extension 'ignore_ament_install'
[0.444s] Level 1:colcon.colcon_core.package_identification:_identify(my_pkg_prac) by extensions ['colcon_pkg']
[0.444s] Level 1:colcon.colcon_core.package_identification:_identify(my_pkg_prac) by extension 'colcon_pkg'
[0.444s] Level 1:colcon.colcon_core.package_identification:_identify(my_pkg_prac) by extensions ['colcon_meta']
[0.444s] Level 1:colcon.colcon_core.package_identification:_identify(my_pkg_prac) by extension 'colcon_meta'
[0.444s] Level 1:colcon.colcon_core.package_identification:_identify(my_pkg_prac) by extensions ['ros']
[0.444s] Level 1:colcon.colcon_core.package_identification:_identify(my_pkg_prac) by extension 'ros'
[0.445s] DEBUG:colcon.colcon_core.package_identification:Package 'my_pkg_prac' with type 'ros.ament_python' and name 'my_pkg_prac'
[0.445s] Level 1:colcon.colcon_core.package_identification:_identify(my_services) by extensions ['ignore', 'ignore_ament_install']
[0.445s] Level 1:colcon.colcon_core.package_identification:_identify(my_services) by extension 'ignore'
[0.445s] Level 1:colcon.colcon_core.package_identification:_identify(my_services) by extension 'ignore_ament_install'
[0.445s] Level 1:colcon.colcon_core.package_identification:_identify(my_services) by extensions ['colcon_pkg']
[0.445s] Level 1:colcon.colcon_core.package_identification:_identify(my_services) by extension 'colcon_pkg'
[0.445s] Level 1:colcon.colcon_core.package_identification:_identify(my_services) by extensions ['colcon_meta']
[0.445s] Level 1:colcon.colcon_core.package_identification:_identify(my_services) by extension 'colcon_meta'
[0.446s] Level 1:colcon.colcon_core.package_identification:_identify(my_services) by extensions ['ros']
[0.446s] Level 1:colcon.colcon_core.package_identification:_identify(my_services) by extension 'ros'
[0.446s] DEBUG:colcon.colcon_core.package_identification:Package 'my_services' with type 'ros.ament_python' and name 'my_services'
[0.446s] Level 1:colcon.colcon_core.package_identification:_identify(turtle_control) by extensions ['ignore', 'ignore_ament_install']
[0.446s] Level 1:colcon.colcon_core.package_identification:_identify(turtle_control) by extension 'ignore'
[0.446s] Level 1:colcon.colcon_core.package_identification:_identify(turtle_control) by extension 'ignore_ament_install'
[0.446s] Level 1:colcon.colcon_core.package_identification:_identify(turtle_control) by extensions ['colcon_pkg']
[0.446s] Level 1:colcon.colcon_core.package_identification:_identify(turtle_control) by extension 'colcon_pkg'
[0.446s] Level 1:colcon.colcon_core.package_identification:_identify(turtle_control) by extensions ['colcon_meta']
[0.447s] Level 1:colcon.colcon_core.package_identification:_identify(turtle_control) by extension 'colcon_meta'
[0.447s] Level 1:colcon.colcon_core.package_identification:_identify(turtle_control) by extensions ['ros']
[0.447s] Level 1:colcon.colcon_core.package_identification:_identify(turtle_control) by extension 'ros'
[0.447s] DEBUG:colcon.colcon_core.package_identification:Package 'turtle_control' with type 'ros.ament_python' and name 'turtle_control'
[0.447s] Level 1:colcon.colcon_core.package_discovery:discover_packages(recursive) using defaults
[0.447s] Level 1:colcon.colcon_core.package_discovery:discover_packages(ignore) discover
[0.447s] Level 1:colcon.colcon_core.package_discovery:discover_packages(ignore) using defaults
[0.447s] Level 1:colcon.colcon_core.package_discovery:discover_packages(path) discover
[0.448s] Level 1:colcon.colcon_core.package_discovery:discover_packages(path) using defaults
[0.471s] Level 1:colcon.colcon_core.package_discovery:discover_packages(prefix_path) check parameters
[0.471s] Level 1:colcon.colcon_core.package_discovery:discover_packages(prefix_path) discover
[0.475s] DEBUG:colcon.colcon_installed_package_information.package_discovery:Found 4 installed packages in /home/aniketh05/my_ros2_ws/install
[0.477s] DEBUG:colcon.colcon_installed_package_information.package_discovery:Found 295 installed packages in /opt/ros/humble
[0.478s] Level 1:colcon.colcon_core.package_discovery:discover_packages(prefix_path) using defaults
[0.546s] Level 5:colcon.colcon_core.verb:set package 'my_msgs' build argument 'cmake_args' from command line to 'None'
[0.546s] Level 5:colcon.colcon_core.verb:set package 'my_msgs' build argument 'cmake_target' from command line to 'None'
[0.546s] Level 5:colcon.colcon_core.verb:set package 'my_msgs' build argument 'cmake_target_skip_unavailable' from command line to 'False'
[0.546s] Level 5:colcon.colcon_core.verb:set package 'my_msgs' build argument 'cmake_clean_cache' from command line to 'False'
[0.546s] Level 5:colcon.colcon_core.verb:set package 'my_msgs' build argument 'cmake_clean_first' from command line to 'False'
[0.546s] Level 5:colcon.colcon_core.verb:set package 'my_msgs' build argument 'cmake_force_configure' from command line to 'False'
[0.546s] Level 5:colcon.colcon_core.verb:set package 'my_msgs' build argument 'ament_cmake_args' from command line to 'None'
[0.546s] Level 5:colcon.colcon_core.verb:set package 'my_msgs' build argument 'catkin_cmake_args' from command line to 'None'
[0.546s] Level 5:colcon.colcon_core.verb:set package 'my_msgs' build argument 'catkin_skip_building_tests' from command line to 'False'
[0.546s] DEBUG:colcon.colcon_core.verb:Building package 'my_msgs' with the following arguments: {'ament_cmake_args': None, 'build_base': '/home/aniketh05/my_ros2_ws/src/build/my_msgs', 'catkin_cmake_args': None, 'catkin_skip_building_tests': False, 'cmake_args': None, 'cmake_clean_cache': False, 'cmake_clean_first': False, 'cmake_force_configure': False, 'cmake_target': None, 'cmake_target_skip_unavailable': False, 'install_base': '/home/aniketh05/my_ros2_ws/src/install/my_msgs', 'merge_install': False, 'path': '/home/aniketh05/my_ros2_ws/src/my_msgs', 'symlink_install': True, 'test_result_base': None}
[0.546s] Level 5:colcon.colcon_core.verb:set package 'my_pkg_01' build argument 'cmake_args' from command line to 'None'
[0.547s] Level 5:colcon.colcon_core.verb:set package 'my_pkg_01' build argument 'cmake_target' from command line to 'None'
[0.547s] Level 5:colcon.colcon_core.verb:set package 'my_pkg_01' build argument 'cmake_target_skip_unavailable' from command line to 'False'
[0.547s] Level 5:colcon.colcon_core.verb:set package 'my_pkg_01' build argument 'cmake_clean_cache' from command line to 'False'
[0.547s] Level 5:colcon.colcon_core.verb:set package 'my_pkg_01' build argument 'cmake_clean_first' from command line to 'False'
[0.547s] Level 5:colcon.colcon_core.verb:set package 'my_pkg_01' build argument 'cmake_force_configure' from command line to 'False'
[0.547s] Level 5:colcon.colcon_core.verb:set package 'my_pkg_01' build argument 'ament_cmake_args' from command line to 'None'
[0.547s] Level 5:colcon.colcon_core.verb:set package 'my_pkg_01' build argument 'catkin_cmake_args' from command line to 'None'
[0.547s] Level 5:colcon.colcon_core.verb:set package 'my_pkg_01' build argument 'catkin_skip_building_tests' from command line to 'False'
[0.547s] DEBUG:colcon.colcon_core.verb:Building package 'my_pkg_01' with the following arguments: {'ament_cmake_args': None, 'build_base': '/home/aniketh05/my_ros2_ws/src/build/my_pkg_01', 'catkin_cmake_args': None, 'catkin_skip_building_tests': False, 'cmake_args': None, 'cmake_clean_cache': False, 'cmake_clean_first': False, 'cmake_force_configure': False, 'cmake_target': None, 'cmake_target_skip_unavailable': False, 'install_base': '/home/aniketh05/my_ros2_ws/src/install/my_pkg_01', 'merge_install': False, 'path': '/home/aniketh05/my_ros2_ws/src/my_pkg_01', 'symlink_install': True, 'test_result_base': None}
[0.547s] Level 5:colcon.colcon_core.verb:set package 'my_pkg_prac' build argument 'cmake_args' from command line to 'None'
[0.547s] Level 5:colcon.colcon_core.verb:set package 'my_pkg_prac' build argument 'cmake_target' from command line to 'None'
[0.547s] Level 5:colcon.colcon_core.verb:set package 'my_pkg_prac' build argument 'cmake_target_skip_unavailable' from command line to 'False'
[0.547s] Level 5:colcon.colcon_core.verb:set package 'my_pkg_prac' build argument 'cmake_clean_cache' from command line to 'False'
[0.547s] Level 5:colcon.colcon_core.verb:set package 'my_pkg_prac' build argument 'cmake_clean_first' from command line to 'False'
[0.547s] Level 5:colcon.colcon_core.verb:set package 'my_pkg_prac' build argument 'cmake_force_configure' from command line to 'False'
[0.547s] Level 5:colcon.colcon_core.verb:set package 'my_pkg_prac' build argument 'ament_cmake_args' from command line to 'None'
[0.547s] Level 5:colcon.colcon_core.verb:set package 'my_pkg_prac' build argument 'catkin_cmake_args' from command line to 'None'
[0.547s] Level 5:colcon.colcon_core.verb:set package 'my_pkg_prac' build argument 'catkin_skip_building_tests' from command line to 'False'
[0.547s] DEBUG:colcon.colcon_core.verb:Building package 'my_pkg_prac' with the following arguments: {'ament_cmake_args': None, 'build_base': '/home/aniketh05/my_ros2_ws/src/build/my_pkg_prac', 'catkin_cmake_args': None, 'catkin_skip_building_tests': False, 'cmake_args': None, 'cmake_clean_cache': False, 'cmake_clean_first': False, 'cmake_force_configure': False, 'cmake_target': None, 'cmake_target_skip_unavailable': False, 'install_base': '/home/aniketh05/my_ros2_ws/src/install/my_pkg_prac', 'merge_install': False, 'path': '/home/aniketh05/my_ros2_ws/src/my_pkg_prac', 'symlink_install': True, 'test_result_base': None}
[0.547s] Level 5:colcon.colcon_core.verb:set package 'my_services' build argument 'cmake_args' from command line to 'None'
[0.547s] Level 5:colcon.colcon_core.verb:set package 'my_services' build argument 'cmake_target' from command line to 'None'
[0.547s] Level 5:colcon.colcon_core.verb:set package 'my_services' build argument 'cmake_target_skip_unavailable' from command line to 'False'
[0.547s] Level 5:colcon.colcon_core.verb:set package 'my_services' build argument 'cmake_clean_cache' from command line to 'False'
[0.547s] Level 5:colcon.colcon_core.verb:set package 'my_services' build argument 'cmake_clean_first' from command line to 'False'
[0.547s] Level 5:colcon.colcon_core.verb:set package 'my_services' build argument 'cmake_force_configure' from command line to 'False'
[0.547s] Level 5:colcon.colcon_core.verb:set package 'my_services' build argument 'ament_cmake_args' from command line to 'None'
[0.547s] Level 5:colcon.colcon_core.verb:set package 'my_services' build argument 'catkin_cmake_args' from command line to 'None'
[0.547s] Level 5:colcon.colcon_core.verb:set package 'my_services' build argument 'catkin_skip_building_tests' from command line to 'False'
[0.547s] DEBUG:colcon.colcon_core.verb:Building package 'my_services' with the following arguments: {'ament_cmake_args': None, 'build_base': '/home/aniketh05/my_ros2_ws/src/build/my_services', 'catkin_cmake_args': None, 'catkin_skip_building_tests': False, 'cmake_args': None, 'cmake_clean_cache': False, 'cmake_clean_first': False, 'cmake_force_configure': False, 'cmake_target': None, 'cmake_target_skip_unavailable': False, 'install_base': '/home/aniketh05/my_ros2_ws/src/install/my_services', 'merge_install': False, 'path': '/home/aniketh05/my_ros2_ws/src/my_services', 'symlink_install': True, 'test_result_base': None}
[0.548s] Level 5:colcon.colcon_core.verb:set package 'turtle_control' build argument 'cmake_args' from command line to 'None'
[0.548s] Level 5:colcon.colcon_core.verb:set package 'turtle_control' build argument 'cmake_target' from command line to 'None'
[0.548s] Level 5:colcon.colcon_core.verb:set package 'turtle_control' build argument 'cmake_target_skip_unavailable' from command line to 'False'
[0.548s] Level 5:colcon.colcon_core.verb:set package 'turtle_control' build argument 'cmake_clean_cache' from command line to 'False'
[0.548s] Level 5:colcon.colcon_core.verb:set package 'turtle_control' build argument 'cmake_clean_first' from command line to 'False'
[0.548s] Level 5:colcon.colcon_core.verb:set package 'turtle_control' build argument 'cmake_force_configure' from command line to 'False'
[0.548s] Level 5:colcon.colcon_core.verb:set package 'turtle_control' build argument 'ament_cmake_args' from command line to 'None'
[0.548s] Level 5:colcon.colcon_core.verb:set package 'turtle_control' build argument 'catkin_cmake_args' from command line to 'None'
[0.548s] Level 5:colcon.colcon_core.verb:set package 'turtle_control' build argument 'catkin_skip_building_tests' from command line to 'False'
[0.548s] DEBUG:colcon.colcon_core.verb:Building package 'turtle_control' with the following arguments: {'ament_cmake_args': None, 'build_base': '/home/aniketh05/my_ros2_ws/src/build/turtle_control', 'catkin_cmake_args': None, 'catkin_skip_building_tests': False, 'cmake_args': None, 'cmake_clean_cache': False, 'cmake_clean_first': False, 'cmake_force_configure': False, 'cmake_target': None, 'cmake_target_skip_unavailable': False, 'install_base': '/home/aniketh05/my_ros2_ws/src/install/turtle_control', 'merge_install': False, 'path': '/home/aniketh05/my_ros2_ws/src/turtle_control', 'symlink_install': True, 'test_result_base': None}
[0.548s] INFO:colcon.colcon_core.executor:Executing jobs using 'parallel' executor
[0.550s] DEBUG:colcon.colcon_parallel_executor.executor.parallel:run_until_complete
[0.550s] INFO:colcon.colcon_ros.task.ament_cmake.build:Building ROS package in '/home/aniketh05/my_ros2_ws/src/my_msgs' with build type 'ament_cmake'
[0.550s] INFO:colcon.colcon_cmake.task.cmake.build:Building CMake package in '/home/aniketh05/my_ros2_ws/src/my_msgs'
[0.554s] INFO:colcon.colcon_core.plugin_system:Skipping extension 'colcon_core.shell.bat': Not used on non-Windows systems
[0.555s] INFO:colcon.colcon_core.shell:Skip shell extension 'powershell' for command environment: Not usable outside of PowerShell
[0.555s] DEBUG:colcon.colcon_core.shell:Skip shell extension 'dsv' for command environment
[0.558s] INFO:colcon.colcon_ros.task.ament_python.build:Building ROS package in '/home/aniketh05/my_ros2_ws/src/my_pkg_01' with build type 'ament_python'
[0.559s] Level 1:colcon.colcon_core.shell:create_environment_hook('my_pkg_01', 'ament_prefix_path')
[0.560s] INFO:colcon.colcon_core.shell:Creating environment hook '/home/aniketh05/my_ros2_ws/src/install/my_pkg_01/share/my_pkg_01/hook/ament_prefix_path.ps1'
[0.561s] INFO:colcon.colcon_core.shell:Creating environment descriptor '/home/aniketh05/my_ros2_ws/src/install/my_pkg_01/share/my_pkg_01/hook/ament_prefix_path.dsv'
[0.562s] INFO:colcon.colcon_core.shell:Creating environment hook '/home/aniketh05/my_ros2_ws/src/install/my_pkg_01/share/my_pkg_01/hook/ament_prefix_path.sh'
[0.563s] INFO:colcon.colcon_core.shell:Skip shell extension 'powershell' for command environment: Not usable outside of PowerShell
[0.563s] DEBUG:colcon.colcon_core.shell:Skip shell extension 'dsv' for command environment
[0.565s] INFO:colcon.colcon_ros.task.ament_python.build:Building ROS package in '/home/aniketh05/my_ros2_ws/src/my_pkg_prac' with build type 'ament_python'
[0.565s] Level 1:colcon.colcon_core.shell:create_environment_hook('my_pkg_prac', 'ament_prefix_path')
[0.565s] INFO:colcon.colcon_core.shell:Creating environment hook '/home/aniketh05/my_ros2_ws/src/install/my_pkg_prac/share/my_pkg_prac/hook/ament_prefix_path.ps1'
[0.566s] INFO:colcon.colcon_core.shell:Creating environment descriptor '/home/aniketh05/my_ros2_ws/src/install/my_pkg_prac/share/my_pkg_prac/hook/ament_prefix_path.dsv'
[0.566s] INFO:colcon.colcon_core.shell:Creating environment hook '/home/aniketh05/my_ros2_ws/src/install/my_pkg_prac/share/my_pkg_prac/hook/ament_prefix_path.sh'
[0.566s] INFO:colcon.colcon_core.shell:Skip shell extension 'powershell' for command environment: Not usable outside of PowerShell
[0.567s] DEBUG:colcon.colcon_core.shell:Skip shell extension 'dsv' for command environment
[0.569s] INFO:colcon.colcon_ros.task.ament_python.build:Building ROS package in '/home/aniketh05/my_ros2_ws/src/my_services' with build type 'ament_python'
[0.569s] Level 1:colcon.colcon_core.shell:create_environment_hook('my_services', 'ament_prefix_path')
[0.569s] INFO:colcon.colcon_core.shell:Creating environment hook '/home/aniketh05/my_ros2_ws/src/install/my_services/share/my_services/hook/ament_prefix_path.ps1'
[0.571s] INFO:colcon.colcon_core.shell:Creating environment descriptor '/home/aniketh05/my_ros2_ws/src/install/my_services/share/my_services/hook/ament_prefix_path.dsv'
[0.571s] INFO:colcon.colcon_core.shell:Creating environment hook '/home/aniketh05/my_ros2_ws/src/install/my_services/share/my_services/hook/ament_prefix_path.sh'
[0.572s] INFO:colcon.colcon_core.shell:Skip shell extension 'powershell' for command environment: Not usable outside of PowerShell
[0.572s] DEBUG:colcon.colcon_core.shell:Skip shell extension 'dsv' for command environment
[0.574s] INFO:colcon.colcon_ros.task.ament_python.build:Building ROS package in '/home/aniketh05/my_ros2_ws/src/turtle_control' with build type 'ament_python'
[0.574s] Level 1:colcon.colcon_core.shell:create_environment_hook('turtle_control', 'ament_prefix_path')
[0.575s] INFO:colcon.colcon_core.shell:Creating environment hook '/home/aniketh05/my_ros2_ws/src/install/turtle_control/share/turtle_control/hook/ament_prefix_path.ps1'
[0.578s] INFO:colcon.colcon_core.shell:Creating environment descriptor '/home/aniketh05/my_ros2_ws/src/install/turtle_control/share/turtle_control/hook/ament_prefix_path.dsv'
[0.578s] INFO:colcon.colcon_core.shell:Creating environment hook '/home/aniketh05/my_ros2_ws/src/install/turtle_control/share/turtle_control/hook/ament_prefix_path.sh'
[0.579s] INFO:colcon.colcon_core.shell:Skip shell extension 'powershell' for command environment: Not usable outside of PowerShell
[0.580s] DEBUG:colcon.colcon_core.shell:Skip shell extension 'dsv' for command environment
[0.586s] DEBUG:colcon.colcon_core.event_handler.log_command:Invoking command in '/home/aniketh05/my_ros2_ws/src/build/my_msgs': CMAKE_PREFIX_PATH=${CMAKE_PREFIX_PATH}:/home/aniketh05/my_ros2_ws/install/turtle_control:/home/aniketh05/my_ros2_ws/install/my_pkg_prac:/home/aniketh05/my_ros2_ws/install/my_pkg_01:/opt/ros/humble /usr/bin/cmake /home/aniketh05/my_ros2_ws/src/my_msgs -DAMENT_CMAKE_SYMLINK_INSTALL=1 -DCMAKE_INSTALL_PREFIX=/home/aniketh05/my_ros2_ws/src/install/my_msgs
[0.812s] INFO:colcon.colcon_core.task.python.build:Building Python package in '/home/aniketh05/my_ros2_ws/src/my_pkg_01'
[0.813s] INFO:colcon.colcon_core.shell:Skip shell extension 'powershell' for command environment: Not usable outside of PowerShell
[0.813s] DEBUG:colcon.colcon_core.shell:Skip shell extension 'dsv' for command environment
[1.021s] INFO:colcon.colcon_core.task.python.build:Building Python package in '/home/aniketh05/my_ros2_ws/src/my_pkg_prac'
[1.022s] INFO:colcon.colcon_core.shell:Skip shell extension 'powershell' for command environment: Not usable outside of PowerShell
[1.022s] DEBUG:colcon.colcon_core.shell:Skip shell extension 'dsv' for command environment
[1.227s] INFO:colcon.colcon_core.task.python.build:Building Python package in '/home/aniketh05/my_ros2_ws/src/my_services'
[1.228s] INFO:colcon.colcon_core.shell:Skip shell extension 'powershell' for command environment: Not usable outside of PowerShell
[1.228s] DEBUG:colcon.colcon_core.shell:Skip shell extension 'dsv' for command environment
[1.442s] INFO:colcon.colcon_core.task.python.build:Building Python package in '/home/aniketh05/my_ros2_ws/src/turtle_control'
[1.442s] INFO:colcon.colcon_core.shell:Skip shell extension 'powershell' for command environment: Not usable outside of PowerShell
[1.442s] DEBUG:colcon.colcon_core.shell:Skip shell extension 'dsv' for command environment
[1.988s] DEBUG:colcon.colcon_core.task.python.build:While undoing a previous installation files outside the Python library path are being ignored: /home/aniketh05/my_ros2_ws/src/install/my_pkg_01/share/ament_index/resource_index/packages/my_pkg_01
[1.988s] DEBUG:colcon.colcon_core.task.python.build:While undoing a previous installation files outside the Python library path are being ignored: /home/aniketh05/my_ros2_ws/src/install/my_pkg_01/share/my_pkg_01/package.xml
[1.992s] DEBUG:colcon.colcon_core.event_handler.log_command:Invoking command in '/home/aniketh05/my_ros2_ws/src/build/my_pkg_01': PYTHONPATH=/home/aniketh05/my_ros2_ws/src/build/my_pkg_01/prefix_override:/usr/lib/python3/dist-packages/colcon_core/task/python/colcon_distutils_commands:/home/aniketh05/my_ros2_ws/src/install/my_pkg_01/lib/python3.10/site-packages:${PYTHONPATH} /usr/bin/python3 -W ignore:setup.py install is deprecated -W ignore:easy_install command is deprecated setup.py develop --editable --build-directory /home/aniketh05/my_ros2_ws/src/build/my_pkg_01/build --no-deps symlink_data --force
[1.997s] DEBUG:colcon.colcon_core.event_handler.log_command:Invoking command in '/home/aniketh05/my_ros2_ws/src/build/turtle_control': PYTHONPATH=/home/aniketh05/my_ros2_ws/src/build/turtle_control/prefix_override:/usr/lib/python3/dist-packages/colcon_core/task/python/colcon_distutils_commands:/home/aniketh05/my_ros2_ws/src/install/turtle_control/lib/python3.10/site-packages:${PYTHONPATH} /usr/bin/python3 -W ignore:setup.py install is deprecated -W ignore:easy_install command is deprecated setup.py develop --editable --build-directory /home/aniketh05/my_ros2_ws/src/build/turtle_control/build --no-deps symlink_data
[2.004s] DEBUG:colcon.colcon_core.event_handler.log_command:Invoking command in '/home/aniketh05/my_ros2_ws/src/build/my_services': PYTHONPATH=/home/aniketh05/my_ros2_ws/src/build/my_services/prefix_override:/usr/lib/python3/dist-packages/colcon_core/task/python/colcon_distutils_commands:/home/aniketh05/my_ros2_ws/src/install/my_services/lib/python3.10/site-packages:${PYTHONPATH} /usr/bin/python3 -W ignore:setup.py install is deprecated -W ignore:easy_install command is deprecated setup.py develop --editable --build-directory /home/aniketh05/my_ros2_ws/src/build/my_services/build --no-deps symlink_data
[2.007s] DEBUG:colcon.colcon_core.task.python.build:While undoing a previous installation files outside the Python library path are being ignored: /home/aniketh05/my_ros2_ws/src/install/my_pkg_prac/share/ament_index/resource_index/packages/my_pkg_prac
[2.007s] DEBUG:colcon.colcon_core.task.python.build:While undoing a previous installation files outside the Python library path are being ignored: /home/aniketh05/my_ros2_ws/src/install/my_pkg_prac/share/my_pkg_prac/package.xml
[2.014s] DEBUG:colcon.colcon_core.event_handler.log_command:Invoking command in '/home/aniketh05/my_ros2_ws/src/build/my_pkg_prac': PYTHONPATH=/home/aniketh05/my_ros2_ws/src/build/my_pkg_prac/prefix_override:/usr/lib/python3/dist-packages/colcon_core/task/python/colcon_distutils_commands:/home/aniketh05/my_ros2_ws/src/install/my_pkg_prac/lib/python3.10/site-packages:${PYTHONPATH} /usr/bin/python3 -W ignore:setup.py install is deprecated -W ignore:easy_install command is deprecated setup.py develop --editable --build-directory /home/aniketh05/my_ros2_ws/src/build/my_pkg_prac/build --no-deps symlink_data --force
[2.568s] Level 1:colcon.colcon_core.shell:create_environment_hook('my_pkg_01', 'pythonpath_develop')
[2.569s] INFO:colcon.colcon_core.shell:Creating environment hook '/home/aniketh05/my_ros2_ws/src/build/my_pkg_01/share/my_pkg_01/hook/pythonpath_develop.ps1'
[2.570s] DEBUG:colcon.colcon_core.event_handler.log_command:Invoked command in '/home/aniketh05/my_ros2_ws/src/build/my_pkg_01' returned '0': PYTHONPATH=/home/aniketh05/my_ros2_ws/src/build/my_pkg_01/prefix_override:/usr/lib/python3/dist-packages/colcon_core/task/python/colcon_distutils_commands:/home/aniketh05/my_ros2_ws/src/install/my_pkg_01/lib/python3.10/site-packages:${PYTHONPATH} /usr/bin/python3 -W ignore:setup.py install is deprecated -W ignore:easy_install command is deprecated setup.py develop --editable --build-directory /home/aniketh05/my_ros2_ws/src/build/my_pkg_01/build --no-deps symlink_data --force
[2.571s] INFO:colcon.colcon_core.shell:Creating environment descriptor '/home/aniketh05/my_ros2_ws/src/build/my_pkg_01/share/my_pkg_01/hook/pythonpath_develop.dsv'
[2.572s] INFO:colcon.colcon_core.shell:Creating environment hook '/home/aniketh05/my_ros2_ws/src/build/my_pkg_01/share/my_pkg_01/hook/pythonpath_develop.sh'
[2.579s] Level 1:colcon.colcon_core.environment:checking '/home/aniketh05/my_ros2_ws/src/install/my_pkg_01' for CMake module files
[2.580s] Level 1:colcon.colcon_core.environment:checking '/home/aniketh05/my_ros2_ws/src/install/my_pkg_01' for CMake config files
[2.580s] Level 1:colcon.colcon_core.environment:checking '/home/aniketh05/my_ros2_ws/src/install/my_pkg_01/lib'
[2.581s] Level 1:colcon.colcon_core.environment:checking '/home/aniketh05/my_ros2_ws/src/install/my_pkg_01/bin'
[2.581s] Level 1:colcon.colcon_core.environment:checking '/home/aniketh05/my_ros2_ws/src/install/my_pkg_01/lib/pkgconfig/my_pkg_01.pc'
[2.581s] Level 1:colcon.colcon_core.environment:checking '/home/aniketh05/my_ros2_ws/src/install/my_pkg_01/lib/python3.10/site-packages'
[2.581s] Level 1:colcon.colcon_core.shell:create_environment_hook('my_pkg_01', 'pythonpath')
[2.581s] INFO:colcon.colcon_core.shell:Creating environment hook '/home/aniketh05/my_ros2_ws/src/install/my_pkg_01/share/my_pkg_01/hook/pythonpath.ps1'
[2.582s] INFO:colcon.colcon_core.shell:Creating environment descriptor '/home/aniketh05/my_ros2_ws/src/install/my_pkg_01/share/my_pkg_01/hook/pythonpath.dsv'
[2.583s] INFO:colcon.colcon_core.shell:Creating environment hook '/home/aniketh05/my_ros2_ws/src/install/my_pkg_01/share/my_pkg_01/hook/pythonpath.sh'
[2.583s] Level 1:colcon.colcon_core.environment:checking '/home/aniketh05/my_ros2_ws/src/install/my_pkg_01/bin'
[2.584s] Level 1:colcon.colcon_core.environment:create_environment_scripts_only(my_pkg_01)
[2.584s] INFO:colcon.colcon_core.shell:Creating package script '/home/aniketh05/my_ros2_ws/src/install/my_pkg_01/share/my_pkg_01/package.ps1'
[2.586s] INFO:colcon.colcon_core.shell:Creating package descriptor '/home/aniketh05/my_ros2_ws/src/install/my_pkg_01/share/my_pkg_01/package.dsv'
[2.587s] INFO:colcon.colcon_core.shell:Creating package script '/home/aniketh05/my_ros2_ws/src/install/my_pkg_01/share/my_pkg_01/package.sh'
[2.589s] INFO:colcon.colcon_core.shell:Creating package script '/home/aniketh05/my_ros2_ws/src/install/my_pkg_01/share/my_pkg_01/package.bash'
[2.590s] INFO:colcon.colcon_core.shell:Creating package script '/home/aniketh05/my_ros2_ws/src/install/my_pkg_01/share/my_pkg_01/package.zsh'
[2.592s] Level 1:colcon.colcon_core.environment:create_file_with_runtime_dependencies(/home/aniketh05/my_ros2_ws/src/install/my_pkg_01/share/colcon-core/packages/my_pkg_01)
[2.593s] Level 1:colcon.colcon_core.shell:create_environment_hook('my_services', 'pythonpath_develop')
[2.594s] INFO:colcon.colcon_core.shell:Creating environment hook '/home/aniketh05/my_ros2_ws/src/build/my_services/share/my_services/hook/pythonpath_develop.ps1'
[2.596s] DEBUG:colcon.colcon_core.event_handler.log_command:Invoked command in '/home/aniketh05/my_ros2_ws/src/build/my_services' returned '0': PYTHONPATH=/home/aniketh05/my_ros2_ws/src/build/my_services/prefix_override:/usr/lib/python3/dist-packages/colcon_core/task/python/colcon_distutils_commands:/home/aniketh05/my_ros2_ws/src/install/my_services/lib/python3.10/site-packages:${PYTHONPATH} /usr/bin/python3 -W ignore:setup.py install is deprecated -W ignore:easy_install command is deprecated setup.py develop --editable --build-directory /home/aniketh05/my_ros2_ws/src/build/my_services/build --no-deps symlink_data
[2.596s] INFO:colcon.colcon_core.shell:Creating environment descriptor '/home/aniketh05/my_ros2_ws/src/build/my_services/share/my_services/hook/pythonpath_develop.dsv'
[2.597s] INFO:colcon.colcon_core.shell:Creating environment hook '/home/aniketh05/my_ros2_ws/src/build/my_services/share/my_services/hook/pythonpath_develop.sh'
[2.598s] Level 1:colcon.colcon_core.environment:checking '/home/aniketh05/my_ros2_ws/src/install/my_services' for CMake module files
[2.598s] Level 1:colcon.colcon_core.environment:checking '/home/aniketh05/my_ros2_ws/src/install/my_services' for CMake config files
[2.599s] Level 1:colcon.colcon_core.environment:checking '/home/aniketh05/my_ros2_ws/src/install/my_services/lib'
[2.599s] Level 1:colcon.colcon_core.environment:checking '/home/aniketh05/my_ros2_ws/src/install/my_services/bin'
[2.599s] Level 1:colcon.colcon_core.environment:checking '/home/aniketh05/my_ros2_ws/src/install/my_services/lib/pkgconfig/my_services.pc'
[2.600s] Level 1:colcon.colcon_core.environment:checking '/home/aniketh05/my_ros2_ws/src/install/my_services/lib/python3.10/site-packages'
[2.600s] Level 1:colcon.colcon_core.shell:create_environment_hook('my_services', 'pythonpath')
[2.600s] INFO:colcon.colcon_core.shell:Creating environment hook '/home/aniketh05/my_ros2_ws/src/install/my_services/share/my_services/hook/pythonpath.ps1'
[2.601s] INFO:colcon.colcon_core.shell:Creating environment descriptor '/home/aniketh05/my_ros2_ws/src/install/my_services/share/my_services/hook/pythonpath.dsv'
[2.601s] INFO:colcon.colcon_core.shell:Creating environment hook '/home/aniketh05/my_ros2_ws/src/install/my_services/share/my_services/hook/pythonpath.sh'
[2.602s] Level 1:colcon.colcon_core.environment:checking '/home/aniketh05/my_ros2_ws/src/install/my_services/bin'
[2.602s] Level 1:colcon.colcon_core.environment:create_environment_scripts_only(my_services)
[2.602s] INFO:colcon.colcon_core.shell:Creating package script '/home/aniketh05/my_ros2_ws/src/install/my_services/share/my_services/package.ps1'
[2.603s] INFO:colcon.colcon_core.shell:Creating package descriptor '/home/aniketh05/my_ros2_ws/src/install/my_services/share/my_services/package.dsv'
[2.604s] INFO:colcon.colcon_core.shell:Creating package script '/home/aniketh05/my_ros2_ws/src/install/my_services/share/my_services/package.sh'
[2.605s] INFO:colcon.colcon_core.shell:Creating package script '/home/aniketh05/my_ros2_ws/src/install/my_services/share/my_services/package.bash'
[2.605s] INFO:colcon.colcon_core.shell:Creating package script '/home/aniketh05/my_ros2_ws/src/install/my_services/share/my_services/package.zsh'
[2.606s] Level 1:colcon.colcon_core.environment:create_file_with_runtime_dependencies(/home/aniketh05/my_ros2_ws/src/install/my_services/share/colcon-core/packages/my_services)
[2.609s] Level 1:colcon.colcon_core.shell:create_environment_hook('my_pkg_prac', 'pythonpath_develop')
[2.610s] INFO:colcon.colcon_core.shell:Creating environment hook '/home/aniketh05/my_ros2_ws/src/build/my_pkg_prac/share/my_pkg_prac/hook/pythonpath_develop.ps1'
[2.612s] DEBUG:colcon.colcon_core.event_handler.log_command:Invoked command in '/home/aniketh05/my_ros2_ws/src/build/my_pkg_prac' returned '0': PYTHONPATH=/home/aniketh05/my_ros2_ws/src/build/my_pkg_prac/prefix_override:/usr/lib/python3/dist-packages/colcon_core/task/python/colcon_distutils_commands:/home/aniketh05/my_ros2_ws/src/install/my_pkg_prac/lib/python3.10/site-packages:${PYTHONPATH} /usr/bin/python3 -W ignore:setup.py install is deprecated -W ignore:easy_install command is deprecated setup.py develop --editable --build-directory /home/aniketh05/my_ros2_ws/src/build/my_pkg_prac/build --no-deps symlink_data --force
[2.612s] INFO:colcon.colcon_core.shell:Creating environment descriptor '/home/aniketh05/my_ros2_ws/src/build/my_pkg_prac/share/my_pkg_prac/hook/pythonpath_develop.dsv'
[2.613s] INFO:colcon.colcon_core.shell:Creating environment hook '/home/aniketh05/my_ros2_ws/src/build/my_pkg_prac/share/my_pkg_prac/hook/pythonpath_develop.sh'
[2.613s] Level 1:colcon.colcon_core.environment:checking '/home/aniketh05/my_ros2_ws/src/install/my_pkg_prac' for CMake module files
[2.614s] Level 1:colcon.colcon_core.environment:checking '/home/aniketh05/my_ros2_ws/src/install/my_pkg_prac' for CMake config files
[2.615s] Level 1:colcon.colcon_core.environment:checking '/home/aniketh05/my_ros2_ws/src/install/my_pkg_prac/lib'
[2.615s] Level 1:colcon.colcon_core.environment:checking '/home/aniketh05/my_ros2_ws/src/install/my_pkg_prac/bin'
[2.615s] Level 1:colcon.colcon_core.environment:checking '/home/aniketh05/my_ros2_ws/src/install/my_pkg_prac/lib/pkgconfig/my_pkg_prac.pc'
[2.615s] Level 1:colcon.colcon_core.environment:checking '/home/aniketh05/my_ros2_ws/src/install/my_pkg_prac/lib/python3.10/site-packages'
[2.616s] Level 1:colcon.colcon_core.shell:create_environment_hook('my_pkg_prac', 'pythonpath')
[2.616s] INFO:colcon.colcon_core.shell:Creating environment hook '/home/aniketh05/my_ros2_ws/src/install/my_pkg_prac/share/my_pkg_prac/hook/pythonpath.ps1'
[2.617s] INFO:colcon.colcon_core.shell:Creating environment descriptor '/home/aniketh05/my_ros2_ws/src/install/my_pkg_prac/share/my_pkg_prac/hook/pythonpath.dsv'
[2.617s] INFO:colcon.colcon_core.shell:Creating environment hook '/home/aniketh05/my_ros2_ws/src/install/my_pkg_prac/share/my_pkg_prac/hook/pythonpath.sh'
[2.618s] Level 1:colcon.colcon_core.environment:checking '/home/aniketh05/my_ros2_ws/src/install/my_pkg_prac/bin'
[2.618s] Level 1:colcon.colcon_core.environment:create_environment_scripts_only(my_pkg_prac)
[2.618s] INFO:colcon.colcon_core.shell:Creating package script '/home/aniketh05/my_ros2_ws/src/install/my_pkg_prac/share/my_pkg_prac/package.ps1'
[2.619s] INFO:colcon.colcon_core.shell:Creating package descriptor '/home/aniketh05/my_ros2_ws/src/install/my_pkg_prac/share/my_pkg_prac/package.dsv'
[2.620s] INFO:colcon.colcon_core.shell:Creating package script '/home/aniketh05/my_ros2_ws/src/install/my_pkg_prac/share/my_pkg_prac/package.sh'
[2.620s] INFO:colcon.colcon_core.shell:Creating package script '/home/aniketh05/my_ros2_ws/src/install/my_pkg_prac/share/my_pkg_prac/package.bash'
[2.621s] INFO:colcon.colcon_core.shell:Creating package script '/home/aniketh05/my_ros2_ws/src/install/my_pkg_prac/share/my_pkg_prac/package.zsh'
[2.621s] Level 1:colcon.colcon_core.environment:create_file_with_runtime_dependencies(/home/aniketh05/my_ros2_ws/src/install/my_pkg_prac/share/colcon-core/packages/my_pkg_prac)
[2.622s] Level 1:colcon.colcon_core.shell:create_environment_hook('turtle_control', 'pythonpath_develop')
[2.622s] INFO:colcon.colcon_core.shell:Creating environment hook '/home/aniketh05/my_ros2_ws/src/build/turtle_control/share/turtle_control/hook/pythonpath_develop.ps1'
[2.625s] DEBUG:colcon.colcon_core.event_handler.log_command:Invoked command in '/home/aniketh05/my_ros2_ws/src/build/turtle_control' returned '0': PYTHONPATH=/home/aniketh05/my_ros2_ws/src/build/turtle_control/prefix_override:/usr/lib/python3/dist-packages/colcon_core/task/python/colcon_distutils_commands:/home/aniketh05/my_ros2_ws/src/install/turtle_control/lib/python3.10/site-packages:${PYTHONPATH} /usr/bin/python3 -W ignore:setup.py install is deprecated -W ignore:easy_install command is deprecated setup.py develop --editable --build-directory /home/aniketh05/my_ros2_ws/src/build/turtle_control/build --no-deps symlink_data
[2.626s] INFO:colcon.colcon_core.shell:Creating environment descriptor '/home/aniketh05/my_ros2_ws/src/build/turtle_control/share/turtle_control/hook/pythonpath_develop.dsv'
[2.626s] INFO:colcon.colcon_core.shell:Creating environment hook '/home/aniketh05/my_ros2_ws/src/build/turtle_control/share/turtle_control/hook/pythonpath_develop.sh'
[2.627s] Level 1:colcon.colcon_core.environment:checking '/home/aniketh05/my_ros2_ws/src/install/turtle_control' for CMake module files
[2.627s] Level 1:colcon.colcon_core.environment:checking '/home/aniketh05/my_ros2_ws/src/install/turtle_control' for CMake config files
[2.628s] Level 1:colcon.colcon_core.environment:checking '/home/aniketh05/my_ros2_ws/src/install/turtle_control/lib'
[2.628s] Level 1:colcon.colcon_core.environment:checking '/home/aniketh05/my_ros2_ws/src/install/turtle_control/bin'
[2.628s] Level 1:colcon.colcon_core.environment:checking '/home/aniketh05/my_ros2_ws/src/install/turtle_control/lib/pkgconfig/turtle_control.pc'
[2.629s] Level 1:colcon.colcon_core.environment:checking '/home/aniketh05/my_ros2_ws/src/install/turtle_control/lib/python3.10/site-packages'
[2.629s] Level 1:colcon.colcon_core.shell:create_environment_hook('turtle_control', 'pythonpath')
[2.629s] INFO:colcon.colcon_core.shell:Creating environment hook '/home/aniketh05/my_ros2_ws/src/install/turtle_control/share/turtle_control/hook/pythonpath.ps1'
[2.630s] INFO:colcon.colcon_core.shell:Creating environment descriptor '/home/aniketh05/my_ros2_ws/src/install/turtle_control/share/turtle_control/hook/pythonpath.dsv'
[2.630s] INFO:colcon.colcon_core.shell:Creating environment hook '/home/aniketh05/my_ros2_ws/src/install/turtle_control/share/turtle_control/hook/pythonpath.sh'
[2.631s] Level 1:colcon.colcon_core.environment:checking '/home/aniketh05/my_ros2_ws/src/install/turtle_control/bin'
[2.631s] Level 1:colcon.colcon_core.environment:create_environment_scripts_only(turtle_control)
[2.631s] INFO:colcon.colcon_core.shell:Creating package script '/home/aniketh05/my_ros2_ws/src/install/turtle_control/share/turtle_control/package.ps1'
[2.632s] INFO:colcon.colcon_core.shell:Creating package descriptor '/home/aniketh05/my_ros2_ws/src/install/turtle_control/share/turtle_control/package.dsv'
[2.632s] INFO:colcon.colcon_core.shell:Creating package script '/home/aniketh05/my_ros2_ws/src/install/turtle_control/share/turtle_control/package.sh'
[2.632s] INFO:colcon.colcon_core.shell:Creating package script '/home/aniketh05/my_ros2_ws/src/install/turtle_control/share/turtle_control/package.bash'
[2.632s] INFO:colcon.colcon_core.shell:Creating package script '/home/aniketh05/my_ros2_ws/src/install/turtle_control/share/turtle_control/package.zsh'
[2.632s] Level 1:colcon.colcon_core.environment:create_file_with_runtime_dependencies(/home/aniketh05/my_ros2_ws/src/install/turtle_control/share/colcon-core/packages/turtle_control)
[4.174s] DEBUG:colcon.colcon_core.event_handler.log_command:Invoked command in '/home/aniketh05/my_ros2_ws/src/build/my_msgs' returned '0': CMAKE_PREFIX_PATH=${CMAKE_PREFIX_PATH}:/home/aniketh05/my_ros2_ws/install/turtle_control:/home/aniketh05/my_ros2_ws/install/my_pkg_prac:/home/aniketh05/my_ros2_ws/install/my_pkg_01:/opt/ros/humble /usr/bin/cmake /home/aniketh05/my_ros2_ws/src/my_msgs -DAMENT_CMAKE_SYMLINK_INSTALL=1 -DCMAKE_INSTALL_PREFIX=/home/aniketh05/my_ros2_ws/src/install/my_msgs
[4.174s] DEBUG:colcon.colcon_core.event_handler.log_command:Invoking command in '/home/aniketh05/my_ros2_ws/src/build/my_msgs': CMAKE_PREFIX_PATH=${CMAKE_PREFIX_PATH}:/home/aniketh05/my_ros2_ws/install/turtle_control:/home/aniketh05/my_ros2_ws/install/my_pkg_prac:/home/aniketh05/my_ros2_ws/install/my_pkg_01:/opt/ros/humble /usr/bin/cmake --build /home/aniketh05/my_ros2_ws/src/build/my_msgs -- -j12 -l12
[6.709s] DEBUG:colcon.colcon_core.event_handler.log_command:Invoked command in '/home/aniketh05/my_ros2_ws/src/build/my_msgs' returned '0': CMAKE_PREFIX_PATH=${CMAKE_PREFIX_PATH}:/home/aniketh05/my_ros2_ws/install/turtle_control:/home/aniketh05/my_ros2_ws/install/my_pkg_prac:/home/aniketh05/my_ros2_ws/install/my_pkg_01:/opt/ros/humble /usr/bin/cmake --build /home/aniketh05/my_ros2_ws/src/build/my_msgs -- -j12 -l12
[6.716s] DEBUG:colcon.colcon_core.event_handler.log_command:Invoking command in '/home/aniketh05/my_ros2_ws/src/build/my_msgs': CMAKE_PREFIX_PATH=${CMAKE_PREFIX_PATH}:/home/aniketh05/my_ros2_ws/install/turtle_control:/home/aniketh05/my_ros2_ws/install/my_pkg_prac:/home/aniketh05/my_ros2_ws/install/my_pkg_01:/opt/ros/humble /usr/bin/cmake --install /home/aniketh05/my_ros2_ws/src/build/my_msgs
[7.341s] Level 1:colcon.colcon_core.environment:create_environment_scripts_only(my_msgs)
[7.342s] DEBUG:colcon.colcon_core.event_handler.log_command:Invoked command in '/home/aniketh05/my_ros2_ws/src/build/my_msgs' returned '0': CMAKE_PREFIX_PATH=${CMAKE_PREFIX_PATH}:/home/aniketh05/my_ros2_ws/install/turtle_control:/home/aniketh05/my_ros2_ws/install/my_pkg_prac:/home/aniketh05/my_ros2_ws/install/my_pkg_01:/opt/ros/humble /usr/bin/cmake --install /home/aniketh05/my_ros2_ws/src/build/my_msgs
[7.342s] Level 1:colcon.colcon_core.environment:checking '/home/aniketh05/my_ros2_ws/src/install/my_msgs' for CMake module files
[7.343s] Level 1:colcon.colcon_core.environment:checking '/home/aniketh05/my_ros2_ws/src/install/my_msgs' for CMake config files
[7.343s] Level 1:colcon.colcon_core.shell:create_environment_hook('my_msgs', 'cmake_prefix_path')
[7.344s] INFO:colcon.colcon_core.shell:Creating environment hook '/home/aniketh05/my_ros2_ws/src/install/my_msgs/share/my_msgs/hook/cmake_prefix_path.ps1'
[7.344s] INFO:colcon.colcon_core.shell:Creating environment descriptor '/home/aniketh05/my_ros2_ws/src/install/my_msgs/share/my_msgs/hook/cmake_prefix_path.dsv'
[7.344s] INFO:colcon.colcon_core.shell:Creating environment hook '/home/aniketh05/my_ros2_ws/src/install/my_msgs/share/my_msgs/hook/cmake_prefix_path.sh'
[7.345s] Level 1:colcon.colcon_core.environment:checking '/home/aniketh05/my_ros2_ws/src/install/my_msgs/lib'
[7.345s] Level 1:colcon.colcon_core.shell:create_environment_hook('my_msgs', 'ld_library_path_lib')
[7.345s] INFO:colcon.colcon_core.shell:Creating environment hook '/home/aniketh05/my_ros2_ws/src/install/my_msgs/share/my_msgs/hook/ld_library_path_lib.ps1'
[7.345s] INFO:colcon.colcon_core.shell:Creating environment descriptor '/home/aniketh05/my_ros2_ws/src/install/my_msgs/share/my_msgs/hook/ld_library_path_lib.dsv'
[7.346s] INFO:colcon.colcon_core.shell:Creating environment hook '/home/aniketh05/my_ros2_ws/src/install/my_msgs/share/my_msgs/hook/ld_library_path_lib.sh'
[7.346s] Level 1:colcon.colcon_core.environment:checking '/home/aniketh05/my_ros2_ws/src/install/my_msgs/bin'
[7.346s] Level 1:colcon.colcon_core.environment:checking '/home/aniketh05/my_ros2_ws/src/install/my_msgs/lib/pkgconfig/my_msgs.pc'
[7.346s] Level 1:colcon.colcon_core.environment:checking '/home/aniketh05/my_ros2_ws/src/install/my_msgs/lib/python3.10/site-packages'
[7.346s] Level 1:colcon.colcon_core.environment:checking '/home/aniketh05/my_ros2_ws/src/install/my_msgs/bin'
[7.347s] INFO:colcon.colcon_core.shell:Creating package script '/home/aniketh05/my_ros2_ws/src/install/my_msgs/share/my_msgs/package.ps1'
[7.347s] INFO:colcon.colcon_core.shell:Creating package descriptor '/home/aniketh05/my_ros2_ws/src/install/my_msgs/share/my_msgs/package.dsv'
[7.347s] INFO:colcon.colcon_core.shell:Creating package script '/home/aniketh05/my_ros2_ws/src/install/my_msgs/share/my_msgs/package.sh'
[7.348s] INFO:colcon.colcon_core.shell:Creating package script '/home/aniketh05/my_ros2_ws/src/install/my_msgs/share/my_msgs/package.bash'
[7.348s] INFO:colcon.colcon_core.shell:Creating package script '/home/aniketh05/my_ros2_ws/src/install/my_msgs/share/my_msgs/package.zsh'
[7.348s] Level 1:colcon.colcon_core.environment:create_file_with_runtime_dependencies(/home/aniketh05/my_ros2_ws/src/install/my_msgs/share/colcon-core/packages/my_msgs)
[7.349s] Level 1:colcon.colcon_core.environment:create_environment_scripts_only(my_msgs)
[7.349s] Level 1:colcon.colcon_core.environment:checking '/home/aniketh05/my_ros2_ws/src/install/my_msgs' for CMake module files
[7.349s] Level 1:colcon.colcon_core.environment:checking '/home/aniketh05/my_ros2_ws/src/install/my_msgs' for CMake config files
[7.349s] Level 1:colcon.colcon_core.shell:create_environment_hook('my_msgs', 'cmake_prefix_path')
[7.350s] INFO:colcon.colcon_core.shell:Creating environment hook '/home/aniketh05/my_ros2_ws/src/install/my_msgs/share/my_msgs/hook/cmake_prefix_path.ps1'
[7.350s] INFO:colcon.colcon_core.shell:Creating environment descriptor '/home/aniketh05/my_ros2_ws/src/install/my_msgs/share/my_msgs/hook/cmake_prefix_path.dsv'
[7.350s] INFO:colcon.colcon_core.shell:Creating environment hook '/home/aniketh05/my_ros2_ws/src/install/my_msgs/share/my_msgs/hook/cmake_prefix_path.sh'
[7.350s] Level 1:colcon.colcon_core.environment:checking '/home/aniketh05/my_ros2_ws/src/install/my_msgs/lib'
[7.351s] Level 1:colcon.colcon_core.shell:create_environment_hook('my_msgs', 'ld_library_path_lib')
[7.351s] INFO:colcon.colcon_core.shell:Creating environment hook '/home/aniketh05/my_ros2_ws/src/install/my_msgs/share/my_msgs/hook/ld_library_path_lib.ps1'
[7.351s] INFO:colcon.colcon_core.shell:Creating environment descriptor '/home/aniketh05/my_ros2_ws/src/install/my_msgs/share/my_msgs/hook/ld_library_path_lib.dsv'
[7.351s] INFO:colcon.colcon_core.shell:Creating environment hook '/home/aniketh05/my_ros2_ws/src/install/my_msgs/share/my_msgs/hook/ld_library_path_lib.sh'
[7.351s] Level 1:colcon.colcon_core.environment:checking '/home/aniketh05/my_ros2_ws/src/install/my_msgs/bin'
[7.351s] Level 1:colcon.colcon_core.environment:checking '/home/aniketh05/my_ros2_ws/src/install/my_msgs/lib/pkgconfig/my_msgs.pc'
[7.352s] Level 1:colcon.colcon_core.environment:checking '/home/aniketh05/my_ros2_ws/src/install/my_msgs/lib/python3.10/site-packages'
[7.352s] Level 1:colcon.colcon_core.environment:checking '/home/aniketh05/my_ros2_ws/src/install/my_msgs/bin'
[7.352s] INFO:colcon.colcon_core.shell:Creating package script '/home/aniketh05/my_ros2_ws/src/install/my_msgs/share/my_msgs/package.ps1'
[7.352s] INFO:colcon.colcon_core.shell:Creating package descriptor '/home/aniketh05/my_ros2_ws/src/install/my_msgs/share/my_msgs/package.dsv'
[7.353s] INFO:colcon.colcon_core.shell:Creating package script '/home/aniketh05/my_ros2_ws/src/install/my_msgs/share/my_msgs/package.sh'
[7.353s] INFO:colcon.colcon_core.shell:Creating package script '/home/aniketh05/my_ros2_ws/src/install/my_msgs/share/my_msgs/package.bash'
[7.353s] INFO:colcon.colcon_core.shell:Creating package script '/home/aniketh05/my_ros2_ws/src/install/my_msgs/share/my_msgs/package.zsh'
[7.354s] Level 1:colcon.colcon_core.environment:create_file_with_runtime_dependencies(/home/aniketh05/my_ros2_ws/src/install/my_msgs/share/colcon-core/packages/my_msgs)
[7.354s] DEBUG:colcon.colcon_parallel_executor.executor.parallel:closing loop
[7.354s] DEBUG:colcon.colcon_parallel_executor.executor.parallel:loop closed
[7.355s] DEBUG:colcon.colcon_parallel_executor.executor.parallel:run_until_complete finished with '0'
[7.355s] DEBUG:colcon.colcon_core.event_reactor:joining thread
[7.371s] INFO:colcon.colcon_core.plugin_system:Skipping extension 'colcon_notification.desktop_notification.terminal_notifier': Not used on non-Darwin systems
[7.371s] INFO:colcon.colcon_core.plugin_system:Skipping extension 'colcon_notification.desktop_notification.win32': Not used on non-Windows systems
[7.371s] INFO:colcon.colcon_notification.desktop_notification:Sending desktop notification using 'notify2'
[7.375s] DEBUG:colcon.colcon_notification.desktop_notification.notify2:Failed to initialize notify2: org.freedesktop.DBus.Error.ServiceUnknown: The name org.freedesktop.Notifications was not provided by any .service files
[7.375s] DEBUG:colcon.colcon_core.event_reactor:joined thread
[7.375s] INFO:colcon.colcon_core.shell:Creating prefix script '/home/aniketh05/my_ros2_ws/src/install/local_setup.ps1'
[7.377s] INFO:colcon.colcon_core.shell:Creating prefix util module '/home/aniketh05/my_ros2_ws/src/install/_local_setup_util_ps1.py'
[7.379s] INFO:colcon.colcon_core.shell:Creating prefix chain script '/home/aniketh05/my_ros2_ws/src/install/setup.ps1'
[7.381s] INFO:colcon.colcon_core.shell:Creating prefix script '/home/aniketh05/my_ros2_ws/src/install/local_setup.sh'
[7.382s] INFO:colcon.colcon_core.shell:Creating prefix util module '/home/aniketh05/my_ros2_ws/src/install/_local_setup_util_sh.py'
[7.382s] INFO:colcon.colcon_core.shell:Creating prefix chain script '/home/aniketh05/my_ros2_ws/src/install/setup.sh'
[7.384s] INFO:colcon.colcon_core.shell:Creating prefix script '/home/aniketh05/my_ros2_ws/src/install/local_setup.bash'
[7.385s] INFO:colcon.colcon_core.shell:Creating prefix chain script '/home/aniketh05/my_ros2_ws/src/install/setup.bash'
[7.387s] INFO:colcon.colcon_core.shell:Creating prefix script '/home/aniketh05/my_ros2_ws/src/install/local_setup.zsh'
[7.388s] INFO:colcon.colcon_core.shell:Creating prefix chain script '/home/aniketh05/my_ros2_ws/src/install/setup.zsh'
