[0.014s] Invoking command in '/home/aniketh05/my_ros2_ws/build/my_gesture_arm_robot': CMAKE_PREFIX_PATH=${CMAKE_PREFIX_PATH}:/home/aniketh05/my_ros2_ws/install/turtle_control:/home/aniketh05/my_ros2_ws/install/my_services:/home/aniketh05/my_ros2_ws/install/my_pkg_prac:/home/aniketh05/my_ros2_ws/install/my_pkg_01:/opt/ros/humble /usr/bin/cmake /home/aniketh05/my_ros2_ws/src/my_gesture_arm_robot -DAMENT_CMAKE_SYMLINK_INSTALL=1 -DCMAKE_INSTALL_PREFIX=/home/aniketh05/my_ros2_ws/install/my_gesture_arm_robot
[0.053s] -- Found ament_cmake: 1.3.11 (/opt/ros/humble/share/ament_cmake/cmake)
[0.158s] -- Override CMake install command with custom implementation using symlinks instead of copying resources
[0.184s] -- Found rclpy: 3.3.15 (/opt/ros/humble/share/rclpy/cmake)
[0.185s] -- Found gazebo_ros: 3.9.0 (/opt/ros/humble/share/gazebo_ros/cmake)
[0.339s] -- Found rosidl_generator_c: 3.1.6 (/opt/ros/humble/share/rosidl_generator_c/cmake)
[0.342s] -- Found rosidl_adapter: 3.1.6 (/opt/ros/humble/share/rosidl_adapter/cmake)
[0.349s] -- Found rosidl_generator_cpp: 3.1.6 (/opt/ros/humble/share/rosidl_generator_cpp/cmake)
[0.359s] -- Using all available rosidl_typesupport_c: rosidl_typesupport_fastrtps_c;rosidl_typesupport_introspection_c
[0.373s] -- Using all available rosidl_typesupport_cpp: rosidl_typesupport_fastrtps_cpp;rosidl_typesupport_introspection_cpp
[0.407s] -- Found rmw_implementation_cmake: 6.1.2 (/opt/ros/humble/share/rmw_implementation_cmake/cmake)
[0.410s] -- Found rmw_fastrtps_cpp: 6.2.7 (/opt/ros/humble/share/rmw_fastrtps_cpp/cmake)
[4.184s] -- Using RMW implementation 'rmw_fastrtps_cpp' as default
[4.273s] -- Found DART: /usr/include (Required is at least version "6.6") found components: dart 
[4.309s] -- Found Protobuf: /usr/lib/x86_64-linux-gnu/libprotobuf.so (found version "3.12.4") 
[4.312s] -- Looking for ignition-math6 -- found version 6.15.1
[4.320s] -- Searching for dependencies of ignition-math6
[4.323s] -- Looking for OGRE...
[4.327s] -- Found Ogre Ghadamon (1.9.0)
[4.327s] -- Found OGRE: optimized;/usr/lib/x86_64-linux-gnu/libOgreMain.so;debug;/usr/lib/x86_64-linux-gnu/libOgreMain.so
[4.334s] -- Looking for OGRE_Paging...
[4.334s] -- Found OGRE_Paging: optimized;/usr/lib/x86_64-linux-gnu/libOgrePaging.so;debug;/usr/lib/x86_64-linux-gnu/libOgrePaging.so
[4.334s] -- Looking for OGRE_Terrain...
[4.334s] -- Found OGRE_Terrain: optimized;/usr/lib/x86_64-linux-gnu/libOgreTerrain.so;debug;/usr/lib/x86_64-linux-gnu/libOgreTerrain.so
[4.334s] -- Looking for OGRE_Property...
[4.334s] -- Found OGRE_Property: optimized;/usr/lib/x86_64-linux-gnu/libOgreProperty.so;debug;/usr/lib/x86_64-linux-gnu/libOgreProperty.so
[4.334s] -- Looking for OGRE_RTShaderSystem...
[4.334s] -- Found OGRE_RTShaderSystem: optimized;/usr/lib/x86_64-linux-gnu/libOgreRTShaderSystem.so;debug;/usr/lib/x86_64-linux-gnu/libOgreRTShaderSystem.so
[4.334s] -- Looking for OGRE_Volume...
[4.335s] -- Found OGRE_Volume: optimized;/usr/lib/x86_64-linux-gnu/libOgreVolume.so;debug;/usr/lib/x86_64-linux-gnu/libOgreVolume.so
[4.335s] -- Looking for OGRE_Overlay...
[4.335s] -- Found OGRE_Overlay: optimized;/usr/lib/x86_64-linux-gnu/libOgreOverlay.so;debug;/usr/lib/x86_64-linux-gnu/libOgreOverlay.so
[16.690s] -- Looking for ignition-math6 -- found version 6.15.1
[16.691s] -- Looking for ignition-transport8 -- found version 8.2.1
[16.691s] -- Searching for dependencies of ignition-transport8
[17.597s] -- Found Protobuf: /usr/lib/x86_64-linux-gnu/libprotobuf.so (found suitable version "3.12.4", minimum required is "3") 
[18.399s] -- Config-file not installed for ZeroMQ -- checking for pkg-config
[18.402s] -- Checking for module 'libzmq >= 4'
[18.411s] --   Found libzmq , version 4.3.4
[18.431s] -- Checking for module 'uuid'
[18.437s] --   Found uuid, version 2.37.2
[18.455s] -- Looking for ignition-msgs5 -- found version 5.8.1
[18.456s] -- Searching for dependencies of ignition-msgs5
[19.548s] -- Looking for ignition-math6 -- found version 6.15.1
[19.552s] -- Checking for module 'tinyxml2'
[19.560s] --   Found tinyxml2, version 9.0.0
[19.580s] -- Looking for ignition-msgs5 -- found version 5.8.1
[19.581s] -- Looking for ignition-common3 -- found version 3.14.0
[19.581s] -- Searching for dependencies of ignition-common3
[19.582s] -- Looking for dlfcn.h - found
[19.582s] -- Looking for libdl - found
[19.651s] -- Searching for <ignition-common3> component [graphics]
[19.652s] -- Looking for ignition-common3-graphics -- found version 3.14.0
[19.652s] -- Searching for dependencies of ignition-common3-graphics
[19.652s] -- Looking for ignition-math6 -- found version 6.15.1
[19.654s] -- Looking for ignition-fuel_tools4 -- found version 4.4.0
[19.655s] -- Searching for dependencies of ignition-fuel_tools4
[20.672s] -- Checking for module 'jsoncpp'
[20.679s] --   Found jsoncpp, version 1.9.5
[20.702s] -- Checking for module 'libzip'
[20.711s] --   Found libzip, version 1.7.3
[20.731s] -- Looking for ignition-common3 -- found version 3.14.0
[20.731s] -- Looking for ignition-math6 -- found version 6.15.1
[20.731s] -- Looking for ignition-msgs5 -- found version 5.8.1
[20.735s] -- Gazebo version: 11.10
[20.736s] -- Found gazebo_ros_pkgs: 3.9.0 (/opt/ros/humble/share/gazebo_ros_pkgs/cmake)
[20.737s] -- Found xacro: 2.0.13 (/opt/ros/humble/share/xacro/cmake)
[20.738s] -- Found urdf: 2.6.1 (/opt/ros/humble/share/urdf/cmake)
[21.917s] -- Found robot_state_publisher: 3.0.3 (/opt/ros/humble/share/robot_state_publisher/cmake)
[21.941s] -- Found eigen3_cmake_module: 0.1.1 (/opt/ros/humble/share/eigen3_cmake_module/cmake)
[21.942s] -- Ensuring Eigen3 include directory is part of orocos-kdl CMake target
[23.212s] [31mCMake Error at CMakeLists.txt:16 (find_package):
[23.212s]   By not providing "Findlaunch_ros.cmake" in CMAKE_MODULE_PATH this project
[23.212s]   has asked CMake to find a package configuration file provided by
[23.212s]   "launch_ros", but CMake did not find one.
[23.212s] 
[23.212s]   Could not find a package configuration file provided by "launch_ros" with
[23.212s]   any of the following names:
[23.212s] 
[23.212s]     launch_rosConfig.cmake
[23.212s]     launch_ros-config.cmake
[23.212s] 
[23.212s]   Add the installation prefix of "launch_ros" to CMAKE_PREFIX_PATH or set
[23.212s]   "launch_ros_DIR" to a directory containing one of the above files.  If
[23.212s]   "launch_ros" provides a separate development package or SDK, be sure it has
[23.212s]   been installed.
[23.212s] 
[23.212s] [0m
[23.212s] -- Configuring incomplete, errors occurred!
[23.212s] See also "/home/aniketh05/my_ros2_ws/build/my_gesture_arm_robot/CMakeFiles/CMakeOutput.log".
[23.223s] Invoked command in '/home/aniketh05/my_ros2_ws/build/my_gesture_arm_robot' returned '1': CMAKE_PREFIX_PATH=${CMAKE_PREFIX_PATH}:/home/aniketh05/my_ros2_ws/install/turtle_control:/home/aniketh05/my_ros2_ws/install/my_services:/home/aniketh05/my_ros2_ws/install/my_pkg_prac:/home/aniketh05/my_ros2_ws/install/my_pkg_01:/opt/ros/humble /usr/bin/cmake /home/aniketh05/my_ros2_ws/src/my_gesture_arm_robot -DAMENT_CMAKE_SYMLINK_INSTALL=1 -DCMAKE_INSTALL_PREFIX=/home/aniketh05/my_ros2_ws/install/my_gesture_arm_robot
