[0.216s] DEBUG:colcon:Command line arguments: ['/usr/bin/colcon', 'build', '--packages-select', 'my_msg_srv']
[0.216s] DEBUG:colcon:Parsed command line arguments: Namespace(log_base=None, log_level=None, verb_name='build', build_base='build', install_base='install', merge_install=False, symlink_install=False, test_result_base=None, continue_on_error=False, executor='parallel', parallel_workers=12, event_handlers=None, ignore_user_meta=False, metas=['./colcon.meta'], base_paths=['.'], packages_ignore=None, packages_ignore_regex=None, paths=None, packages_up_to=None, packages_up_to_regex=None, packages_above=None, packages_above_and_dependencies=None, packages_above_depth=None, packages_select_by_dep=None, packages_skip_by_dep=None, packages_skip_up_to=None, packages_select_build_failed=False, packages_skip_build_finished=False, packages_select_test_failures=False, packages_skip_test_passed=False, packages_select=['my_msg_srv'], packages_skip=None, packages_select_regex=None, packages_skip_regex=None, packages_start=None, packages_end=None, allow_overriding=[], cmake_args=None, cmake_target=None, cmake_target_skip_unavailable=False, cmake_clean_cache=False, cmake_clean_first=False, cmake_force_configure=False, ament_cmake_args=None, catkin_cmake_args=None, catkin_skip_building_tests=False, mixin_files=None, mixin=None, verb_parser=<colcon_mixin.mixin.mixin_argument.MixinArgumentDecorator object at 0x7f6d3ad6cc40>, verb_extension=<colcon_core.verb.build.BuildVerb object at 0x7f6d3ad6c6d0>, main=<bound method BuildVerb.main of <colcon_core.verb.build.BuildVerb object at 0x7f6d3ad6c6d0>>, mixin_verb=('build',))
[0.542s] Level 1:colcon.colcon_core.package_discovery:discover_packages(colcon_meta) check parameters
[0.542s] Level 1:colcon.colcon_core.package_discovery:discover_packages(recursive) check parameters
[0.542s] Level 1:colcon.colcon_core.package_discovery:discover_packages(ignore) check parameters
[0.542s] Level 1:colcon.colcon_core.package_discovery:discover_packages(path) check parameters
[0.542s] Level 1:colcon.colcon_core.package_discovery:discover_packages(colcon_meta) discover
[0.542s] Level 1:colcon.colcon_core.package_discovery:discover_packages(recursive) discover
[0.542s] INFO:colcon.colcon_core.package_discovery:Crawling recursively for packages in '/home/aniketh05/my_ros2_ws'
[0.542s] Level 1:colcon.colcon_core.package_identification:_identify(.) by extensions ['ignore', 'ignore_ament_install']
[0.542s] Level 1:colcon.colcon_core.package_identification:_identify(.) by extension 'ignore'
[0.542s] Level 1:colcon.colcon_core.package_identification:_identify(.) by extension 'ignore_ament_install'
[0.542s] Level 1:colcon.colcon_core.package_identification:_identify(.) by extensions ['colcon_pkg']
[0.542s] Level 1:colcon.colcon_core.package_identification:_identify(.) by extension 'colcon_pkg'
[0.543s] Level 1:colcon.colcon_core.package_identification:_identify(.) by extensions ['colcon_meta']
[0.543s] Level 1:colcon.colcon_core.package_identification:_identify(.) by extension 'colcon_meta'
[0.543s] Level 1:colcon.colcon_core.package_identification:_identify(.) by extensions ['ros']
[0.543s] Level 1:colcon.colcon_core.package_identification:_identify(.) by extension 'ros'
[0.557s] Level 1:colcon.colcon_core.package_identification:_identify(.) by extensions ['cmake', 'python']
[0.557s] Level 1:colcon.colcon_core.package_identification:_identify(.) by extension 'cmake'
[0.557s] Level 1:colcon.colcon_core.package_identification:_identify(.) by extension 'python'
[0.557s] Level 1:colcon.colcon_core.package_identification:_identify(.) by extensions ['python_setup_py']
[0.557s] Level 1:colcon.colcon_core.package_identification:_identify(.) by extension 'python_setup_py'
[0.558s] Level 1:colcon.colcon_core.package_identification:_identify(build) by extensions ['ignore', 'ignore_ament_install']
[0.558s] Level 1:colcon.colcon_core.package_identification:_identify(build) by extension 'ignore'
[0.558s] Level 1:colcon.colcon_core.package_identification:_identify(build) ignored
[0.558s] Level 1:colcon.colcon_core.package_identification:_identify(install) by extensions ['ignore', 'ignore_ament_install']
[0.558s] Level 1:colcon.colcon_core.package_identification:_identify(install) by extension 'ignore'
[0.558s] Level 1:colcon.colcon_core.package_identification:_identify(install) ignored
[0.558s] Level 1:colcon.colcon_core.package_identification:_identify(log) by extensions ['ignore', 'ignore_ament_install']
[0.558s] Level 1:colcon.colcon_core.package_identification:_identify(log) by extension 'ignore'
[0.558s] Level 1:colcon.colcon_core.package_identification:_identify(log) ignored
[0.558s] Level 1:colcon.colcon_core.package_identification:_identify(src) by extensions ['ignore', 'ignore_ament_install']
[0.558s] Level 1:colcon.colcon_core.package_identification:_identify(src) by extension 'ignore'
[0.558s] Level 1:colcon.colcon_core.package_identification:_identify(src) by extension 'ignore_ament_install'
[0.558s] Level 1:colcon.colcon_core.package_identification:_identify(src) by extensions ['colcon_pkg']
[0.558s] Level 1:colcon.colcon_core.package_identification:_identify(src) by extension 'colcon_pkg'
[0.558s] Level 1:colcon.colcon_core.package_identification:_identify(src) by extensions ['colcon_meta']
[0.558s] Level 1:colcon.colcon_core.package_identification:_identify(src) by extension 'colcon_meta'
[0.558s] Level 1:colcon.colcon_core.package_identification:_identify(src) by extensions ['ros']
[0.558s] Level 1:colcon.colcon_core.package_identification:_identify(src) by extension 'ros'
[0.558s] Level 1:colcon.colcon_core.package_identification:_identify(src) by extensions ['cmake', 'python']
[0.558s] Level 1:colcon.colcon_core.package_identification:_identify(src) by extension 'cmake'
[0.558s] Level 1:colcon.colcon_core.package_identification:_identify(src) by extension 'python'
[0.558s] Level 1:colcon.colcon_core.package_identification:_identify(src) by extensions ['python_setup_py']
[0.558s] Level 1:colcon.colcon_core.package_identification:_identify(src) by extension 'python_setup_py'
[0.559s] Level 1:colcon.colcon_core.package_identification:_identify(src/build) by extensions ['ignore', 'ignore_ament_install']
[0.559s] Level 1:colcon.colcon_core.package_identification:_identify(src/build) by extension 'ignore'
[0.559s] Level 1:colcon.colcon_core.package_identification:_identify(src/build) ignored
[0.559s] Level 1:colcon.colcon_core.package_identification:_identify(src/install) by extensions ['ignore', 'ignore_ament_install']
[0.559s] Level 1:colcon.colcon_core.package_identification:_identify(src/install) by extension 'ignore'
[0.559s] Level 1:colcon.colcon_core.package_identification:_identify(src/install) ignored
[0.559s] Level 1:colcon.colcon_core.package_identification:_identify(src/log) by extensions ['ignore', 'ignore_ament_install']
[0.559s] Level 1:colcon.colcon_core.package_identification:_identify(src/log) by extension 'ignore'
[0.559s] Level 1:colcon.colcon_core.package_identification:_identify(src/log) ignored
[0.560s] Level 1:colcon.colcon_core.package_identification:_identify(src/my_msg_srv) by extensions ['ignore', 'ignore_ament_install']
[0.560s] Level 1:colcon.colcon_core.package_identification:_identify(src/my_msg_srv) by extension 'ignore'
[0.560s] Level 1:colcon.colcon_core.package_identification:_identify(src/my_msg_srv) by extension 'ignore_ament_install'
[0.560s] Level 1:colcon.colcon_core.package_identification:_identify(src/my_msg_srv) by extensions ['colcon_pkg']
[0.560s] Level 1:colcon.colcon_core.package_identification:_identify(src/my_msg_srv) by extension 'colcon_pkg'
[0.560s] Level 1:colcon.colcon_core.package_identification:_identify(src/my_msg_srv) by extensions ['colcon_meta']
[0.560s] Level 1:colcon.colcon_core.package_identification:_identify(src/my_msg_srv) by extension 'colcon_meta'
[0.560s] Level 1:colcon.colcon_core.package_identification:_identify(src/my_msg_srv) by extensions ['ros']
[0.560s] Level 1:colcon.colcon_core.package_identification:_identify(src/my_msg_srv) by extension 'ros'
[0.563s] DEBUG:colcon.colcon_core.package_identification:Package 'src/my_msg_srv' with type 'ros.ament_cmake' and name 'my_msg_srv'
[0.563s] Level 1:colcon.colcon_core.package_identification:_identify(src/my_pkg_01) by extensions ['ignore', 'ignore_ament_install']
[0.563s] Level 1:colcon.colcon_core.package_identification:_identify(src/my_pkg_01) by extension 'ignore'
[0.563s] Level 1:colcon.colcon_core.package_identification:_identify(src/my_pkg_01) by extension 'ignore_ament_install'
[0.563s] Level 1:colcon.colcon_core.package_identification:_identify(src/my_pkg_01) by extensions ['colcon_pkg']
[0.563s] Level 1:colcon.colcon_core.package_identification:_identify(src/my_pkg_01) by extension 'colcon_pkg'
[0.563s] Level 1:colcon.colcon_core.package_identification:_identify(src/my_pkg_01) by extensions ['colcon_meta']
[0.563s] Level 1:colcon.colcon_core.package_identification:_identify(src/my_pkg_01) by extension 'colcon_meta'
[0.563s] Level 1:colcon.colcon_core.package_identification:_identify(src/my_pkg_01) by extensions ['ros']
[0.563s] Level 1:colcon.colcon_core.package_identification:_identify(src/my_pkg_01) by extension 'ros'
[0.564s] DEBUG:colcon.colcon_core.package_identification:Package 'src/my_pkg_01' with type 'ros.ament_python' and name 'my_pkg_01'
[0.564s] Level 1:colcon.colcon_core.package_identification:_identify(src/my_pkg_prac) by extensions ['ignore', 'ignore_ament_install']
[0.564s] Level 1:colcon.colcon_core.package_identification:_identify(src/my_pkg_prac) by extension 'ignore'
[0.564s] Level 1:colcon.colcon_core.package_identification:_identify(src/my_pkg_prac) by extension 'ignore_ament_install'
[0.564s] Level 1:colcon.colcon_core.package_identification:_identify(src/my_pkg_prac) by extensions ['colcon_pkg']
[0.564s] Level 1:colcon.colcon_core.package_identification:_identify(src/my_pkg_prac) by extension 'colcon_pkg'
[0.564s] Level 1:colcon.colcon_core.package_identification:_identify(src/my_pkg_prac) by extensions ['colcon_meta']
[0.564s] Level 1:colcon.colcon_core.package_identification:_identify(src/my_pkg_prac) by extension 'colcon_meta'
[0.564s] Level 1:colcon.colcon_core.package_identification:_identify(src/my_pkg_prac) by extensions ['ros']
[0.564s] Level 1:colcon.colcon_core.package_identification:_identify(src/my_pkg_prac) by extension 'ros'
[0.565s] DEBUG:colcon.colcon_core.package_identification:Package 'src/my_pkg_prac' with type 'ros.ament_python' and name 'my_pkg_prac'
[0.565s] Level 1:colcon.colcon_core.package_identification:_identify(src/my_services) by extensions ['ignore', 'ignore_ament_install']
[0.565s] Level 1:colcon.colcon_core.package_identification:_identify(src/my_services) by extension 'ignore'
[0.565s] Level 1:colcon.colcon_core.package_identification:_identify(src/my_services) by extension 'ignore_ament_install'
[0.565s] Level 1:colcon.colcon_core.package_identification:_identify(src/my_services) by extensions ['colcon_pkg']
[0.565s] Level 1:colcon.colcon_core.package_identification:_identify(src/my_services) by extension 'colcon_pkg'
[0.565s] Level 1:colcon.colcon_core.package_identification:_identify(src/my_services) by extensions ['colcon_meta']
[0.565s] Level 1:colcon.colcon_core.package_identification:_identify(src/my_services) by extension 'colcon_meta'
[0.566s] Level 1:colcon.colcon_core.package_identification:_identify(src/my_services) by extensions ['ros']
[0.566s] Level 1:colcon.colcon_core.package_identification:_identify(src/my_services) by extension 'ros'
[0.566s] DEBUG:colcon.colcon_core.package_identification:Package 'src/my_services' with type 'ros.ament_python' and name 'my_services'
[0.567s] Level 1:colcon.colcon_core.package_identification:_identify(src/turtle_control) by extensions ['ignore', 'ignore_ament_install']
[0.567s] Level 1:colcon.colcon_core.package_identification:_identify(src/turtle_control) by extension 'ignore'
[0.567s] Level 1:colcon.colcon_core.package_identification:_identify(src/turtle_control) by extension 'ignore_ament_install'
[0.567s] Level 1:colcon.colcon_core.package_identification:_identify(src/turtle_control) by extensions ['colcon_pkg']
[0.567s] Level 1:colcon.colcon_core.package_identification:_identify(src/turtle_control) by extension 'colcon_pkg'
[0.567s] Level 1:colcon.colcon_core.package_identification:_identify(src/turtle_control) by extensions ['colcon_meta']
[0.567s] Level 1:colcon.colcon_core.package_identification:_identify(src/turtle_control) by extension 'colcon_meta'
[0.567s] Level 1:colcon.colcon_core.package_identification:_identify(src/turtle_control) by extensions ['ros']
[0.567s] Level 1:colcon.colcon_core.package_identification:_identify(src/turtle_control) by extension 'ros'
[0.567s] DEBUG:colcon.colcon_core.package_identification:Package 'src/turtle_control' with type 'ros.ament_python' and name 'turtle_control'
[0.567s] Level 1:colcon.colcon_core.package_discovery:discover_packages(recursive) using defaults
[0.567s] Level 1:colcon.colcon_core.package_discovery:discover_packages(ignore) discover
[0.568s] Level 1:colcon.colcon_core.package_discovery:discover_packages(ignore) using defaults
[0.568s] Level 1:colcon.colcon_core.package_discovery:discover_packages(path) discover
[0.568s] Level 1:colcon.colcon_core.package_discovery:discover_packages(path) using defaults
[0.591s] INFO:colcon.colcon_core.package_selection:Skipping not selected package 'my_pkg_01' in 'src/my_pkg_01'
[0.591s] INFO:colcon.colcon_core.package_selection:Skipping not selected package 'my_pkg_prac' in 'src/my_pkg_prac'
[0.591s] INFO:colcon.colcon_core.package_selection:Skipping not selected package 'my_services' in 'src/my_services'
[0.591s] INFO:colcon.colcon_core.package_selection:Skipping not selected package 'turtle_control' in 'src/turtle_control'
[0.592s] Level 1:colcon.colcon_core.package_discovery:discover_packages(prefix_path) check parameters
[0.592s] Level 1:colcon.colcon_core.package_discovery:discover_packages(prefix_path) discover
[0.598s] DEBUG:colcon.colcon_installed_package_information.package_discovery:Found 5 installed packages in /home/aniketh05/my_ros2_ws/install
[0.598s] DEBUG:colcon.colcon_installed_package_information.package_discovery:Found 6 installed packages in /home/aniketh05/my_ros2_ws/src/install
[0.599s] DEBUG:colcon.colcon_installed_package_information.package_discovery:Found 295 installed packages in /opt/ros/humble
[0.600s] Level 1:colcon.colcon_core.package_discovery:discover_packages(prefix_path) using defaults
[0.627s] Level 5:colcon.colcon_core.verb:set package 'my_msg_srv' build argument 'cmake_args' from command line to 'None'
[0.627s] Level 5:colcon.colcon_core.verb:set package 'my_msg_srv' build argument 'cmake_target' from command line to 'None'
[0.627s] Level 5:colcon.colcon_core.verb:set package 'my_msg_srv' build argument 'cmake_target_skip_unavailable' from command line to 'False'
[0.627s] Level 5:colcon.colcon_core.verb:set package 'my_msg_srv' build argument 'cmake_clean_cache' from command line to 'False'
[0.627s] Level 5:colcon.colcon_core.verb:set package 'my_msg_srv' build argument 'cmake_clean_first' from command line to 'False'
[0.627s] Level 5:colcon.colcon_core.verb:set package 'my_msg_srv' build argument 'cmake_force_configure' from command line to 'False'
[0.627s] Level 5:colcon.colcon_core.verb:set package 'my_msg_srv' build argument 'ament_cmake_args' from command line to 'None'
[0.627s] Level 5:colcon.colcon_core.verb:set package 'my_msg_srv' build argument 'catkin_cmake_args' from command line to 'None'
[0.628s] Level 5:colcon.colcon_core.verb:set package 'my_msg_srv' build argument 'catkin_skip_building_tests' from command line to 'False'
[0.628s] DEBUG:colcon.colcon_core.verb:Building package 'my_msg_srv' with the following arguments: {'ament_cmake_args': None, 'build_base': '/home/aniketh05/my_ros2_ws/build/my_msg_srv', 'catkin_cmake_args': None, 'catkin_skip_building_tests': False, 'cmake_args': None, 'cmake_clean_cache': False, 'cmake_clean_first': False, 'cmake_force_configure': False, 'cmake_target': None, 'cmake_target_skip_unavailable': False, 'install_base': '/home/aniketh05/my_ros2_ws/install/my_msg_srv', 'merge_install': False, 'path': '/home/aniketh05/my_ros2_ws/src/my_msg_srv', 'symlink_install': False, 'test_result_base': None}
[0.628s] INFO:colcon.colcon_core.executor:Executing jobs using 'parallel' executor
[0.629s] DEBUG:colcon.colcon_parallel_executor.executor.parallel:run_until_complete
[0.629s] INFO:colcon.colcon_ros.task.ament_cmake.build:Building ROS package in '/home/aniketh05/my_ros2_ws/src/my_msg_srv' with build type 'ament_cmake'
[0.629s] INFO:colcon.colcon_cmake.task.cmake.build:Building CMake package in '/home/aniketh05/my_ros2_ws/src/my_msg_srv'
[0.634s] INFO:colcon.colcon_core.plugin_system:Skipping extension 'colcon_core.shell.bat': Not used on non-Windows systems
[0.634s] INFO:colcon.colcon_core.shell:Skip shell extension 'powershell' for command environment: Not usable outside of PowerShell
[0.634s] DEBUG:colcon.colcon_core.shell:Skip shell extension 'dsv' for command environment
[0.644s] DEBUG:colcon.colcon_core.event_handler.log_command:Invoking command in '/home/aniketh05/my_ros2_ws/build/my_msg_srv': CMAKE_PREFIX_PATH=${CMAKE_PREFIX_PATH}:/home/aniketh05/my_ros2_ws/install/turtle_control:/home/aniketh05/my_ros2_ws/install/my_services:/home/aniketh05/my_ros2_ws/install/my_pkg_prac:/home/aniketh05/my_ros2_ws/install/my_pkg_01:/home/aniketh05/my_ros2_ws/src/install/turtle_control:/home/aniketh05/my_ros2_ws/src/install/my_services:/home/aniketh05/my_ros2_ws/src/install/my_pkg_srv:/home/aniketh05/my_ros2_ws/src/install/my_pkg_prac:/home/aniketh05/my_ros2_ws/src/install/my_pkg_01:/opt/ros/humble /usr/bin/cmake /home/aniketh05/my_ros2_ws/src/my_msg_srv -DCMAKE_INSTALL_PREFIX=/home/aniketh05/my_ros2_ws/install/my_msg_srv
[2.015s] DEBUG:colcon.colcon_core.event_handler.log_command:Invoked command in '/home/aniketh05/my_ros2_ws/build/my_msg_srv' returned '1': CMAKE_PREFIX_PATH=${CMAKE_PREFIX_PATH}:/home/aniketh05/my_ros2_ws/install/turtle_control:/home/aniketh05/my_ros2_ws/install/my_services:/home/aniketh05/my_ros2_ws/install/my_pkg_prac:/home/aniketh05/my_ros2_ws/install/my_pkg_01:/home/aniketh05/my_ros2_ws/src/install/turtle_control:/home/aniketh05/my_ros2_ws/src/install/my_services:/home/aniketh05/my_ros2_ws/src/install/my_pkg_srv:/home/aniketh05/my_ros2_ws/src/install/my_pkg_prac:/home/aniketh05/my_ros2_ws/src/install/my_pkg_01:/opt/ros/humble /usr/bin/cmake /home/aniketh05/my_ros2_ws/src/my_msg_srv -DCMAKE_INSTALL_PREFIX=/home/aniketh05/my_ros2_ws/install/my_msg_srv
[2.023s] Level 1:colcon.colcon_core.environment:create_environment_scripts_only(my_msg_srv)
[2.029s] Level 1:colcon.colcon_core.environment:checking '/home/aniketh05/my_ros2_ws/install/my_msg_srv' for CMake module files
[2.029s] Level 1:colcon.colcon_core.environment:checking '/home/aniketh05/my_ros2_ws/install/my_msg_srv' for CMake config files
[2.029s] Level 1:colcon.colcon_core.environment:checking '/home/aniketh05/my_ros2_ws/install/my_msg_srv/bin'
[2.029s] Level 1:colcon.colcon_core.environment:checking '/home/aniketh05/my_ros2_ws/install/my_msg_srv/lib/pkgconfig/my_msg_srv.pc'
[2.030s] Level 1:colcon.colcon_core.environment:checking '/home/aniketh05/my_ros2_ws/install/my_msg_srv/lib/python3.10/site-packages'
[2.030s] Level 1:colcon.colcon_core.environment:checking '/home/aniketh05/my_ros2_ws/install/my_msg_srv/bin'
[2.030s] INFO:colcon.colcon_core.shell:Creating package script '/home/aniketh05/my_ros2_ws/install/my_msg_srv/share/my_msg_srv/package.ps1'
[2.032s] INFO:colcon.colcon_core.shell:Creating package descriptor '/home/aniketh05/my_ros2_ws/install/my_msg_srv/share/my_msg_srv/package.dsv'
[2.032s] INFO:colcon.colcon_core.shell:Creating package script '/home/aniketh05/my_ros2_ws/install/my_msg_srv/share/my_msg_srv/package.sh'
[2.033s] INFO:colcon.colcon_core.shell:Creating package script '/home/aniketh05/my_ros2_ws/install/my_msg_srv/share/my_msg_srv/package.bash'
[2.033s] INFO:colcon.colcon_core.shell:Creating package script '/home/aniketh05/my_ros2_ws/install/my_msg_srv/share/my_msg_srv/package.zsh'
[2.034s] Level 1:colcon.colcon_core.environment:create_file_with_runtime_dependencies(/home/aniketh05/my_ros2_ws/install/my_msg_srv/share/colcon-core/packages/my_msg_srv)
[2.045s] DEBUG:colcon.colcon_parallel_executor.executor.parallel:closing loop
[2.045s] DEBUG:colcon.colcon_parallel_executor.executor.parallel:loop closed
[2.045s] DEBUG:colcon.colcon_parallel_executor.executor.parallel:run_until_complete finished with '1'
[2.045s] DEBUG:colcon.colcon_core.event_reactor:joining thread
[2.062s] INFO:colcon.colcon_core.plugin_system:Skipping extension 'colcon_notification.desktop_notification.terminal_notifier': Not used on non-Darwin systems
[2.062s] INFO:colcon.colcon_core.plugin_system:Skipping extension 'colcon_notification.desktop_notification.win32': Not used on non-Windows systems
[2.062s] INFO:colcon.colcon_notification.desktop_notification:Sending desktop notification using 'notify2'
[2.067s] DEBUG:colcon.colcon_notification.desktop_notification.notify2:Failed to initialize notify2: org.freedesktop.DBus.Error.ServiceUnknown: The name org.freedesktop.Notifications was not provided by any .service files
[2.067s] DEBUG:colcon.colcon_core.event_reactor:joined thread
[2.067s] INFO:colcon.colcon_core.shell:Creating prefix script '/home/aniketh05/my_ros2_ws/install/local_setup.ps1'
[2.069s] INFO:colcon.colcon_core.shell:Creating prefix util module '/home/aniketh05/my_ros2_ws/install/_local_setup_util_ps1.py'
[2.070s] INFO:colcon.colcon_core.shell:Creating prefix chain script '/home/aniketh05/my_ros2_ws/install/setup.ps1'
[2.071s] INFO:colcon.colcon_core.shell:Creating prefix script '/home/aniketh05/my_ros2_ws/install/local_setup.sh'
[2.071s] INFO:colcon.colcon_core.shell:Creating prefix util module '/home/aniketh05/my_ros2_ws/install/_local_setup_util_sh.py'
[2.072s] INFO:colcon.colcon_core.shell:Creating prefix chain script '/home/aniketh05/my_ros2_ws/install/setup.sh'
[2.073s] INFO:colcon.colcon_core.shell:Creating prefix script '/home/aniketh05/my_ros2_ws/install/local_setup.bash'
[2.073s] INFO:colcon.colcon_core.shell:Creating prefix chain script '/home/aniketh05/my_ros2_ws/install/setup.bash'
[2.074s] INFO:colcon.colcon_core.shell:Creating prefix script '/home/aniketh05/my_ros2_ws/install/local_setup.zsh'
[2.075s] INFO:colcon.colcon_core.shell:Creating prefix chain script '/home/aniketh05/my_ros2_ws/install/setup.zsh'
