[1.425s] Invoking command in '/home/aniketh05/my_ros2_ws/build/my_pkg_01': PYTHONPATH=/home/aniketh05/my_ros2_ws/build/my_pkg_01/prefix_override:/usr/lib/python3/dist-packages/colcon_core/task/python/colcon_distutils_commands:/home/aniketh05/my_ros2_ws/install/my_pkg_01/lib/python3.10/site-packages:${PYTHONPATH} /usr/bin/python3 -W ignore:setup.py install is deprecated -W ignore:easy_install command is deprecated setup.py develop --editable --build-directory /home/aniketh05/my_ros2_ws/build/my_pkg_01/build --no-deps symlink_data
[1.736s] running develop
[1.800s] /home/aniketh05/.local/lib/python3.10/site-packages/pkg_resources/__init__.py:116: PkgResourcesDeprecationWarning: 2.0.5-build-libtorrent-rasterbar-qrM5vM-libtorrent-rasterbar-2.0.5-bindings-python is an invalid version and will not be supported in a future release
[1.800s]   warnings.warn(
[1.935s] running egg_info
[1.935s] writing my_pkg_01.egg-info/PKG-INFO
[1.936s] writing dependency_links to my_pkg_01.egg-info/dependency_links.txt
[1.936s] writing entry points to my_pkg_01.egg-info/entry_points.txt
[1.937s] writing requirements to my_pkg_01.egg-info/requires.txt
[1.937s] writing top-level names to my_pkg_01.egg-info/top_level.txt
[1.940s] reading manifest file 'my_pkg_01.egg-info/SOURCES.txt'
[1.942s] writing manifest file 'my_pkg_01.egg-info/SOURCES.txt'
[1.949s] running build_ext
[1.949s] Creating /home/aniketh05/my_ros2_ws/install/my_pkg_01/lib/python3.10/site-packages/my-pkg-01.egg-link (link to .)
[1.949s] Installing my_first_node script to /home/aniketh05/my_ros2_ws/install/my_pkg_01/lib/my_pkg_01
[1.949s] Installing pose_color_change script to /home/aniketh05/my_ros2_ws/install/my_pkg_01/lib/my_pkg_01
[1.950s] Installing set_pen_client script to /home/aniketh05/my_ros2_ws/install/my_pkg_01/lib/my_pkg_01
[1.950s] 
[1.950s] Installed /home/aniketh05/my_ros2_ws/build/my_pkg_01
[1.950s] running symlink_data
[1.996s] Invoked command in '/home/aniketh05/my_ros2_ws/build/my_pkg_01' returned '0': PYTHONPATH=/home/aniketh05/my_ros2_ws/build/my_pkg_01/prefix_override:/usr/lib/python3/dist-packages/colcon_core/task/python/colcon_distutils_commands:/home/aniketh05/my_ros2_ws/install/my_pkg_01/lib/python3.10/site-packages:${PYTHONPATH} /usr/bin/python3 -W ignore:setup.py install is deprecated -W ignore:easy_install command is deprecated setup.py develop --editable --build-directory /home/aniketh05/my_ros2_ws/build/my_pkg_01/build --no-deps symlink_data
