running egg_info
creating ../build/my_pkg_srv/my_pkg_srv.egg-info
writing ../build/my_pkg_srv/my_pkg_srv.egg-info/PKG-INFO
writing dependency_links to ../build/my_pkg_srv/my_pkg_srv.egg-info/dependency_links.txt
writing entry points to ../build/my_pkg_srv/my_pkg_srv.egg-info/entry_points.txt
writing requirements to ../build/my_pkg_srv/my_pkg_srv.egg-info/requires.txt
writing top-level names to ../build/my_pkg_srv/my_pkg_srv.egg-info/top_level.txt
writing manifest file '../build/my_pkg_srv/my_pkg_srv.egg-info/SOURCES.txt'
reading manifest file '../build/my_pkg_srv/my_pkg_srv.egg-info/SOURCES.txt'
writing manifest file '../build/my_pkg_srv/my_pkg_srv.egg-info/SOURCES.txt'
running build
running build_py
creating /home/aniketh05/my_ros2_ws/src/build/my_pkg_srv/build
creating /home/aniketh05/my_ros2_ws/src/build/my_pkg_srv/build/lib
creating /home/aniketh05/my_ros2_ws/src/build/my_pkg_srv/build/lib/my_pkg_srv
copying my_pkg_srv/__init__.py -> /home/aniketh05/my_ros2_ws/src/build/my_pkg_srv/build/lib/my_pkg_srv
running install
running install_lib
creating /home/aniketh05/my_ros2_ws/src/install/my_pkg_srv/lib/python3.10/site-packages/my_pkg_srv
copying /home/aniketh05/my_ros2_ws/src/build/my_pkg_srv/build/lib/my_pkg_srv/__init__.py -> /home/aniketh05/my_ros2_ws/src/install/my_pkg_srv/lib/python3.10/site-packages/my_pkg_srv
byte-compiling /home/aniketh05/my_ros2_ws/src/install/my_pkg_srv/lib/python3.10/site-packages/my_pkg_srv/__init__.py to __init__.cpython-310.pyc
running install_data
creating /home/aniketh05/my_ros2_ws/src/install/my_pkg_srv/share/ament_index
creating /home/aniketh05/my_ros2_ws/src/install/my_pkg_srv/share/ament_index/resource_index
creating /home/aniketh05/my_ros2_ws/src/install/my_pkg_srv/share/ament_index/resource_index/packages
copying resource/my_pkg_srv -> /home/aniketh05/my_ros2_ws/src/install/my_pkg_srv/share/ament_index/resource_index/packages
copying package.xml -> /home/aniketh05/my_ros2_ws/src/install/my_pkg_srv/share/my_pkg_srv
running install_egg_info
Copying ../build/my_pkg_srv/my_pkg_srv.egg-info to /home/aniketh05/my_ros2_ws/src/install/my_pkg_srv/lib/python3.10/site-packages/my_pkg_srv-0.0.0-py3.10.egg-info
running install_scripts
writing list of installed files to '/home/aniketh05/my_ros2_ws/src/build/my_pkg_srv/install.log'
