/home/aniketh05/my_ros2_ws/install/turtle_control/lib/python3.10/site-packages/turtle_control/__init__.py
/home/aniketh05/my_ros2_ws/install/turtle_control/lib/python3.10/site-packages/turtle_control/turtle_subscriber.py
/home/aniketh05/my_ros2_ws/install/turtle_control/lib/python3.10/site-packages/turtle_control/pub_sub.py
/home/aniketh05/my_ros2_ws/install/turtle_control/lib/python3.10/site-packages/turtle_control/turtle_publisher.py
/home/aniketh05/my_ros2_ws/install/turtle_control/lib/python3.10/site-packages/turtle_control/__pycache__/__init__.cpython-310.pyc
/home/aniketh05/my_ros2_ws/install/turtle_control/lib/python3.10/site-packages/turtle_control/__pycache__/turtle_subscriber.cpython-310.pyc
/home/aniketh05/my_ros2_ws/install/turtle_control/lib/python3.10/site-packages/turtle_control/__pycache__/pub_sub.cpython-310.pyc
/home/aniketh05/my_ros2_ws/install/turtle_control/lib/python3.10/site-packages/turtle_control/__pycache__/turtle_publisher.cpython-310.pyc
/home/aniketh05/my_ros2_ws/install/turtle_control/share/ament_index/resource_index/packages/turtle_control
/home/aniketh05/my_ros2_ws/install/turtle_control/share/turtle_control/package.xml
/home/aniketh05/my_ros2_ws/install/turtle_control/lib/python3.10/site-packages/turtle_control-0.0.0-py3.10.egg-info/SOURCES.txt
/home/aniketh05/my_ros2_ws/install/turtle_control/lib/python3.10/site-packages/turtle_control-0.0.0-py3.10.egg-info/requires.txt
/home/aniketh05/my_ros2_ws/install/turtle_control/lib/python3.10/site-packages/turtle_control-0.0.0-py3.10.egg-info/top_level.txt
/home/aniketh05/my_ros2_ws/install/turtle_control/lib/python3.10/site-packages/turtle_control-0.0.0-py3.10.egg-info/entry_points.txt
/home/aniketh05/my_ros2_ws/install/turtle_control/lib/python3.10/site-packages/turtle_control-0.0.0-py3.10.egg-info/PKG-INFO
/home/aniketh05/my_ros2_ws/install/turtle_control/lib/python3.10/site-packages/turtle_control-0.0.0-py3.10.egg-info/zip-safe
/home/aniketh05/my_ros2_ws/install/turtle_control/lib/python3.10/site-packages/turtle_control-0.0.0-py3.10.egg-info/dependency_links.txt
/home/aniketh05/my_ros2_ws/install/turtle_control/lib/turtle_control/pub_sub
/home/aniketh05/my_ros2_ws/install/turtle_control/lib/turtle_control/turtle_publisher
/home/aniketh05/my_ros2_ws/install/turtle_control/lib/turtle_control/turtle_subscriber
