[2.072s] Invoking command in '/home/aniketh05/my_ros2_ws/build/my_pkg_01': PYTHONPATH=/home/aniketh05/my_ros2_ws/build/my_pkg_01/prefix_override:/usr/lib/python3/dist-packages/colcon_core/task/python/colcon_distutils_commands:/home/aniketh05/my_ros2_ws/install/my_pkg_01/lib/python3.10/site-packages:${PYTHONPATH} /usr/bin/python3 -W ignore:setup.py install is deprecated -W ignore:easy_install command is deprecated setup.py develop --editable --build-directory /home/aniketh05/my_ros2_ws/build/my_pkg_01/build --no-deps symlink_data
[2.842s] running develop
[2.951s] /home/aniketh05/.local/lib/python3.10/site-packages/pkg_resources/__init__.py:116: PkgResourcesDeprecationWarning: 2.0.5-build-libtorrent-rasterbar-qrM5vM-libtorrent-rasterbar-2.0.5-bindings-python is an invalid version and will not be supported in a future release
[2.951s]   warnings.warn(
[3.218s] running egg_info
[3.218s] writing my_pkg_01.egg-info/PKG-INFO
[3.220s] writing dependency_links to my_pkg_01.egg-info/dependency_links.txt
[3.220s] writing entry points to my_pkg_01.egg-info/entry_points.txt
[3.221s] writing requirements to my_pkg_01.egg-info/requires.txt
[3.222s] writing top-level names to my_pkg_01.egg-info/top_level.txt
[3.227s] reading manifest file 'my_pkg_01.egg-info/SOURCES.txt'
[3.231s] writing manifest file 'my_pkg_01.egg-info/SOURCES.txt'
[3.233s] running build_ext
[3.234s] Creating /home/aniketh05/my_ros2_ws/install/my_pkg_01/lib/python3.10/site-packages/my-pkg-01.egg-link (link to .)
[3.235s] Installing my_first_node script to /home/aniketh05/my_ros2_ws/install/my_pkg_01/lib/my_pkg_01
[3.235s] Installing pose_color_change script to /home/aniketh05/my_ros2_ws/install/my_pkg_01/lib/my_pkg_01
[3.236s] Installing set_pen_client script to /home/aniketh05/my_ros2_ws/install/my_pkg_01/lib/my_pkg_01
[3.236s] 
[3.236s] Installed /home/aniketh05/my_ros2_ws/build/my_pkg_01
[3.237s] running symlink_data
[3.322s] Invoked command in '/home/aniketh05/my_ros2_ws/build/my_pkg_01' returned '0': PYTHONPATH=/home/aniketh05/my_ros2_ws/build/my_pkg_01/prefix_override:/usr/lib/python3/dist-packages/colcon_core/task/python/colcon_distutils_commands:/home/aniketh05/my_ros2_ws/install/my_pkg_01/lib/python3.10/site-packages:${PYTHONPATH} /usr/bin/python3 -W ignore:setup.py install is deprecated -W ignore:easy_install command is deprecated setup.py develop --editable --build-directory /home/aniketh05/my_ros2_ws/build/my_pkg_01/build --no-deps symlink_data
