running develop
Removing /home/aniketh05/my_ros2_ws/install/my_services/lib/python3.10/site-packages/my-services.egg-link (link to .)
running egg_info
writing ../../build/my_services/my_services.egg-info/PKG-INFO
writing dependency_links to ../../build/my_services/my_services.egg-info/dependency_links.txt
writing entry points to ../../build/my_services/my_services.egg-info/entry_points.txt
writing requirements to ../../build/my_services/my_services.egg-info/requires.txt
writing top-level names to ../../build/my_services/my_services.egg-info/top_level.txt
reading manifest file '../../build/my_services/my_services.egg-info/SOURCES.txt'
writing manifest file '../../build/my_services/my_services.egg-info/SOURCES.txt'
running build
running build_py
creating /home/aniketh05/my_ros2_ws/build/my_services/build
creating /home/aniketh05/my_ros2_ws/build/my_services/build/lib
creating /home/aniketh05/my_ros2_ws/build/my_services/build/lib/my_services
copying my_services/__init__.py -> /home/aniketh05/my_ros2_ws/build/my_services/build/lib/my_services
copying my_services/add_two_ints.py -> /home/aniketh05/my_ros2_ws/build/my_services/build/lib/my_services
copying my_services/my_client.py -> /home/aniketh05/my_ros2_ws/build/my_services/build/lib/my_services
running install
running install_lib
creating /home/aniketh05/my_ros2_ws/install/my_services/lib/python3.10/site-packages/my_services
copying /home/aniketh05/my_ros2_ws/build/my_services/build/lib/my_services/__init__.py -> /home/aniketh05/my_ros2_ws/install/my_services/lib/python3.10/site-packages/my_services
copying /home/aniketh05/my_ros2_ws/build/my_services/build/lib/my_services/add_two_ints.py -> /home/aniketh05/my_ros2_ws/install/my_services/lib/python3.10/site-packages/my_services
copying /home/aniketh05/my_ros2_ws/build/my_services/build/lib/my_services/my_client.py -> /home/aniketh05/my_ros2_ws/install/my_services/lib/python3.10/site-packages/my_services
byte-compiling /home/aniketh05/my_ros2_ws/install/my_services/lib/python3.10/site-packages/my_services/__init__.py to __init__.cpython-310.pyc
byte-compiling /home/aniketh05/my_ros2_ws/install/my_services/lib/python3.10/site-packages/my_services/add_two_ints.py to add_two_ints.cpython-310.pyc
byte-compiling /home/aniketh05/my_ros2_ws/install/my_services/lib/python3.10/site-packages/my_services/my_client.py to my_client.cpython-310.pyc
running install_data
copying resource/my_services -> /home/aniketh05/my_ros2_ws/install/my_services/share/ament_index/resource_index/packages
copying package.xml -> /home/aniketh05/my_ros2_ws/install/my_services/share/my_services
running install_egg_info
Copying ../../build/my_services/my_services.egg-info to /home/aniketh05/my_ros2_ws/install/my_services/lib/python3.10/site-packages/my_services-0.0.0-py3.10.egg-info
running install_scripts
Installing add_two_ints script to /home/aniketh05/my_ros2_ws/install/my_services/lib/my_services
Installing my_client script to /home/aniketh05/my_ros2_ws/install/my_services/lib/my_services
writing list of installed files to '/home/aniketh05/my_ros2_ws/build/my_services/install.log'
