[1.271s] Invoking command in '/home/aniketh05/my_ros2_ws/src/build/turtle_control': PYTHONPATH=/home/aniketh05/my_ros2_ws/src/build/turtle_control/prefix_override:/usr/lib/python3/dist-packages/colcon_core/task/python/colcon_distutils_commands:/home/aniketh05/my_ros2_ws/src/install/turtle_control/lib/python3.10/site-packages:${PYTHONPATH} /usr/bin/python3 -W ignore:setup.py install is deprecated -W ignore:easy_install command is deprecated setup.py develop --editable --build-directory /home/aniketh05/my_ros2_ws/src/build/turtle_control/build --no-deps symlink_data
[1.494s] running develop
[1.526s] /home/aniketh05/.local/lib/python3.10/site-packages/pkg_resources/__init__.py:116: PkgResourcesDeprecationWarning: 2.0.5-build-libtorrent-rasterbar-qrM5vM-libtorrent-rasterbar-2.0.5-bindings-python is an invalid version and will not be supported in a future release
[1.526s]   warnings.warn(
[1.616s] running egg_info
[1.616s] writing turtle_control.egg-info/PKG-INFO
[1.616s] writing dependency_links to turtle_control.egg-info/dependency_links.txt
[1.617s] writing entry points to turtle_control.egg-info/entry_points.txt
[1.618s] writing requirements to turtle_control.egg-info/requires.txt
[1.618s] writing top-level names to turtle_control.egg-info/top_level.txt
[1.620s] reading manifest file 'turtle_control.egg-info/SOURCES.txt'
[1.621s] writing manifest file 'turtle_control.egg-info/SOURCES.txt'
[1.622s] running build_ext
[1.623s] Creating /home/aniketh05/my_ros2_ws/src/install/turtle_control/lib/python3.10/site-packages/turtle-control.egg-link (link to .)
[1.624s] Installing pub_sub script to /home/aniketh05/my_ros2_ws/src/install/turtle_control/lib/turtle_control
[1.624s] Installing turtle_publisher script to /home/aniketh05/my_ros2_ws/src/install/turtle_control/lib/turtle_control
[1.624s] Installing turtle_subscriber script to /home/aniketh05/my_ros2_ws/src/install/turtle_control/lib/turtle_control
[1.624s] 
[1.624s] Installed /home/aniketh05/my_ros2_ws/src/build/turtle_control
[1.624s] running symlink_data
[1.656s] Invoked command in '/home/aniketh05/my_ros2_ws/src/build/turtle_control' returned '0': PYTHONPATH=/home/aniketh05/my_ros2_ws/src/build/turtle_control/prefix_override:/usr/lib/python3/dist-packages/colcon_core/task/python/colcon_distutils_commands:/home/aniketh05/my_ros2_ws/src/install/turtle_control/lib/python3.10/site-packages:${PYTHONPATH} /usr/bin/python3 -W ignore:setup.py install is deprecated -W ignore:easy_install command is deprecated setup.py develop --editable --build-directory /home/aniketh05/my_ros2_ws/src/build/turtle_control/build --no-deps symlink_data
