[0.055s] Invoking command in '/home/aniketh05/my_ros2_ws/build/my_gesture_arm_robot': CMAKE_PREFIX_PATH=${CMAKE_PREFIX_PATH}:/home/aniketh05/my_ros2_ws/install/turtle_control:/home/aniketh05/my_ros2_ws/install/my_services:/home/aniketh05/my_ros2_ws/install/my_pkg_prac:/home/aniketh05/my_ros2_ws/install/my_pkg_01:/opt/ros/humble /usr/bin/cmake /home/aniketh05/my_ros2_ws/src/my_gesture_arm_robot -DCMAKE_INSTALL_PREFIX=/home/aniketh05/my_ros2_ws/install/my_gesture_arm_robot
[1.865s] -- Found ament_cmake: 1.3.11 (/opt/ros/humble/share/ament_cmake/cmake)
[1.865s] -- Override CMake install command with custom implementation using symlinks instead of copying resources
[1.865s] -- Found rclpy: 3.3.16 (/opt/ros/humble/share/rclpy/cmake)
[1.865s] -- Found gazebo_ros: 3.9.0 (/opt/ros/humble/share/gazebo_ros/cmake)
[1.865s] -- Found rosidl_generator_c: 3.1.6 (/opt/ros/humble/share/rosidl_generator_c/cmake)
[1.865s] -- Found rosidl_adapter: 3.1.6 (/opt/ros/humble/share/rosidl_adapter/cmake)
[1.865s] -- Found rosidl_generator_cpp: 3.1.6 (/opt/ros/humble/share/rosidl_generator_cpp/cmake)
[1.865s] -- Using all available rosidl_typesupport_c: rosidl_typesupport_fastrtps_c;rosidl_typesupport_introspection_c
[1.865s] -- Using all available rosidl_typesupport_cpp: rosidl_typesupport_fastrtps_cpp;rosidl_typesupport_introspection_cpp
[1.866s] -- Found rmw_implementation_cmake: 6.1.2 (/opt/ros/humble/share/rmw_implementation_cmake/cmake)
[1.866s] -- Found rmw_fastrtps_cpp: 6.2.7 (/opt/ros/humble/share/rmw_fastrtps_cpp/cmake)
[7.723s] -- Using RMW implementation 'rmw_fastrtps_cpp' as default
[7.858s] -- Found DART: /usr/include (Required is at least version "6.6") found components: dart 
[7.911s] -- Found Protobuf: /usr/lib/x86_64-linux-gnu/libprotobuf.so (found version "3.12.4") 
[7.917s] -- Looking for ignition-math6 -- found version 6.15.1
[7.929s] -- Searching for dependencies of ignition-math6
[7.932s] -- Looking for OGRE...
[7.937s] -- Found Ogre Ghadamon (1.9.0)
[7.938s] -- Found OGRE: optimized;/usr/lib/x86_64-linux-gnu/libOgreMain.so;debug;/usr/lib/x86_64-linux-gnu/libOgreMain.so
[7.945s] -- Looking for OGRE_Paging...
[7.945s] -- Found OGRE_Paging: optimized;/usr/lib/x86_64-linux-gnu/libOgrePaging.so;debug;/usr/lib/x86_64-linux-gnu/libOgrePaging.so
[7.945s] -- Looking for OGRE_Terrain...
[7.946s] -- Found OGRE_Terrain: optimized;/usr/lib/x86_64-linux-gnu/libOgreTerrain.so;debug;/usr/lib/x86_64-linux-gnu/libOgreTerrain.so
[7.946s] -- Looking for OGRE_Property...
[7.946s] -- Found OGRE_Property: optimized;/usr/lib/x86_64-linux-gnu/libOgreProperty.so;debug;/usr/lib/x86_64-linux-gnu/libOgreProperty.so
[7.946s] -- Looking for OGRE_RTShaderSystem...
[7.946s] -- Found OGRE_RTShaderSystem: optimized;/usr/lib/x86_64-linux-gnu/libOgreRTShaderSystem.so;debug;/usr/lib/x86_64-linux-gnu/libOgreRTShaderSystem.so
[7.947s] -- Looking for OGRE_Volume...
[7.947s] -- Found OGRE_Volume: optimized;/usr/lib/x86_64-linux-gnu/libOgreVolume.so;debug;/usr/lib/x86_64-linux-gnu/libOgreVolume.so
[7.947s] -- Looking for OGRE_Overlay...
[7.947s] -- Found OGRE_Overlay: optimized;/usr/lib/x86_64-linux-gnu/libOgreOverlay.so;debug;/usr/lib/x86_64-linux-gnu/libOgreOverlay.so
[21.074s] -- Looking for ignition-math6 -- found version 6.15.1
[21.076s] -- Looking for ignition-transport8 -- found version 8.2.1
[21.076s] -- Searching for dependencies of ignition-transport8
[22.063s] -- Found Protobuf: /usr/lib/x86_64-linux-gnu/libprotobuf.so (found suitable version "3.12.4", minimum required is "3") 
[22.871s] -- Config-file not installed for ZeroMQ -- checking for pkg-config
[22.876s] -- Checking for module 'libzmq >= 4'
[22.915s] --   Found libzmq , version 4.3.4
[22.969s] -- Checking for module 'uuid'
[22.983s] --   Found uuid, version 2.37.2
[23.009s] -- Looking for ignition-msgs5 -- found version 5.8.1
[23.009s] -- Searching for dependencies of ignition-msgs5
[24.351s] -- Looking for ignition-math6 -- found version 6.15.1
[24.384s] -- Checking for module 'tinyxml2'
[24.400s] --   Found tinyxml2, version 9.0.0
[24.438s] -- Looking for ignition-msgs5 -- found version 5.8.1
[24.440s] -- Looking for ignition-common3 -- found version 3.14.0
[24.440s] -- Searching for dependencies of ignition-common3
[24.441s] -- Looking for dlfcn.h - found
[24.441s] -- Looking for libdl - found
[24.590s] -- Searching for <ignition-common3> component [graphics]
[24.594s] -- Looking for ignition-common3-graphics -- found version 3.14.0
[24.595s] -- Searching for dependencies of ignition-common3-graphics
[24.596s] -- Looking for ignition-math6 -- found version 6.15.1
[24.600s] -- Looking for ignition-fuel_tools4 -- found version 4.4.0
[24.600s] -- Searching for dependencies of ignition-fuel_tools4
[26.260s] -- Checking for module 'jsoncpp'
[26.270s] --   Found jsoncpp, version 1.9.5
[26.294s] -- Checking for module 'libzip'
[26.304s] --   Found libzip, version 1.7.3
[26.325s] -- Looking for ignition-common3 -- found version 3.14.0
[26.325s] -- Looking for ignition-math6 -- found version 6.15.1
[26.325s] -- Looking for ignition-msgs5 -- found version 5.8.1
[26.330s] -- Gazebo version: 11.10
[26.333s] -- Found gazebo_ros_pkgs: 3.9.0 (/opt/ros/humble/share/gazebo_ros_pkgs/cmake)
[26.334s] -- Found xacro: 2.0.13 (/opt/ros/humble/share/xacro/cmake)
[26.335s] -- Found urdf: 2.6.1 (/opt/ros/humble/share/urdf/cmake)
[27.062s] -- Found robot_state_publisher: 3.0.3 (/opt/ros/humble/share/robot_state_publisher/cmake)
[27.077s] -- Found eigen3_cmake_module: 0.1.1 (/opt/ros/humble/share/eigen3_cmake_module/cmake)
[27.079s] -- Ensuring Eigen3 include directory is part of orocos-kdl CMake target
[27.874s] [31mCMake Error at CMakeLists.txt:16 (find_package):
[27.874s]   By not providing "Findlaunch_ros.cmake" in CMAKE_MODULE_PATH this project
[27.874s]   has asked CMake to find a package configuration file provided by
[27.874s]   "launch_ros", but CMake did not find one.
[27.874s] 
[27.875s]   Could not find a package configuration file provided by "launch_ros" with
[27.875s]   any of the following names:
[27.875s] 
[27.875s]     launch_rosConfig.cmake
[27.875s]     launch_ros-config.cmake
[27.875s] 
[27.875s]   Add the installation prefix of "launch_ros" to CMAKE_PREFIX_PATH or set
[27.875s]   "launch_ros_DIR" to a directory containing one of the above files.  If
[27.875s]   "launch_ros" provides a separate development package or SDK, be sure it has
[27.875s]   been installed.
[27.875s] 
[27.875s] [0m
[27.879s] -- Configuring incomplete, errors occurred!
[27.879s] See also "/home/aniketh05/my_ros2_ws/build/my_gesture_arm_robot/CMakeFiles/CMakeOutput.log".
[27.884s] Invoked command in '/home/aniketh05/my_ros2_ws/build/my_gesture_arm_robot' returned '1': CMAKE_PREFIX_PATH=${CMAKE_PREFIX_PATH}:/home/aniketh05/my_ros2_ws/install/turtle_control:/home/aniketh05/my_ros2_ws/install/my_services:/home/aniketh05/my_ros2_ws/install/my_pkg_prac:/home/aniketh05/my_ros2_ws/install/my_pkg_01:/opt/ros/humble /usr/bin/cmake /home/aniketh05/my_ros2_ws/src/my_gesture_arm_robot -DCMAKE_INSTALL_PREFIX=/home/aniketh05/my_ros2_ws/install/my_gesture_arm_robot
