[0.040s] Invoking command in '/home/aniketh05/my_ros2_ws/build/my_msgs': CMAKE_PREFIX_PATH=${CMAKE_PREFIX_PATH}:/home/aniketh05/my_ros2_ws/install/turtle_control:/home/aniketh05/my_ros2_ws/install/my_pkg_prac:/home/aniketh05/my_ros2_ws/install/my_pkg_01:/opt/ros/humble /usr/bin/cmake --build /home/aniketh05/my_ros2_ws/build/my_msgs -- -j12 -l12
[0.798s] [  2%] Built target my_msgs__cpp
[0.799s] [ 12%] Built target my_msgs__rosidl_generator_c
[0.799s] [ 12%] Built target ament_cmake_python_symlink_my_msgs
[0.799s] [ 23%] Built target my_msgs__rosidl_typesupport_introspection_cpp
[0.799s] [ 34%] Built target my_msgs__rosidl_typesupport_fastrtps_cpp
[0.799s] [ 44%] Built target my_msgs__rosidl_typesupport_cpp
[0.800s] [ 55%] Built target my_msgs__rosidl_typesupport_introspection_c
[0.800s] [ 65%] Built target my_msgs__rosidl_typesupport_fastrtps_c
[0.800s] [ 76%] Built target my_msgs__rosidl_typesupport_c
[0.800s] [ 76%] Built target my_msgs
[0.801s] [ 78%] Built target my_msgs__py
[0.802s] [ 87%] Built target my_msgs__rosidl_generator_py
[0.802s] [ 91%] Built target my_msgs__rosidl_typesupport_introspection_c__pyext
[0.803s] [ 95%] Built target my_msgs__rosidl_typesupport_c__pyext
[0.803s] [100%] Built target my_msgs__rosidl_typesupport_fastrtps_c__pyext
[0.803s] running egg_info
[0.803s] writing my_msgs.egg-info/PKG-INFO
[0.803s] writing dependency_links to my_msgs.egg-info/dependency_links.txt
[0.803s] writing top-level names to my_msgs.egg-info/top_level.txt
[0.804s] reading manifest file 'my_msgs.egg-info/SOURCES.txt'
[0.804s] writing manifest file 'my_msgs.egg-info/SOURCES.txt'
[0.804s] [100%] Built target ament_cmake_python_build_my_msgs_egg
[1.126s] Invoked command in '/home/aniketh05/my_ros2_ws/build/my_msgs' returned '0': CMAKE_PREFIX_PATH=${CMAKE_PREFIX_PATH}:/home/aniketh05/my_ros2_ws/install/turtle_control:/home/aniketh05/my_ros2_ws/install/my_pkg_prac:/home/aniketh05/my_ros2_ws/install/my_pkg_01:/opt/ros/humble /usr/bin/cmake --build /home/aniketh05/my_ros2_ws/build/my_msgs -- -j12 -l12
[1.134s] Invoking command in '/home/aniketh05/my_ros2_ws/build/my_msgs': CMAKE_PREFIX_PATH=${CMAKE_PREFIX_PATH}:/home/aniketh05/my_ros2_ws/install/turtle_control:/home/aniketh05/my_ros2_ws/install/my_pkg_prac:/home/aniketh05/my_ros2_ws/install/my_pkg_01:/opt/ros/humble /usr/bin/cmake --install /home/aniketh05/my_ros2_ws/build/my_msgs
[1.150s] -- Install configuration: ""
[1.151s] -- Execute custom install script
[1.151s] -- Up-to-date symlink: /home/aniketh05/my_ros2_ws/install/my_msgs/share/ament_index/resource_index/rosidl_interfaces/my_msgs
[1.152s] -- Up-to-date symlink: /home/aniketh05/my_ros2_ws/install/my_msgs/include/my_msgs/my_msgs/msg/detail/my_msg__functions.h
[1.152s] -- Up-to-date symlink: /home/aniketh05/my_ros2_ws/install/my_msgs/include/my_msgs/my_msgs/msg/detail/my_msg__struct.h
[1.152s] -- Up-to-date symlink: /home/aniketh05/my_ros2_ws/install/my_msgs/include/my_msgs/my_msgs/msg/detail/my_msg__type_support.h
[1.152s] -- Up-to-date symlink: /home/aniketh05/my_ros2_ws/install/my_msgs/include/my_msgs/my_msgs/msg/detail/sphere__functions.h
[1.153s] -- Up-to-date symlink: /home/aniketh05/my_ros2_ws/install/my_msgs/include/my_msgs/my_msgs/msg/detail/sphere__struct.h
[1.153s] -- Up-to-date symlink: /home/aniketh05/my_ros2_ws/install/my_msgs/include/my_msgs/my_msgs/msg/detail/sphere__type_support.h
[1.153s] -- Up-to-date symlink: /home/aniketh05/my_ros2_ws/install/my_msgs/include/my_msgs/my_msgs/msg/my_msg.h
[1.153s] -- Up-to-date symlink: /home/aniketh05/my_ros2_ws/install/my_msgs/include/my_msgs/my_msgs/msg/rosidl_generator_c__visibility_control.h
[1.153s] -- Up-to-date symlink: /home/aniketh05/my_ros2_ws/install/my_msgs/include/my_msgs/my_msgs/msg/sphere.h
[1.153s] -- Up-to-date symlink: /home/aniketh05/my_ros2_ws/install/my_msgs/include/my_msgs/my_msgs/srv/add_three_nums.h
[1.153s] -- Up-to-date symlink: /home/aniketh05/my_ros2_ws/install/my_msgs/include/my_msgs/my_msgs/srv/detail/add_three_nums__functions.h
[1.153s] -- Up-to-date symlink: /home/aniketh05/my_ros2_ws/install/my_msgs/include/my_msgs/my_msgs/srv/detail/add_three_nums__struct.h
[1.154s] -- Up-to-date symlink: /home/aniketh05/my_ros2_ws/install/my_msgs/include/my_msgs/my_msgs/srv/detail/add_three_nums__type_support.h
[1.154s] -- Up-to-date symlink: /home/aniketh05/my_ros2_ws/install/my_msgs/share/my_msgs/environment/library_path.sh
[1.154s] -- Up-to-date symlink: /home/aniketh05/my_ros2_ws/install/my_msgs/share/my_msgs/environment/library_path.dsv
[1.154s] -- Up-to-date symlink: /home/aniketh05/my_ros2_ws/install/my_msgs/include/my_msgs/my_msgs/msg/detail/my_msg__rosidl_typesupport_fastrtps_c.h
[1.155s] -- Up-to-date symlink: /home/aniketh05/my_ros2_ws/install/my_msgs/include/my_msgs/my_msgs/msg/detail/sphere__rosidl_typesupport_fastrtps_c.h
[1.155s] -- Up-to-date symlink: /home/aniketh05/my_ros2_ws/install/my_msgs/include/my_msgs/my_msgs/msg/rosidl_typesupport_fastrtps_c__visibility_control.h
[1.155s] -- Up-to-date symlink: /home/aniketh05/my_ros2_ws/install/my_msgs/include/my_msgs/my_msgs/srv/detail/add_three_nums__rosidl_typesupport_fastrtps_c.h
[1.155s] -- Up-to-date symlink: /home/aniketh05/my_ros2_ws/install/my_msgs/include/my_msgs/my_msgs/msg/detail/my_msg__builder.hpp
[1.155s] -- Up-to-date symlink: /home/aniketh05/my_ros2_ws/install/my_msgs/include/my_msgs/my_msgs/msg/detail/my_msg__struct.hpp
[1.156s] -- Up-to-date symlink: /home/aniketh05/my_ros2_ws/install/my_msgs/include/my_msgs/my_msgs/msg/detail/my_msg__traits.hpp
[1.156s] -- Up-to-date symlink: /home/aniketh05/my_ros2_ws/install/my_msgs/include/my_msgs/my_msgs/msg/detail/my_msg__type_support.hpp
[1.156s] -- Up-to-date symlink: /home/aniketh05/my_ros2_ws/install/my_msgs/include/my_msgs/my_msgs/msg/detail/sphere__builder.hpp
[1.156s] -- Up-to-date symlink: /home/aniketh05/my_ros2_ws/install/my_msgs/include/my_msgs/my_msgs/msg/detail/sphere__struct.hpp
[1.156s] -- Up-to-date symlink: /home/aniketh05/my_ros2_ws/install/my_msgs/include/my_msgs/my_msgs/msg/detail/sphere__traits.hpp
[1.156s] -- Up-to-date symlink: /home/aniketh05/my_ros2_ws/install/my_msgs/include/my_msgs/my_msgs/msg/detail/sphere__type_support.hpp
[1.157s] -- Up-to-date symlink: /home/aniketh05/my_ros2_ws/install/my_msgs/include/my_msgs/my_msgs/msg/my_msg.hpp
[1.157s] -- Up-to-date symlink: /home/aniketh05/my_ros2_ws/install/my_msgs/include/my_msgs/my_msgs/msg/rosidl_generator_cpp__visibility_control.hpp
[1.157s] -- Up-to-date symlink: /home/aniketh05/my_ros2_ws/install/my_msgs/include/my_msgs/my_msgs/msg/sphere.hpp
[1.157s] -- Up-to-date symlink: /home/aniketh05/my_ros2_ws/install/my_msgs/include/my_msgs/my_msgs/srv/add_three_nums.hpp
[1.157s] -- Up-to-date symlink: /home/aniketh05/my_ros2_ws/install/my_msgs/include/my_msgs/my_msgs/srv/detail/add_three_nums__builder.hpp
[1.157s] -- Up-to-date symlink: /home/aniketh05/my_ros2_ws/install/my_msgs/include/my_msgs/my_msgs/srv/detail/add_three_nums__struct.hpp
[1.157s] -- Up-to-date symlink: /home/aniketh05/my_ros2_ws/install/my_msgs/include/my_msgs/my_msgs/srv/detail/add_three_nums__traits.hpp
[1.157s] -- Up-to-date symlink: /home/aniketh05/my_ros2_ws/install/my_msgs/include/my_msgs/my_msgs/srv/detail/add_three_nums__type_support.hpp
[1.158s] -- Up-to-date symlink: /home/aniketh05/my_ros2_ws/install/my_msgs/include/my_msgs/my_msgs/msg/detail/my_msg__rosidl_typesupport_fastrtps_cpp.hpp
[1.158s] -- Up-to-date symlink: /home/aniketh05/my_ros2_ws/install/my_msgs/include/my_msgs/my_msgs/msg/detail/sphere__rosidl_typesupport_fastrtps_cpp.hpp
[1.158s] -- Up-to-date symlink: /home/aniketh05/my_ros2_ws/install/my_msgs/include/my_msgs/my_msgs/msg/rosidl_typesupport_fastrtps_cpp__visibility_control.h
[1.158s] -- Up-to-date symlink: /home/aniketh05/my_ros2_ws/install/my_msgs/include/my_msgs/my_msgs/srv/detail/add_three_nums__rosidl_typesupport_fastrtps_cpp.hpp
[1.159s] -- Up-to-date symlink: /home/aniketh05/my_ros2_ws/install/my_msgs/include/my_msgs/my_msgs/msg/detail/my_msg__rosidl_typesupport_introspection_c.h
[1.159s] -- Up-to-date symlink: /home/aniketh05/my_ros2_ws/install/my_msgs/include/my_msgs/my_msgs/msg/detail/sphere__rosidl_typesupport_introspection_c.h
[1.159s] -- Up-to-date symlink: /home/aniketh05/my_ros2_ws/install/my_msgs/include/my_msgs/my_msgs/msg/rosidl_typesupport_introspection_c__visibility_control.h
[1.159s] -- Up-to-date symlink: /home/aniketh05/my_ros2_ws/install/my_msgs/include/my_msgs/my_msgs/srv/detail/add_three_nums__rosidl_typesupport_introspection_c.h
[1.159s] -- Up-to-date symlink: /home/aniketh05/my_ros2_ws/install/my_msgs/include/my_msgs/my_msgs/msg/detail/my_msg__rosidl_typesupport_introspection_cpp.hpp
[1.160s] -- Up-to-date symlink: /home/aniketh05/my_ros2_ws/install/my_msgs/include/my_msgs/my_msgs/msg/detail/sphere__rosidl_typesupport_introspection_cpp.hpp
[1.160s] -- Up-to-date symlink: /home/aniketh05/my_ros2_ws/install/my_msgs/include/my_msgs/my_msgs/srv/detail/add_three_nums__rosidl_typesupport_introspection_cpp.hpp
[1.160s] -- Up-to-date symlink: /home/aniketh05/my_ros2_ws/install/my_msgs/share/my_msgs/environment/pythonpath.sh
[1.176s] -- Up-to-date symlink: /home/aniketh05/my_ros2_ws/install/my_msgs/share/my_msgs/environment/pythonpath.dsv
[1.176s] -- Up-to-date symlink: /home/aniketh05/my_ros2_ws/install/my_msgs/local/lib/python3.10/dist-packages/my_msgs-0.0.0-py3.10.egg-info/PKG-INFO
[1.176s] -- Up-to-date symlink: /home/aniketh05/my_ros2_ws/install/my_msgs/local/lib/python3.10/dist-packages/my_msgs-0.0.0-py3.10.egg-info/SOURCES.txt
[1.176s] -- Up-to-date symlink: /home/aniketh05/my_ros2_ws/install/my_msgs/local/lib/python3.10/dist-packages/my_msgs-0.0.0-py3.10.egg-info/dependency_links.txt
[1.176s] -- Up-to-date symlink: /home/aniketh05/my_ros2_ws/install/my_msgs/local/lib/python3.10/dist-packages/my_msgs-0.0.0-py3.10.egg-info/top_level.txt
[1.176s] -- Up-to-date symlink: /home/aniketh05/my_ros2_ws/install/my_msgs/local/lib/python3.10/dist-packages/my_msgs/__init__.py
[1.177s] -- Up-to-date symlink: /home/aniketh05/my_ros2_ws/install/my_msgs/local/lib/python3.10/dist-packages/my_msgs/_my_msgs_s.ep.rosidl_typesupport_c.c
[1.177s] -- Up-to-date symlink: /home/aniketh05/my_ros2_ws/install/my_msgs/local/lib/python3.10/dist-packages/my_msgs/_my_msgs_s.ep.rosidl_typesupport_fastrtps_c.c
[1.177s] -- Up-to-date symlink: /home/aniketh05/my_ros2_ws/install/my_msgs/local/lib/python3.10/dist-packages/my_msgs/_my_msgs_s.ep.rosidl_typesupport_introspection_c.c
[1.177s] -- Up-to-date symlink: /home/aniketh05/my_ros2_ws/install/my_msgs/local/lib/python3.10/dist-packages/my_msgs/libmy_msgs__rosidl_generator_py.so
[1.177s] -- Up-to-date symlink: /home/aniketh05/my_ros2_ws/install/my_msgs/local/lib/python3.10/dist-packages/my_msgs/msg/__init__.py
[1.177s] -- Up-to-date symlink: /home/aniketh05/my_ros2_ws/install/my_msgs/local/lib/python3.10/dist-packages/my_msgs/msg/_my_msg.py
[1.177s] -- Up-to-date symlink: /home/aniketh05/my_ros2_ws/install/my_msgs/local/lib/python3.10/dist-packages/my_msgs/msg/_my_msg_s.c
[1.178s] -- Up-to-date symlink: /home/aniketh05/my_ros2_ws/install/my_msgs/local/lib/python3.10/dist-packages/my_msgs/msg/_sphere.py
[1.178s] -- Up-to-date symlink: /home/aniketh05/my_ros2_ws/install/my_msgs/local/lib/python3.10/dist-packages/my_msgs/msg/_sphere_s.c
[1.178s] -- Up-to-date symlink: /home/aniketh05/my_ros2_ws/install/my_msgs/local/lib/python3.10/dist-packages/my_msgs/my_msgs_s__rosidl_typesupport_c.cpython-310-x86_64-linux-gnu.so
[1.178s] -- Up-to-date symlink: /home/aniketh05/my_ros2_ws/install/my_msgs/local/lib/python3.10/dist-packages/my_msgs/my_msgs_s__rosidl_typesupport_fastrtps_c.cpython-310-x86_64-linux-gnu.so
[1.178s] -- Up-to-date symlink: /home/aniketh05/my_ros2_ws/install/my_msgs/local/lib/python3.10/dist-packages/my_msgs/my_msgs_s__rosidl_typesupport_introspection_c.cpython-310-x86_64-linux-gnu.so
[1.178s] -- Up-to-date symlink: /home/aniketh05/my_ros2_ws/install/my_msgs/local/lib/python3.10/dist-packages/my_msgs/srv/__init__.py
[1.178s] -- Up-to-date symlink: /home/aniketh05/my_ros2_ws/install/my_msgs/local/lib/python3.10/dist-packages/my_msgs/srv/_add_three_nums.py
[1.178s] -- Up-to-date symlink: /home/aniketh05/my_ros2_ws/install/my_msgs/local/lib/python3.10/dist-packages/my_msgs/srv/_add_three_nums_s.c
[1.178s] -- Up-to-date symlink: /home/aniketh05/my_ros2_ws/install/my_msgs/local/lib/python3.10/dist-packages/my_msgs/my_msgs_s__rosidl_typesupport_fastrtps_c.cpython-310-x86_64-linux-gnu.so
[1.178s] -- Up-to-date symlink: /home/aniketh05/my_ros2_ws/install/my_msgs/local/lib/python3.10/dist-packages/my_msgs/my_msgs_s__rosidl_typesupport_introspection_c.cpython-310-x86_64-linux-gnu.so
[1.178s] -- Up-to-date symlink: /home/aniketh05/my_ros2_ws/install/my_msgs/local/lib/python3.10/dist-packages/my_msgs/my_msgs_s__rosidl_typesupport_c.cpython-310-x86_64-linux-gnu.so
[1.178s] -- Up-to-date symlink: /home/aniketh05/my_ros2_ws/install/my_msgs/share/my_msgs/msg/MyMsg.idl
[1.178s] -- Up-to-date symlink: /home/aniketh05/my_ros2_ws/install/my_msgs/share/my_msgs/msg/Sphere.idl
[1.178s] -- Up-to-date symlink: /home/aniketh05/my_ros2_ws/install/my_msgs/share/my_msgs/srv/AddThreeNums.idl
[1.179s] -- Up-to-date symlink: /home/aniketh05/my_ros2_ws/install/my_msgs/share/my_msgs/msg/MyMsg.msg
[1.179s] -- Up-to-date symlink: /home/aniketh05/my_ros2_ws/install/my_msgs/share/my_msgs/msg/Sphere.msg
[1.179s] -- Up-to-date symlink: /home/aniketh05/my_ros2_ws/install/my_msgs/share/my_msgs/srv/AddThreeNums.srv
[1.179s] -- Up-to-date symlink: /home/aniketh05/my_ros2_ws/install/my_msgs/share/my_msgs/srv/AddThreeNums_Request.msg
[1.179s] -- Up-to-date symlink: /home/aniketh05/my_ros2_ws/install/my_msgs/share/my_msgs/srv/AddThreeNums_Response.msg
[1.179s] -- Up-to-date symlink: /home/aniketh05/my_ros2_ws/install/my_msgs/share/ament_index/resource_index/package_run_dependencies/my_msgs
[1.179s] -- Up-to-date symlink: /home/aniketh05/my_ros2_ws/install/my_msgs/share/ament_index/resource_index/parent_prefix_path/my_msgs
[1.179s] -- Up-to-date symlink: /home/aniketh05/my_ros2_ws/install/my_msgs/share/my_msgs/environment/ament_prefix_path.sh
[1.179s] -- Up-to-date symlink: /home/aniketh05/my_ros2_ws/install/my_msgs/share/my_msgs/environment/ament_prefix_path.dsv
[1.179s] -- Up-to-date symlink: /home/aniketh05/my_ros2_ws/install/my_msgs/share/my_msgs/environment/path.sh
[1.179s] -- Up-to-date symlink: /home/aniketh05/my_ros2_ws/install/my_msgs/share/my_msgs/environment/path.dsv
[1.179s] -- Up-to-date symlink: /home/aniketh05/my_ros2_ws/install/my_msgs/share/my_msgs/local_setup.bash
[1.179s] -- Up-to-date symlink: /home/aniketh05/my_ros2_ws/install/my_msgs/share/my_msgs/local_setup.sh
[1.179s] -- Up-to-date symlink: /home/aniketh05/my_ros2_ws/install/my_msgs/share/my_msgs/local_setup.zsh
[1.179s] -- Up-to-date symlink: /home/aniketh05/my_ros2_ws/install/my_msgs/share/my_msgs/local_setup.dsv
[1.179s] -- Symlinking: /home/aniketh05/my_ros2_ws/install/my_msgs/share/my_msgs/package.dsv
[1.194s] -- Up-to-date symlink: /home/aniketh05/my_ros2_ws/install/my_msgs/share/ament_index/resource_index/packages/my_msgs
[1.194s] -- Up-to-date symlink: /home/aniketh05/my_ros2_ws/install/my_msgs/share/my_msgs/cmake/rosidl_cmake-extras.cmake
[1.195s] -- Up-to-date symlink: /home/aniketh05/my_ros2_ws/install/my_msgs/share/my_msgs/cmake/ament_cmake_export_dependencies-extras.cmake
[1.195s] -- Up-to-date symlink: /home/aniketh05/my_ros2_ws/install/my_msgs/share/my_msgs/cmake/ament_cmake_export_include_directories-extras.cmake
[1.195s] -- Up-to-date symlink: /home/aniketh05/my_ros2_ws/install/my_msgs/share/my_msgs/cmake/ament_cmake_export_libraries-extras.cmake
[1.195s] -- Up-to-date symlink: /home/aniketh05/my_ros2_ws/install/my_msgs/share/my_msgs/cmake/ament_cmake_export_targets-extras.cmake
[1.195s] -- Up-to-date symlink: /home/aniketh05/my_ros2_ws/install/my_msgs/share/my_msgs/cmake/rosidl_cmake_export_typesupport_targets-extras.cmake
[1.196s] -- Up-to-date symlink: /home/aniketh05/my_ros2_ws/install/my_msgs/share/my_msgs/cmake/rosidl_cmake_export_typesupport_libraries-extras.cmake
[1.196s] -- Up-to-date symlink: /home/aniketh05/my_ros2_ws/install/my_msgs/share/my_msgs/cmake/my_msgsConfig.cmake
[1.196s] -- Up-to-date symlink: /home/aniketh05/my_ros2_ws/install/my_msgs/share/my_msgs/cmake/my_msgsConfig-version.cmake
[1.196s] -- Up-to-date symlink: /home/aniketh05/my_ros2_ws/install/my_msgs/share/my_msgs/package.xml
[1.196s] -- Up-to-date: /home/aniketh05/my_ros2_ws/install/my_msgs/lib/libmy_msgs__rosidl_generator_c.so
[1.197s] -- Up-to-date: /home/aniketh05/my_ros2_ws/install/my_msgs/lib/libmy_msgs__rosidl_typesupport_fastrtps_c.so
[1.197s] -- Up-to-date: /home/aniketh05/my_ros2_ws/install/my_msgs/lib/libmy_msgs__rosidl_typesupport_fastrtps_cpp.so
[1.197s] -- Up-to-date: /home/aniketh05/my_ros2_ws/install/my_msgs/lib/libmy_msgs__rosidl_typesupport_introspection_c.so
[1.197s] -- Up-to-date: /home/aniketh05/my_ros2_ws/install/my_msgs/lib/libmy_msgs__rosidl_typesupport_c.so
[1.198s] -- Up-to-date: /home/aniketh05/my_ros2_ws/install/my_msgs/lib/libmy_msgs__rosidl_typesupport_introspection_cpp.so
[1.198s] -- Up-to-date: /home/aniketh05/my_ros2_ws/install/my_msgs/lib/libmy_msgs__rosidl_typesupport_cpp.so
[1.266s] Listing '/home/aniketh05/my_ros2_ws/install/my_msgs/local/lib/python3.10/dist-packages/my_msgs'...
[1.266s] Listing '/home/aniketh05/my_ros2_ws/install/my_msgs/local/lib/python3.10/dist-packages/my_msgs/msg'...
[1.266s] Listing '/home/aniketh05/my_ros2_ws/install/my_msgs/local/lib/python3.10/dist-packages/my_msgs/srv'...
[1.274s] -- Up-to-date: /home/aniketh05/my_ros2_ws/install/my_msgs/lib/libmy_msgs__rosidl_generator_py.so
[1.275s] -- Up-to-date: /home/aniketh05/my_ros2_ws/install/my_msgs/share/my_msgs/cmake/export_my_msgs__rosidl_generator_cExport.cmake
[1.275s] -- Up-to-date: /home/aniketh05/my_ros2_ws/install/my_msgs/share/my_msgs/cmake/export_my_msgs__rosidl_generator_cExport-noconfig.cmake
[1.276s] -- Up-to-date: /home/aniketh05/my_ros2_ws/install/my_msgs/share/my_msgs/cmake/export_my_msgs__rosidl_typesupport_fastrtps_cExport.cmake
[1.276s] -- Up-to-date: /home/aniketh05/my_ros2_ws/install/my_msgs/share/my_msgs/cmake/export_my_msgs__rosidl_typesupport_fastrtps_cExport-noconfig.cmake
[1.276s] -- Up-to-date: /home/aniketh05/my_ros2_ws/install/my_msgs/share/my_msgs/cmake/export_my_msgs__rosidl_generator_cppExport.cmake
[1.277s] -- Up-to-date: /home/aniketh05/my_ros2_ws/install/my_msgs/share/my_msgs/cmake/export_my_msgs__rosidl_typesupport_fastrtps_cppExport.cmake
[1.277s] -- Up-to-date: /home/aniketh05/my_ros2_ws/install/my_msgs/share/my_msgs/cmake/export_my_msgs__rosidl_typesupport_fastrtps_cppExport-noconfig.cmake
[1.277s] -- Up-to-date: /home/aniketh05/my_ros2_ws/install/my_msgs/share/my_msgs/cmake/my_msgs__rosidl_typesupport_introspection_cExport.cmake
[1.277s] -- Up-to-date: /home/aniketh05/my_ros2_ws/install/my_msgs/share/my_msgs/cmake/my_msgs__rosidl_typesupport_introspection_cExport-noconfig.cmake
[1.277s] -- Up-to-date: /home/aniketh05/my_ros2_ws/install/my_msgs/share/my_msgs/cmake/my_msgs__rosidl_typesupport_cExport.cmake
[1.277s] -- Up-to-date: /home/aniketh05/my_ros2_ws/install/my_msgs/share/my_msgs/cmake/my_msgs__rosidl_typesupport_cExport-noconfig.cmake
[1.277s] -- Up-to-date: /home/aniketh05/my_ros2_ws/install/my_msgs/share/my_msgs/cmake/my_msgs__rosidl_typesupport_introspection_cppExport.cmake
[1.277s] -- Up-to-date: /home/aniketh05/my_ros2_ws/install/my_msgs/share/my_msgs/cmake/my_msgs__rosidl_typesupport_introspection_cppExport-noconfig.cmake
[1.278s] -- Up-to-date: /home/aniketh05/my_ros2_ws/install/my_msgs/share/my_msgs/cmake/my_msgs__rosidl_typesupport_cppExport.cmake
[1.278s] -- Up-to-date: /home/aniketh05/my_ros2_ws/install/my_msgs/share/my_msgs/cmake/my_msgs__rosidl_typesupport_cppExport-noconfig.cmake
[1.278s] -- Up-to-date: /home/aniketh05/my_ros2_ws/install/my_msgs/share/my_msgs/cmake/export_my_msgs__rosidl_generator_pyExport.cmake
[1.278s] -- Up-to-date: /home/aniketh05/my_ros2_ws/install/my_msgs/share/my_msgs/cmake/export_my_msgs__rosidl_generator_pyExport-noconfig.cmake
[1.281s] Invoked command in '/home/aniketh05/my_ros2_ws/build/my_msgs' returned '0': CMAKE_PREFIX_PATH=${CMAKE_PREFIX_PATH}:/home/aniketh05/my_ros2_ws/install/turtle_control:/home/aniketh05/my_ros2_ws/install/my_pkg_prac:/home/aniketh05/my_ros2_ws/install/my_pkg_01:/opt/ros/humble /usr/bin/cmake --install /home/aniketh05/my_ros2_ws/build/my_msgs
