[0.086s] Invoking command in '/home/aniketh05/my_ros2_ws/src/build/my_ddrobot': CMAKE_PREFIX_PATH=${CMAKE_PREFIX_PATH}:/home/aniketh05/my_ros2_ws/install/turtle_control:/home/aniketh05/my_ros2_ws/install/my_services:/home/aniketh05/my_ros2_ws/install/my_pkg_prac:/home/aniketh05/my_ros2_ws/install/my_pkg_01:/opt/ros/humble /usr/bin/cmake /home/aniketh05/my_ros2_ws/src/my_dd_robot -DCMAKE_INSTALL_PREFIX=/home/aniketh05/my_ros2_ws/src/install/my_ddrobot
[1.690s] -- The C compiler identification is GNU 11.4.0
[1.692s] -- The CXX compiler identification is GNU 11.4.0
[1.692s] -- Detecting C compiler ABI info
[1.762s] -- Detecting C compiler ABI info - done
[1.776s] -- Check for working C compiler: /usr/bin/cc - skipped
[1.776s] -- Detecting C compile features
[1.777s] -- Detecting C compile features - done
[1.783s] -- Detecting CXX compiler ABI info
[2.103s] -- Detecting CXX compiler ABI info - done
[2.137s] -- Check for working CXX compiler: /usr/bin/c++ - skipped
[2.137s] -- Detecting CXX compile features
[2.138s] -- Detecting CXX compile features - done
[2.143s] -- Found ament_cmake: 1.3.11 (/opt/ros/humble/share/ament_cmake/cmake)
[2.552s] -- Found Python3: /usr/bin/python3 (found version "3.10.12") found components: Interpreter 
[2.794s] -- Found ament_lint_auto: 0.12.12 (/opt/ros/humble/share/ament_lint_auto/cmake)
[3.212s] -- Added test 'flake8' to check Python code syntax and style conventions
[3.215s] -- Added test 'lint_cmake' to check CMake code style
[3.217s] -- Added test 'pep257' to check Python code against some of the docstring style conventions in PEP 257
[3.220s] -- Added test 'xmllint' to check XML markup files
[3.227s] -- Configuring done
[3.243s] -- Generating done
[3.254s] -- Build files have been written to: /home/aniketh05/my_ros2_ws/src/build/my_ddrobot
[3.268s] Invoked command in '/home/aniketh05/my_ros2_ws/src/build/my_ddrobot' returned '0': CMAKE_PREFIX_PATH=${CMAKE_PREFIX_PATH}:/home/aniketh05/my_ros2_ws/install/turtle_control:/home/aniketh05/my_ros2_ws/install/my_services:/home/aniketh05/my_ros2_ws/install/my_pkg_prac:/home/aniketh05/my_ros2_ws/install/my_pkg_01:/opt/ros/humble /usr/bin/cmake /home/aniketh05/my_ros2_ws/src/my_dd_robot -DCMAKE_INSTALL_PREFIX=/home/aniketh05/my_ros2_ws/src/install/my_ddrobot
[3.269s] Invoking command in '/home/aniketh05/my_ros2_ws/src/build/my_ddrobot': CMAKE_PREFIX_PATH=${CMAKE_PREFIX_PATH}:/home/aniketh05/my_ros2_ws/install/turtle_control:/home/aniketh05/my_ros2_ws/install/my_services:/home/aniketh05/my_ros2_ws/install/my_pkg_prac:/home/aniketh05/my_ros2_ws/install/my_pkg_01:/opt/ros/humble /usr/bin/cmake --build /home/aniketh05/my_ros2_ws/src/build/my_ddrobot -- -j12 -l12
[3.361s] Invoked command in '/home/aniketh05/my_ros2_ws/src/build/my_ddrobot' returned '0': CMAKE_PREFIX_PATH=${CMAKE_PREFIX_PATH}:/home/aniketh05/my_ros2_ws/install/turtle_control:/home/aniketh05/my_ros2_ws/install/my_services:/home/aniketh05/my_ros2_ws/install/my_pkg_prac:/home/aniketh05/my_ros2_ws/install/my_pkg_01:/opt/ros/humble /usr/bin/cmake --build /home/aniketh05/my_ros2_ws/src/build/my_ddrobot -- -j12 -l12
[3.383s] Invoking command in '/home/aniketh05/my_ros2_ws/src/build/my_ddrobot': CMAKE_PREFIX_PATH=${CMAKE_PREFIX_PATH}:/home/aniketh05/my_ros2_ws/install/turtle_control:/home/aniketh05/my_ros2_ws/install/my_services:/home/aniketh05/my_ros2_ws/install/my_pkg_prac:/home/aniketh05/my_ros2_ws/install/my_pkg_01:/opt/ros/humble /usr/bin/cmake --install /home/aniketh05/my_ros2_ws/src/build/my_ddrobot
[3.397s] -- Install configuration: ""
[3.398s] -- Installing: /home/aniketh05/my_ros2_ws/src/install/my_ddrobot/share/my_ddrobot/launch
[3.399s] -- Installing: /home/aniketh05/my_ros2_ws/src/install/my_ddrobot/share/my_ddrobot/launch/dd_robot.launch.py
[3.399s] -- Installing: /home/aniketh05/my_ros2_ws/src/install/my_ddrobot/share/my_ddrobot/model
[3.400s] -- Installing: /home/aniketh05/my_ros2_ws/src/install/my_ddrobot/share/my_ddrobot/model/my_dd_robot_model.xacro
[3.400s] -- Installing: /home/aniketh05/my_ros2_ws/src/install/my_ddrobot/share/my_ddrobot/model/my_robot.urdf
[3.401s] -- Installing: /home/aniketh05/my_ros2_ws/src/install/my_ddrobot/share/my_ddrobot/model/my_dd_robot.gazebo
[3.403s] -- Installing: /home/aniketh05/my_ros2_ws/src/install/my_ddrobot/share/ament_index/resource_index/package_run_dependencies/my_ddrobot
[3.403s] -- Installing: /home/aniketh05/my_ros2_ws/src/install/my_ddrobot/share/ament_index/resource_index/parent_prefix_path/my_ddrobot
[3.408s] -- Installing: /home/aniketh05/my_ros2_ws/src/install/my_ddrobot/share/my_ddrobot/environment/ament_prefix_path.sh
[3.409s] -- Installing: /home/aniketh05/my_ros2_ws/src/install/my_ddrobot/share/my_ddrobot/environment/ament_prefix_path.dsv
[3.410s] -- Installing: /home/aniketh05/my_ros2_ws/src/install/my_ddrobot/share/my_ddrobot/environment/path.sh
[3.410s] -- Installing: /home/aniketh05/my_ros2_ws/src/install/my_ddrobot/share/my_ddrobot/environment/path.dsv
[3.410s] -- Installing: /home/aniketh05/my_ros2_ws/src/install/my_ddrobot/share/my_ddrobot/local_setup.bash
[3.410s] -- Installing: /home/aniketh05/my_ros2_ws/src/install/my_ddrobot/share/my_ddrobot/local_setup.sh
[3.410s] -- Installing: /home/aniketh05/my_ros2_ws/src/install/my_ddrobot/share/my_ddrobot/local_setup.zsh
[3.411s] -- Installing: /home/aniketh05/my_ros2_ws/src/install/my_ddrobot/share/my_ddrobot/local_setup.dsv
[3.411s] -- Installing: /home/aniketh05/my_ros2_ws/src/install/my_ddrobot/share/my_ddrobot/package.dsv
[3.411s] -- Installing: /home/aniketh05/my_ros2_ws/src/install/my_ddrobot/share/ament_index/resource_index/packages/my_ddrobot
[3.411s] -- Installing: /home/aniketh05/my_ros2_ws/src/install/my_ddrobot/share/my_ddrobot/cmake/my_ddrobotConfig.cmake
[3.412s] -- Installing: /home/aniketh05/my_ros2_ws/src/install/my_ddrobot/share/my_ddrobot/cmake/my_ddrobotConfig-version.cmake
[3.412s] -- Installing: /home/aniketh05/my_ros2_ws/src/install/my_ddrobot/share/my_ddrobot/package.xml
[3.415s] Invoked command in '/home/aniketh05/my_ros2_ws/src/build/my_ddrobot' returned '0': CMAKE_PREFIX_PATH=${CMAKE_PREFIX_PATH}:/home/aniketh05/my_ros2_ws/install/turtle_control:/home/aniketh05/my_ros2_ws/install/my_services:/home/aniketh05/my_ros2_ws/install/my_pkg_prac:/home/aniketh05/my_ros2_ws/install/my_pkg_01:/opt/ros/humble /usr/bin/cmake --install /home/aniketh05/my_ros2_ws/src/build/my_ddrobot
