[0.905s] Invoking command in '/home/aniketh05/my_ros2_ws/src/turtle_control': PYTHONPATH=/home/aniketh05/my_ros2_ws/build/turtle_control/prefix_override:/usr/lib/python3/dist-packages/colcon_core/task/python/colcon_distutils_commands:/home/aniketh05/my_ros2_ws/install/turtle_control/lib/python3.10/site-packages:${PYTHONPATH} /usr/bin/python3 -W ignore:setup.py install is deprecated -W ignore:easy_install command is deprecated setup.py egg_info --egg-base ../../build/turtle_control build --build-base /home/aniketh05/my_ros2_ws/build/turtle_control/build install --record /home/aniketh05/my_ros2_ws/build/turtle_control/install.log --single-version-externally-managed install_data
[1.091s] running egg_info
[1.091s] writing ../../build/turtle_control/turtle_control.egg-info/PKG-INFO
[1.092s] writing dependency_links to ../../build/turtle_control/turtle_control.egg-info/dependency_links.txt
[1.092s] writing entry points to ../../build/turtle_control/turtle_control.egg-info/entry_points.txt
[1.092s] writing requirements to ../../build/turtle_control/turtle_control.egg-info/requires.txt
[1.092s] writing top-level names to ../../build/turtle_control/turtle_control.egg-info/top_level.txt
[1.093s] reading manifest file '../../build/turtle_control/turtle_control.egg-info/SOURCES.txt'
[1.094s] writing manifest file '../../build/turtle_control/turtle_control.egg-info/SOURCES.txt'
[1.094s] running build
[1.094s] running build_py
[1.094s] running install
[1.096s] running install_lib
[1.096s] running install_data
[1.096s] running install_egg_info
[1.098s] removing '/home/aniketh05/my_ros2_ws/install/turtle_control/lib/python3.10/site-packages/turtle_control-0.0.0-py3.10.egg-info' (and everything under it)
[1.098s] Copying ../../build/turtle_control/turtle_control.egg-info to /home/aniketh05/my_ros2_ws/install/turtle_control/lib/python3.10/site-packages/turtle_control-0.0.0-py3.10.egg-info
[1.099s] running install_scripts
[1.115s] Installing pub_sub script to /home/aniketh05/my_ros2_ws/install/turtle_control/lib/turtle_control
[1.115s] Installing turtle_publisher script to /home/aniketh05/my_ros2_ws/install/turtle_control/lib/turtle_control
[1.115s] Installing turtle_subscriber script to /home/aniketh05/my_ros2_ws/install/turtle_control/lib/turtle_control
[1.116s] writing list of installed files to '/home/aniketh05/my_ros2_ws/build/turtle_control/install.log'
[1.136s] Invoked command in '/home/aniketh05/my_ros2_ws/src/turtle_control' returned '0': PYTHONPATH=/home/aniketh05/my_ros2_ws/build/turtle_control/prefix_override:/usr/lib/python3/dist-packages/colcon_core/task/python/colcon_distutils_commands:/home/aniketh05/my_ros2_ws/install/turtle_control/lib/python3.10/site-packages:${PYTHONPATH} /usr/bin/python3 -W ignore:setup.py install is deprecated -W ignore:easy_install command is deprecated setup.py egg_info --egg-base ../../build/turtle_control build --build-base /home/aniketh05/my_ros2_ws/build/turtle_control/build install --record /home/aniketh05/my_ros2_ws/build/turtle_control/install.log --single-version-externally-managed install_data
