/home/aniketh05/my_ros2_ws/install/my_pkg_01/lib/python3.10/site-packages/my_pkg_01/my_first_node.py
/home/aniketh05/my_ros2_ws/install/my_pkg_01/lib/python3.10/site-packages/my_pkg_01/pose_color_change.py
/home/aniketh05/my_ros2_ws/install/my_pkg_01/lib/python3.10/site-packages/my_pkg_01/practice_node.py
/home/aniketh05/my_ros2_ws/install/my_pkg_01/lib/python3.10/site-packages/my_pkg_01/__init__.py
/home/aniketh05/my_ros2_ws/install/my_pkg_01/lib/python3.10/site-packages/my_pkg_01/pub_node.py
/home/aniketh05/my_ros2_ws/install/my_pkg_01/lib/python3.10/site-packages/my_pkg_01/my_pub_node.py
/home/aniketh05/my_ros2_ws/install/my_pkg_01/lib/python3.10/site-packages/my_pkg_01/set_pen_client.py
/home/aniketh05/my_ros2_ws/install/my_pkg_01/lib/python3.10/site-packages/my_pkg_01/__pycache__/my_first_node.cpython-310.pyc
/home/aniketh05/my_ros2_ws/install/my_pkg_01/lib/python3.10/site-packages/my_pkg_01/__pycache__/pose_color_change.cpython-310.pyc
/home/aniketh05/my_ros2_ws/install/my_pkg_01/lib/python3.10/site-packages/my_pkg_01/__pycache__/practice_node.cpython-310.pyc
/home/aniketh05/my_ros2_ws/install/my_pkg_01/lib/python3.10/site-packages/my_pkg_01/__pycache__/__init__.cpython-310.pyc
/home/aniketh05/my_ros2_ws/install/my_pkg_01/lib/python3.10/site-packages/my_pkg_01/__pycache__/pub_node.cpython-310.pyc
/home/aniketh05/my_ros2_ws/install/my_pkg_01/lib/python3.10/site-packages/my_pkg_01/__pycache__/my_pub_node.cpython-310.pyc
/home/aniketh05/my_ros2_ws/install/my_pkg_01/lib/python3.10/site-packages/my_pkg_01/__pycache__/set_pen_client.cpython-310.pyc
/home/aniketh05/my_ros2_ws/install/my_pkg_01/share/ament_index/resource_index/packages/my_pkg_01
/home/aniketh05/my_ros2_ws/install/my_pkg_01/share/my_pkg_01/package.xml
/home/aniketh05/my_ros2_ws/install/my_pkg_01/lib/python3.10/site-packages/my_pkg_01-0.0.0-py3.10.egg-info/SOURCES.txt
/home/aniketh05/my_ros2_ws/install/my_pkg_01/lib/python3.10/site-packages/my_pkg_01-0.0.0-py3.10.egg-info/requires.txt
/home/aniketh05/my_ros2_ws/install/my_pkg_01/lib/python3.10/site-packages/my_pkg_01-0.0.0-py3.10.egg-info/top_level.txt
/home/aniketh05/my_ros2_ws/install/my_pkg_01/lib/python3.10/site-packages/my_pkg_01-0.0.0-py3.10.egg-info/entry_points.txt
/home/aniketh05/my_ros2_ws/install/my_pkg_01/lib/python3.10/site-packages/my_pkg_01-0.0.0-py3.10.egg-info/PKG-INFO
/home/aniketh05/my_ros2_ws/install/my_pkg_01/lib/python3.10/site-packages/my_pkg_01-0.0.0-py3.10.egg-info/zip-safe
/home/aniketh05/my_ros2_ws/install/my_pkg_01/lib/python3.10/site-packages/my_pkg_01-0.0.0-py3.10.egg-info/dependency_links.txt
/home/aniketh05/my_ros2_ws/install/my_pkg_01/lib/my_pkg_01/my_first_node
/home/aniketh05/my_ros2_ws/install/my_pkg_01/lib/my_pkg_01/pose_color_change
/home/aniketh05/my_ros2_ws/install/my_pkg_01/lib/my_pkg_01/set_pen_client
