[0.031s] Invoking command in '/home/aniketh05/my_ros2_ws/build/my_msgs': CMAKE_PREFIX_PATH=${CMAKE_PREFIX_PATH}:/home/aniketh05/my_ros2_ws/install/my_pkg_prac:/home/aniketh05/my_ros2_ws/install/turtle_control:/home/aniketh05/my_ros2_ws/install/my_pkg_srv:/home/aniketh05/my_ros2_ws/install/my_pkg_01:/opt/ros/humble /usr/bin/cmake --build /home/aniketh05/my_ros2_ws/build/my_msgs -- -j12 -l12
[0.560s] [  2%] Built target my_msgs__cpp
[0.561s] [ 12%] Built target my_msgs__rosidl_generator_c
[0.561s] [ 12%] Built target ament_cmake_python_symlink_my_msgs
[0.561s] [ 23%] Built target my_msgs__rosidl_typesupport_cpp
[0.561s] [ 34%] Built target my_msgs__rosidl_typesupport_fastrtps_cpp
[0.561s] [ 44%] Built target my_msgs__rosidl_typesupport_fastrtps_c
[0.562s] [ 55%] Built target my_msgs__rosidl_typesupport_introspection_c
[0.562s] [ 65%] Built target my_msgs__rosidl_typesupport_introspection_cpp
[0.562s] [ 76%] Built target my_msgs__rosidl_typesupport_c
[0.562s] [ 76%] Built target my_msgs
[0.562s] [ 78%] Built target my_msgs__py
[0.562s] [ 87%] Built target my_msgs__rosidl_generator_py
[0.562s] [ 91%] Built target my_msgs__rosidl_typesupport_introspection_c__pyext
[0.562s] [ 95%] Built target my_msgs__rosidl_typesupport_fastrtps_c__pyext
[0.562s] [100%] Built target my_msgs__rosidl_typesupport_c__pyext
[0.563s] running egg_info
[0.563s] writing my_msgs.egg-info/PKG-INFO
[0.563s] writing dependency_links to my_msgs.egg-info/dependency_links.txt
[0.564s] writing top-level names to my_msgs.egg-info/top_level.txt
[0.564s] reading manifest file 'my_msgs.egg-info/SOURCES.txt'
[0.564s] writing manifest file 'my_msgs.egg-info/SOURCES.txt'
[0.564s] [100%] Built target ament_cmake_python_build_my_msgs_egg
[0.767s] Invoked command in '/home/aniketh05/my_ros2_ws/build/my_msgs' returned '0': CMAKE_PREFIX_PATH=${CMAKE_PREFIX_PATH}:/home/aniketh05/my_ros2_ws/install/my_pkg_prac:/home/aniketh05/my_ros2_ws/install/turtle_control:/home/aniketh05/my_ros2_ws/install/my_pkg_srv:/home/aniketh05/my_ros2_ws/install/my_pkg_01:/opt/ros/humble /usr/bin/cmake --build /home/aniketh05/my_ros2_ws/build/my_msgs -- -j12 -l12
[0.772s] Invoking command in '/home/aniketh05/my_ros2_ws/build/my_msgs': CMAKE_PREFIX_PATH=${CMAKE_PREFIX_PATH}:/home/aniketh05/my_ros2_ws/install/my_pkg_prac:/home/aniketh05/my_ros2_ws/install/turtle_control:/home/aniketh05/my_ros2_ws/install/my_pkg_srv:/home/aniketh05/my_ros2_ws/install/my_pkg_01:/opt/ros/humble /usr/bin/cmake --install /home/aniketh05/my_ros2_ws/build/my_msgs
[0.792s] -- Install configuration: ""
[0.792s] -- Execute custom install script
[0.792s] -- Up-to-date symlink: /home/aniketh05/my_ros2_ws/install/my_msgs/share/ament_index/resource_index/rosidl_interfaces/my_msgs
[0.792s] -- Up-to-date symlink: /home/aniketh05/my_ros2_ws/install/my_msgs/include/my_msgs/my_msgs/msg/detail/my_msg__functions.h
[0.793s] -- Up-to-date symlink: /home/aniketh05/my_ros2_ws/install/my_msgs/include/my_msgs/my_msgs/msg/detail/my_msg__struct.h
[0.793s] -- Up-to-date symlink: /home/aniketh05/my_ros2_ws/install/my_msgs/include/my_msgs/my_msgs/msg/detail/my_msg__type_support.h
[0.793s] -- Up-to-date symlink: /home/aniketh05/my_ros2_ws/install/my_msgs/include/my_msgs/my_msgs/msg/detail/sphere__functions.h
[0.793s] -- Up-to-date symlink: /home/aniketh05/my_ros2_ws/install/my_msgs/include/my_msgs/my_msgs/msg/detail/sphere__struct.h
[0.793s] -- Up-to-date symlink: /home/aniketh05/my_ros2_ws/install/my_msgs/include/my_msgs/my_msgs/msg/detail/sphere__type_support.h
[0.793s] -- Up-to-date symlink: /home/aniketh05/my_ros2_ws/install/my_msgs/include/my_msgs/my_msgs/msg/my_msg.h
[0.793s] -- Up-to-date symlink: /home/aniketh05/my_ros2_ws/install/my_msgs/include/my_msgs/my_msgs/msg/rosidl_generator_c__visibility_control.h
[0.793s] -- Up-to-date symlink: /home/aniketh05/my_ros2_ws/install/my_msgs/include/my_msgs/my_msgs/msg/sphere.h
[0.794s] -- Up-to-date symlink: /home/aniketh05/my_ros2_ws/install/my_msgs/include/my_msgs/my_msgs/srv/add_three_nums.h
[0.794s] -- Up-to-date symlink: /home/aniketh05/my_ros2_ws/install/my_msgs/include/my_msgs/my_msgs/srv/detail/add_three_nums__functions.h
[0.794s] -- Up-to-date symlink: /home/aniketh05/my_ros2_ws/install/my_msgs/include/my_msgs/my_msgs/srv/detail/add_three_nums__struct.h
[0.794s] -- Up-to-date symlink: /home/aniketh05/my_ros2_ws/install/my_msgs/include/my_msgs/my_msgs/srv/detail/add_three_nums__type_support.h
[0.794s] -- Up-to-date symlink: /home/aniketh05/my_ros2_ws/install/my_msgs/share/my_msgs/environment/library_path.sh
[0.794s] -- Up-to-date symlink: /home/aniketh05/my_ros2_ws/install/my_msgs/share/my_msgs/environment/library_path.dsv
[0.794s] -- Up-to-date symlink: /home/aniketh05/my_ros2_ws/install/my_msgs/include/my_msgs/my_msgs/msg/detail/my_msg__rosidl_typesupport_fastrtps_c.h
[0.794s] -- Up-to-date symlink: /home/aniketh05/my_ros2_ws/install/my_msgs/include/my_msgs/my_msgs/msg/detail/sphere__rosidl_typesupport_fastrtps_c.h
[0.794s] -- Up-to-date symlink: /home/aniketh05/my_ros2_ws/install/my_msgs/include/my_msgs/my_msgs/msg/rosidl_typesupport_fastrtps_c__visibility_control.h
[0.794s] -- Up-to-date symlink: /home/aniketh05/my_ros2_ws/install/my_msgs/include/my_msgs/my_msgs/srv/detail/add_three_nums__rosidl_typesupport_fastrtps_c.h
[0.794s] -- Up-to-date symlink: /home/aniketh05/my_ros2_ws/install/my_msgs/include/my_msgs/my_msgs/msg/detail/my_msg__builder.hpp
[0.794s] -- Up-to-date symlink: /home/aniketh05/my_ros2_ws/install/my_msgs/include/my_msgs/my_msgs/msg/detail/my_msg__struct.hpp
[0.794s] -- Up-to-date symlink: /home/aniketh05/my_ros2_ws/install/my_msgs/include/my_msgs/my_msgs/msg/detail/my_msg__traits.hpp
[0.794s] -- Up-to-date symlink: /home/aniketh05/my_ros2_ws/install/my_msgs/include/my_msgs/my_msgs/msg/detail/my_msg__type_support.hpp
[0.794s] -- Up-to-date symlink: /home/aniketh05/my_ros2_ws/install/my_msgs/include/my_msgs/my_msgs/msg/detail/sphere__builder.hpp
[0.794s] -- Up-to-date symlink: /home/aniketh05/my_ros2_ws/install/my_msgs/include/my_msgs/my_msgs/msg/detail/sphere__struct.hpp
[0.794s] -- Up-to-date symlink: /home/aniketh05/my_ros2_ws/install/my_msgs/include/my_msgs/my_msgs/msg/detail/sphere__traits.hpp
[0.794s] -- Up-to-date symlink: /home/aniketh05/my_ros2_ws/install/my_msgs/include/my_msgs/my_msgs/msg/detail/sphere__type_support.hpp
[0.794s] -- Up-to-date symlink: /home/aniketh05/my_ros2_ws/install/my_msgs/include/my_msgs/my_msgs/msg/my_msg.hpp
[0.794s] -- Up-to-date symlink: /home/aniketh05/my_ros2_ws/install/my_msgs/include/my_msgs/my_msgs/msg/rosidl_generator_cpp__visibility_control.hpp
[0.795s] -- Up-to-date symlink: /home/aniketh05/my_ros2_ws/install/my_msgs/include/my_msgs/my_msgs/msg/sphere.hpp
[0.795s] -- Up-to-date symlink: /home/aniketh05/my_ros2_ws/install/my_msgs/include/my_msgs/my_msgs/srv/add_three_nums.hpp
[0.795s] -- Up-to-date symlink: /home/aniketh05/my_ros2_ws/install/my_msgs/include/my_msgs/my_msgs/srv/detail/add_three_nums__builder.hpp
[0.795s] -- Up-to-date symlink: /home/aniketh05/my_ros2_ws/install/my_msgs/include/my_msgs/my_msgs/srv/detail/add_three_nums__struct.hpp
[0.795s] -- Up-to-date symlink: /home/aniketh05/my_ros2_ws/install/my_msgs/include/my_msgs/my_msgs/srv/detail/add_three_nums__traits.hpp
[0.795s] -- Up-to-date symlink: /home/aniketh05/my_ros2_ws/install/my_msgs/include/my_msgs/my_msgs/srv/detail/add_three_nums__type_support.hpp
[0.795s] -- Up-to-date symlink: /home/aniketh05/my_ros2_ws/install/my_msgs/include/my_msgs/my_msgs/msg/detail/my_msg__rosidl_typesupport_fastrtps_cpp.hpp
[0.795s] -- Up-to-date symlink: /home/aniketh05/my_ros2_ws/install/my_msgs/include/my_msgs/my_msgs/msg/detail/sphere__rosidl_typesupport_fastrtps_cpp.hpp
[0.795s] -- Up-to-date symlink: /home/aniketh05/my_ros2_ws/install/my_msgs/include/my_msgs/my_msgs/msg/rosidl_typesupport_fastrtps_cpp__visibility_control.h
[0.795s] -- Up-to-date symlink: /home/aniketh05/my_ros2_ws/install/my_msgs/include/my_msgs/my_msgs/srv/detail/add_three_nums__rosidl_typesupport_fastrtps_cpp.hpp
[0.795s] -- Up-to-date symlink: /home/aniketh05/my_ros2_ws/install/my_msgs/include/my_msgs/my_msgs/msg/detail/my_msg__rosidl_typesupport_introspection_c.h
[0.795s] -- Up-to-date symlink: /home/aniketh05/my_ros2_ws/install/my_msgs/include/my_msgs/my_msgs/msg/detail/sphere__rosidl_typesupport_introspection_c.h
[0.795s] -- Up-to-date symlink: /home/aniketh05/my_ros2_ws/install/my_msgs/include/my_msgs/my_msgs/msg/rosidl_typesupport_introspection_c__visibility_control.h
[0.795s] -- Up-to-date symlink: /home/aniketh05/my_ros2_ws/install/my_msgs/include/my_msgs/my_msgs/srv/detail/add_three_nums__rosidl_typesupport_introspection_c.h
[0.795s] -- Up-to-date symlink: /home/aniketh05/my_ros2_ws/install/my_msgs/include/my_msgs/my_msgs/msg/detail/my_msg__rosidl_typesupport_introspection_cpp.hpp
[0.796s] -- Up-to-date symlink: /home/aniketh05/my_ros2_ws/install/my_msgs/include/my_msgs/my_msgs/msg/detail/sphere__rosidl_typesupport_introspection_cpp.hpp
[0.796s] -- Up-to-date symlink: /home/aniketh05/my_ros2_ws/install/my_msgs/include/my_msgs/my_msgs/srv/detail/add_three_nums__rosidl_typesupport_introspection_cpp.hpp
[0.796s] -- Up-to-date symlink: /home/aniketh05/my_ros2_ws/install/my_msgs/share/my_msgs/environment/pythonpath.sh
[0.796s] -- Up-to-date symlink: /home/aniketh05/my_ros2_ws/install/my_msgs/share/my_msgs/environment/pythonpath.dsv
[0.796s] -- Up-to-date symlink: /home/aniketh05/my_ros2_ws/install/my_msgs/local/lib/python3.10/dist-packages/my_msgs-0.0.0-py3.10.egg-info/PKG-INFO
[0.796s] -- Up-to-date symlink: /home/aniketh05/my_ros2_ws/install/my_msgs/local/lib/python3.10/dist-packages/my_msgs-0.0.0-py3.10.egg-info/SOURCES.txt
[0.796s] -- Up-to-date symlink: /home/aniketh05/my_ros2_ws/install/my_msgs/local/lib/python3.10/dist-packages/my_msgs-0.0.0-py3.10.egg-info/dependency_links.txt
[0.796s] -- Up-to-date symlink: /home/aniketh05/my_ros2_ws/install/my_msgs/local/lib/python3.10/dist-packages/my_msgs-0.0.0-py3.10.egg-info/top_level.txt
[0.796s] -- Up-to-date symlink: /home/aniketh05/my_ros2_ws/install/my_msgs/local/lib/python3.10/dist-packages/my_msgs/__init__.py
[0.796s] -- Up-to-date symlink: /home/aniketh05/my_ros2_ws/install/my_msgs/local/lib/python3.10/dist-packages/my_msgs/_my_msgs_s.ep.rosidl_typesupport_c.c
[0.796s] -- Up-to-date symlink: /home/aniketh05/my_ros2_ws/install/my_msgs/local/lib/python3.10/dist-packages/my_msgs/_my_msgs_s.ep.rosidl_typesupport_fastrtps_c.c
[0.796s] -- Up-to-date symlink: /home/aniketh05/my_ros2_ws/install/my_msgs/local/lib/python3.10/dist-packages/my_msgs/_my_msgs_s.ep.rosidl_typesupport_introspection_c.c
[0.796s] -- Up-to-date symlink: /home/aniketh05/my_ros2_ws/install/my_msgs/local/lib/python3.10/dist-packages/my_msgs/libmy_msgs__rosidl_generator_py.so
[0.796s] -- Up-to-date symlink: /home/aniketh05/my_ros2_ws/install/my_msgs/local/lib/python3.10/dist-packages/my_msgs/msg/__init__.py
[0.796s] -- Up-to-date symlink: /home/aniketh05/my_ros2_ws/install/my_msgs/local/lib/python3.10/dist-packages/my_msgs/msg/_my_msg.py
[0.796s] -- Up-to-date symlink: /home/aniketh05/my_ros2_ws/install/my_msgs/local/lib/python3.10/dist-packages/my_msgs/msg/_my_msg_s.c
[0.796s] -- Up-to-date symlink: /home/aniketh05/my_ros2_ws/install/my_msgs/local/lib/python3.10/dist-packages/my_msgs/msg/_sphere.py
[0.797s] -- Up-to-date symlink: /home/aniketh05/my_ros2_ws/install/my_msgs/local/lib/python3.10/dist-packages/my_msgs/msg/_sphere_s.c
[0.797s] -- Up-to-date symlink: /home/aniketh05/my_ros2_ws/install/my_msgs/local/lib/python3.10/dist-packages/my_msgs/my_msgs_s__rosidl_typesupport_c.cpython-310-x86_64-linux-gnu.so
[0.797s] -- Up-to-date symlink: /home/aniketh05/my_ros2_ws/install/my_msgs/local/lib/python3.10/dist-packages/my_msgs/my_msgs_s__rosidl_typesupport_fastrtps_c.cpython-310-x86_64-linux-gnu.so
[0.797s] -- Up-to-date symlink: /home/aniketh05/my_ros2_ws/install/my_msgs/local/lib/python3.10/dist-packages/my_msgs/my_msgs_s__rosidl_typesupport_introspection_c.cpython-310-x86_64-linux-gnu.so
[0.797s] -- Up-to-date symlink: /home/aniketh05/my_ros2_ws/install/my_msgs/local/lib/python3.10/dist-packages/my_msgs/srv/__init__.py
[0.797s] -- Up-to-date symlink: /home/aniketh05/my_ros2_ws/install/my_msgs/local/lib/python3.10/dist-packages/my_msgs/srv/_add_three_nums.py
[0.797s] -- Up-to-date symlink: /home/aniketh05/my_ros2_ws/install/my_msgs/local/lib/python3.10/dist-packages/my_msgs/srv/_add_three_nums_s.c
[0.797s] -- Up-to-date symlink: /home/aniketh05/my_ros2_ws/install/my_msgs/local/lib/python3.10/dist-packages/my_msgs/my_msgs_s__rosidl_typesupport_fastrtps_c.cpython-310-x86_64-linux-gnu.so
[0.797s] -- Up-to-date symlink: /home/aniketh05/my_ros2_ws/install/my_msgs/local/lib/python3.10/dist-packages/my_msgs/my_msgs_s__rosidl_typesupport_introspection_c.cpython-310-x86_64-linux-gnu.so
[0.797s] -- Up-to-date symlink: /home/aniketh05/my_ros2_ws/install/my_msgs/local/lib/python3.10/dist-packages/my_msgs/my_msgs_s__rosidl_typesupport_c.cpython-310-x86_64-linux-gnu.so
[0.797s] -- Up-to-date symlink: /home/aniketh05/my_ros2_ws/install/my_msgs/share/my_msgs/msg/MyMsg.idl
[0.797s] -- Up-to-date symlink: /home/aniketh05/my_ros2_ws/install/my_msgs/share/my_msgs/msg/Sphere.idl
[0.808s] -- Up-to-date symlink: /home/aniketh05/my_ros2_ws/install/my_msgs/share/my_msgs/srv/AddThreeNums.idl
[0.808s] -- Up-to-date symlink: /home/aniketh05/my_ros2_ws/install/my_msgs/share/my_msgs/msg/MyMsg.msg
[0.808s] -- Up-to-date symlink: /home/aniketh05/my_ros2_ws/install/my_msgs/share/my_msgs/msg/Sphere.msg
[0.808s] -- Up-to-date symlink: /home/aniketh05/my_ros2_ws/install/my_msgs/share/my_msgs/srv/AddThreeNums.srv
[0.808s] -- Up-to-date symlink: /home/aniketh05/my_ros2_ws/install/my_msgs/share/my_msgs/srv/AddThreeNums_Request.msg
[0.808s] -- Up-to-date symlink: /home/aniketh05/my_ros2_ws/install/my_msgs/share/my_msgs/srv/AddThreeNums_Response.msg
[0.808s] -- Up-to-date symlink: /home/aniketh05/my_ros2_ws/install/my_msgs/share/ament_index/resource_index/package_run_dependencies/my_msgs
[0.808s] -- Up-to-date symlink: /home/aniketh05/my_ros2_ws/install/my_msgs/share/ament_index/resource_index/parent_prefix_path/my_msgs
[0.808s] -- Up-to-date symlink: /home/aniketh05/my_ros2_ws/install/my_msgs/share/my_msgs/environment/ament_prefix_path.sh
[0.812s] -- Up-to-date symlink: /home/aniketh05/my_ros2_ws/install/my_msgs/share/my_msgs/environment/ament_prefix_path.dsv
[0.812s] -- Up-to-date symlink: /home/aniketh05/my_ros2_ws/install/my_msgs/share/my_msgs/environment/path.sh
[0.812s] -- Up-to-date symlink: /home/aniketh05/my_ros2_ws/install/my_msgs/share/my_msgs/environment/path.dsv
[0.812s] -- Up-to-date symlink: /home/aniketh05/my_ros2_ws/install/my_msgs/share/my_msgs/local_setup.bash
[0.812s] -- Up-to-date symlink: /home/aniketh05/my_ros2_ws/install/my_msgs/share/my_msgs/local_setup.sh
[0.812s] -- Up-to-date symlink: /home/aniketh05/my_ros2_ws/install/my_msgs/share/my_msgs/local_setup.zsh
[0.812s] -- Up-to-date symlink: /home/aniketh05/my_ros2_ws/install/my_msgs/share/my_msgs/local_setup.dsv
[0.812s] -- Symlinking: /home/aniketh05/my_ros2_ws/install/my_msgs/share/my_msgs/package.dsv
[0.826s] -- Up-to-date symlink: /home/aniketh05/my_ros2_ws/install/my_msgs/share/ament_index/resource_index/packages/my_msgs
[0.826s] -- Up-to-date symlink: /home/aniketh05/my_ros2_ws/install/my_msgs/share/my_msgs/cmake/rosidl_cmake-extras.cmake
[0.826s] -- Up-to-date symlink: /home/aniketh05/my_ros2_ws/install/my_msgs/share/my_msgs/cmake/ament_cmake_export_dependencies-extras.cmake
[0.827s] -- Up-to-date symlink: /home/aniketh05/my_ros2_ws/install/my_msgs/share/my_msgs/cmake/ament_cmake_export_include_directories-extras.cmake
[0.827s] -- Up-to-date symlink: /home/aniketh05/my_ros2_ws/install/my_msgs/share/my_msgs/cmake/ament_cmake_export_libraries-extras.cmake
[0.827s] -- Up-to-date symlink: /home/aniketh05/my_ros2_ws/install/my_msgs/share/my_msgs/cmake/ament_cmake_export_targets-extras.cmake
[0.827s] -- Up-to-date symlink: /home/aniketh05/my_ros2_ws/install/my_msgs/share/my_msgs/cmake/rosidl_cmake_export_typesupport_targets-extras.cmake
[0.827s] -- Up-to-date symlink: /home/aniketh05/my_ros2_ws/install/my_msgs/share/my_msgs/cmake/rosidl_cmake_export_typesupport_libraries-extras.cmake
[0.827s] -- Up-to-date symlink: /home/aniketh05/my_ros2_ws/install/my_msgs/share/my_msgs/cmake/my_msgsConfig.cmake
[0.828s] -- Up-to-date symlink: /home/aniketh05/my_ros2_ws/install/my_msgs/share/my_msgs/cmake/my_msgsConfig-version.cmake
[0.828s] -- Up-to-date symlink: /home/aniketh05/my_ros2_ws/install/my_msgs/share/my_msgs/package.xml
[0.828s] -- Up-to-date: /home/aniketh05/my_ros2_ws/install/my_msgs/lib/libmy_msgs__rosidl_generator_c.so
[0.828s] -- Up-to-date: /home/aniketh05/my_ros2_ws/install/my_msgs/lib/libmy_msgs__rosidl_typesupport_fastrtps_c.so
[0.828s] -- Up-to-date: /home/aniketh05/my_ros2_ws/install/my_msgs/lib/libmy_msgs__rosidl_typesupport_fastrtps_cpp.so
[0.828s] -- Up-to-date: /home/aniketh05/my_ros2_ws/install/my_msgs/lib/libmy_msgs__rosidl_typesupport_introspection_c.so
[0.829s] -- Up-to-date: /home/aniketh05/my_ros2_ws/install/my_msgs/lib/libmy_msgs__rosidl_typesupport_c.so
[0.829s] -- Up-to-date: /home/aniketh05/my_ros2_ws/install/my_msgs/lib/libmy_msgs__rosidl_typesupport_introspection_cpp.so
[0.831s] -- Up-to-date: /home/aniketh05/my_ros2_ws/install/my_msgs/lib/libmy_msgs__rosidl_typesupport_cpp.so
[0.887s] Listing '/home/aniketh05/my_ros2_ws/install/my_msgs/local/lib/python3.10/dist-packages/my_msgs'...
[0.887s] Listing '/home/aniketh05/my_ros2_ws/install/my_msgs/local/lib/python3.10/dist-packages/my_msgs/msg'...
[0.887s] Listing '/home/aniketh05/my_ros2_ws/install/my_msgs/local/lib/python3.10/dist-packages/my_msgs/srv'...
[0.892s] -- Up-to-date: /home/aniketh05/my_ros2_ws/install/my_msgs/lib/libmy_msgs__rosidl_generator_py.so
[0.893s] -- Up-to-date: /home/aniketh05/my_ros2_ws/install/my_msgs/share/my_msgs/cmake/export_my_msgs__rosidl_generator_cExport.cmake
[0.893s] -- Up-to-date: /home/aniketh05/my_ros2_ws/install/my_msgs/share/my_msgs/cmake/export_my_msgs__rosidl_generator_cExport-noconfig.cmake
[0.893s] -- Up-to-date: /home/aniketh05/my_ros2_ws/install/my_msgs/share/my_msgs/cmake/export_my_msgs__rosidl_typesupport_fastrtps_cExport.cmake
[0.893s] -- Up-to-date: /home/aniketh05/my_ros2_ws/install/my_msgs/share/my_msgs/cmake/export_my_msgs__rosidl_typesupport_fastrtps_cExport-noconfig.cmake
[0.893s] -- Up-to-date: /home/aniketh05/my_ros2_ws/install/my_msgs/share/my_msgs/cmake/export_my_msgs__rosidl_generator_cppExport.cmake
[0.894s] -- Up-to-date: /home/aniketh05/my_ros2_ws/install/my_msgs/share/my_msgs/cmake/export_my_msgs__rosidl_typesupport_fastrtps_cppExport.cmake
[0.894s] -- Up-to-date: /home/aniketh05/my_ros2_ws/install/my_msgs/share/my_msgs/cmake/export_my_msgs__rosidl_typesupport_fastrtps_cppExport-noconfig.cmake
[0.894s] -- Up-to-date: /home/aniketh05/my_ros2_ws/install/my_msgs/share/my_msgs/cmake/my_msgs__rosidl_typesupport_introspection_cExport.cmake
[0.894s] -- Up-to-date: /home/aniketh05/my_ros2_ws/install/my_msgs/share/my_msgs/cmake/my_msgs__rosidl_typesupport_introspection_cExport-noconfig.cmake
[0.894s] -- Up-to-date: /home/aniketh05/my_ros2_ws/install/my_msgs/share/my_msgs/cmake/my_msgs__rosidl_typesupport_cExport.cmake
[0.894s] -- Up-to-date: /home/aniketh05/my_ros2_ws/install/my_msgs/share/my_msgs/cmake/my_msgs__rosidl_typesupport_cExport-noconfig.cmake
[0.895s] -- Up-to-date: /home/aniketh05/my_ros2_ws/install/my_msgs/share/my_msgs/cmake/my_msgs__rosidl_typesupport_introspection_cppExport.cmake
[0.895s] -- Up-to-date: /home/aniketh05/my_ros2_ws/install/my_msgs/share/my_msgs/cmake/my_msgs__rosidl_typesupport_introspection_cppExport-noconfig.cmake
[0.895s] -- Up-to-date: /home/aniketh05/my_ros2_ws/install/my_msgs/share/my_msgs/cmake/my_msgs__rosidl_typesupport_cppExport.cmake
[0.895s] -- Up-to-date: /home/aniketh05/my_ros2_ws/install/my_msgs/share/my_msgs/cmake/my_msgs__rosidl_typesupport_cppExport-noconfig.cmake
[0.895s] -- Up-to-date: /home/aniketh05/my_ros2_ws/install/my_msgs/share/my_msgs/cmake/export_my_msgs__rosidl_generator_pyExport.cmake
[0.895s] -- Up-to-date: /home/aniketh05/my_ros2_ws/install/my_msgs/share/my_msgs/cmake/export_my_msgs__rosidl_generator_pyExport-noconfig.cmake
[0.898s] Invoked command in '/home/aniketh05/my_ros2_ws/build/my_msgs' returned '0': CMAKE_PREFIX_PATH=${CMAKE_PREFIX_PATH}:/home/aniketh05/my_ros2_ws/install/my_pkg_prac:/home/aniketh05/my_ros2_ws/install/turtle_control:/home/aniketh05/my_ros2_ws/install/my_pkg_srv:/home/aniketh05/my_ros2_ws/install/my_pkg_01:/opt/ros/humble /usr/bin/cmake --install /home/aniketh05/my_ros2_ws/build/my_msgs
