[1.069s] Invoking command in '/home/aniketh05/my_ros2_ws/build/my_pkg_01': PYTHONPATH=/home/aniketh05/my_ros2_ws/build/my_pkg_01/prefix_override:/usr/lib/python3/dist-packages/colcon_core/task/python/colcon_distutils_commands:/home/aniketh05/my_ros2_ws/install/my_pkg_01/lib/python3.10/site-packages:${PYTHONPATH} /usr/bin/python3 -W ignore:setup.py install is deprecated -W ignore:easy_install command is deprecated setup.py develop --uninstall --editable --build-directory /home/aniketh05/my_ros2_ws/build/my_pkg_01/build
[1.320s] running develop
[1.366s] /home/aniketh05/.local/lib/python3.10/site-packages/pkg_resources/__init__.py:116: PkgResourcesDeprecationWarning: 2.0.5-build-libtorrent-rasterbar-qrM5vM-libtorrent-rasterbar-2.0.5-bindings-python is an invalid version and will not be supported in a future release
[1.366s]   warnings.warn(
[1.470s] Removing /home/aniketh05/my_ros2_ws/install/my_pkg_01/lib/python3.10/site-packages/my-pkg-01.egg-link (link to .)
[1.511s] Invoked command in '/home/aniketh05/my_ros2_ws/build/my_pkg_01' returned '0': PYTHONPATH=/home/aniketh05/my_ros2_ws/build/my_pkg_01/prefix_override:/usr/lib/python3/dist-packages/colcon_core/task/python/colcon_distutils_commands:/home/aniketh05/my_ros2_ws/install/my_pkg_01/lib/python3.10/site-packages:${PYTHONPATH} /usr/bin/python3 -W ignore:setup.py install is deprecated -W ignore:easy_install command is deprecated setup.py develop --uninstall --editable --build-directory /home/aniketh05/my_ros2_ws/build/my_pkg_01/build
[1.513s] Invoking command in '/home/aniketh05/my_ros2_ws/src/my_pkg_01': PYTHONPATH=/home/aniketh05/my_ros2_ws/build/my_pkg_01/prefix_override:/usr/lib/python3/dist-packages/colcon_core/task/python/colcon_distutils_commands:/home/aniketh05/my_ros2_ws/install/my_pkg_01/lib/python3.10/site-packages:${PYTHONPATH} /usr/bin/python3 -W ignore:setup.py install is deprecated -W ignore:easy_install command is deprecated setup.py egg_info --egg-base ../../build/my_pkg_01 build --build-base /home/aniketh05/my_ros2_ws/build/my_pkg_01/build install --record /home/aniketh05/my_ros2_ws/build/my_pkg_01/install.log --single-version-externally-managed install_data --force
[1.791s] running egg_info
[1.791s] writing ../../build/my_pkg_01/my_pkg_01.egg-info/PKG-INFO
[1.791s] writing dependency_links to ../../build/my_pkg_01/my_pkg_01.egg-info/dependency_links.txt
[1.792s] writing entry points to ../../build/my_pkg_01/my_pkg_01.egg-info/entry_points.txt
[1.792s] writing requirements to ../../build/my_pkg_01/my_pkg_01.egg-info/requires.txt
[1.792s] writing top-level names to ../../build/my_pkg_01/my_pkg_01.egg-info/top_level.txt
[1.797s] reading manifest file '../../build/my_pkg_01/my_pkg_01.egg-info/SOURCES.txt'
[1.798s] writing manifest file '../../build/my_pkg_01/my_pkg_01.egg-info/SOURCES.txt'
[1.798s] running build
[1.799s] running build_py
[1.800s] creating /home/aniketh05/my_ros2_ws/build/my_pkg_01/build
[1.801s] creating /home/aniketh05/my_ros2_ws/build/my_pkg_01/build/lib
[1.805s] creating /home/aniketh05/my_ros2_ws/build/my_pkg_01/build/lib/my_pkg_01
[1.805s] copying my_pkg_01/my_first_node.py -> /home/aniketh05/my_ros2_ws/build/my_pkg_01/build/lib/my_pkg_01
[1.806s] copying my_pkg_01/pose_color_change.py -> /home/aniketh05/my_ros2_ws/build/my_pkg_01/build/lib/my_pkg_01
[1.806s] copying my_pkg_01/practice_node.py -> /home/aniketh05/my_ros2_ws/build/my_pkg_01/build/lib/my_pkg_01
[1.807s] copying my_pkg_01/__init__.py -> /home/aniketh05/my_ros2_ws/build/my_pkg_01/build/lib/my_pkg_01
[1.807s] copying my_pkg_01/pub_node.py -> /home/aniketh05/my_ros2_ws/build/my_pkg_01/build/lib/my_pkg_01
[1.807s] copying my_pkg_01/my_pub_node.py -> /home/aniketh05/my_ros2_ws/build/my_pkg_01/build/lib/my_pkg_01
[1.807s] copying my_pkg_01/set_pen_client.py -> /home/aniketh05/my_ros2_ws/build/my_pkg_01/build/lib/my_pkg_01
[1.807s] running install
[1.807s] running install_lib
[1.807s] creating /home/aniketh05/my_ros2_ws/install/my_pkg_01/lib/python3.10/site-packages/my_pkg_01
[1.808s] copying /home/aniketh05/my_ros2_ws/build/my_pkg_01/build/lib/my_pkg_01/my_first_node.py -> /home/aniketh05/my_ros2_ws/install/my_pkg_01/lib/python3.10/site-packages/my_pkg_01
[1.808s] copying /home/aniketh05/my_ros2_ws/build/my_pkg_01/build/lib/my_pkg_01/pose_color_change.py -> /home/aniketh05/my_ros2_ws/install/my_pkg_01/lib/python3.10/site-packages/my_pkg_01
[1.808s] copying /home/aniketh05/my_ros2_ws/build/my_pkg_01/build/lib/my_pkg_01/practice_node.py -> /home/aniketh05/my_ros2_ws/install/my_pkg_01/lib/python3.10/site-packages/my_pkg_01
[1.809s] copying /home/aniketh05/my_ros2_ws/build/my_pkg_01/build/lib/my_pkg_01/__init__.py -> /home/aniketh05/my_ros2_ws/install/my_pkg_01/lib/python3.10/site-packages/my_pkg_01
[1.809s] copying /home/aniketh05/my_ros2_ws/build/my_pkg_01/build/lib/my_pkg_01/pub_node.py -> /home/aniketh05/my_ros2_ws/install/my_pkg_01/lib/python3.10/site-packages/my_pkg_01
[1.810s] copying /home/aniketh05/my_ros2_ws/build/my_pkg_01/build/lib/my_pkg_01/my_pub_node.py -> /home/aniketh05/my_ros2_ws/install/my_pkg_01/lib/python3.10/site-packages/my_pkg_01
[1.810s] copying /home/aniketh05/my_ros2_ws/build/my_pkg_01/build/lib/my_pkg_01/set_pen_client.py -> /home/aniketh05/my_ros2_ws/install/my_pkg_01/lib/python3.10/site-packages/my_pkg_01
[1.810s] byte-compiling /home/aniketh05/my_ros2_ws/install/my_pkg_01/lib/python3.10/site-packages/my_pkg_01/my_first_node.py to my_first_node.cpython-310.pyc
[1.810s] byte-compiling /home/aniketh05/my_ros2_ws/install/my_pkg_01/lib/python3.10/site-packages/my_pkg_01/pose_color_change.py to pose_color_change.cpython-310.pyc
[1.810s] byte-compiling /home/aniketh05/my_ros2_ws/install/my_pkg_01/lib/python3.10/site-packages/my_pkg_01/practice_node.py to practice_node.cpython-310.pyc
[1.811s] byte-compiling /home/aniketh05/my_ros2_ws/install/my_pkg_01/lib/python3.10/site-packages/my_pkg_01/__init__.py to __init__.cpython-310.pyc
[1.811s] byte-compiling /home/aniketh05/my_ros2_ws/install/my_pkg_01/lib/python3.10/site-packages/my_pkg_01/pub_node.py to pub_node.cpython-310.pyc
[1.811s] byte-compiling /home/aniketh05/my_ros2_ws/install/my_pkg_01/lib/python3.10/site-packages/my_pkg_01/my_pub_node.py to my_pub_node.cpython-310.pyc
[1.811s] byte-compiling /home/aniketh05/my_ros2_ws/install/my_pkg_01/lib/python3.10/site-packages/my_pkg_01/set_pen_client.py to set_pen_client.cpython-310.pyc
[1.811s] running install_data
[1.811s] copying resource/my_pkg_01 -> /home/aniketh05/my_ros2_ws/install/my_pkg_01/share/ament_index/resource_index/packages
[1.811s] copying package.xml -> /home/aniketh05/my_ros2_ws/install/my_pkg_01/share/my_pkg_01
[1.812s] running install_egg_info
[1.813s] Copying ../../build/my_pkg_01/my_pkg_01.egg-info to /home/aniketh05/my_ros2_ws/install/my_pkg_01/lib/python3.10/site-packages/my_pkg_01-0.0.0-py3.10.egg-info
[1.814s] running install_scripts
[1.837s] Installing my_first_node script to /home/aniketh05/my_ros2_ws/install/my_pkg_01/lib/my_pkg_01
[1.837s] Installing pose_color_change script to /home/aniketh05/my_ros2_ws/install/my_pkg_01/lib/my_pkg_01
[1.837s] Installing set_pen_client script to /home/aniketh05/my_ros2_ws/install/my_pkg_01/lib/my_pkg_01
[1.837s] writing list of installed files to '/home/aniketh05/my_ros2_ws/build/my_pkg_01/install.log'
[1.878s] Invoked command in '/home/aniketh05/my_ros2_ws/src/my_pkg_01' returned '0': PYTHONPATH=/home/aniketh05/my_ros2_ws/build/my_pkg_01/prefix_override:/usr/lib/python3/dist-packages/colcon_core/task/python/colcon_distutils_commands:/home/aniketh05/my_ros2_ws/install/my_pkg_01/lib/python3.10/site-packages:${PYTHONPATH} /usr/bin/python3 -W ignore:setup.py install is deprecated -W ignore:easy_install command is deprecated setup.py egg_info --egg-base ../../build/my_pkg_01 build --build-base /home/aniketh05/my_ros2_ws/build/my_pkg_01/build install --record /home/aniketh05/my_ros2_ws/build/my_pkg_01/install.log --single-version-externally-managed install_data --force
