[0.012s] Invoking command in '/home/aniketh05/my_ros2_ws/build/my_msg_srv': CMAKE_PREFIX_PATH=${CMAKE_PREFIX_PATH}:/home/aniketh05/my_ros2_ws/install/my_services:/home/aniketh05/my_ros2_ws/src/install/turtle_control:/home/aniketh05/my_ros2_ws/src/install/my_services:/home/aniketh05/my_ros2_ws/src/install/my_pkg_srv:/home/aniketh05/my_ros2_ws/src/install/my_pkg_prac:/home/aniketh05/my_ros2_ws/src/install/my_pkg_01:/home/aniketh05/my_ros2_ws/install/turtle_control:/home/aniketh05/my_ros2_ws/install/my_pkg_prac:/home/aniketh05/my_ros2_ws/install/my_pkg_01:/opt/ros/humble /usr/bin/cmake /home/aniketh05/my_ros2_ws/src/my_msg_srv -DCMAKE_INSTALL_PREFIX=/home/aniketh05/my_ros2_ws/install/my_msg_srv
[0.018s] -- Found ament_cmake: 1.3.11 (/opt/ros/humble/share/ament_cmake/cmake)
[0.946s] [31mCMake Error at CMakeLists.txt:14 (find_package):
[0.946s]   By not providing "Findrosidl_generate_interfaces.cmake" in
[0.946s]   CMAKE_MODULE_PATH this project has asked CMake to find a package
[0.946s]   configuration file provided by "rosidl_generate_interfaces", but CMake did
[0.946s]   not find one.
[0.946s] 
[0.946s]   Could not find a package configuration file provided by
[0.946s]   "rosidl_generate_interfaces" with any of the following names:
[0.946s] 
[0.946s]     rosidl_generate_interfacesConfig.cmake
[0.946s]     rosidl_generate_interfaces-config.cmake
[0.947s] 
[0.947s]   Add the installation prefix of "rosidl_generate_interfaces" to
[0.947s]   CMAKE_PREFIX_PATH or set "rosidl_generate_interfaces_DIR" to a directory
[0.947s]   containing one of the above files.  If "rosidl_generate_interfaces"
[0.947s]   provides a separate development package or SDK, be sure it has been
[0.947s]   installed.
[0.947s] 
[0.947s] [0m
[0.947s] -- Configuring incomplete, errors occurred!
[0.947s] See also "/home/aniketh05/my_ros2_ws/build/my_msg_srv/CMakeFiles/CMakeOutput.log".
[0.948s] Invoked command in '/home/aniketh05/my_ros2_ws/build/my_msg_srv' returned '1': CMAKE_PREFIX_PATH=${CMAKE_PREFIX_PATH}:/home/aniketh05/my_ros2_ws/install/my_services:/home/aniketh05/my_ros2_ws/src/install/turtle_control:/home/aniketh05/my_ros2_ws/src/install/my_services:/home/aniketh05/my_ros2_ws/src/install/my_pkg_srv:/home/aniketh05/my_ros2_ws/src/install/my_pkg_prac:/home/aniketh05/my_ros2_ws/src/install/my_pkg_01:/home/aniketh05/my_ros2_ws/install/turtle_control:/home/aniketh05/my_ros2_ws/install/my_pkg_prac:/home/aniketh05/my_ros2_ws/install/my_pkg_01:/opt/ros/humble /usr/bin/cmake /home/aniketh05/my_ros2_ws/src/my_msg_srv -DCMAKE_INSTALL_PREFIX=/home/aniketh05/my_ros2_ws/install/my_msg_srv
