[0.593s] Invoking command in '/home/aniketh05/my_ros2_ws/src/my_pkg_01': PYTHONPATH=/home/aniketh05/my_ros2_ws/src/build/my_pkg_01/prefix_override:/usr/lib/python3/dist-packages/colcon_core/task/python/colcon_distutils_commands:/home/aniketh05/my_ros2_ws/src/install/my_pkg_01/lib/python3.10/site-packages:${PYTHONPATH} /usr/bin/python3 -W ignore:setup.py install is deprecated -W ignore:easy_install command is deprecated setup.py egg_info --egg-base ../build/my_pkg_01 build --build-base /home/aniketh05/my_ros2_ws/src/build/my_pkg_01/build install --record /home/aniketh05/my_ros2_ws/src/build/my_pkg_01/install.log --single-version-externally-managed install_data
[0.748s] running egg_info
[0.749s] creating ../build/my_pkg_01/my_pkg_01.egg-info
[0.749s] writing ../build/my_pkg_01/my_pkg_01.egg-info/PKG-INFO
[0.749s] writing dependency_links to ../build/my_pkg_01/my_pkg_01.egg-info/dependency_links.txt
[0.749s] writing entry points to ../build/my_pkg_01/my_pkg_01.egg-info/entry_points.txt
[0.749s] writing requirements to ../build/my_pkg_01/my_pkg_01.egg-info/requires.txt
[0.749s] writing top-level names to ../build/my_pkg_01/my_pkg_01.egg-info/top_level.txt
[0.749s] writing manifest file '../build/my_pkg_01/my_pkg_01.egg-info/SOURCES.txt'
[0.750s] reading manifest file '../build/my_pkg_01/my_pkg_01.egg-info/SOURCES.txt'
[0.751s] writing manifest file '../build/my_pkg_01/my_pkg_01.egg-info/SOURCES.txt'
[0.751s] running build
[0.751s] running build_py
[0.752s] creating /home/aniketh05/my_ros2_ws/src/build/my_pkg_01/build
[0.752s] creating /home/aniketh05/my_ros2_ws/src/build/my_pkg_01/build/lib
[0.752s] creating /home/aniketh05/my_ros2_ws/src/build/my_pkg_01/build/lib/my_pkg_01
[0.752s] copying my_pkg_01/__init__.py -> /home/aniketh05/my_ros2_ws/src/build/my_pkg_01/build/lib/my_pkg_01
[0.752s] running install
[0.752s] running install_lib
[0.753s] creating /home/aniketh05/my_ros2_ws/src/install/my_pkg_01/lib/python3.10/site-packages/my_pkg_01
[0.753s] copying /home/aniketh05/my_ros2_ws/src/build/my_pkg_01/build/lib/my_pkg_01/__init__.py -> /home/aniketh05/my_ros2_ws/src/install/my_pkg_01/lib/python3.10/site-packages/my_pkg_01
[0.753s] byte-compiling /home/aniketh05/my_ros2_ws/src/install/my_pkg_01/lib/python3.10/site-packages/my_pkg_01/__init__.py to __init__.cpython-310.pyc
[0.753s] running install_data
[0.753s] creating /home/aniketh05/my_ros2_ws/src/install/my_pkg_01/share/ament_index
[0.753s] creating /home/aniketh05/my_ros2_ws/src/install/my_pkg_01/share/ament_index/resource_index
[0.753s] creating /home/aniketh05/my_ros2_ws/src/install/my_pkg_01/share/ament_index/resource_index/packages
[0.754s] copying resource/my_pkg_01 -> /home/aniketh05/my_ros2_ws/src/install/my_pkg_01/share/ament_index/resource_index/packages
[0.754s] copying package.xml -> /home/aniketh05/my_ros2_ws/src/install/my_pkg_01/share/my_pkg_01
[0.754s] running install_egg_info
[0.756s] Copying ../build/my_pkg_01/my_pkg_01.egg-info to /home/aniketh05/my_ros2_ws/src/install/my_pkg_01/lib/python3.10/site-packages/my_pkg_01-0.0.0-py3.10.egg-info
[0.757s] running install_scripts
[0.772s] writing list of installed files to '/home/aniketh05/my_ros2_ws/src/build/my_pkg_01/install.log'
[0.790s] Invoked command in '/home/aniketh05/my_ros2_ws/src/my_pkg_01' returned '0': PYTHONPATH=/home/aniketh05/my_ros2_ws/src/build/my_pkg_01/prefix_override:/usr/lib/python3/dist-packages/colcon_core/task/python/colcon_distutils_commands:/home/aniketh05/my_ros2_ws/src/install/my_pkg_01/lib/python3.10/site-packages:${PYTHONPATH} /usr/bin/python3 -W ignore:setup.py install is deprecated -W ignore:easy_install command is deprecated setup.py egg_info --egg-base ../build/my_pkg_01 build --build-base /home/aniketh05/my_ros2_ws/src/build/my_pkg_01/build install --record /home/aniketh05/my_ros2_ws/src/build/my_pkg_01/install.log --single-version-externally-managed install_data
