[0.087s] Invoking command in '/home/aniketh05/my_ros2_ws/src/build/my_msg_srv': CMAKE_PREFIX_PATH=${CMAKE_PREFIX_PATH}:/home/aniketh05/my_ros2_ws/install/turtle_control:/home/aniketh05/my_ros2_ws/install/my_services:/home/aniketh05/my_ros2_ws/install/my_pkg_prac:/home/aniketh05/my_ros2_ws/install/my_pkg_01:/opt/ros/humble /usr/bin/cmake /home/aniketh05/my_ros2_ws/src/my_msg_srv -DCMAKE_INSTALL_PREFIX=/home/aniketh05/my_ros2_ws/src/install/my_msg_srv
[1.683s] -- The C compiler identification is GNU 11.4.0
[1.683s] -- The CXX compiler identification is GNU 11.4.0
[1.683s] -- Detecting C compiler ABI info
[1.684s] -- Detecting C compiler ABI info - done
[1.684s] -- Check for working C compiler: /usr/bin/cc - skipped
[1.684s] -- Detecting C compile features
[1.684s] -- Detecting C compile features - done
[1.684s] -- Detecting CXX compiler ABI info
[1.901s] -- Detecting CXX compiler ABI info - done
[1.915s] -- Check for working CXX compiler: /usr/bin/c++ - skipped
[1.916s] -- Detecting CXX compile features
[1.917s] -- Detecting CXX compile features - done
[1.925s] -- Found ament_cmake: 1.3.11 (/opt/ros/humble/share/ament_cmake/cmake)
[2.347s] -- Found Python3: /usr/bin/python3 (found version "3.10.12") found components: Interpreter 
[2.598s] -- Found rosidl_default_generators: 1.2.0 (/opt/ros/humble/share/rosidl_default_generators/cmake)
[2.616s] -- Using all available rosidl_typesupport_c: rosidl_typesupport_fastrtps_c;rosidl_typesupport_introspection_c
[2.646s] -- Found rosidl_adapter: 3.1.6 (/opt/ros/humble/share/rosidl_adapter/cmake)
[3.105s] -- Using all available rosidl_typesupport_cpp: rosidl_typesupport_fastrtps_cpp;rosidl_typesupport_introspection_cpp
[3.225s] -- Found geometry_msgs: 4.8.0 (/opt/ros/humble/share/geometry_msgs/cmake)
[4.352s] -- Found ament_cmake_ros: 0.10.0 (/opt/ros/humble/share/ament_cmake_ros/cmake)
[5.000s] -- Using all available rosidl_typesupport_c: rosidl_typesupport_fastrtps_c;rosidl_typesupport_introspection_c
[5.843s] -- Using all available rosidl_typesupport_cpp: rosidl_typesupport_fastrtps_cpp;rosidl_typesupport_introspection_cpp
[6.078s] -- Found PythonInterp: /usr/bin/python3 (found suitable version "3.10.12", minimum required is "3.6") 
[6.079s] -- Found python_cmake_module: 0.10.0 (/opt/ros/humble/share/python_cmake_module/cmake)
[6.599s] -- Found PythonLibs: /usr/lib/x86_64-linux-gnu/libpython3.10.so (found suitable version "3.10.12", minimum required is "3.5") 
[6.599s] -- Using PYTHON_EXECUTABLE: /usr/bin/python3
[6.600s] -- Using PYTHON_INCLUDE_DIRS: /usr/include/python3.10
[6.600s] -- Using PYTHON_LIBRARIES: /usr/lib/x86_64-linux-gnu/libpython3.10.so
[6.628s] -- Found PythonExtra: .so  
[6.749s] -- Found ament_lint_auto: 0.12.12 (/opt/ros/humble/share/ament_lint_auto/cmake)
[6.781s] -- Added test 'lint_cmake' to check CMake code style
[6.783s] -- Added test 'xmllint' to check XML markup files
[6.787s] -- Configuring done
[6.879s] -- Generating done
[6.904s] -- Build files have been written to: /home/aniketh05/my_ros2_ws/src/build/my_msg_srv
[6.920s] Invoked command in '/home/aniketh05/my_ros2_ws/src/build/my_msg_srv' returned '0': CMAKE_PREFIX_PATH=${CMAKE_PREFIX_PATH}:/home/aniketh05/my_ros2_ws/install/turtle_control:/home/aniketh05/my_ros2_ws/install/my_services:/home/aniketh05/my_ros2_ws/install/my_pkg_prac:/home/aniketh05/my_ros2_ws/install/my_pkg_01:/opt/ros/humble /usr/bin/cmake /home/aniketh05/my_ros2_ws/src/my_msg_srv -DCMAKE_INSTALL_PREFIX=/home/aniketh05/my_ros2_ws/src/install/my_msg_srv
[6.922s] Invoking command in '/home/aniketh05/my_ros2_ws/src/build/my_msg_srv': CMAKE_PREFIX_PATH=${CMAKE_PREFIX_PATH}:/home/aniketh05/my_ros2_ws/install/turtle_control:/home/aniketh05/my_ros2_ws/install/my_services:/home/aniketh05/my_ros2_ws/install/my_pkg_prac:/home/aniketh05/my_ros2_ws/install/my_pkg_01:/opt/ros/humble /usr/bin/cmake --build /home/aniketh05/my_ros2_ws/src/build/my_msg_srv -- -j12 -l12
[7.001s] [  2%] [34m[1mGenerating C code for ROS interfaces[0m
[7.014s] [  4%] [34m[1mGenerating C++ code for ROS interfaces[0m
[7.029s] [  4%] Built target ament_cmake_python_copy_my_msg_srv
[7.554s] running egg_info
[7.556s] creating my_msg_srv.egg-info
[7.557s] writing my_msg_srv.egg-info/PKG-INFO
[7.557s] writing dependency_links to my_msg_srv.egg-info/dependency_links.txt
[7.558s] writing top-level names to my_msg_srv.egg-info/top_level.txt
[7.559s] writing manifest file 'my_msg_srv.egg-info/SOURCES.txt'
[7.564s] reading manifest file 'my_msg_srv.egg-info/SOURCES.txt'
[7.565s] writing manifest file 'my_msg_srv.egg-info/SOURCES.txt'
[7.616s] [  4%] Built target ament_cmake_python_build_my_msg_srv_egg
[7.740s] [  8%] [32mBuilding C object CMakeFiles/my_msg_srv__rosidl_generator_c.dir/rosidl_generator_c/my_msg_srv/msg/detail/sphere__functions.c.o[0m
[7.740s] [  8%] [32mBuilding C object CMakeFiles/my_msg_srv__rosidl_generator_c.dir/rosidl_generator_c/my_msg_srv/msg/detail/my_msg__functions.c.o[0m
[7.741s] [ 10%] [32mBuilding C object CMakeFiles/my_msg_srv__rosidl_generator_c.dir/rosidl_generator_c/my_msg_srv/srv/detail/add_three_nums__functions.c.o[0m
[7.750s] [ 10%] Built target my_msg_srv__cpp
[7.771s] [ 12%] [34m[1mGenerating C++ introspection for ROS interfaces[0m
[7.775s] [ 14%] [34m[1mGenerating C++ type support for eProsima Fast-RTPS[0m
[7.775s] [ 17%] [34m[1mGenerating C++ type support dispatch for ROS interfaces[0m
[7.901s] [ 19%] [32m[1mLinking C shared library libmy_msg_srv__rosidl_generator_c.so[0m
[8.132s] [ 19%] Built target my_msg_srv__rosidl_generator_c
[8.149s] [ 21%] [34m[1mGenerating C type support for eProsima Fast-RTPS[0m
[8.153s] [ 25%] [34m[1mGenerating C introspection for ROS interfaces[0m
[8.154s] [ 25%] [34m[1mGenerating C type support dispatch for ROS interfaces[0m
[8.405s] [ 29%] [32mBuilding CXX object CMakeFiles/my_msg_srv__rosidl_typesupport_cpp.dir/rosidl_typesupport_cpp/my_msg_srv/msg/sphere__type_support.cpp.o[0m
[8.405s] [ 29%] [32mBuilding CXX object CMakeFiles/my_msg_srv__rosidl_typesupport_cpp.dir/rosidl_typesupport_cpp/my_msg_srv/srv/add_three_nums__type_support.cpp.o[0m
[8.405s] [ 31%] [32mBuilding CXX object CMakeFiles/my_msg_srv__rosidl_typesupport_cpp.dir/rosidl_typesupport_cpp/my_msg_srv/msg/my_msg__type_support.cpp.o[0m
[8.507s] [ 34%] [32mBuilding CXX object CMakeFiles/my_msg_srv__rosidl_typesupport_introspection_cpp.dir/rosidl_typesupport_introspection_cpp/my_msg_srv/srv/detail/add_three_nums__type_support.cpp.o[0m
[8.508s] [ 36%] [32mBuilding CXX object CMakeFiles/my_msg_srv__rosidl_typesupport_introspection_cpp.dir/rosidl_typesupport_introspection_cpp/my_msg_srv/msg/detail/my_msg__type_support.cpp.o[0m
[8.512s] [ 38%] [32mBuilding CXX object CMakeFiles/my_msg_srv__rosidl_typesupport_introspection_cpp.dir/rosidl_typesupport_introspection_cpp/my_msg_srv/msg/detail/sphere__type_support.cpp.o[0m
[8.660s] [ 40%] [32mBuilding CXX object CMakeFiles/my_msg_srv__rosidl_typesupport_fastrtps_cpp.dir/rosidl_typesupport_fastrtps_cpp/my_msg_srv/msg/detail/dds_fastrtps/sphere__type_support.cpp.o[0m
[8.744s] [ 42%] [32mBuilding CXX object CMakeFiles/my_msg_srv__rosidl_typesupport_fastrtps_cpp.dir/rosidl_typesupport_fastrtps_cpp/my_msg_srv/srv/detail/dds_fastrtps/add_three_nums__type_support.cpp.o[0m
[8.751s] [ 44%] [32mBuilding CXX object CMakeFiles/my_msg_srv__rosidl_typesupport_fastrtps_cpp.dir/rosidl_typesupport_fastrtps_cpp/my_msg_srv/msg/detail/dds_fastrtps/my_msg__type_support.cpp.o[0m
[9.163s] gmake[2]: Warning: File 'rosidl_typesupport_c/my_msg_srv/msg/my_msg__type_support.cpp' has modification time 0.37 s in the future
[9.273s] [ 46%] [32mBuilding CXX object CMakeFiles/my_msg_srv__rosidl_typesupport_c.dir/rosidl_typesupport_c/my_msg_srv/msg/my_msg__type_support.cpp.o[0m
[9.388s] gmake[2]: Warning: File 'rosidl_typesupport_introspection_c/my_msg_srv/msg/detail/my_msg__rosidl_typesupport_introspection_c.h' has modification time 0.1 s in the future
[9.704s] [ 48%] [32mBuilding C object CMakeFiles/my_msg_srv__rosidl_typesupport_introspection_c.dir/rosidl_typesupport_introspection_c/my_msg_srv/msg/detail/my_msg__type_support.c.o[0m
[9.829s] [ 51%] [32mBuilding CXX object CMakeFiles/my_msg_srv__rosidl_typesupport_fastrtps_c.dir/rosidl_typesupport_fastrtps_c/my_msg_srv/msg/detail/sphere__type_support_c.cpp.o[0m
[9.998s] [ 53%] [32mBuilding CXX object CMakeFiles/my_msg_srv__rosidl_typesupport_c.dir/rosidl_typesupport_c/my_msg_srv/msg/sphere__type_support.cpp.o[0m
[10.040s] [ 55%] [32mBuilding C object CMakeFiles/my_msg_srv__rosidl_typesupport_introspection_c.dir/rosidl_typesupport_introspection_c/my_msg_srv/msg/detail/sphere__type_support.c.o[0m
[10.384s] [ 57%] [32mBuilding C object CMakeFiles/my_msg_srv__rosidl_typesupport_introspection_c.dir/rosidl_typesupport_introspection_c/my_msg_srv/srv/detail/add_three_nums__type_support.c.o[0m
[10.390s] [ 59%] [32mBuilding CXX object CMakeFiles/my_msg_srv__rosidl_typesupport_fastrtps_c.dir/rosidl_typesupport_fastrtps_c/my_msg_srv/msg/detail/my_msg__type_support_c.cpp.o[0m
[10.407s] [ 61%] [32mBuilding CXX object CMakeFiles/my_msg_srv__rosidl_typesupport_c.dir/rosidl_typesupport_c/my_msg_srv/srv/add_three_nums__type_support.cpp.o[0m
[10.432s] [ 63%] [32mBuilding CXX object CMakeFiles/my_msg_srv__rosidl_typesupport_fastrtps_c.dir/rosidl_typesupport_fastrtps_c/my_msg_srv/srv/detail/add_three_nums__type_support_c.cpp.o[0m
[10.446s] [ 65%] [32m[1mLinking CXX shared library libmy_msg_srv__rosidl_typesupport_cpp.so[0m
[10.585s] [ 68%] [32m[1mLinking C shared library libmy_msg_srv__rosidl_typesupport_introspection_c.so[0m
[10.602s] [ 70%] [32m[1mLinking CXX shared library libmy_msg_srv__rosidl_typesupport_c.so[0m
[11.792s] gmake[2]: warning:  Clock skew detected.  Your build may be incomplete.
[11.910s] [ 70%] Built target my_msg_srv__rosidl_typesupport_introspection_c
[11.968s] [ 70%] Built target my_msg_srv__rosidl_typesupport_cpp
[12.002s] gmake[2]: warning:  Clock skew detected.  Your build may be incomplete.
[12.021s] [ 70%] Built target my_msg_srv__rosidl_typesupport_c
[12.113s] [ 72%] [32m[1mLinking CXX shared library libmy_msg_srv__rosidl_typesupport_introspection_cpp.so[0m
[12.199s] [ 74%] [32m[1mLinking CXX shared library libmy_msg_srv__rosidl_typesupport_fastrtps_cpp.so[0m
[12.500s] [ 74%] Built target my_msg_srv__rosidl_typesupport_introspection_cpp
[12.585s] [ 74%] Built target my_msg_srv__rosidl_typesupport_fastrtps_cpp
[12.604s] [ 76%] [32m[1mLinking CXX shared library libmy_msg_srv__rosidl_typesupport_fastrtps_c.so[0m
[12.911s] [ 76%] Built target my_msg_srv__rosidl_typesupport_fastrtps_c
[12.945s] [ 76%] Built target my_msg_srv
[12.978s] [ 78%] [34m[1mGenerating Python code for ROS interfaces[0m
[13.947s] [ 78%] Built target my_msg_srv__py
[13.973s] [ 82%] [32mBuilding C object CMakeFiles/my_msg_srv__rosidl_generator_py.dir/rosidl_generator_py/my_msg_srv/msg/_sphere_s.c.o[0m
[13.973s] [ 82%] [32mBuilding C object CMakeFiles/my_msg_srv__rosidl_generator_py.dir/rosidl_generator_py/my_msg_srv/msg/_my_msg_s.c.o[0m
[13.976s] [ 85%] [32mBuilding C object CMakeFiles/my_msg_srv__rosidl_generator_py.dir/rosidl_generator_py/my_msg_srv/srv/_add_three_nums_s.c.o[0m
[14.175s] [ 87%] [32m[1mLinking C shared library rosidl_generator_py/my_msg_srv/libmy_msg_srv__rosidl_generator_py.so[0m
[14.350s] [ 87%] Built target my_msg_srv__rosidl_generator_py
[14.376s] [ 91%] [32mBuilding C object CMakeFiles/my_msg_srv__rosidl_typesupport_introspection_c__pyext.dir/rosidl_generator_py/my_msg_srv/_my_msg_srv_s.ep.rosidl_typesupport_introspection_c.c.o[0m
[14.376s] [ 91%] [32mBuilding C object CMakeFiles/my_msg_srv__rosidl_typesupport_fastrtps_c__pyext.dir/rosidl_generator_py/my_msg_srv/_my_msg_srv_s.ep.rosidl_typesupport_fastrtps_c.c.o[0m
[14.380s] [ 93%] [32mBuilding C object CMakeFiles/my_msg_srv__rosidl_typesupport_c__pyext.dir/rosidl_generator_py/my_msg_srv/_my_msg_srv_s.ep.rosidl_typesupport_c.c.o[0m
[14.583s] [ 95%] [32m[1mLinking C shared library rosidl_generator_py/my_msg_srv/my_msg_srv_s__rosidl_typesupport_introspection_c.cpython-310-x86_64-linux-gnu.so[0m
[14.606s] [ 97%] [32m[1mLinking C shared library rosidl_generator_py/my_msg_srv/my_msg_srv_s__rosidl_typesupport_c.cpython-310-x86_64-linux-gnu.so[0m
[14.612s] [100%] [32m[1mLinking C shared library rosidl_generator_py/my_msg_srv/my_msg_srv_s__rosidl_typesupport_fastrtps_c.cpython-310-x86_64-linux-gnu.so[0m
[14.786s] [100%] Built target my_msg_srv__rosidl_typesupport_introspection_c__pyext
[14.799s] [100%] Built target my_msg_srv__rosidl_typesupport_c__pyext
[14.822s] [100%] Built target my_msg_srv__rosidl_typesupport_fastrtps_c__pyext
[14.837s] Invoked command in '/home/aniketh05/my_ros2_ws/src/build/my_msg_srv' returned '0': CMAKE_PREFIX_PATH=${CMAKE_PREFIX_PATH}:/home/aniketh05/my_ros2_ws/install/turtle_control:/home/aniketh05/my_ros2_ws/install/my_services:/home/aniketh05/my_ros2_ws/install/my_pkg_prac:/home/aniketh05/my_ros2_ws/install/my_pkg_01:/opt/ros/humble /usr/bin/cmake --build /home/aniketh05/my_ros2_ws/src/build/my_msg_srv -- -j12 -l12
[14.839s] Invoking command in '/home/aniketh05/my_ros2_ws/src/build/my_msg_srv': CMAKE_PREFIX_PATH=${CMAKE_PREFIX_PATH}:/home/aniketh05/my_ros2_ws/install/turtle_control:/home/aniketh05/my_ros2_ws/install/my_services:/home/aniketh05/my_ros2_ws/install/my_pkg_prac:/home/aniketh05/my_ros2_ws/install/my_pkg_01:/opt/ros/humble /usr/bin/cmake --install /home/aniketh05/my_ros2_ws/src/build/my_msg_srv
[14.857s] -- Install configuration: ""
[14.858s] -- Installing: /home/aniketh05/my_ros2_ws/src/install/my_msg_srv/share/ament_index/resource_index/rosidl_interfaces/my_msg_srv
[14.858s] -- Installing: /home/aniketh05/my_ros2_ws/src/install/my_msg_srv/include/my_msg_srv/my_msg_srv
[14.858s] -- Installing: /home/aniketh05/my_ros2_ws/src/install/my_msg_srv/include/my_msg_srv/my_msg_srv/srv
[14.859s] -- Installing: /home/aniketh05/my_ros2_ws/src/install/my_msg_srv/include/my_msg_srv/my_msg_srv/srv/detail
[14.859s] -- Installing: /home/aniketh05/my_ros2_ws/src/install/my_msg_srv/include/my_msg_srv/my_msg_srv/srv/detail/add_three_nums__functions.c
[14.859s] -- Installing: /home/aniketh05/my_ros2_ws/src/install/my_msg_srv/include/my_msg_srv/my_msg_srv/srv/detail/add_three_nums__struct.h
[14.859s] -- Installing: /home/aniketh05/my_ros2_ws/src/install/my_msg_srv/include/my_msg_srv/my_msg_srv/srv/detail/add_three_nums__type_support.h
[14.861s] -- Installing: /home/aniketh05/my_ros2_ws/src/install/my_msg_srv/include/my_msg_srv/my_msg_srv/srv/detail/add_three_nums__functions.h
[14.862s] -- Installing: /home/aniketh05/my_ros2_ws/src/install/my_msg_srv/include/my_msg_srv/my_msg_srv/srv/add_three_nums.h
[14.863s] -- Installing: /home/aniketh05/my_ros2_ws/src/install/my_msg_srv/include/my_msg_srv/my_msg_srv/msg
[14.863s] -- Installing: /home/aniketh05/my_ros2_ws/src/install/my_msg_srv/include/my_msg_srv/my_msg_srv/msg/sphere.h
[14.864s] -- Installing: /home/aniketh05/my_ros2_ws/src/install/my_msg_srv/include/my_msg_srv/my_msg_srv/msg/detail
[14.864s] -- Installing: /home/aniketh05/my_ros2_ws/src/install/my_msg_srv/include/my_msg_srv/my_msg_srv/msg/detail/sphere__functions.c
[14.865s] -- Installing: /home/aniketh05/my_ros2_ws/src/install/my_msg_srv/include/my_msg_srv/my_msg_srv/msg/detail/sphere__struct.h
[14.866s] -- Installing: /home/aniketh05/my_ros2_ws/src/install/my_msg_srv/include/my_msg_srv/my_msg_srv/msg/detail/sphere__type_support.h
[14.866s] -- Installing: /home/aniketh05/my_ros2_ws/src/install/my_msg_srv/include/my_msg_srv/my_msg_srv/msg/detail/my_msg__functions.c
[14.866s] -- Installing: /home/aniketh05/my_ros2_ws/src/install/my_msg_srv/include/my_msg_srv/my_msg_srv/msg/detail/sphere__functions.h
[14.866s] -- Installing: /home/aniketh05/my_ros2_ws/src/install/my_msg_srv/include/my_msg_srv/my_msg_srv/msg/detail/my_msg__struct.h
[14.867s] -- Installing: /home/aniketh05/my_ros2_ws/src/install/my_msg_srv/include/my_msg_srv/my_msg_srv/msg/detail/my_msg__type_support.h
[14.867s] -- Installing: /home/aniketh05/my_ros2_ws/src/install/my_msg_srv/include/my_msg_srv/my_msg_srv/msg/detail/my_msg__functions.h
[14.868s] -- Installing: /home/aniketh05/my_ros2_ws/src/install/my_msg_srv/include/my_msg_srv/my_msg_srv/msg/my_msg.h
[14.868s] -- Installing: /home/aniketh05/my_ros2_ws/src/install/my_msg_srv/include/my_msg_srv/my_msg_srv/msg/rosidl_generator_c__visibility_control.h
[14.869s] -- Installing: /home/aniketh05/my_ros2_ws/src/install/my_msg_srv/share/my_msg_srv/environment/library_path.sh
[14.870s] -- Installing: /home/aniketh05/my_ros2_ws/src/install/my_msg_srv/share/my_msg_srv/environment/library_path.dsv
[14.870s] -- Installing: /home/aniketh05/my_ros2_ws/src/install/my_msg_srv/lib/libmy_msg_srv__rosidl_generator_c.so
[14.870s] -- Set runtime path of "/home/aniketh05/my_ros2_ws/src/install/my_msg_srv/lib/libmy_msg_srv__rosidl_generator_c.so" to ""
[14.871s] -- Up-to-date: /home/aniketh05/my_ros2_ws/src/install/my_msg_srv/include/my_msg_srv/my_msg_srv
[14.871s] -- Up-to-date: /home/aniketh05/my_ros2_ws/src/install/my_msg_srv/include/my_msg_srv/my_msg_srv/srv
[14.871s] -- Up-to-date: /home/aniketh05/my_ros2_ws/src/install/my_msg_srv/include/my_msg_srv/my_msg_srv/srv/detail
[14.871s] -- Installing: /home/aniketh05/my_ros2_ws/src/install/my_msg_srv/include/my_msg_srv/my_msg_srv/srv/detail/add_three_nums__rosidl_typesupport_fastrtps_c.h
[14.871s] -- Up-to-date: /home/aniketh05/my_ros2_ws/src/install/my_msg_srv/include/my_msg_srv/my_msg_srv/msg
[14.871s] -- Up-to-date: /home/aniketh05/my_ros2_ws/src/install/my_msg_srv/include/my_msg_srv/my_msg_srv/msg/detail
[14.873s] -- Installing: /home/aniketh05/my_ros2_ws/src/install/my_msg_srv/include/my_msg_srv/my_msg_srv/msg/detail/sphere__rosidl_typesupport_fastrtps_c.h
[14.874s] -- Installing: /home/aniketh05/my_ros2_ws/src/install/my_msg_srv/include/my_msg_srv/my_msg_srv/msg/detail/my_msg__rosidl_typesupport_fastrtps_c.h
[14.875s] -- Installing: /home/aniketh05/my_ros2_ws/src/install/my_msg_srv/include/my_msg_srv/my_msg_srv/msg/rosidl_typesupport_fastrtps_c__visibility_control.h
[14.876s] -- Installing: /home/aniketh05/my_ros2_ws/src/install/my_msg_srv/lib/libmy_msg_srv__rosidl_typesupport_fastrtps_c.so
[14.876s] -- Set runtime path of "/home/aniketh05/my_ros2_ws/src/install/my_msg_srv/lib/libmy_msg_srv__rosidl_typesupport_fastrtps_c.so" to ""
[14.876s] -- Up-to-date: /home/aniketh05/my_ros2_ws/src/install/my_msg_srv/include/my_msg_srv/my_msg_srv
[14.876s] -- Up-to-date: /home/aniketh05/my_ros2_ws/src/install/my_msg_srv/include/my_msg_srv/my_msg_srv/srv
[14.876s] -- Up-to-date: /home/aniketh05/my_ros2_ws/src/install/my_msg_srv/include/my_msg_srv/my_msg_srv/srv/detail
[14.877s] -- Installing: /home/aniketh05/my_ros2_ws/src/install/my_msg_srv/include/my_msg_srv/my_msg_srv/srv/detail/add_three_nums__type_support.c
[14.877s] -- Installing: /home/aniketh05/my_ros2_ws/src/install/my_msg_srv/include/my_msg_srv/my_msg_srv/srv/detail/add_three_nums__rosidl_typesupport_introspection_c.h
[14.877s] -- Up-to-date: /home/aniketh05/my_ros2_ws/src/install/my_msg_srv/include/my_msg_srv/my_msg_srv/msg
[14.877s] -- Up-to-date: /home/aniketh05/my_ros2_ws/src/install/my_msg_srv/include/my_msg_srv/my_msg_srv/msg/detail
[14.878s] -- Installing: /home/aniketh05/my_ros2_ws/src/install/my_msg_srv/include/my_msg_srv/my_msg_srv/msg/detail/sphere__rosidl_typesupport_introspection_c.h
[14.878s] -- Installing: /home/aniketh05/my_ros2_ws/src/install/my_msg_srv/include/my_msg_srv/my_msg_srv/msg/detail/sphere__type_support.c
[14.878s] -- Installing: /home/aniketh05/my_ros2_ws/src/install/my_msg_srv/include/my_msg_srv/my_msg_srv/msg/detail/my_msg__rosidl_typesupport_introspection_c.h
[14.879s] -- Installing: /home/aniketh05/my_ros2_ws/src/install/my_msg_srv/include/my_msg_srv/my_msg_srv/msg/detail/my_msg__type_support.c
[14.879s] -- Installing: /home/aniketh05/my_ros2_ws/src/install/my_msg_srv/include/my_msg_srv/my_msg_srv/msg/rosidl_typesupport_introspection_c__visibility_control.h
[14.879s] -- Installing: /home/aniketh05/my_ros2_ws/src/install/my_msg_srv/lib/libmy_msg_srv__rosidl_typesupport_introspection_c.so
[14.879s] -- Set runtime path of "/home/aniketh05/my_ros2_ws/src/install/my_msg_srv/lib/libmy_msg_srv__rosidl_typesupport_introspection_c.so" to ""
[14.879s] -- Installing: /home/aniketh05/my_ros2_ws/src/install/my_msg_srv/lib/libmy_msg_srv__rosidl_typesupport_c.so
[14.879s] -- Set runtime path of "/home/aniketh05/my_ros2_ws/src/install/my_msg_srv/lib/libmy_msg_srv__rosidl_typesupport_c.so" to ""
[14.880s] -- Up-to-date: /home/aniketh05/my_ros2_ws/src/install/my_msg_srv/include/my_msg_srv/my_msg_srv
[14.880s] -- Up-to-date: /home/aniketh05/my_ros2_ws/src/install/my_msg_srv/include/my_msg_srv/my_msg_srv/srv
[14.880s] -- Installing: /home/aniketh05/my_ros2_ws/src/install/my_msg_srv/include/my_msg_srv/my_msg_srv/srv/add_three_nums.hpp
[14.880s] -- Up-to-date: /home/aniketh05/my_ros2_ws/src/install/my_msg_srv/include/my_msg_srv/my_msg_srv/srv/detail
[14.880s] -- Installing: /home/aniketh05/my_ros2_ws/src/install/my_msg_srv/include/my_msg_srv/my_msg_srv/srv/detail/add_three_nums__builder.hpp
[14.880s] -- Installing: /home/aniketh05/my_ros2_ws/src/install/my_msg_srv/include/my_msg_srv/my_msg_srv/srv/detail/add_three_nums__struct.hpp
[14.880s] -- Installing: /home/aniketh05/my_ros2_ws/src/install/my_msg_srv/include/my_msg_srv/my_msg_srv/srv/detail/add_three_nums__traits.hpp
[14.880s] -- Installing: /home/aniketh05/my_ros2_ws/src/install/my_msg_srv/include/my_msg_srv/my_msg_srv/srv/detail/add_three_nums__type_support.hpp
[14.881s] -- Up-to-date: /home/aniketh05/my_ros2_ws/src/install/my_msg_srv/include/my_msg_srv/my_msg_srv/msg
[14.881s] -- Up-to-date: /home/aniketh05/my_ros2_ws/src/install/my_msg_srv/include/my_msg_srv/my_msg_srv/msg/detail
[14.881s] -- Installing: /home/aniketh05/my_ros2_ws/src/install/my_msg_srv/include/my_msg_srv/my_msg_srv/msg/detail/my_msg__struct.hpp
[14.881s] -- Installing: /home/aniketh05/my_ros2_ws/src/install/my_msg_srv/include/my_msg_srv/my_msg_srv/msg/detail/my_msg__type_support.hpp
[14.881s] -- Installing: /home/aniketh05/my_ros2_ws/src/install/my_msg_srv/include/my_msg_srv/my_msg_srv/msg/detail/sphere__traits.hpp
[14.881s] -- Installing: /home/aniketh05/my_ros2_ws/src/install/my_msg_srv/include/my_msg_srv/my_msg_srv/msg/detail/my_msg__traits.hpp
[14.881s] -- Installing: /home/aniketh05/my_ros2_ws/src/install/my_msg_srv/include/my_msg_srv/my_msg_srv/msg/detail/sphere__struct.hpp
[14.881s] -- Installing: /home/aniketh05/my_ros2_ws/src/install/my_msg_srv/include/my_msg_srv/my_msg_srv/msg/detail/sphere__type_support.hpp
[14.881s] -- Installing: /home/aniketh05/my_ros2_ws/src/install/my_msg_srv/include/my_msg_srv/my_msg_srv/msg/detail/my_msg__builder.hpp
[14.881s] -- Installing: /home/aniketh05/my_ros2_ws/src/install/my_msg_srv/include/my_msg_srv/my_msg_srv/msg/detail/sphere__builder.hpp
[14.881s] -- Installing: /home/aniketh05/my_ros2_ws/src/install/my_msg_srv/include/my_msg_srv/my_msg_srv/msg/rosidl_generator_cpp__visibility_control.hpp
[14.882s] -- Installing: /home/aniketh05/my_ros2_ws/src/install/my_msg_srv/include/my_msg_srv/my_msg_srv/msg/sphere.hpp
[14.882s] -- Installing: /home/aniketh05/my_ros2_ws/src/install/my_msg_srv/include/my_msg_srv/my_msg_srv/msg/my_msg.hpp
[14.882s] -- Up-to-date: /home/aniketh05/my_ros2_ws/src/install/my_msg_srv/include/my_msg_srv/my_msg_srv
[14.882s] -- Up-to-date: /home/aniketh05/my_ros2_ws/src/install/my_msg_srv/include/my_msg_srv/my_msg_srv/srv
[14.882s] -- Up-to-date: /home/aniketh05/my_ros2_ws/src/install/my_msg_srv/include/my_msg_srv/my_msg_srv/srv/detail
[14.882s] -- Installing: /home/aniketh05/my_ros2_ws/src/install/my_msg_srv/include/my_msg_srv/my_msg_srv/srv/detail/dds_fastrtps
[14.884s] -- Installing: /home/aniketh05/my_ros2_ws/src/install/my_msg_srv/include/my_msg_srv/my_msg_srv/srv/detail/add_three_nums__rosidl_typesupport_fastrtps_cpp.hpp
[14.884s] -- Up-to-date: /home/aniketh05/my_ros2_ws/src/install/my_msg_srv/include/my_msg_srv/my_msg_srv/msg
[14.884s] -- Installing: /home/aniketh05/my_ros2_ws/src/install/my_msg_srv/include/my_msg_srv/my_msg_srv/msg/rosidl_typesupport_fastrtps_cpp__visibility_control.h
[14.884s] -- Up-to-date: /home/aniketh05/my_ros2_ws/src/install/my_msg_srv/include/my_msg_srv/my_msg_srv/msg/detail
[14.884s] -- Installing: /home/aniketh05/my_ros2_ws/src/install/my_msg_srv/include/my_msg_srv/my_msg_srv/msg/detail/my_msg__rosidl_typesupport_fastrtps_cpp.hpp
[14.885s] -- Installing: /home/aniketh05/my_ros2_ws/src/install/my_msg_srv/include/my_msg_srv/my_msg_srv/msg/detail/dds_fastrtps
[14.885s] -- Installing: /home/aniketh05/my_ros2_ws/src/install/my_msg_srv/include/my_msg_srv/my_msg_srv/msg/detail/sphere__rosidl_typesupport_fastrtps_cpp.hpp
[14.885s] -- Installing: /home/aniketh05/my_ros2_ws/src/install/my_msg_srv/lib/libmy_msg_srv__rosidl_typesupport_fastrtps_cpp.so
[14.885s] -- Set runtime path of "/home/aniketh05/my_ros2_ws/src/install/my_msg_srv/lib/libmy_msg_srv__rosidl_typesupport_fastrtps_cpp.so" to ""
[14.885s] -- Up-to-date: /home/aniketh05/my_ros2_ws/src/install/my_msg_srv/include/my_msg_srv/my_msg_srv
[14.886s] -- Up-to-date: /home/aniketh05/my_ros2_ws/src/install/my_msg_srv/include/my_msg_srv/my_msg_srv/srv
[14.886s] -- Up-to-date: /home/aniketh05/my_ros2_ws/src/install/my_msg_srv/include/my_msg_srv/my_msg_srv/srv/detail
[14.886s] -- Installing: /home/aniketh05/my_ros2_ws/src/install/my_msg_srv/include/my_msg_srv/my_msg_srv/srv/detail/add_three_nums__rosidl_typesupport_introspection_cpp.hpp
[14.886s] -- Installing: /home/aniketh05/my_ros2_ws/src/install/my_msg_srv/include/my_msg_srv/my_msg_srv/srv/detail/add_three_nums__type_support.cpp
[14.887s] -- Up-to-date: /home/aniketh05/my_ros2_ws/src/install/my_msg_srv/include/my_msg_srv/my_msg_srv/msg
[14.888s] -- Up-to-date: /home/aniketh05/my_ros2_ws/src/install/my_msg_srv/include/my_msg_srv/my_msg_srv/msg/detail
[14.889s] -- Installing: /home/aniketh05/my_ros2_ws/src/install/my_msg_srv/include/my_msg_srv/my_msg_srv/msg/detail/my_msg__type_support.cpp
[14.889s] -- Installing: /home/aniketh05/my_ros2_ws/src/install/my_msg_srv/include/my_msg_srv/my_msg_srv/msg/detail/sphere__type_support.cpp
[14.889s] -- Installing: /home/aniketh05/my_ros2_ws/src/install/my_msg_srv/include/my_msg_srv/my_msg_srv/msg/detail/sphere__rosidl_typesupport_introspection_cpp.hpp
[14.889s] -- Installing: /home/aniketh05/my_ros2_ws/src/install/my_msg_srv/include/my_msg_srv/my_msg_srv/msg/detail/my_msg__rosidl_typesupport_introspection_cpp.hpp
[14.889s] -- Installing: /home/aniketh05/my_ros2_ws/src/install/my_msg_srv/lib/libmy_msg_srv__rosidl_typesupport_introspection_cpp.so
[14.889s] -- Set runtime path of "/home/aniketh05/my_ros2_ws/src/install/my_msg_srv/lib/libmy_msg_srv__rosidl_typesupport_introspection_cpp.so" to ""
[14.889s] -- Installing: /home/aniketh05/my_ros2_ws/src/install/my_msg_srv/lib/libmy_msg_srv__rosidl_typesupport_cpp.so
[14.889s] -- Set runtime path of "/home/aniketh05/my_ros2_ws/src/install/my_msg_srv/lib/libmy_msg_srv__rosidl_typesupport_cpp.so" to ""
[14.889s] -- Installing: /home/aniketh05/my_ros2_ws/src/install/my_msg_srv/share/my_msg_srv/environment/pythonpath.sh
[14.890s] -- Installing: /home/aniketh05/my_ros2_ws/src/install/my_msg_srv/share/my_msg_srv/environment/pythonpath.dsv
[14.890s] -- Installing: /home/aniketh05/my_ros2_ws/src/install/my_msg_srv/local/lib/python3.10/dist-packages/my_msg_srv-0.0.0-py3.10.egg-info
[14.893s] -- Installing: /home/aniketh05/my_ros2_ws/src/install/my_msg_srv/local/lib/python3.10/dist-packages/my_msg_srv-0.0.0-py3.10.egg-info/SOURCES.txt
[14.894s] -- Installing: /home/aniketh05/my_ros2_ws/src/install/my_msg_srv/local/lib/python3.10/dist-packages/my_msg_srv-0.0.0-py3.10.egg-info/top_level.txt
[14.895s] -- Installing: /home/aniketh05/my_ros2_ws/src/install/my_msg_srv/local/lib/python3.10/dist-packages/my_msg_srv-0.0.0-py3.10.egg-info/PKG-INFO
[14.895s] -- Installing: /home/aniketh05/my_ros2_ws/src/install/my_msg_srv/local/lib/python3.10/dist-packages/my_msg_srv-0.0.0-py3.10.egg-info/dependency_links.txt
[14.896s] -- Installing: /home/aniketh05/my_ros2_ws/src/install/my_msg_srv/local/lib/python3.10/dist-packages/my_msg_srv
[14.896s] -- Installing: /home/aniketh05/my_ros2_ws/src/install/my_msg_srv/local/lib/python3.10/dist-packages/my_msg_srv/_my_msg_srv_s.ep.rosidl_typesupport_introspection_c.c
[14.896s] -- Installing: /home/aniketh05/my_ros2_ws/src/install/my_msg_srv/local/lib/python3.10/dist-packages/my_msg_srv/my_msg_srv_s__rosidl_typesupport_introspection_c.cpython-310-x86_64-linux-gnu.so
[14.897s] -- Installing: /home/aniketh05/my_ros2_ws/src/install/my_msg_srv/local/lib/python3.10/dist-packages/my_msg_srv/srv
[14.902s] -- Installing: /home/aniketh05/my_ros2_ws/src/install/my_msg_srv/local/lib/python3.10/dist-packages/my_msg_srv/srv/__init__.py
[14.902s] -- Installing: /home/aniketh05/my_ros2_ws/src/install/my_msg_srv/local/lib/python3.10/dist-packages/my_msg_srv/srv/_add_three_nums.py
[14.904s] -- Installing: /home/aniketh05/my_ros2_ws/src/install/my_msg_srv/local/lib/python3.10/dist-packages/my_msg_srv/srv/_add_three_nums_s.c
[14.904s] -- Installing: /home/aniketh05/my_ros2_ws/src/install/my_msg_srv/local/lib/python3.10/dist-packages/my_msg_srv/__init__.py
[14.907s] -- Installing: /home/aniketh05/my_ros2_ws/src/install/my_msg_srv/local/lib/python3.10/dist-packages/my_msg_srv/libmy_msg_srv__rosidl_generator_py.so
[14.907s] -- Installing: /home/aniketh05/my_ros2_ws/src/install/my_msg_srv/local/lib/python3.10/dist-packages/my_msg_srv/my_msg_srv_s__rosidl_typesupport_fastrtps_c.cpython-310-x86_64-linux-gnu.so
[14.907s] -- Installing: /home/aniketh05/my_ros2_ws/src/install/my_msg_srv/local/lib/python3.10/dist-packages/my_msg_srv/my_msg_srv_s__rosidl_typesupport_c.cpython-310-x86_64-linux-gnu.so
[14.909s] -- Installing: /home/aniketh05/my_ros2_ws/src/install/my_msg_srv/local/lib/python3.10/dist-packages/my_msg_srv/msg
[14.910s] -- Installing: /home/aniketh05/my_ros2_ws/src/install/my_msg_srv/local/lib/python3.10/dist-packages/my_msg_srv/msg/_my_msg_s.c
[14.910s] -- Installing: /home/aniketh05/my_ros2_ws/src/install/my_msg_srv/local/lib/python3.10/dist-packages/my_msg_srv/msg/_sphere.py
[14.910s] -- Installing: /home/aniketh05/my_ros2_ws/src/install/my_msg_srv/local/lib/python3.10/dist-packages/my_msg_srv/msg/__init__.py
[14.910s] -- Installing: /home/aniketh05/my_ros2_ws/src/install/my_msg_srv/local/lib/python3.10/dist-packages/my_msg_srv/msg/_sphere_s.c
[14.911s] -- Installing: /home/aniketh05/my_ros2_ws/src/install/my_msg_srv/local/lib/python3.10/dist-packages/my_msg_srv/msg/_my_msg.py
[14.912s] -- Installing: /home/aniketh05/my_ros2_ws/src/install/my_msg_srv/local/lib/python3.10/dist-packages/my_msg_srv/_my_msg_srv_s.ep.rosidl_typesupport_c.c
[14.913s] -- Installing: /home/aniketh05/my_ros2_ws/src/install/my_msg_srv/local/lib/python3.10/dist-packages/my_msg_srv/_my_msg_srv_s.ep.rosidl_typesupport_fastrtps_c.c
[15.013s] Listing '/home/aniketh05/my_ros2_ws/src/install/my_msg_srv/local/lib/python3.10/dist-packages/my_msg_srv'...
[15.013s] Compiling '/home/aniketh05/my_ros2_ws/src/install/my_msg_srv/local/lib/python3.10/dist-packages/my_msg_srv/__init__.py'...
[15.013s] Listing '/home/aniketh05/my_ros2_ws/src/install/my_msg_srv/local/lib/python3.10/dist-packages/my_msg_srv/msg'...
[15.014s] Compiling '/home/aniketh05/my_ros2_ws/src/install/my_msg_srv/local/lib/python3.10/dist-packages/my_msg_srv/msg/__init__.py'...
[15.014s] Compiling '/home/aniketh05/my_ros2_ws/src/install/my_msg_srv/local/lib/python3.10/dist-packages/my_msg_srv/msg/_my_msg.py'...
[15.014s] Compiling '/home/aniketh05/my_ros2_ws/src/install/my_msg_srv/local/lib/python3.10/dist-packages/my_msg_srv/msg/_sphere.py'...
[15.014s] Listing '/home/aniketh05/my_ros2_ws/src/install/my_msg_srv/local/lib/python3.10/dist-packages/my_msg_srv/srv'...
[15.014s] Compiling '/home/aniketh05/my_ros2_ws/src/install/my_msg_srv/local/lib/python3.10/dist-packages/my_msg_srv/srv/__init__.py'...
[15.014s] Compiling '/home/aniketh05/my_ros2_ws/src/install/my_msg_srv/local/lib/python3.10/dist-packages/my_msg_srv/srv/_add_three_nums.py'...
[15.021s] -- Installing: /home/aniketh05/my_ros2_ws/src/install/my_msg_srv/local/lib/python3.10/dist-packages/my_msg_srv/my_msg_srv_s__rosidl_typesupport_fastrtps_c.cpython-310-x86_64-linux-gnu.so
[15.022s] -- Set runtime path of "/home/aniketh05/my_ros2_ws/src/install/my_msg_srv/local/lib/python3.10/dist-packages/my_msg_srv/my_msg_srv_s__rosidl_typesupport_fastrtps_c.cpython-310-x86_64-linux-gnu.so" to ""
[15.022s] -- Installing: /home/aniketh05/my_ros2_ws/src/install/my_msg_srv/local/lib/python3.10/dist-packages/my_msg_srv/my_msg_srv_s__rosidl_typesupport_introspection_c.cpython-310-x86_64-linux-gnu.so
[15.023s] -- Set runtime path of "/home/aniketh05/my_ros2_ws/src/install/my_msg_srv/local/lib/python3.10/dist-packages/my_msg_srv/my_msg_srv_s__rosidl_typesupport_introspection_c.cpython-310-x86_64-linux-gnu.so" to ""
[15.023s] -- Installing: /home/aniketh05/my_ros2_ws/src/install/my_msg_srv/local/lib/python3.10/dist-packages/my_msg_srv/my_msg_srv_s__rosidl_typesupport_c.cpython-310-x86_64-linux-gnu.so
[15.024s] -- Set runtime path of "/home/aniketh05/my_ros2_ws/src/install/my_msg_srv/local/lib/python3.10/dist-packages/my_msg_srv/my_msg_srv_s__rosidl_typesupport_c.cpython-310-x86_64-linux-gnu.so" to ""
[15.024s] -- Installing: /home/aniketh05/my_ros2_ws/src/install/my_msg_srv/lib/libmy_msg_srv__rosidl_generator_py.so
[15.024s] -- Set runtime path of "/home/aniketh05/my_ros2_ws/src/install/my_msg_srv/lib/libmy_msg_srv__rosidl_generator_py.so" to ""
[15.024s] -- Installing: /home/aniketh05/my_ros2_ws/src/install/my_msg_srv/share/my_msg_srv/msg/MyMsg.idl
[15.025s] -- Installing: /home/aniketh05/my_ros2_ws/src/install/my_msg_srv/share/my_msg_srv/msg/Sphere.idl
[15.026s] -- Installing: /home/aniketh05/my_ros2_ws/src/install/my_msg_srv/share/my_msg_srv/srv/AddThreeNums.idl
[15.026s] -- Installing: /home/aniketh05/my_ros2_ws/src/install/my_msg_srv/share/my_msg_srv/msg/MyMsg.msg
[15.027s] -- Installing: /home/aniketh05/my_ros2_ws/src/install/my_msg_srv/share/my_msg_srv/msg/Sphere.msg
[15.027s] -- Installing: /home/aniketh05/my_ros2_ws/src/install/my_msg_srv/share/my_msg_srv/srv/AddThreeNums.srv
[15.027s] -- Installing: /home/aniketh05/my_ros2_ws/src/install/my_msg_srv/share/my_msg_srv/srv/AddThreeNums_Request.msg
[15.028s] -- Installing: /home/aniketh05/my_ros2_ws/src/install/my_msg_srv/share/my_msg_srv/srv/AddThreeNums_Response.msg
[15.028s] -- Installing: /home/aniketh05/my_ros2_ws/src/install/my_msg_srv/share/ament_index/resource_index/package_run_dependencies/my_msg_srv
[15.028s] -- Installing: /home/aniketh05/my_ros2_ws/src/install/my_msg_srv/share/ament_index/resource_index/parent_prefix_path/my_msg_srv
[15.029s] -- Installing: /home/aniketh05/my_ros2_ws/src/install/my_msg_srv/share/my_msg_srv/environment/ament_prefix_path.sh
[15.029s] -- Installing: /home/aniketh05/my_ros2_ws/src/install/my_msg_srv/share/my_msg_srv/environment/ament_prefix_path.dsv
[15.029s] -- Installing: /home/aniketh05/my_ros2_ws/src/install/my_msg_srv/share/my_msg_srv/environment/path.sh
[15.030s] -- Installing: /home/aniketh05/my_ros2_ws/src/install/my_msg_srv/share/my_msg_srv/environment/path.dsv
[15.030s] -- Installing: /home/aniketh05/my_ros2_ws/src/install/my_msg_srv/share/my_msg_srv/local_setup.bash
[15.030s] -- Installing: /home/aniketh05/my_ros2_ws/src/install/my_msg_srv/share/my_msg_srv/local_setup.sh
[15.031s] -- Installing: /home/aniketh05/my_ros2_ws/src/install/my_msg_srv/share/my_msg_srv/local_setup.zsh
[15.031s] -- Installing: /home/aniketh05/my_ros2_ws/src/install/my_msg_srv/share/my_msg_srv/local_setup.dsv
[15.031s] -- Installing: /home/aniketh05/my_ros2_ws/src/install/my_msg_srv/share/my_msg_srv/package.dsv
[15.032s] -- Installing: /home/aniketh05/my_ros2_ws/src/install/my_msg_srv/share/ament_index/resource_index/packages/my_msg_srv
[15.032s] -- Installing: /home/aniketh05/my_ros2_ws/src/install/my_msg_srv/share/my_msg_srv/cmake/export_my_msg_srv__rosidl_generator_cExport.cmake
[15.032s] -- Installing: /home/aniketh05/my_ros2_ws/src/install/my_msg_srv/share/my_msg_srv/cmake/export_my_msg_srv__rosidl_generator_cExport-noconfig.cmake
[15.033s] -- Installing: /home/aniketh05/my_ros2_ws/src/install/my_msg_srv/share/my_msg_srv/cmake/export_my_msg_srv__rosidl_typesupport_fastrtps_cExport.cmake
[15.033s] -- Installing: /home/aniketh05/my_ros2_ws/src/install/my_msg_srv/share/my_msg_srv/cmake/export_my_msg_srv__rosidl_typesupport_fastrtps_cExport-noconfig.cmake
[15.033s] -- Installing: /home/aniketh05/my_ros2_ws/src/install/my_msg_srv/share/my_msg_srv/cmake/my_msg_srv__rosidl_typesupport_introspection_cExport.cmake
[15.033s] -- Installing: /home/aniketh05/my_ros2_ws/src/install/my_msg_srv/share/my_msg_srv/cmake/my_msg_srv__rosidl_typesupport_introspection_cExport-noconfig.cmake
[15.034s] -- Installing: /home/aniketh05/my_ros2_ws/src/install/my_msg_srv/share/my_msg_srv/cmake/my_msg_srv__rosidl_typesupport_cExport.cmake
[15.034s] -- Installing: /home/aniketh05/my_ros2_ws/src/install/my_msg_srv/share/my_msg_srv/cmake/my_msg_srv__rosidl_typesupport_cExport-noconfig.cmake
[15.035s] -- Installing: /home/aniketh05/my_ros2_ws/src/install/my_msg_srv/share/my_msg_srv/cmake/export_my_msg_srv__rosidl_generator_cppExport.cmake
[15.035s] -- Installing: /home/aniketh05/my_ros2_ws/src/install/my_msg_srv/share/my_msg_srv/cmake/export_my_msg_srv__rosidl_typesupport_fastrtps_cppExport.cmake
[15.036s] -- Installing: /home/aniketh05/my_ros2_ws/src/install/my_msg_srv/share/my_msg_srv/cmake/export_my_msg_srv__rosidl_typesupport_fastrtps_cppExport-noconfig.cmake
[15.036s] -- Installing: /home/aniketh05/my_ros2_ws/src/install/my_msg_srv/share/my_msg_srv/cmake/my_msg_srv__rosidl_typesupport_introspection_cppExport.cmake
[15.036s] -- Installing: /home/aniketh05/my_ros2_ws/src/install/my_msg_srv/share/my_msg_srv/cmake/my_msg_srv__rosidl_typesupport_introspection_cppExport-noconfig.cmake
[15.037s] -- Installing: /home/aniketh05/my_ros2_ws/src/install/my_msg_srv/share/my_msg_srv/cmake/my_msg_srv__rosidl_typesupport_cppExport.cmake
[15.037s] -- Installing: /home/aniketh05/my_ros2_ws/src/install/my_msg_srv/share/my_msg_srv/cmake/my_msg_srv__rosidl_typesupport_cppExport-noconfig.cmake
[15.038s] -- Installing: /home/aniketh05/my_ros2_ws/src/install/my_msg_srv/share/my_msg_srv/cmake/export_my_msg_srv__rosidl_generator_pyExport.cmake
[15.038s] -- Installing: /home/aniketh05/my_ros2_ws/src/install/my_msg_srv/share/my_msg_srv/cmake/export_my_msg_srv__rosidl_generator_pyExport-noconfig.cmake
[15.038s] -- Installing: /home/aniketh05/my_ros2_ws/src/install/my_msg_srv/share/my_msg_srv/cmake/rosidl_cmake-extras.cmake
[15.039s] -- Installing: /home/aniketh05/my_ros2_ws/src/install/my_msg_srv/share/my_msg_srv/cmake/ament_cmake_export_dependencies-extras.cmake
[15.039s] -- Installing: /home/aniketh05/my_ros2_ws/src/install/my_msg_srv/share/my_msg_srv/cmake/ament_cmake_export_include_directories-extras.cmake
[15.040s] -- Installing: /home/aniketh05/my_ros2_ws/src/install/my_msg_srv/share/my_msg_srv/cmake/ament_cmake_export_libraries-extras.cmake
[15.041s] -- Installing: /home/aniketh05/my_ros2_ws/src/install/my_msg_srv/share/my_msg_srv/cmake/ament_cmake_export_targets-extras.cmake
[15.042s] -- Installing: /home/aniketh05/my_ros2_ws/src/install/my_msg_srv/share/my_msg_srv/cmake/rosidl_cmake_export_typesupport_targets-extras.cmake
[15.042s] -- Installing: /home/aniketh05/my_ros2_ws/src/install/my_msg_srv/share/my_msg_srv/cmake/rosidl_cmake_export_typesupport_libraries-extras.cmake
[15.042s] -- Installing: /home/aniketh05/my_ros2_ws/src/install/my_msg_srv/share/my_msg_srv/cmake/my_msg_srvConfig.cmake
[15.042s] -- Installing: /home/aniketh05/my_ros2_ws/src/install/my_msg_srv/share/my_msg_srv/cmake/my_msg_srvConfig-version.cmake
[15.042s] -- Installing: /home/aniketh05/my_ros2_ws/src/install/my_msg_srv/share/my_msg_srv/package.xml
[15.047s] Invoked command in '/home/aniketh05/my_ros2_ws/src/build/my_msg_srv' returned '0': CMAKE_PREFIX_PATH=${CMAKE_PREFIX_PATH}:/home/aniketh05/my_ros2_ws/install/turtle_control:/home/aniketh05/my_ros2_ws/install/my_services:/home/aniketh05/my_ros2_ws/install/my_pkg_prac:/home/aniketh05/my_ros2_ws/install/my_pkg_01:/opt/ros/humble /usr/bin/cmake --install /home/aniketh05/my_ros2_ws/src/build/my_msg_srv
