[0.063s] Invoking command in '/home/aniketh05/my_ros2_ws/build/my_dd_robot': CMAKE_PREFIX_PATH=${CMAKE_PREFIX_PATH}:/home/aniketh05/my_ros2_ws/install/turtle_control:/home/aniketh05/my_ros2_ws/install/my_services:/home/aniketh05/my_ros2_ws/install/my_pkg_prac:/home/aniketh05/my_ros2_ws/install/my_pkg_01:/opt/ros/humble /usr/bin/cmake /home/aniketh05/my_ros2_ws/my_dd_robot -DCMAKE_INSTALL_PREFIX=/home/aniketh05/my_ros2_ws/install/my_dd_robot
[1.870s] -- The C compiler identification is GNU 11.4.0
[1.871s] -- The CXX compiler identification is GNU 11.4.0
[1.872s] -- Detecting C compiler ABI info
[1.872s] -- Detecting C compiler ABI info - done
[1.872s] -- Check for working C compiler: /usr/bin/cc - skipped
[1.875s] -- Detecting C compile features
[1.877s] -- Detecting C compile features - done
[1.877s] -- Detecting CXX compiler ABI info
[1.877s] -- Detecting CXX compiler ABI info - done
[1.878s] -- Check for working CXX compiler: /usr/bin/c++ - skipped
[1.878s] -- Detecting CXX compile features
[1.878s] -- Detecting CXX compile features - done
[1.878s] -- Found ament_cmake: 1.3.11 (/opt/ros/humble/share/ament_cmake/cmake)
[2.186s] -- Found Python3: /usr/bin/python3 (found version "3.10.12") found components: Interpreter 
[2.412s] -- Found ament_lint_auto: 0.12.12 (/opt/ros/humble/share/ament_lint_auto/cmake)
[2.598s] -- Added test 'flake8' to check Python code syntax and style conventions
[2.601s] -- Added test 'lint_cmake' to check CMake code style
[2.601s] -- Added test 'pep257' to check Python code against some of the docstring style conventions in PEP 257
[2.607s] -- Added test 'xmllint' to check XML markup files
[2.609s] -- Configuring done
[2.611s] -- Generating done
[2.615s] -- Build files have been written to: /home/aniketh05/my_ros2_ws/build/my_dd_robot
[2.621s] Invoked command in '/home/aniketh05/my_ros2_ws/build/my_dd_robot' returned '0': CMAKE_PREFIX_PATH=${CMAKE_PREFIX_PATH}:/home/aniketh05/my_ros2_ws/install/turtle_control:/home/aniketh05/my_ros2_ws/install/my_services:/home/aniketh05/my_ros2_ws/install/my_pkg_prac:/home/aniketh05/my_ros2_ws/install/my_pkg_01:/opt/ros/humble /usr/bin/cmake /home/aniketh05/my_ros2_ws/my_dd_robot -DCMAKE_INSTALL_PREFIX=/home/aniketh05/my_ros2_ws/install/my_dd_robot
[2.626s] Invoking command in '/home/aniketh05/my_ros2_ws/build/my_dd_robot': CMAKE_PREFIX_PATH=${CMAKE_PREFIX_PATH}:/home/aniketh05/my_ros2_ws/install/turtle_control:/home/aniketh05/my_ros2_ws/install/my_services:/home/aniketh05/my_ros2_ws/install/my_pkg_prac:/home/aniketh05/my_ros2_ws/install/my_pkg_01:/opt/ros/humble /usr/bin/cmake --build /home/aniketh05/my_ros2_ws/build/my_dd_robot -- -j12 -l12
[2.691s] Invoked command in '/home/aniketh05/my_ros2_ws/build/my_dd_robot' returned '0': CMAKE_PREFIX_PATH=${CMAKE_PREFIX_PATH}:/home/aniketh05/my_ros2_ws/install/turtle_control:/home/aniketh05/my_ros2_ws/install/my_services:/home/aniketh05/my_ros2_ws/install/my_pkg_prac:/home/aniketh05/my_ros2_ws/install/my_pkg_01:/opt/ros/humble /usr/bin/cmake --build /home/aniketh05/my_ros2_ws/build/my_dd_robot -- -j12 -l12
[2.715s] Invoking command in '/home/aniketh05/my_ros2_ws/build/my_dd_robot': CMAKE_PREFIX_PATH=${CMAKE_PREFIX_PATH}:/home/aniketh05/my_ros2_ws/install/turtle_control:/home/aniketh05/my_ros2_ws/install/my_services:/home/aniketh05/my_ros2_ws/install/my_pkg_prac:/home/aniketh05/my_ros2_ws/install/my_pkg_01:/opt/ros/humble /usr/bin/cmake --install /home/aniketh05/my_ros2_ws/build/my_dd_robot
[2.730s] -- Install configuration: ""
[2.731s] -- Installing: /home/aniketh05/my_ros2_ws/install/my_dd_robot/share/ament_index/resource_index/package_run_dependencies/my_dd_robot
[2.732s] -- Installing: /home/aniketh05/my_ros2_ws/install/my_dd_robot/share/ament_index/resource_index/parent_prefix_path/my_dd_robot
[2.733s] -- Installing: /home/aniketh05/my_ros2_ws/install/my_dd_robot/share/my_dd_robot/environment/ament_prefix_path.sh
[2.734s] -- Installing: /home/aniketh05/my_ros2_ws/install/my_dd_robot/share/my_dd_robot/environment/ament_prefix_path.dsv
[2.734s] -- Installing: /home/aniketh05/my_ros2_ws/install/my_dd_robot/share/my_dd_robot/environment/path.sh
[2.735s] -- Installing: /home/aniketh05/my_ros2_ws/install/my_dd_robot/share/my_dd_robot/environment/path.dsv
[2.736s] -- Installing: /home/aniketh05/my_ros2_ws/install/my_dd_robot/share/my_dd_robot/local_setup.bash
[2.736s] -- Installing: /home/aniketh05/my_ros2_ws/install/my_dd_robot/share/my_dd_robot/local_setup.sh
[2.737s] -- Installing: /home/aniketh05/my_ros2_ws/install/my_dd_robot/share/my_dd_robot/local_setup.zsh
[2.737s] -- Installing: /home/aniketh05/my_ros2_ws/install/my_dd_robot/share/my_dd_robot/local_setup.dsv
[2.738s] -- Installing: /home/aniketh05/my_ros2_ws/install/my_dd_robot/share/my_dd_robot/package.dsv
[2.738s] -- Installing: /home/aniketh05/my_ros2_ws/install/my_dd_robot/share/ament_index/resource_index/packages/my_dd_robot
[2.738s] -- Installing: /home/aniketh05/my_ros2_ws/install/my_dd_robot/share/my_dd_robot/cmake/my_dd_robotConfig.cmake
[2.739s] -- Installing: /home/aniketh05/my_ros2_ws/install/my_dd_robot/share/my_dd_robot/cmake/my_dd_robotConfig-version.cmake
[2.740s] -- Installing: /home/aniketh05/my_ros2_ws/install/my_dd_robot/share/my_dd_robot/package.xml
[2.745s] Invoked command in '/home/aniketh05/my_ros2_ws/build/my_dd_robot' returned '0': CMAKE_PREFIX_PATH=${CMAKE_PREFIX_PATH}:/home/aniketh05/my_ros2_ws/install/turtle_control:/home/aniketh05/my_ros2_ws/install/my_services:/home/aniketh05/my_ros2_ws/install/my_pkg_prac:/home/aniketh05/my_ros2_ws/install/my_pkg_01:/opt/ros/humble /usr/bin/cmake --install /home/aniketh05/my_ros2_ws/build/my_dd_robot
