[1.919s] Invoking command in '/home/aniketh05/my_ros2_ws/build/turtle_control': PYTHONPATH=/home/aniketh05/my_ros2_ws/build/turtle_control/prefix_override:/usr/lib/python3/dist-packages/colcon_core/task/python/colcon_distutils_commands:/home/aniketh05/my_ros2_ws/install/turtle_control/lib/python3.10/site-packages:${PYTHONPATH} /usr/bin/python3 -W ignore:setup.py install is deprecated -W ignore:easy_install command is deprecated setup.py develop --editable --build-directory /home/aniketh05/my_ros2_ws/build/turtle_control/build --no-deps symlink_data --force
[2.401s] running develop
[2.488s] /home/aniketh05/.local/lib/python3.10/site-packages/pkg_resources/__init__.py:116: PkgResourcesDeprecationWarning: 2.0.5-build-libtorrent-rasterbar-qrM5vM-libtorrent-rasterbar-2.0.5-bindings-python is an invalid version and will not be supported in a future release
[2.488s]   warnings.warn(
[2.665s] running egg_info
[2.665s] writing turtle_control.egg-info/PKG-INFO
[2.665s] writing dependency_links to turtle_control.egg-info/dependency_links.txt
[2.666s] writing entry points to turtle_control.egg-info/entry_points.txt
[2.666s] writing requirements to turtle_control.egg-info/requires.txt
[2.667s] writing top-level names to turtle_control.egg-info/top_level.txt
[2.669s] reading manifest file 'turtle_control.egg-info/SOURCES.txt'
[2.671s] writing manifest file 'turtle_control.egg-info/SOURCES.txt'
[2.673s] running build_ext
[2.674s] Creating /home/aniketh05/my_ros2_ws/install/turtle_control/lib/python3.10/site-packages/turtle-control.egg-link (link to .)
[2.675s] Installing pub_sub script to /home/aniketh05/my_ros2_ws/install/turtle_control/lib/turtle_control
[2.675s] Installing turtle_publisher script to /home/aniketh05/my_ros2_ws/install/turtle_control/lib/turtle_control
[2.675s] Installing turtle_subscriber script to /home/aniketh05/my_ros2_ws/install/turtle_control/lib/turtle_control
[2.675s] 
[2.675s] Installed /home/aniketh05/my_ros2_ws/build/turtle_control
[2.676s] running symlink_data
[2.676s] symbolically linking /home/aniketh05/my_ros2_ws/build/turtle_control/resource/turtle_control -> /home/aniketh05/my_ros2_ws/install/turtle_control/share/ament_index/resource_index/packages
[2.676s] symbolically linking /home/aniketh05/my_ros2_ws/build/turtle_control/package.xml -> /home/aniketh05/my_ros2_ws/install/turtle_control/share/turtle_control
[2.730s] Invoked command in '/home/aniketh05/my_ros2_ws/build/turtle_control' returned '0': PYTHONPATH=/home/aniketh05/my_ros2_ws/build/turtle_control/prefix_override:/usr/lib/python3/dist-packages/colcon_core/task/python/colcon_distutils_commands:/home/aniketh05/my_ros2_ws/install/turtle_control/lib/python3.10/site-packages:${PYTHONPATH} /usr/bin/python3 -W ignore:setup.py install is deprecated -W ignore:easy_install command is deprecated setup.py develop --editable --build-directory /home/aniketh05/my_ros2_ws/build/turtle_control/build --no-deps symlink_data --force
