[0.158s] DEBUG:colcon:Command line arguments: ['/usr/bin/colcon', 'build', '--symlink-install']
[0.158s] DEBUG:colcon:Parsed command line arguments: Namespace(log_base=None, log_level=None, verb_name='build', build_base='build', install_base='install', merge_install=False, symlink_install=True, test_result_base=None, continue_on_error=False, executor='parallel', parallel_workers=12, event_handlers=None, ignore_user_meta=False, metas=['./colcon.meta'], base_paths=['.'], packages_ignore=None, packages_ignore_regex=None, paths=None, packages_up_to=None, packages_up_to_regex=None, packages_above=None, packages_above_and_dependencies=None, packages_above_depth=None, packages_select_by_dep=None, packages_skip_by_dep=None, packages_skip_up_to=None, packages_select_build_failed=False, packages_skip_build_finished=False, packages_select_test_failures=False, packages_skip_test_passed=False, packages_select=None, packages_skip=None, packages_select_regex=None, packages_skip_regex=None, packages_start=None, packages_end=None, allow_overriding=[], cmake_args=None, cmake_target=None, cmake_target_skip_unavailable=False, cmake_clean_cache=False, cmake_clean_first=False, cmake_force_configure=False, ament_cmake_args=None, catkin_cmake_args=None, catkin_skip_building_tests=False, mixin_files=None, mixin=None, verb_parser=<colcon_mixin.mixin.mixin_argument.MixinArgumentDecorator object at 0x7f10f55509a0>, verb_extension=<colcon_core.verb.build.BuildVerb object at 0x7f10f5550430>, main=<bound method BuildVerb.main of <colcon_core.verb.build.BuildVerb object at 0x7f10f5550430>>, mixin_verb=('build',))
[0.283s] Level 1:colcon.colcon_core.package_discovery:discover_packages(colcon_meta) check parameters
[0.283s] Level 1:colcon.colcon_core.package_discovery:discover_packages(recursive) check parameters
[0.283s] Level 1:colcon.colcon_core.package_discovery:discover_packages(ignore) check parameters
[0.283s] Level 1:colcon.colcon_core.package_discovery:discover_packages(path) check parameters
[0.283s] Level 1:colcon.colcon_core.package_discovery:discover_packages(colcon_meta) discover
[0.283s] Level 1:colcon.colcon_core.package_discovery:discover_packages(recursive) discover
[0.283s] INFO:colcon.colcon_core.package_discovery:Crawling recursively for packages in '/home/aniketh05/my_ros2_ws/src'
[0.283s] Level 1:colcon.colcon_core.package_identification:_identify(.) by extensions ['ignore', 'ignore_ament_install']
[0.283s] Level 1:colcon.colcon_core.package_identification:_identify(.) by extension 'ignore'
[0.283s] Level 1:colcon.colcon_core.package_identification:_identify(.) by extension 'ignore_ament_install'
[0.283s] Level 1:colcon.colcon_core.package_identification:_identify(.) by extensions ['colcon_pkg']
[0.283s] Level 1:colcon.colcon_core.package_identification:_identify(.) by extension 'colcon_pkg'
[0.283s] Level 1:colcon.colcon_core.package_identification:_identify(.) by extensions ['colcon_meta']
[0.283s] Level 1:colcon.colcon_core.package_identification:_identify(.) by extension 'colcon_meta'
[0.283s] Level 1:colcon.colcon_core.package_identification:_identify(.) by extensions ['ros']
[0.283s] Level 1:colcon.colcon_core.package_identification:_identify(.) by extension 'ros'
[0.298s] Level 1:colcon.colcon_core.package_identification:_identify(.) by extensions ['cmake', 'python']
[0.298s] Level 1:colcon.colcon_core.package_identification:_identify(.) by extension 'cmake'
[0.298s] Level 1:colcon.colcon_core.package_identification:_identify(.) by extension 'python'
[0.299s] Level 1:colcon.colcon_core.package_identification:_identify(.) by extensions ['python_setup_py']
[0.299s] Level 1:colcon.colcon_core.package_identification:_identify(.) by extension 'python_setup_py'
[0.299s] Level 1:colcon.colcon_core.package_identification:_identify(build) by extensions ['ignore', 'ignore_ament_install']
[0.299s] Level 1:colcon.colcon_core.package_identification:_identify(build) by extension 'ignore'
[0.299s] Level 1:colcon.colcon_core.package_identification:_identify(build) ignored
[0.299s] Level 1:colcon.colcon_core.package_identification:_identify(install) by extensions ['ignore', 'ignore_ament_install']
[0.299s] Level 1:colcon.colcon_core.package_identification:_identify(install) by extension 'ignore'
[0.299s] Level 1:colcon.colcon_core.package_identification:_identify(install) ignored
[0.299s] Level 1:colcon.colcon_core.package_identification:_identify(log) by extensions ['ignore', 'ignore_ament_install']
[0.299s] Level 1:colcon.colcon_core.package_identification:_identify(log) by extension 'ignore'
[0.299s] Level 1:colcon.colcon_core.package_identification:_identify(log) ignored
[0.299s] Level 1:colcon.colcon_core.package_identification:_identify(my_msgs) by extensions ['ignore', 'ignore_ament_install']
[0.299s] Level 1:colcon.colcon_core.package_identification:_identify(my_msgs) by extension 'ignore'
[0.299s] Level 1:colcon.colcon_core.package_identification:_identify(my_msgs) by extension 'ignore_ament_install'
[0.299s] Level 1:colcon.colcon_core.package_identification:_identify(my_msgs) by extensions ['colcon_pkg']
[0.299s] Level 1:colcon.colcon_core.package_identification:_identify(my_msgs) by extension 'colcon_pkg'
[0.299s] Level 1:colcon.colcon_core.package_identification:_identify(my_msgs) by extensions ['colcon_meta']
[0.299s] Level 1:colcon.colcon_core.package_identification:_identify(my_msgs) by extension 'colcon_meta'
[0.299s] Level 1:colcon.colcon_core.package_identification:_identify(my_msgs) by extensions ['ros']
[0.299s] Level 1:colcon.colcon_core.package_identification:_identify(my_msgs) by extension 'ros'
[0.301s] DEBUG:colcon.colcon_core.package_identification:Package 'my_msgs' with type 'ros.ament_cmake' and name 'my_msgs'
[0.301s] Level 1:colcon.colcon_core.package_identification:_identify(my_pkg_01) by extensions ['ignore', 'ignore_ament_install']
[0.301s] Level 1:colcon.colcon_core.package_identification:_identify(my_pkg_01) by extension 'ignore'
[0.301s] Level 1:colcon.colcon_core.package_identification:_identify(my_pkg_01) by extension 'ignore_ament_install'
[0.301s] Level 1:colcon.colcon_core.package_identification:_identify(my_pkg_01) by extensions ['colcon_pkg']
[0.301s] Level 1:colcon.colcon_core.package_identification:_identify(my_pkg_01) by extension 'colcon_pkg'
[0.301s] Level 1:colcon.colcon_core.package_identification:_identify(my_pkg_01) by extensions ['colcon_meta']
[0.301s] Level 1:colcon.colcon_core.package_identification:_identify(my_pkg_01) by extension 'colcon_meta'
[0.302s] Level 1:colcon.colcon_core.package_identification:_identify(my_pkg_01) by extensions ['ros']
[0.302s] Level 1:colcon.colcon_core.package_identification:_identify(my_pkg_01) by extension 'ros'
[0.302s] DEBUG:colcon.colcon_core.package_identification:Package 'my_pkg_01' with type 'ros.ament_python' and name 'my_pkg_01'
[0.302s] Level 1:colcon.colcon_core.package_identification:_identify(my_pkg_prac) by extensions ['ignore', 'ignore_ament_install']
[0.302s] Level 1:colcon.colcon_core.package_identification:_identify(my_pkg_prac) by extension 'ignore'
[0.302s] Level 1:colcon.colcon_core.package_identification:_identify(my_pkg_prac) by extension 'ignore_ament_install'
[0.302s] Level 1:colcon.colcon_core.package_identification:_identify(my_pkg_prac) by extensions ['colcon_pkg']
[0.302s] Level 1:colcon.colcon_core.package_identification:_identify(my_pkg_prac) by extension 'colcon_pkg'
[0.302s] Level 1:colcon.colcon_core.package_identification:_identify(my_pkg_prac) by extensions ['colcon_meta']
[0.302s] Level 1:colcon.colcon_core.package_identification:_identify(my_pkg_prac) by extension 'colcon_meta'
[0.302s] Level 1:colcon.colcon_core.package_identification:_identify(my_pkg_prac) by extensions ['ros']
[0.302s] Level 1:colcon.colcon_core.package_identification:_identify(my_pkg_prac) by extension 'ros'
[0.303s] DEBUG:colcon.colcon_core.package_identification:Package 'my_pkg_prac' with type 'ros.ament_python' and name 'my_pkg_prac'
[0.303s] Level 1:colcon.colcon_core.package_identification:_identify(my_services) by extensions ['ignore', 'ignore_ament_install']
[0.303s] Level 1:colcon.colcon_core.package_identification:_identify(my_services) by extension 'ignore'
[0.303s] Level 1:colcon.colcon_core.package_identification:_identify(my_services) by extension 'ignore_ament_install'
[0.303s] Level 1:colcon.colcon_core.package_identification:_identify(my_services) by extensions ['colcon_pkg']
[0.303s] Level 1:colcon.colcon_core.package_identification:_identify(my_services) by extension 'colcon_pkg'
[0.303s] Level 1:colcon.colcon_core.package_identification:_identify(my_services) by extensions ['colcon_meta']
[0.303s] Level 1:colcon.colcon_core.package_identification:_identify(my_services) by extension 'colcon_meta'
[0.303s] Level 1:colcon.colcon_core.package_identification:_identify(my_services) by extensions ['ros']
[0.303s] Level 1:colcon.colcon_core.package_identification:_identify(my_services) by extension 'ros'
[0.304s] DEBUG:colcon.colcon_core.package_identification:Package 'my_services' with type 'ros.ament_python' and name 'my_services'
[0.304s] Level 1:colcon.colcon_core.package_identification:_identify(turtle_control) by extensions ['ignore', 'ignore_ament_install']
[0.304s] Level 1:colcon.colcon_core.package_identification:_identify(turtle_control) by extension 'ignore'
[0.304s] Level 1:colcon.colcon_core.package_identification:_identify(turtle_control) by extension 'ignore_ament_install'
[0.304s] Level 1:colcon.colcon_core.package_identification:_identify(turtle_control) by extensions ['colcon_pkg']
[0.304s] Level 1:colcon.colcon_core.package_identification:_identify(turtle_control) by extension 'colcon_pkg'
[0.304s] Level 1:colcon.colcon_core.package_identification:_identify(turtle_control) by extensions ['colcon_meta']
[0.304s] Level 1:colcon.colcon_core.package_identification:_identify(turtle_control) by extension 'colcon_meta'
[0.304s] Level 1:colcon.colcon_core.package_identification:_identify(turtle_control) by extensions ['ros']
[0.304s] Level 1:colcon.colcon_core.package_identification:_identify(turtle_control) by extension 'ros'
[0.304s] DEBUG:colcon.colcon_core.package_identification:Package 'turtle_control' with type 'ros.ament_python' and name 'turtle_control'
[0.304s] Level 1:colcon.colcon_core.package_discovery:discover_packages(recursive) using defaults
[0.304s] Level 1:colcon.colcon_core.package_discovery:discover_packages(ignore) discover
[0.304s] Level 1:colcon.colcon_core.package_discovery:discover_packages(ignore) using defaults
[0.304s] Level 1:colcon.colcon_core.package_discovery:discover_packages(path) discover
[0.304s] Level 1:colcon.colcon_core.package_discovery:discover_packages(path) using defaults
[0.319s] Level 1:colcon.colcon_core.package_discovery:discover_packages(prefix_path) check parameters
[0.319s] Level 1:colcon.colcon_core.package_discovery:discover_packages(prefix_path) discover
[0.320s] DEBUG:colcon.colcon_installed_package_information.package_discovery:Found 6 installed packages in /home/aniketh05/my_ros2_ws/src/install
[0.321s] DEBUG:colcon.colcon_installed_package_information.package_discovery:Found 4 installed packages in /home/aniketh05/my_ros2_ws/install
[0.321s] DEBUG:colcon.colcon_installed_package_information.package_discovery:Found 295 installed packages in /opt/ros/humble
[0.323s] Level 1:colcon.colcon_core.package_discovery:discover_packages(prefix_path) using defaults
[0.346s] Level 5:colcon.colcon_core.verb:set package 'my_msgs' build argument 'cmake_args' from command line to 'None'
[0.346s] Level 5:colcon.colcon_core.verb:set package 'my_msgs' build argument 'cmake_target' from command line to 'None'
[0.346s] Level 5:colcon.colcon_core.verb:set package 'my_msgs' build argument 'cmake_target_skip_unavailable' from command line to 'False'
[0.346s] Level 5:colcon.colcon_core.verb:set package 'my_msgs' build argument 'cmake_clean_cache' from command line to 'False'
[0.346s] Level 5:colcon.colcon_core.verb:set package 'my_msgs' build argument 'cmake_clean_first' from command line to 'False'
[0.347s] Level 5:colcon.colcon_core.verb:set package 'my_msgs' build argument 'cmake_force_configure' from command line to 'False'
[0.347s] Level 5:colcon.colcon_core.verb:set package 'my_msgs' build argument 'ament_cmake_args' from command line to 'None'
[0.347s] Level 5:colcon.colcon_core.verb:set package 'my_msgs' build argument 'catkin_cmake_args' from command line to 'None'
[0.347s] Level 5:colcon.colcon_core.verb:set package 'my_msgs' build argument 'catkin_skip_building_tests' from command line to 'False'
[0.347s] DEBUG:colcon.colcon_core.verb:Building package 'my_msgs' with the following arguments: {'ament_cmake_args': None, 'build_base': '/home/aniketh05/my_ros2_ws/src/build/my_msgs', 'catkin_cmake_args': None, 'catkin_skip_building_tests': False, 'cmake_args': None, 'cmake_clean_cache': False, 'cmake_clean_first': False, 'cmake_force_configure': False, 'cmake_target': None, 'cmake_target_skip_unavailable': False, 'install_base': '/home/aniketh05/my_ros2_ws/src/install/my_msgs', 'merge_install': False, 'path': '/home/aniketh05/my_ros2_ws/src/my_msgs', 'symlink_install': True, 'test_result_base': None}
[0.347s] Level 5:colcon.colcon_core.verb:set package 'my_pkg_01' build argument 'cmake_args' from command line to 'None'
[0.347s] Level 5:colcon.colcon_core.verb:set package 'my_pkg_01' build argument 'cmake_target' from command line to 'None'
[0.347s] Level 5:colcon.colcon_core.verb:set package 'my_pkg_01' build argument 'cmake_target_skip_unavailable' from command line to 'False'
[0.347s] Level 5:colcon.colcon_core.verb:set package 'my_pkg_01' build argument 'cmake_clean_cache' from command line to 'False'
[0.347s] Level 5:colcon.colcon_core.verb:set package 'my_pkg_01' build argument 'cmake_clean_first' from command line to 'False'
[0.347s] Level 5:colcon.colcon_core.verb:set package 'my_pkg_01' build argument 'cmake_force_configure' from command line to 'False'
[0.347s] Level 5:colcon.colcon_core.verb:set package 'my_pkg_01' build argument 'ament_cmake_args' from command line to 'None'
[0.347s] Level 5:colcon.colcon_core.verb:set package 'my_pkg_01' build argument 'catkin_cmake_args' from command line to 'None'
[0.347s] Level 5:colcon.colcon_core.verb:set package 'my_pkg_01' build argument 'catkin_skip_building_tests' from command line to 'False'
[0.347s] DEBUG:colcon.colcon_core.verb:Building package 'my_pkg_01' with the following arguments: {'ament_cmake_args': None, 'build_base': '/home/aniketh05/my_ros2_ws/src/build/my_pkg_01', 'catkin_cmake_args': None, 'catkin_skip_building_tests': False, 'cmake_args': None, 'cmake_clean_cache': False, 'cmake_clean_first': False, 'cmake_force_configure': False, 'cmake_target': None, 'cmake_target_skip_unavailable': False, 'install_base': '/home/aniketh05/my_ros2_ws/src/install/my_pkg_01', 'merge_install': False, 'path': '/home/aniketh05/my_ros2_ws/src/my_pkg_01', 'symlink_install': True, 'test_result_base': None}
[0.347s] Level 5:colcon.colcon_core.verb:set package 'my_pkg_prac' build argument 'cmake_args' from command line to 'None'
[0.347s] Level 5:colcon.colcon_core.verb:set package 'my_pkg_prac' build argument 'cmake_target' from command line to 'None'
[0.347s] Level 5:colcon.colcon_core.verb:set package 'my_pkg_prac' build argument 'cmake_target_skip_unavailable' from command line to 'False'
[0.347s] Level 5:colcon.colcon_core.verb:set package 'my_pkg_prac' build argument 'cmake_clean_cache' from command line to 'False'
[0.347s] Level 5:colcon.colcon_core.verb:set package 'my_pkg_prac' build argument 'cmake_clean_first' from command line to 'False'
[0.347s] Level 5:colcon.colcon_core.verb:set package 'my_pkg_prac' build argument 'cmake_force_configure' from command line to 'False'
[0.347s] Level 5:colcon.colcon_core.verb:set package 'my_pkg_prac' build argument 'ament_cmake_args' from command line to 'None'
[0.347s] Level 5:colcon.colcon_core.verb:set package 'my_pkg_prac' build argument 'catkin_cmake_args' from command line to 'None'
[0.347s] Level 5:colcon.colcon_core.verb:set package 'my_pkg_prac' build argument 'catkin_skip_building_tests' from command line to 'False'
[0.347s] DEBUG:colcon.colcon_core.verb:Building package 'my_pkg_prac' with the following arguments: {'ament_cmake_args': None, 'build_base': '/home/aniketh05/my_ros2_ws/src/build/my_pkg_prac', 'catkin_cmake_args': None, 'catkin_skip_building_tests': False, 'cmake_args': None, 'cmake_clean_cache': False, 'cmake_clean_first': False, 'cmake_force_configure': False, 'cmake_target': None, 'cmake_target_skip_unavailable': False, 'install_base': '/home/aniketh05/my_ros2_ws/src/install/my_pkg_prac', 'merge_install': False, 'path': '/home/aniketh05/my_ros2_ws/src/my_pkg_prac', 'symlink_install': True, 'test_result_base': None}
[0.348s] Level 5:colcon.colcon_core.verb:set package 'my_services' build argument 'cmake_args' from command line to 'None'
[0.348s] Level 5:colcon.colcon_core.verb:set package 'my_services' build argument 'cmake_target' from command line to 'None'
[0.348s] Level 5:colcon.colcon_core.verb:set package 'my_services' build argument 'cmake_target_skip_unavailable' from command line to 'False'
[0.348s] Level 5:colcon.colcon_core.verb:set package 'my_services' build argument 'cmake_clean_cache' from command line to 'False'
[0.348s] Level 5:colcon.colcon_core.verb:set package 'my_services' build argument 'cmake_clean_first' from command line to 'False'
[0.348s] Level 5:colcon.colcon_core.verb:set package 'my_services' build argument 'cmake_force_configure' from command line to 'False'
[0.348s] Level 5:colcon.colcon_core.verb:set package 'my_services' build argument 'ament_cmake_args' from command line to 'None'
[0.348s] Level 5:colcon.colcon_core.verb:set package 'my_services' build argument 'catkin_cmake_args' from command line to 'None'
[0.348s] Level 5:colcon.colcon_core.verb:set package 'my_services' build argument 'catkin_skip_building_tests' from command line to 'False'
[0.348s] DEBUG:colcon.colcon_core.verb:Building package 'my_services' with the following arguments: {'ament_cmake_args': None, 'build_base': '/home/aniketh05/my_ros2_ws/src/build/my_services', 'catkin_cmake_args': None, 'catkin_skip_building_tests': False, 'cmake_args': None, 'cmake_clean_cache': False, 'cmake_clean_first': False, 'cmake_force_configure': False, 'cmake_target': None, 'cmake_target_skip_unavailable': False, 'install_base': '/home/aniketh05/my_ros2_ws/src/install/my_services', 'merge_install': False, 'path': '/home/aniketh05/my_ros2_ws/src/my_services', 'symlink_install': True, 'test_result_base': None}
[0.348s] Level 5:colcon.colcon_core.verb:set package 'turtle_control' build argument 'cmake_args' from command line to 'None'
[0.348s] Level 5:colcon.colcon_core.verb:set package 'turtle_control' build argument 'cmake_target' from command line to 'None'
[0.348s] Level 5:colcon.colcon_core.verb:set package 'turtle_control' build argument 'cmake_target_skip_unavailable' from command line to 'False'
[0.348s] Level 5:colcon.colcon_core.verb:set package 'turtle_control' build argument 'cmake_clean_cache' from command line to 'False'
[0.348s] Level 5:colcon.colcon_core.verb:set package 'turtle_control' build argument 'cmake_clean_first' from command line to 'False'
[0.348s] Level 5:colcon.colcon_core.verb:set package 'turtle_control' build argument 'cmake_force_configure' from command line to 'False'
[0.348s] Level 5:colcon.colcon_core.verb:set package 'turtle_control' build argument 'ament_cmake_args' from command line to 'None'
[0.348s] Level 5:colcon.colcon_core.verb:set package 'turtle_control' build argument 'catkin_cmake_args' from command line to 'None'
[0.348s] Level 5:colcon.colcon_core.verb:set package 'turtle_control' build argument 'catkin_skip_building_tests' from command line to 'False'
[0.348s] DEBUG:colcon.colcon_core.verb:Building package 'turtle_control' with the following arguments: {'ament_cmake_args': None, 'build_base': '/home/aniketh05/my_ros2_ws/src/build/turtle_control', 'catkin_cmake_args': None, 'catkin_skip_building_tests': False, 'cmake_args': None, 'cmake_clean_cache': False, 'cmake_clean_first': False, 'cmake_force_configure': False, 'cmake_target': None, 'cmake_target_skip_unavailable': False, 'install_base': '/home/aniketh05/my_ros2_ws/src/install/turtle_control', 'merge_install': False, 'path': '/home/aniketh05/my_ros2_ws/src/turtle_control', 'symlink_install': True, 'test_result_base': None}
[0.348s] INFO:colcon.colcon_core.executor:Executing jobs using 'parallel' executor
[0.350s] DEBUG:colcon.colcon_parallel_executor.executor.parallel:run_until_complete
[0.351s] INFO:colcon.colcon_ros.task.ament_cmake.build:Building ROS package in '/home/aniketh05/my_ros2_ws/src/my_msgs' with build type 'ament_cmake'
[0.351s] INFO:colcon.colcon_cmake.task.cmake.build:Building CMake package in '/home/aniketh05/my_ros2_ws/src/my_msgs'
[0.354s] INFO:colcon.colcon_core.plugin_system:Skipping extension 'colcon_core.shell.bat': Not used on non-Windows systems
[0.354s] INFO:colcon.colcon_core.shell:Skip shell extension 'powershell' for command environment: Not usable outside of PowerShell
[0.354s] DEBUG:colcon.colcon_core.shell:Skip shell extension 'dsv' for command environment
[0.358s] INFO:colcon.colcon_ros.task.ament_python.build:Building ROS package in '/home/aniketh05/my_ros2_ws/src/my_pkg_01' with build type 'ament_python'
[0.358s] Level 1:colcon.colcon_core.shell:create_environment_hook('my_pkg_01', 'ament_prefix_path')
[0.358s] INFO:colcon.colcon_core.shell:Creating environment hook '/home/aniketh05/my_ros2_ws/src/install/my_pkg_01/share/my_pkg_01/hook/ament_prefix_path.ps1'
[0.359s] INFO:colcon.colcon_core.shell:Creating environment descriptor '/home/aniketh05/my_ros2_ws/src/install/my_pkg_01/share/my_pkg_01/hook/ament_prefix_path.dsv'
[0.360s] INFO:colcon.colcon_core.shell:Creating environment hook '/home/aniketh05/my_ros2_ws/src/install/my_pkg_01/share/my_pkg_01/hook/ament_prefix_path.sh'
[0.361s] INFO:colcon.colcon_core.shell:Skip shell extension 'powershell' for command environment: Not usable outside of PowerShell
[0.361s] DEBUG:colcon.colcon_core.shell:Skip shell extension 'dsv' for command environment
[0.364s] INFO:colcon.colcon_ros.task.ament_python.build:Building ROS package in '/home/aniketh05/my_ros2_ws/src/my_pkg_prac' with build type 'ament_python'
[0.364s] Level 1:colcon.colcon_core.shell:create_environment_hook('my_pkg_prac', 'ament_prefix_path')
[0.364s] INFO:colcon.colcon_core.shell:Creating environment hook '/home/aniketh05/my_ros2_ws/src/install/my_pkg_prac/share/my_pkg_prac/hook/ament_prefix_path.ps1'
[0.365s] INFO:colcon.colcon_core.shell:Creating environment descriptor '/home/aniketh05/my_ros2_ws/src/install/my_pkg_prac/share/my_pkg_prac/hook/ament_prefix_path.dsv'
[0.365s] INFO:colcon.colcon_core.shell:Creating environment hook '/home/aniketh05/my_ros2_ws/src/install/my_pkg_prac/share/my_pkg_prac/hook/ament_prefix_path.sh'
[0.366s] INFO:colcon.colcon_core.shell:Skip shell extension 'powershell' for command environment: Not usable outside of PowerShell
[0.366s] DEBUG:colcon.colcon_core.shell:Skip shell extension 'dsv' for command environment
[0.368s] INFO:colcon.colcon_ros.task.ament_python.build:Building ROS package in '/home/aniketh05/my_ros2_ws/src/my_services' with build type 'ament_python'
[0.368s] Level 1:colcon.colcon_core.shell:create_environment_hook('my_services', 'ament_prefix_path')
[0.369s] INFO:colcon.colcon_core.shell:Creating environment hook '/home/aniketh05/my_ros2_ws/src/install/my_services/share/my_services/hook/ament_prefix_path.ps1'
[0.370s] INFO:colcon.colcon_core.shell:Creating environment descriptor '/home/aniketh05/my_ros2_ws/src/install/my_services/share/my_services/hook/ament_prefix_path.dsv'
[0.370s] INFO:colcon.colcon_core.shell:Creating environment hook '/home/aniketh05/my_ros2_ws/src/install/my_services/share/my_services/hook/ament_prefix_path.sh'
[0.371s] INFO:colcon.colcon_core.shell:Skip shell extension 'powershell' for command environment: Not usable outside of PowerShell
[0.371s] DEBUG:colcon.colcon_core.shell:Skip shell extension 'dsv' for command environment
[0.373s] INFO:colcon.colcon_ros.task.ament_python.build:Building ROS package in '/home/aniketh05/my_ros2_ws/src/turtle_control' with build type 'ament_python'
[0.374s] Level 1:colcon.colcon_core.shell:create_environment_hook('turtle_control', 'ament_prefix_path')
[0.374s] INFO:colcon.colcon_core.shell:Creating environment hook '/home/aniketh05/my_ros2_ws/src/install/turtle_control/share/turtle_control/hook/ament_prefix_path.ps1'
[0.375s] INFO:colcon.colcon_core.shell:Creating environment descriptor '/home/aniketh05/my_ros2_ws/src/install/turtle_control/share/turtle_control/hook/ament_prefix_path.dsv'
[0.376s] INFO:colcon.colcon_core.shell:Creating environment hook '/home/aniketh05/my_ros2_ws/src/install/turtle_control/share/turtle_control/hook/ament_prefix_path.sh'
[0.376s] INFO:colcon.colcon_core.shell:Skip shell extension 'powershell' for command environment: Not usable outside of PowerShell
[0.376s] DEBUG:colcon.colcon_core.shell:Skip shell extension 'dsv' for command environment
[0.386s] DEBUG:colcon.colcon_core.event_handler.log_command:Invoking command in '/home/aniketh05/my_ros2_ws/src/build/my_msgs': CMAKE_PREFIX_PATH=${CMAKE_PREFIX_PATH}:/home/aniketh05/my_ros2_ws/src/install/turtle_control:/home/aniketh05/my_ros2_ws/src/install/my_services:/home/aniketh05/my_ros2_ws/src/install/my_pkg_srv:/home/aniketh05/my_ros2_ws/src/install/my_pkg_prac:/home/aniketh05/my_ros2_ws/src/install/my_pkg_01:/home/aniketh05/my_ros2_ws/install/turtle_control:/home/aniketh05/my_ros2_ws/install/my_pkg_prac:/home/aniketh05/my_ros2_ws/install/my_pkg_01:/opt/ros/humble /usr/bin/cmake --build /home/aniketh05/my_ros2_ws/src/build/my_msgs -- -j12 -l12
[0.630s] INFO:colcon.colcon_core.task.python.build:Building Python package in '/home/aniketh05/my_ros2_ws/src/my_pkg_01'
[0.630s] INFO:colcon.colcon_core.shell:Skip shell extension 'powershell' for command environment: Not usable outside of PowerShell
[0.630s] DEBUG:colcon.colcon_core.shell:Skip shell extension 'dsv' for command environment
[0.827s] INFO:colcon.colcon_core.task.python.build:Building Python package in '/home/aniketh05/my_ros2_ws/src/my_pkg_prac'
[0.828s] INFO:colcon.colcon_core.shell:Skip shell extension 'powershell' for command environment: Not usable outside of PowerShell
[0.828s] DEBUG:colcon.colcon_core.shell:Skip shell extension 'dsv' for command environment
[1.015s] INFO:colcon.colcon_core.task.python.build:Building Python package in '/home/aniketh05/my_ros2_ws/src/my_services'
[1.016s] INFO:colcon.colcon_core.shell:Skip shell extension 'powershell' for command environment: Not usable outside of PowerShell
[1.016s] DEBUG:colcon.colcon_core.shell:Skip shell extension 'dsv' for command environment
[1.218s] INFO:colcon.colcon_core.task.python.build:Building Python package in '/home/aniketh05/my_ros2_ws/src/turtle_control'
[1.218s] INFO:colcon.colcon_core.shell:Skip shell extension 'powershell' for command environment: Not usable outside of PowerShell
[1.218s] DEBUG:colcon.colcon_core.shell:Skip shell extension 'dsv' for command environment
[1.229s] DEBUG:colcon.colcon_core.event_handler.log_command:Invoked command in '/home/aniketh05/my_ros2_ws/src/build/my_msgs' returned '0': CMAKE_PREFIX_PATH=${CMAKE_PREFIX_PATH}:/home/aniketh05/my_ros2_ws/src/install/turtle_control:/home/aniketh05/my_ros2_ws/src/install/my_services:/home/aniketh05/my_ros2_ws/src/install/my_pkg_srv:/home/aniketh05/my_ros2_ws/src/install/my_pkg_prac:/home/aniketh05/my_ros2_ws/src/install/my_pkg_01:/home/aniketh05/my_ros2_ws/install/turtle_control:/home/aniketh05/my_ros2_ws/install/my_pkg_prac:/home/aniketh05/my_ros2_ws/install/my_pkg_01:/opt/ros/humble /usr/bin/cmake --build /home/aniketh05/my_ros2_ws/src/build/my_msgs -- -j12 -l12
[1.235s] DEBUG:colcon.colcon_core.event_handler.log_command:Invoking command in '/home/aniketh05/my_ros2_ws/src/build/my_msgs': CMAKE_PREFIX_PATH=${CMAKE_PREFIX_PATH}:/home/aniketh05/my_ros2_ws/src/install/turtle_control:/home/aniketh05/my_ros2_ws/src/install/my_services:/home/aniketh05/my_ros2_ws/src/install/my_pkg_srv:/home/aniketh05/my_ros2_ws/src/install/my_pkg_prac:/home/aniketh05/my_ros2_ws/src/install/my_pkg_01:/home/aniketh05/my_ros2_ws/install/turtle_control:/home/aniketh05/my_ros2_ws/install/my_pkg_prac:/home/aniketh05/my_ros2_ws/install/my_pkg_01:/opt/ros/humble /usr/bin/cmake --install /home/aniketh05/my_ros2_ws/src/build/my_msgs
[1.315s] Level 1:colcon.colcon_core.environment:create_environment_scripts_only(my_msgs)
[1.316s] DEBUG:colcon.colcon_core.event_handler.log_command:Invoked command in '/home/aniketh05/my_ros2_ws/src/build/my_msgs' returned '0': CMAKE_PREFIX_PATH=${CMAKE_PREFIX_PATH}:/home/aniketh05/my_ros2_ws/src/install/turtle_control:/home/aniketh05/my_ros2_ws/src/install/my_services:/home/aniketh05/my_ros2_ws/src/install/my_pkg_srv:/home/aniketh05/my_ros2_ws/src/install/my_pkg_prac:/home/aniketh05/my_ros2_ws/src/install/my_pkg_01:/home/aniketh05/my_ros2_ws/install/turtle_control:/home/aniketh05/my_ros2_ws/install/my_pkg_prac:/home/aniketh05/my_ros2_ws/install/my_pkg_01:/opt/ros/humble /usr/bin/cmake --install /home/aniketh05/my_ros2_ws/src/build/my_msgs
[1.318s] Level 1:colcon.colcon_core.environment:checking '/home/aniketh05/my_ros2_ws/src/install/my_msgs' for CMake module files
[1.319s] Level 1:colcon.colcon_core.environment:checking '/home/aniketh05/my_ros2_ws/src/install/my_msgs' for CMake config files
[1.320s] Level 1:colcon.colcon_core.shell:create_environment_hook('my_msgs', 'cmake_prefix_path')
[1.320s] INFO:colcon.colcon_core.shell:Creating environment hook '/home/aniketh05/my_ros2_ws/src/install/my_msgs/share/my_msgs/hook/cmake_prefix_path.ps1'
[1.320s] INFO:colcon.colcon_core.shell:Creating environment descriptor '/home/aniketh05/my_ros2_ws/src/install/my_msgs/share/my_msgs/hook/cmake_prefix_path.dsv'
[1.321s] INFO:colcon.colcon_core.shell:Creating environment hook '/home/aniketh05/my_ros2_ws/src/install/my_msgs/share/my_msgs/hook/cmake_prefix_path.sh'
[1.322s] Level 1:colcon.colcon_core.environment:checking '/home/aniketh05/my_ros2_ws/src/install/my_msgs/lib'
[1.322s] Level 1:colcon.colcon_core.shell:create_environment_hook('my_msgs', 'ld_library_path_lib')
[1.322s] INFO:colcon.colcon_core.shell:Creating environment hook '/home/aniketh05/my_ros2_ws/src/install/my_msgs/share/my_msgs/hook/ld_library_path_lib.ps1'
[1.322s] INFO:colcon.colcon_core.shell:Creating environment descriptor '/home/aniketh05/my_ros2_ws/src/install/my_msgs/share/my_msgs/hook/ld_library_path_lib.dsv'
[1.323s] INFO:colcon.colcon_core.shell:Creating environment hook '/home/aniketh05/my_ros2_ws/src/install/my_msgs/share/my_msgs/hook/ld_library_path_lib.sh'
[1.323s] Level 1:colcon.colcon_core.environment:checking '/home/aniketh05/my_ros2_ws/src/install/my_msgs/bin'
[1.323s] Level 1:colcon.colcon_core.environment:checking '/home/aniketh05/my_ros2_ws/src/install/my_msgs/lib/pkgconfig/my_msgs.pc'
[1.323s] Level 1:colcon.colcon_core.environment:checking '/home/aniketh05/my_ros2_ws/src/install/my_msgs/lib/python3.10/site-packages'
[1.323s] Level 1:colcon.colcon_core.environment:checking '/home/aniketh05/my_ros2_ws/src/install/my_msgs/bin'
[1.323s] INFO:colcon.colcon_core.shell:Creating package script '/home/aniketh05/my_ros2_ws/src/install/my_msgs/share/my_msgs/package.ps1'
[1.324s] INFO:colcon.colcon_core.shell:Creating package descriptor '/home/aniketh05/my_ros2_ws/src/install/my_msgs/share/my_msgs/package.dsv'
[1.324s] INFO:colcon.colcon_core.shell:Creating package script '/home/aniketh05/my_ros2_ws/src/install/my_msgs/share/my_msgs/package.sh'
[1.325s] INFO:colcon.colcon_core.shell:Creating package script '/home/aniketh05/my_ros2_ws/src/install/my_msgs/share/my_msgs/package.bash'
[1.325s] INFO:colcon.colcon_core.shell:Creating package script '/home/aniketh05/my_ros2_ws/src/install/my_msgs/share/my_msgs/package.zsh'
[1.326s] Level 1:colcon.colcon_core.environment:create_file_with_runtime_dependencies(/home/aniketh05/my_ros2_ws/src/install/my_msgs/share/colcon-core/packages/my_msgs)
[1.327s] Level 1:colcon.colcon_core.environment:create_environment_scripts_only(my_msgs)
[1.327s] Level 1:colcon.colcon_core.environment:checking '/home/aniketh05/my_ros2_ws/src/install/my_msgs' for CMake module files
[1.327s] Level 1:colcon.colcon_core.environment:checking '/home/aniketh05/my_ros2_ws/src/install/my_msgs' for CMake config files
[1.327s] Level 1:colcon.colcon_core.shell:create_environment_hook('my_msgs', 'cmake_prefix_path')
[1.327s] INFO:colcon.colcon_core.shell:Creating environment hook '/home/aniketh05/my_ros2_ws/src/install/my_msgs/share/my_msgs/hook/cmake_prefix_path.ps1'
[1.328s] INFO:colcon.colcon_core.shell:Creating environment descriptor '/home/aniketh05/my_ros2_ws/src/install/my_msgs/share/my_msgs/hook/cmake_prefix_path.dsv'
[1.328s] INFO:colcon.colcon_core.shell:Creating environment hook '/home/aniketh05/my_ros2_ws/src/install/my_msgs/share/my_msgs/hook/cmake_prefix_path.sh'
[1.328s] Level 1:colcon.colcon_core.environment:checking '/home/aniketh05/my_ros2_ws/src/install/my_msgs/lib'
[1.329s] Level 1:colcon.colcon_core.shell:create_environment_hook('my_msgs', 'ld_library_path_lib')
[1.329s] INFO:colcon.colcon_core.shell:Creating environment hook '/home/aniketh05/my_ros2_ws/src/install/my_msgs/share/my_msgs/hook/ld_library_path_lib.ps1'
[1.329s] INFO:colcon.colcon_core.shell:Creating environment descriptor '/home/aniketh05/my_ros2_ws/src/install/my_msgs/share/my_msgs/hook/ld_library_path_lib.dsv'
[1.329s] INFO:colcon.colcon_core.shell:Creating environment hook '/home/aniketh05/my_ros2_ws/src/install/my_msgs/share/my_msgs/hook/ld_library_path_lib.sh'
[1.329s] Level 1:colcon.colcon_core.environment:checking '/home/aniketh05/my_ros2_ws/src/install/my_msgs/bin'
[1.330s] Level 1:colcon.colcon_core.environment:checking '/home/aniketh05/my_ros2_ws/src/install/my_msgs/lib/pkgconfig/my_msgs.pc'
[1.330s] Level 1:colcon.colcon_core.environment:checking '/home/aniketh05/my_ros2_ws/src/install/my_msgs/lib/python3.10/site-packages'
[1.330s] Level 1:colcon.colcon_core.environment:checking '/home/aniketh05/my_ros2_ws/src/install/my_msgs/bin'
[1.330s] INFO:colcon.colcon_core.shell:Creating package script '/home/aniketh05/my_ros2_ws/src/install/my_msgs/share/my_msgs/package.ps1'
[1.331s] INFO:colcon.colcon_core.shell:Creating package descriptor '/home/aniketh05/my_ros2_ws/src/install/my_msgs/share/my_msgs/package.dsv'
[1.331s] INFO:colcon.colcon_core.shell:Creating package script '/home/aniketh05/my_ros2_ws/src/install/my_msgs/share/my_msgs/package.sh'
[1.332s] INFO:colcon.colcon_core.shell:Creating package script '/home/aniketh05/my_ros2_ws/src/install/my_msgs/share/my_msgs/package.bash'
[1.333s] INFO:colcon.colcon_core.shell:Creating package script '/home/aniketh05/my_ros2_ws/src/install/my_msgs/share/my_msgs/package.zsh'
[1.333s] Level 1:colcon.colcon_core.environment:create_file_with_runtime_dependencies(/home/aniketh05/my_ros2_ws/src/install/my_msgs/share/colcon-core/packages/my_msgs)
[1.616s] DEBUG:colcon.colcon_core.event_handler.log_command:Invoking command in '/home/aniketh05/my_ros2_ws/src/build/my_services': PYTHONPATH=/home/aniketh05/my_ros2_ws/src/build/my_services/prefix_override:/usr/lib/python3/dist-packages/colcon_core/task/python/colcon_distutils_commands:/home/aniketh05/my_ros2_ws/src/install/my_services/lib/python3.10/site-packages:${PYTHONPATH} /usr/bin/python3 -W ignore:setup.py install is deprecated -W ignore:easy_install command is deprecated setup.py develop --editable --build-directory /home/aniketh05/my_ros2_ws/src/build/my_services/build --no-deps symlink_data
[1.641s] DEBUG:colcon.colcon_core.event_handler.log_command:Invoking command in '/home/aniketh05/my_ros2_ws/src/build/my_pkg_01': PYTHONPATH=/home/aniketh05/my_ros2_ws/src/build/my_pkg_01/prefix_override:/usr/lib/python3/dist-packages/colcon_core/task/python/colcon_distutils_commands:/home/aniketh05/my_ros2_ws/src/install/my_pkg_01/lib/python3.10/site-packages:${PYTHONPATH} /usr/bin/python3 -W ignore:setup.py install is deprecated -W ignore:easy_install command is deprecated setup.py develop --editable --build-directory /home/aniketh05/my_ros2_ws/src/build/my_pkg_01/build --no-deps symlink_data
[1.645s] DEBUG:colcon.colcon_core.event_handler.log_command:Invoking command in '/home/aniketh05/my_ros2_ws/src/build/turtle_control': PYTHONPATH=/home/aniketh05/my_ros2_ws/src/build/turtle_control/prefix_override:/usr/lib/python3/dist-packages/colcon_core/task/python/colcon_distutils_commands:/home/aniketh05/my_ros2_ws/src/install/turtle_control/lib/python3.10/site-packages:${PYTHONPATH} /usr/bin/python3 -W ignore:setup.py install is deprecated -W ignore:easy_install command is deprecated setup.py develop --editable --build-directory /home/aniketh05/my_ros2_ws/src/build/turtle_control/build --no-deps symlink_data
[1.653s] DEBUG:colcon.colcon_core.event_handler.log_command:Invoking command in '/home/aniketh05/my_ros2_ws/src/build/my_pkg_prac': PYTHONPATH=/home/aniketh05/my_ros2_ws/src/build/my_pkg_prac/prefix_override:/usr/lib/python3/dist-packages/colcon_core/task/python/colcon_distutils_commands:/home/aniketh05/my_ros2_ws/src/install/my_pkg_prac/lib/python3.10/site-packages:${PYTHONPATH} /usr/bin/python3 -W ignore:setup.py install is deprecated -W ignore:easy_install command is deprecated setup.py develop --editable --build-directory /home/aniketh05/my_ros2_ws/src/build/my_pkg_prac/build --no-deps symlink_data
[2.029s] Level 1:colcon.colcon_core.shell:create_environment_hook('turtle_control', 'pythonpath_develop')
[2.029s] INFO:colcon.colcon_core.shell:Creating environment hook '/home/aniketh05/my_ros2_ws/src/build/turtle_control/share/turtle_control/hook/pythonpath_develop.ps1'
[2.030s] INFO:colcon.colcon_core.shell:Creating environment descriptor '/home/aniketh05/my_ros2_ws/src/build/turtle_control/share/turtle_control/hook/pythonpath_develop.dsv'
[2.031s] DEBUG:colcon.colcon_core.event_handler.log_command:Invoked command in '/home/aniketh05/my_ros2_ws/src/build/turtle_control' returned '0': PYTHONPATH=/home/aniketh05/my_ros2_ws/src/build/turtle_control/prefix_override:/usr/lib/python3/dist-packages/colcon_core/task/python/colcon_distutils_commands:/home/aniketh05/my_ros2_ws/src/install/turtle_control/lib/python3.10/site-packages:${PYTHONPATH} /usr/bin/python3 -W ignore:setup.py install is deprecated -W ignore:easy_install command is deprecated setup.py develop --editable --build-directory /home/aniketh05/my_ros2_ws/src/build/turtle_control/build --no-deps symlink_data
[2.031s] INFO:colcon.colcon_core.shell:Creating environment hook '/home/aniketh05/my_ros2_ws/src/build/turtle_control/share/turtle_control/hook/pythonpath_develop.sh'
[2.032s] Level 1:colcon.colcon_core.environment:checking '/home/aniketh05/my_ros2_ws/src/install/turtle_control' for CMake module files
[2.032s] Level 1:colcon.colcon_core.environment:checking '/home/aniketh05/my_ros2_ws/src/install/turtle_control' for CMake config files
[2.033s] Level 1:colcon.colcon_core.environment:checking '/home/aniketh05/my_ros2_ws/src/install/turtle_control/lib'
[2.033s] Level 1:colcon.colcon_core.environment:checking '/home/aniketh05/my_ros2_ws/src/install/turtle_control/bin'
[2.033s] Level 1:colcon.colcon_core.environment:checking '/home/aniketh05/my_ros2_ws/src/install/turtle_control/lib/pkgconfig/turtle_control.pc'
[2.033s] Level 1:colcon.colcon_core.environment:checking '/home/aniketh05/my_ros2_ws/src/install/turtle_control/lib/python3.10/site-packages'
[2.033s] Level 1:colcon.colcon_core.shell:create_environment_hook('turtle_control', 'pythonpath')
[2.034s] INFO:colcon.colcon_core.shell:Creating environment hook '/home/aniketh05/my_ros2_ws/src/install/turtle_control/share/turtle_control/hook/pythonpath.ps1'
[2.034s] INFO:colcon.colcon_core.shell:Creating environment descriptor '/home/aniketh05/my_ros2_ws/src/install/turtle_control/share/turtle_control/hook/pythonpath.dsv'
[2.034s] INFO:colcon.colcon_core.shell:Creating environment hook '/home/aniketh05/my_ros2_ws/src/install/turtle_control/share/turtle_control/hook/pythonpath.sh'
[2.035s] Level 1:colcon.colcon_core.environment:checking '/home/aniketh05/my_ros2_ws/src/install/turtle_control/bin'
[2.035s] Level 1:colcon.colcon_core.environment:create_environment_scripts_only(turtle_control)
[2.036s] INFO:colcon.colcon_core.shell:Creating package script '/home/aniketh05/my_ros2_ws/src/install/turtle_control/share/turtle_control/package.ps1'
[2.036s] INFO:colcon.colcon_core.shell:Creating package descriptor '/home/aniketh05/my_ros2_ws/src/install/turtle_control/share/turtle_control/package.dsv'
[2.037s] INFO:colcon.colcon_core.shell:Creating package script '/home/aniketh05/my_ros2_ws/src/install/turtle_control/share/turtle_control/package.sh'
[2.037s] INFO:colcon.colcon_core.shell:Creating package script '/home/aniketh05/my_ros2_ws/src/install/turtle_control/share/turtle_control/package.bash'
[2.038s] INFO:colcon.colcon_core.shell:Creating package script '/home/aniketh05/my_ros2_ws/src/install/turtle_control/share/turtle_control/package.zsh'
[2.039s] Level 1:colcon.colcon_core.environment:create_file_with_runtime_dependencies(/home/aniketh05/my_ros2_ws/src/install/turtle_control/share/colcon-core/packages/turtle_control)
[2.082s] Level 1:colcon.colcon_core.shell:create_environment_hook('my_services', 'pythonpath_develop')
[2.082s] DEBUG:colcon.colcon_core.event_handler.log_command:Invoked command in '/home/aniketh05/my_ros2_ws/src/build/my_services' returned '0': PYTHONPATH=/home/aniketh05/my_ros2_ws/src/build/my_services/prefix_override:/usr/lib/python3/dist-packages/colcon_core/task/python/colcon_distutils_commands:/home/aniketh05/my_ros2_ws/src/install/my_services/lib/python3.10/site-packages:${PYTHONPATH} /usr/bin/python3 -W ignore:setup.py install is deprecated -W ignore:easy_install command is deprecated setup.py develop --editable --build-directory /home/aniketh05/my_ros2_ws/src/build/my_services/build --no-deps symlink_data
[2.083s] INFO:colcon.colcon_core.shell:Creating environment hook '/home/aniketh05/my_ros2_ws/src/build/my_services/share/my_services/hook/pythonpath_develop.ps1'
[2.084s] INFO:colcon.colcon_core.shell:Creating environment descriptor '/home/aniketh05/my_ros2_ws/src/build/my_services/share/my_services/hook/pythonpath_develop.dsv'
[2.084s] INFO:colcon.colcon_core.shell:Creating environment hook '/home/aniketh05/my_ros2_ws/src/build/my_services/share/my_services/hook/pythonpath_develop.sh'
[2.085s] Level 1:colcon.colcon_core.environment:checking '/home/aniketh05/my_ros2_ws/src/install/my_services' for CMake module files
[2.086s] Level 1:colcon.colcon_core.environment:checking '/home/aniketh05/my_ros2_ws/src/install/my_services' for CMake config files
[2.086s] Level 1:colcon.colcon_core.environment:checking '/home/aniketh05/my_ros2_ws/src/install/my_services/lib'
[2.086s] Level 1:colcon.colcon_core.environment:checking '/home/aniketh05/my_ros2_ws/src/install/my_services/bin'
[2.086s] Level 1:colcon.colcon_core.environment:checking '/home/aniketh05/my_ros2_ws/src/install/my_services/lib/pkgconfig/my_services.pc'
[2.087s] Level 1:colcon.colcon_core.environment:checking '/home/aniketh05/my_ros2_ws/src/install/my_services/lib/python3.10/site-packages'
[2.087s] Level 1:colcon.colcon_core.shell:create_environment_hook('my_services', 'pythonpath')
[2.087s] INFO:colcon.colcon_core.shell:Creating environment hook '/home/aniketh05/my_ros2_ws/src/install/my_services/share/my_services/hook/pythonpath.ps1'
[2.087s] INFO:colcon.colcon_core.shell:Creating environment descriptor '/home/aniketh05/my_ros2_ws/src/install/my_services/share/my_services/hook/pythonpath.dsv'
[2.088s] INFO:colcon.colcon_core.shell:Creating environment hook '/home/aniketh05/my_ros2_ws/src/install/my_services/share/my_services/hook/pythonpath.sh'
[2.088s] Level 1:colcon.colcon_core.environment:checking '/home/aniketh05/my_ros2_ws/src/install/my_services/bin'
[2.088s] Level 1:colcon.colcon_core.environment:create_environment_scripts_only(my_services)
[2.088s] INFO:colcon.colcon_core.shell:Creating package script '/home/aniketh05/my_ros2_ws/src/install/my_services/share/my_services/package.ps1'
[2.089s] INFO:colcon.colcon_core.shell:Creating package descriptor '/home/aniketh05/my_ros2_ws/src/install/my_services/share/my_services/package.dsv'
[2.089s] INFO:colcon.colcon_core.shell:Creating package script '/home/aniketh05/my_ros2_ws/src/install/my_services/share/my_services/package.sh'
[2.089s] INFO:colcon.colcon_core.shell:Creating package script '/home/aniketh05/my_ros2_ws/src/install/my_services/share/my_services/package.bash'
[2.089s] INFO:colcon.colcon_core.shell:Creating package script '/home/aniketh05/my_ros2_ws/src/install/my_services/share/my_services/package.zsh'
[2.090s] Level 1:colcon.colcon_core.environment:create_file_with_runtime_dependencies(/home/aniketh05/my_ros2_ws/src/install/my_services/share/colcon-core/packages/my_services)
[2.092s] Level 1:colcon.colcon_core.shell:create_environment_hook('my_pkg_01', 'pythonpath_develop')
[2.092s] INFO:colcon.colcon_core.shell:Creating environment hook '/home/aniketh05/my_ros2_ws/src/build/my_pkg_01/share/my_pkg_01/hook/pythonpath_develop.ps1'
[2.093s] DEBUG:colcon.colcon_core.event_handler.log_command:Invoked command in '/home/aniketh05/my_ros2_ws/src/build/my_pkg_01' returned '0': PYTHONPATH=/home/aniketh05/my_ros2_ws/src/build/my_pkg_01/prefix_override:/usr/lib/python3/dist-packages/colcon_core/task/python/colcon_distutils_commands:/home/aniketh05/my_ros2_ws/src/install/my_pkg_01/lib/python3.10/site-packages:${PYTHONPATH} /usr/bin/python3 -W ignore:setup.py install is deprecated -W ignore:easy_install command is deprecated setup.py develop --editable --build-directory /home/aniketh05/my_ros2_ws/src/build/my_pkg_01/build --no-deps symlink_data
[2.094s] INFO:colcon.colcon_core.shell:Creating environment descriptor '/home/aniketh05/my_ros2_ws/src/build/my_pkg_01/share/my_pkg_01/hook/pythonpath_develop.dsv'
[2.095s] INFO:colcon.colcon_core.shell:Creating environment hook '/home/aniketh05/my_ros2_ws/src/build/my_pkg_01/share/my_pkg_01/hook/pythonpath_develop.sh'
[2.097s] Level 1:colcon.colcon_core.environment:checking '/home/aniketh05/my_ros2_ws/src/install/my_pkg_01' for CMake module files
[2.100s] Level 1:colcon.colcon_core.environment:checking '/home/aniketh05/my_ros2_ws/src/install/my_pkg_01' for CMake config files
[2.101s] Level 1:colcon.colcon_core.environment:checking '/home/aniketh05/my_ros2_ws/src/install/my_pkg_01/lib'
[2.101s] Level 1:colcon.colcon_core.environment:checking '/home/aniketh05/my_ros2_ws/src/install/my_pkg_01/bin'
[2.101s] Level 1:colcon.colcon_core.environment:checking '/home/aniketh05/my_ros2_ws/src/install/my_pkg_01/lib/pkgconfig/my_pkg_01.pc'
[2.101s] Level 1:colcon.colcon_core.environment:checking '/home/aniketh05/my_ros2_ws/src/install/my_pkg_01/lib/python3.10/site-packages'
[2.101s] Level 1:colcon.colcon_core.shell:create_environment_hook('my_pkg_01', 'pythonpath')
[2.102s] INFO:colcon.colcon_core.shell:Creating environment hook '/home/aniketh05/my_ros2_ws/src/install/my_pkg_01/share/my_pkg_01/hook/pythonpath.ps1'
[2.102s] INFO:colcon.colcon_core.shell:Creating environment descriptor '/home/aniketh05/my_ros2_ws/src/install/my_pkg_01/share/my_pkg_01/hook/pythonpath.dsv'
[2.102s] INFO:colcon.colcon_core.shell:Creating environment hook '/home/aniketh05/my_ros2_ws/src/install/my_pkg_01/share/my_pkg_01/hook/pythonpath.sh'
[2.103s] Level 1:colcon.colcon_core.environment:checking '/home/aniketh05/my_ros2_ws/src/install/my_pkg_01/bin'
[2.103s] Level 1:colcon.colcon_core.environment:create_environment_scripts_only(my_pkg_01)
[2.103s] INFO:colcon.colcon_core.shell:Creating package script '/home/aniketh05/my_ros2_ws/src/install/my_pkg_01/share/my_pkg_01/package.ps1'
[2.104s] INFO:colcon.colcon_core.shell:Creating package descriptor '/home/aniketh05/my_ros2_ws/src/install/my_pkg_01/share/my_pkg_01/package.dsv'
[2.104s] INFO:colcon.colcon_core.shell:Creating package script '/home/aniketh05/my_ros2_ws/src/install/my_pkg_01/share/my_pkg_01/package.sh'
[2.104s] INFO:colcon.colcon_core.shell:Creating package script '/home/aniketh05/my_ros2_ws/src/install/my_pkg_01/share/my_pkg_01/package.bash'
[2.105s] INFO:colcon.colcon_core.shell:Creating package script '/home/aniketh05/my_ros2_ws/src/install/my_pkg_01/share/my_pkg_01/package.zsh'
[2.105s] Level 1:colcon.colcon_core.environment:create_file_with_runtime_dependencies(/home/aniketh05/my_ros2_ws/src/install/my_pkg_01/share/colcon-core/packages/my_pkg_01)
[2.122s] Level 1:colcon.colcon_core.shell:create_environment_hook('my_pkg_prac', 'pythonpath_develop')
[2.123s] INFO:colcon.colcon_core.shell:Creating environment hook '/home/aniketh05/my_ros2_ws/src/build/my_pkg_prac/share/my_pkg_prac/hook/pythonpath_develop.ps1'
[2.123s] DEBUG:colcon.colcon_core.event_handler.log_command:Invoked command in '/home/aniketh05/my_ros2_ws/src/build/my_pkg_prac' returned '0': PYTHONPATH=/home/aniketh05/my_ros2_ws/src/build/my_pkg_prac/prefix_override:/usr/lib/python3/dist-packages/colcon_core/task/python/colcon_distutils_commands:/home/aniketh05/my_ros2_ws/src/install/my_pkg_prac/lib/python3.10/site-packages:${PYTHONPATH} /usr/bin/python3 -W ignore:setup.py install is deprecated -W ignore:easy_install command is deprecated setup.py develop --editable --build-directory /home/aniketh05/my_ros2_ws/src/build/my_pkg_prac/build --no-deps symlink_data
[2.124s] INFO:colcon.colcon_core.shell:Creating environment descriptor '/home/aniketh05/my_ros2_ws/src/build/my_pkg_prac/share/my_pkg_prac/hook/pythonpath_develop.dsv'
[2.124s] INFO:colcon.colcon_core.shell:Creating environment hook '/home/aniketh05/my_ros2_ws/src/build/my_pkg_prac/share/my_pkg_prac/hook/pythonpath_develop.sh'
[2.124s] Level 1:colcon.colcon_core.environment:checking '/home/aniketh05/my_ros2_ws/src/install/my_pkg_prac' for CMake module files
[2.125s] Level 1:colcon.colcon_core.environment:checking '/home/aniketh05/my_ros2_ws/src/install/my_pkg_prac' for CMake config files
[2.125s] Level 1:colcon.colcon_core.environment:checking '/home/aniketh05/my_ros2_ws/src/install/my_pkg_prac/lib'
[2.125s] Level 1:colcon.colcon_core.environment:checking '/home/aniketh05/my_ros2_ws/src/install/my_pkg_prac/bin'
[2.125s] Level 1:colcon.colcon_core.environment:checking '/home/aniketh05/my_ros2_ws/src/install/my_pkg_prac/lib/pkgconfig/my_pkg_prac.pc'
[2.125s] Level 1:colcon.colcon_core.environment:checking '/home/aniketh05/my_ros2_ws/src/install/my_pkg_prac/lib/python3.10/site-packages'
[2.125s] Level 1:colcon.colcon_core.shell:create_environment_hook('my_pkg_prac', 'pythonpath')
[2.126s] INFO:colcon.colcon_core.shell:Creating environment hook '/home/aniketh05/my_ros2_ws/src/install/my_pkg_prac/share/my_pkg_prac/hook/pythonpath.ps1'
[2.126s] INFO:colcon.colcon_core.shell:Creating environment descriptor '/home/aniketh05/my_ros2_ws/src/install/my_pkg_prac/share/my_pkg_prac/hook/pythonpath.dsv'
[2.126s] INFO:colcon.colcon_core.shell:Creating environment hook '/home/aniketh05/my_ros2_ws/src/install/my_pkg_prac/share/my_pkg_prac/hook/pythonpath.sh'
[2.127s] Level 1:colcon.colcon_core.environment:checking '/home/aniketh05/my_ros2_ws/src/install/my_pkg_prac/bin'
[2.127s] Level 1:colcon.colcon_core.environment:create_environment_scripts_only(my_pkg_prac)
[2.127s] INFO:colcon.colcon_core.shell:Creating package script '/home/aniketh05/my_ros2_ws/src/install/my_pkg_prac/share/my_pkg_prac/package.ps1'
[2.127s] INFO:colcon.colcon_core.shell:Creating package descriptor '/home/aniketh05/my_ros2_ws/src/install/my_pkg_prac/share/my_pkg_prac/package.dsv'
[2.128s] INFO:colcon.colcon_core.shell:Creating package script '/home/aniketh05/my_ros2_ws/src/install/my_pkg_prac/share/my_pkg_prac/package.sh'
[2.128s] INFO:colcon.colcon_core.shell:Creating package script '/home/aniketh05/my_ros2_ws/src/install/my_pkg_prac/share/my_pkg_prac/package.bash'
[2.128s] INFO:colcon.colcon_core.shell:Creating package script '/home/aniketh05/my_ros2_ws/src/install/my_pkg_prac/share/my_pkg_prac/package.zsh'
[2.128s] Level 1:colcon.colcon_core.environment:create_file_with_runtime_dependencies(/home/aniketh05/my_ros2_ws/src/install/my_pkg_prac/share/colcon-core/packages/my_pkg_prac)
[2.129s] DEBUG:colcon.colcon_parallel_executor.executor.parallel:closing loop
[2.129s] DEBUG:colcon.colcon_parallel_executor.executor.parallel:loop closed
[2.129s] DEBUG:colcon.colcon_parallel_executor.executor.parallel:run_until_complete finished with '0'
[2.129s] DEBUG:colcon.colcon_core.event_reactor:joining thread
[2.135s] INFO:colcon.colcon_core.plugin_system:Skipping extension 'colcon_notification.desktop_notification.terminal_notifier': Not used on non-Darwin systems
[2.135s] INFO:colcon.colcon_core.plugin_system:Skipping extension 'colcon_notification.desktop_notification.win32': Not used on non-Windows systems
[2.135s] INFO:colcon.colcon_notification.desktop_notification:Sending desktop notification using 'notify2'
[2.136s] DEBUG:colcon.colcon_notification.desktop_notification.notify2:Failed to initialize notify2: org.freedesktop.DBus.Error.ServiceUnknown: The name org.freedesktop.Notifications was not provided by any .service files
[2.137s] DEBUG:colcon.colcon_core.event_reactor:joined thread
[2.137s] INFO:colcon.colcon_core.shell:Creating prefix script '/home/aniketh05/my_ros2_ws/src/install/local_setup.ps1'
[2.138s] INFO:colcon.colcon_core.shell:Creating prefix util module '/home/aniketh05/my_ros2_ws/src/install/_local_setup_util_ps1.py'
[2.138s] INFO:colcon.colcon_core.shell:Creating prefix chain script '/home/aniketh05/my_ros2_ws/src/install/setup.ps1'
[2.139s] INFO:colcon.colcon_core.shell:Creating prefix script '/home/aniketh05/my_ros2_ws/src/install/local_setup.sh'
[2.140s] INFO:colcon.colcon_core.shell:Creating prefix util module '/home/aniketh05/my_ros2_ws/src/install/_local_setup_util_sh.py'
[2.140s] INFO:colcon.colcon_core.shell:Creating prefix chain script '/home/aniketh05/my_ros2_ws/src/install/setup.sh'
[2.141s] INFO:colcon.colcon_core.shell:Creating prefix script '/home/aniketh05/my_ros2_ws/src/install/local_setup.bash'
[2.141s] INFO:colcon.colcon_core.shell:Creating prefix chain script '/home/aniketh05/my_ros2_ws/src/install/setup.bash'
[2.142s] INFO:colcon.colcon_core.shell:Creating prefix script '/home/aniketh05/my_ros2_ws/src/install/local_setup.zsh'
[2.142s] INFO:colcon.colcon_core.shell:Creating prefix chain script '/home/aniketh05/my_ros2_ws/src/install/setup.zsh'
