running develop
/home/aniketh05/.local/lib/python3.10/site-packages/pkg_resources/__init__.py:116: PkgResourcesDeprecationWarning: 2.0.5-build-libtorrent-rasterbar-qrM5vM-libtorrent-rasterbar-2.0.5-bindings-python is an invalid version and will not be supported in a future release
  warnings.warn(
running egg_info
writing my_pkg_01.egg-info/PKG-INFO
writing dependency_links to my_pkg_01.egg-info/dependency_links.txt
writing entry points to my_pkg_01.egg-info/entry_points.txt
writing requirements to my_pkg_01.egg-info/requires.txt
writing top-level names to my_pkg_01.egg-info/top_level.txt
reading manifest file 'my_pkg_01.egg-info/SOURCES.txt'
writing manifest file 'my_pkg_01.egg-info/SOURCES.txt'
running build_ext
Creating /home/aniketh05/my_ros2_ws/src/install/my_pkg_01/lib/python3.10/site-packages/my-pkg-01.egg-link (link to .)
Installing my_first_node script to /home/aniketh05/my_ros2_ws/src/install/my_pkg_01/lib/my_pkg_01
Installing pose_color_change script to /home/aniketh05/my_ros2_ws/src/install/my_pkg_01/lib/my_pkg_01
Installing set_pen_client script to /home/aniketh05/my_ros2_ws/src/install/my_pkg_01/lib/my_pkg_01

Installed /home/aniketh05/my_ros2_ws/src/build/my_pkg_01
running symlink_data
symbolically linking /home/aniketh05/my_ros2_ws/src/build/my_pkg_01/resource/my_pkg_01 -> /home/aniketh05/my_ros2_ws/src/install/my_pkg_01/share/ament_index/resource_index/packages
symbolically linking /home/aniketh05/my_ros2_ws/src/build/my_pkg_01/package.xml -> /home/aniketh05/my_ros2_ws/src/install/my_pkg_01/share/my_pkg_01
