[  4%] Built target my_msg_srv__cpp
[ 12%] Built target my_msg_srv__rosidl_generator_c
[ 12%] Built target ament_cmake_python_copy_my_msg_srv
[ 42%] Built target my_msg_srv__rosidl_typesupport_cpp
[ 51%] Built target my_msg_srv__rosidl_typesupport_introspection_c
[ 42%] Built target my_msg_srv__rosidl_typesupport_fastrtps_cpp
[ 57%] Built target my_msg_srv__rosidl_typesupport_introspection_cpp
[ 65%] Built target my_msg_srv__rosidl_typesupport_fastrtps_c
[ 76%] Built target my_msg_srv__rosidl_typesupport_c
[ 76%] Built target my_msg_srv
[ 78%] Built target my_msg_srv__py
[ 87%] Built target my_msg_srv__rosidl_generator_py
[ 91%] Built target my_msg_srv__rosidl_typesupport_c__pyext
[100%] Built target my_msg_srv__rosidl_typesupport_introspection_c__pyext
[ 97%] Built target my_msg_srv__rosidl_typesupport_fastrtps_c__pyext
running egg_info
writing my_msg_srv.egg-info/PKG-INFO
writing dependency_links to my_msg_srv.egg-info/dependency_links.txt
writing top-level names to my_msg_srv.egg-info/top_level.txt
reading manifest file 'my_msg_srv.egg-info/SOURCES.txt'
writing manifest file 'my_msg_srv.egg-info/SOURCES.txt'
[100%] Built target ament_cmake_python_build_my_msg_srv_egg
-- Install configuration: ""
-- Up-to-date: /home/aniketh05/my_ros2_ws/install/my_msg_srv/share/ament_index/resource_index/rosidl_interfaces/my_msg_srv
-- Up-to-date: /home/aniketh05/my_ros2_ws/install/my_msg_srv/include/my_msg_srv/my_msg_srv
-- Up-to-date: /home/aniketh05/my_ros2_ws/install/my_msg_srv/include/my_msg_srv/my_msg_srv/srv
-- Up-to-date: /home/aniketh05/my_ros2_ws/install/my_msg_srv/include/my_msg_srv/my_msg_srv/srv/detail
-- Up-to-date: /home/aniketh05/my_ros2_ws/install/my_msg_srv/include/my_msg_srv/my_msg_srv/srv/detail/add_three_nums__functions.c
-- Up-to-date: /home/aniketh05/my_ros2_ws/install/my_msg_srv/include/my_msg_srv/my_msg_srv/srv/detail/add_three_nums__struct.h
-- Up-to-date: /home/aniketh05/my_ros2_ws/install/my_msg_srv/include/my_msg_srv/my_msg_srv/srv/detail/add_three_nums__type_support.h
-- Up-to-date: /home/aniketh05/my_ros2_ws/install/my_msg_srv/include/my_msg_srv/my_msg_srv/srv/detail/add_three_nums__functions.h
-- Up-to-date: /home/aniketh05/my_ros2_ws/install/my_msg_srv/include/my_msg_srv/my_msg_srv/srv/add_three_nums.h
-- Up-to-date: /home/aniketh05/my_ros2_ws/install/my_msg_srv/include/my_msg_srv/my_msg_srv/msg
-- Up-to-date: /home/aniketh05/my_ros2_ws/install/my_msg_srv/include/my_msg_srv/my_msg_srv/msg/sphere.h
-- Up-to-date: /home/aniketh05/my_ros2_ws/install/my_msg_srv/include/my_msg_srv/my_msg_srv/msg/detail
-- Up-to-date: /home/aniketh05/my_ros2_ws/install/my_msg_srv/include/my_msg_srv/my_msg_srv/msg/detail/sphere__functions.c
-- Up-to-date: /home/aniketh05/my_ros2_ws/install/my_msg_srv/include/my_msg_srv/my_msg_srv/msg/detail/sphere__struct.h
-- Up-to-date: /home/aniketh05/my_ros2_ws/install/my_msg_srv/include/my_msg_srv/my_msg_srv/msg/detail/sphere__type_support.h
-- Up-to-date: /home/aniketh05/my_ros2_ws/install/my_msg_srv/include/my_msg_srv/my_msg_srv/msg/detail/my_msg__functions.c
-- Up-to-date: /home/aniketh05/my_ros2_ws/install/my_msg_srv/include/my_msg_srv/my_msg_srv/msg/detail/sphere__functions.h
-- Up-to-date: /home/aniketh05/my_ros2_ws/install/my_msg_srv/include/my_msg_srv/my_msg_srv/msg/detail/my_msg__struct.h
-- Up-to-date: /home/aniketh05/my_ros2_ws/install/my_msg_srv/include/my_msg_srv/my_msg_srv/msg/detail/my_msg__type_support.h
-- Up-to-date: /home/aniketh05/my_ros2_ws/install/my_msg_srv/include/my_msg_srv/my_msg_srv/msg/detail/my_msg__functions.h
-- Up-to-date: /home/aniketh05/my_ros2_ws/install/my_msg_srv/include/my_msg_srv/my_msg_srv/msg/my_msg.h
-- Up-to-date: /home/aniketh05/my_ros2_ws/install/my_msg_srv/include/my_msg_srv/my_msg_srv/msg/rosidl_generator_c__visibility_control.h
-- Up-to-date: /home/aniketh05/my_ros2_ws/install/my_msg_srv/share/my_msg_srv/environment/library_path.sh
-- Up-to-date: /home/aniketh05/my_ros2_ws/install/my_msg_srv/share/my_msg_srv/environment/library_path.dsv
-- Up-to-date: /home/aniketh05/my_ros2_ws/install/my_msg_srv/lib/libmy_msg_srv__rosidl_generator_c.so
-- Up-to-date: /home/aniketh05/my_ros2_ws/install/my_msg_srv/include/my_msg_srv/my_msg_srv
-- Up-to-date: /home/aniketh05/my_ros2_ws/install/my_msg_srv/include/my_msg_srv/my_msg_srv/srv
-- Up-to-date: /home/aniketh05/my_ros2_ws/install/my_msg_srv/include/my_msg_srv/my_msg_srv/srv/detail
-- Up-to-date: /home/aniketh05/my_ros2_ws/install/my_msg_srv/include/my_msg_srv/my_msg_srv/srv/detail/add_three_nums__rosidl_typesupport_fastrtps_c.h
-- Up-to-date: /home/aniketh05/my_ros2_ws/install/my_msg_srv/include/my_msg_srv/my_msg_srv/msg
-- Up-to-date: /home/aniketh05/my_ros2_ws/install/my_msg_srv/include/my_msg_srv/my_msg_srv/msg/detail
-- Up-to-date: /home/aniketh05/my_ros2_ws/install/my_msg_srv/include/my_msg_srv/my_msg_srv/msg/detail/sphere__rosidl_typesupport_fastrtps_c.h
-- Up-to-date: /home/aniketh05/my_ros2_ws/install/my_msg_srv/include/my_msg_srv/my_msg_srv/msg/detail/my_msg__rosidl_typesupport_fastrtps_c.h
-- Up-to-date: /home/aniketh05/my_ros2_ws/install/my_msg_srv/include/my_msg_srv/my_msg_srv/msg/rosidl_typesupport_fastrtps_c__visibility_control.h
-- Up-to-date: /home/aniketh05/my_ros2_ws/install/my_msg_srv/lib/libmy_msg_srv__rosidl_typesupport_fastrtps_c.so
-- Up-to-date: /home/aniketh05/my_ros2_ws/install/my_msg_srv/include/my_msg_srv/my_msg_srv
-- Up-to-date: /home/aniketh05/my_ros2_ws/install/my_msg_srv/include/my_msg_srv/my_msg_srv/srv
-- Up-to-date: /home/aniketh05/my_ros2_ws/install/my_msg_srv/include/my_msg_srv/my_msg_srv/srv/detail
-- Up-to-date: /home/aniketh05/my_ros2_ws/install/my_msg_srv/include/my_msg_srv/my_msg_srv/srv/detail/add_three_nums__type_support.c
-- Up-to-date: /home/aniketh05/my_ros2_ws/install/my_msg_srv/include/my_msg_srv/my_msg_srv/srv/detail/add_three_nums__rosidl_typesupport_introspection_c.h
-- Up-to-date: /home/aniketh05/my_ros2_ws/install/my_msg_srv/include/my_msg_srv/my_msg_srv/msg
-- Up-to-date: /home/aniketh05/my_ros2_ws/install/my_msg_srv/include/my_msg_srv/my_msg_srv/msg/detail
-- Up-to-date: /home/aniketh05/my_ros2_ws/install/my_msg_srv/include/my_msg_srv/my_msg_srv/msg/detail/sphere__rosidl_typesupport_introspection_c.h
-- Up-to-date: /home/aniketh05/my_ros2_ws/install/my_msg_srv/include/my_msg_srv/my_msg_srv/msg/detail/sphere__type_support.c
-- Up-to-date: /home/aniketh05/my_ros2_ws/install/my_msg_srv/include/my_msg_srv/my_msg_srv/msg/detail/my_msg__rosidl_typesupport_introspection_c.h
-- Up-to-date: /home/aniketh05/my_ros2_ws/install/my_msg_srv/include/my_msg_srv/my_msg_srv/msg/detail/my_msg__type_support.c
-- Up-to-date: /home/aniketh05/my_ros2_ws/install/my_msg_srv/include/my_msg_srv/my_msg_srv/msg/rosidl_typesupport_introspection_c__visibility_control.h
-- Up-to-date: /home/aniketh05/my_ros2_ws/install/my_msg_srv/lib/libmy_msg_srv__rosidl_typesupport_introspection_c.so
-- Up-to-date: /home/aniketh05/my_ros2_ws/install/my_msg_srv/lib/libmy_msg_srv__rosidl_typesupport_c.so
-- Up-to-date: /home/aniketh05/my_ros2_ws/install/my_msg_srv/include/my_msg_srv/my_msg_srv
-- Up-to-date: /home/aniketh05/my_ros2_ws/install/my_msg_srv/include/my_msg_srv/my_msg_srv/srv
-- Up-to-date: /home/aniketh05/my_ros2_ws/install/my_msg_srv/include/my_msg_srv/my_msg_srv/srv/add_three_nums.hpp
-- Up-to-date: /home/aniketh05/my_ros2_ws/install/my_msg_srv/include/my_msg_srv/my_msg_srv/srv/detail
-- Up-to-date: /home/aniketh05/my_ros2_ws/install/my_msg_srv/include/my_msg_srv/my_msg_srv/srv/detail/add_three_nums__builder.hpp
-- Up-to-date: /home/aniketh05/my_ros2_ws/install/my_msg_srv/include/my_msg_srv/my_msg_srv/srv/detail/add_three_nums__struct.hpp
-- Up-to-date: /home/aniketh05/my_ros2_ws/install/my_msg_srv/include/my_msg_srv/my_msg_srv/srv/detail/add_three_nums__traits.hpp
-- Up-to-date: /home/aniketh05/my_ros2_ws/install/my_msg_srv/include/my_msg_srv/my_msg_srv/srv/detail/add_three_nums__type_support.hpp
-- Up-to-date: /home/aniketh05/my_ros2_ws/install/my_msg_srv/include/my_msg_srv/my_msg_srv/msg
-- Up-to-date: /home/aniketh05/my_ros2_ws/install/my_msg_srv/include/my_msg_srv/my_msg_srv/msg/detail
-- Up-to-date: /home/aniketh05/my_ros2_ws/install/my_msg_srv/include/my_msg_srv/my_msg_srv/msg/detail/my_msg__struct.hpp
-- Up-to-date: /home/aniketh05/my_ros2_ws/install/my_msg_srv/include/my_msg_srv/my_msg_srv/msg/detail/my_msg__type_support.hpp
-- Up-to-date: /home/aniketh05/my_ros2_ws/install/my_msg_srv/include/my_msg_srv/my_msg_srv/msg/detail/sphere__traits.hpp
-- Up-to-date: /home/aniketh05/my_ros2_ws/install/my_msg_srv/include/my_msg_srv/my_msg_srv/msg/detail/my_msg__traits.hpp
-- Up-to-date: /home/aniketh05/my_ros2_ws/install/my_msg_srv/include/my_msg_srv/my_msg_srv/msg/detail/sphere__struct.hpp
-- Up-to-date: /home/aniketh05/my_ros2_ws/install/my_msg_srv/include/my_msg_srv/my_msg_srv/msg/detail/sphere__type_support.hpp
-- Up-to-date: /home/aniketh05/my_ros2_ws/install/my_msg_srv/include/my_msg_srv/my_msg_srv/msg/detail/my_msg__builder.hpp
-- Up-to-date: /home/aniketh05/my_ros2_ws/install/my_msg_srv/include/my_msg_srv/my_msg_srv/msg/detail/sphere__builder.hpp
-- Up-to-date: /home/aniketh05/my_ros2_ws/install/my_msg_srv/include/my_msg_srv/my_msg_srv/msg/rosidl_generator_cpp__visibility_control.hpp
-- Up-to-date: /home/aniketh05/my_ros2_ws/install/my_msg_srv/include/my_msg_srv/my_msg_srv/msg/sphere.hpp
-- Up-to-date: /home/aniketh05/my_ros2_ws/install/my_msg_srv/include/my_msg_srv/my_msg_srv/msg/my_msg.hpp
-- Up-to-date: /home/aniketh05/my_ros2_ws/install/my_msg_srv/include/my_msg_srv/my_msg_srv
-- Up-to-date: /home/aniketh05/my_ros2_ws/install/my_msg_srv/include/my_msg_srv/my_msg_srv/srv
-- Up-to-date: /home/aniketh05/my_ros2_ws/install/my_msg_srv/include/my_msg_srv/my_msg_srv/srv/detail
-- Up-to-date: /home/aniketh05/my_ros2_ws/install/my_msg_srv/include/my_msg_srv/my_msg_srv/srv/detail/dds_fastrtps
-- Up-to-date: /home/aniketh05/my_ros2_ws/install/my_msg_srv/include/my_msg_srv/my_msg_srv/srv/detail/add_three_nums__rosidl_typesupport_fastrtps_cpp.hpp
-- Up-to-date: /home/aniketh05/my_ros2_ws/install/my_msg_srv/include/my_msg_srv/my_msg_srv/msg
-- Up-to-date: /home/aniketh05/my_ros2_ws/install/my_msg_srv/include/my_msg_srv/my_msg_srv/msg/rosidl_typesupport_fastrtps_cpp__visibility_control.h
-- Up-to-date: /home/aniketh05/my_ros2_ws/install/my_msg_srv/include/my_msg_srv/my_msg_srv/msg/detail
-- Up-to-date: /home/aniketh05/my_ros2_ws/install/my_msg_srv/include/my_msg_srv/my_msg_srv/msg/detail/my_msg__rosidl_typesupport_fastrtps_cpp.hpp
-- Up-to-date: /home/aniketh05/my_ros2_ws/install/my_msg_srv/include/my_msg_srv/my_msg_srv/msg/detail/dds_fastrtps
-- Up-to-date: /home/aniketh05/my_ros2_ws/install/my_msg_srv/include/my_msg_srv/my_msg_srv/msg/detail/sphere__rosidl_typesupport_fastrtps_cpp.hpp
-- Up-to-date: /home/aniketh05/my_ros2_ws/install/my_msg_srv/lib/libmy_msg_srv__rosidl_typesupport_fastrtps_cpp.so
-- Up-to-date: /home/aniketh05/my_ros2_ws/install/my_msg_srv/include/my_msg_srv/my_msg_srv
-- Up-to-date: /home/aniketh05/my_ros2_ws/install/my_msg_srv/include/my_msg_srv/my_msg_srv/srv
-- Up-to-date: /home/aniketh05/my_ros2_ws/install/my_msg_srv/include/my_msg_srv/my_msg_srv/srv/detail
-- Up-to-date: /home/aniketh05/my_ros2_ws/install/my_msg_srv/include/my_msg_srv/my_msg_srv/srv/detail/add_three_nums__rosidl_typesupport_introspection_cpp.hpp
-- Up-to-date: /home/aniketh05/my_ros2_ws/install/my_msg_srv/include/my_msg_srv/my_msg_srv/srv/detail/add_three_nums__type_support.cpp
-- Up-to-date: /home/aniketh05/my_ros2_ws/install/my_msg_srv/include/my_msg_srv/my_msg_srv/msg
-- Up-to-date: /home/aniketh05/my_ros2_ws/install/my_msg_srv/include/my_msg_srv/my_msg_srv/msg/detail
-- Up-to-date: /home/aniketh05/my_ros2_ws/install/my_msg_srv/include/my_msg_srv/my_msg_srv/msg/detail/my_msg__type_support.cpp
-- Up-to-date: /home/aniketh05/my_ros2_ws/install/my_msg_srv/include/my_msg_srv/my_msg_srv/msg/detail/sphere__type_support.cpp
-- Up-to-date: /home/aniketh05/my_ros2_ws/install/my_msg_srv/include/my_msg_srv/my_msg_srv/msg/detail/sphere__rosidl_typesupport_introspection_cpp.hpp
-- Up-to-date: /home/aniketh05/my_ros2_ws/install/my_msg_srv/include/my_msg_srv/my_msg_srv/msg/detail/my_msg__rosidl_typesupport_introspection_cpp.hpp
-- Up-to-date: /home/aniketh05/my_ros2_ws/install/my_msg_srv/lib/libmy_msg_srv__rosidl_typesupport_introspection_cpp.so
-- Up-to-date: /home/aniketh05/my_ros2_ws/install/my_msg_srv/lib/libmy_msg_srv__rosidl_typesupport_cpp.so
-- Up-to-date: /home/aniketh05/my_ros2_ws/install/my_msg_srv/share/my_msg_srv/environment/pythonpath.sh
-- Up-to-date: /home/aniketh05/my_ros2_ws/install/my_msg_srv/share/my_msg_srv/environment/pythonpath.dsv
-- Up-to-date: /home/aniketh05/my_ros2_ws/install/my_msg_srv/local/lib/python3.10/dist-packages/my_msg_srv-0.0.0-py3.10.egg-info
-- Installing: /home/aniketh05/my_ros2_ws/install/my_msg_srv/local/lib/python3.10/dist-packages/my_msg_srv-0.0.0-py3.10.egg-info/SOURCES.txt
-- Installing: /home/aniketh05/my_ros2_ws/install/my_msg_srv/local/lib/python3.10/dist-packages/my_msg_srv-0.0.0-py3.10.egg-info/top_level.txt
-- Installing: /home/aniketh05/my_ros2_ws/install/my_msg_srv/local/lib/python3.10/dist-packages/my_msg_srv-0.0.0-py3.10.egg-info/PKG-INFO
-- Installing: /home/aniketh05/my_ros2_ws/install/my_msg_srv/local/lib/python3.10/dist-packages/my_msg_srv-0.0.0-py3.10.egg-info/dependency_links.txt
-- Up-to-date: /home/aniketh05/my_ros2_ws/install/my_msg_srv/local/lib/python3.10/dist-packages/my_msg_srv
-- Up-to-date: /home/aniketh05/my_ros2_ws/install/my_msg_srv/local/lib/python3.10/dist-packages/my_msg_srv/_my_msg_srv_s.ep.rosidl_typesupport_introspection_c.c
-- Up-to-date: /home/aniketh05/my_ros2_ws/install/my_msg_srv/local/lib/python3.10/dist-packages/my_msg_srv/my_msg_srv_s__rosidl_typesupport_introspection_c.cpython-310-x86_64-linux-gnu.so
-- Up-to-date: /home/aniketh05/my_ros2_ws/install/my_msg_srv/local/lib/python3.10/dist-packages/my_msg_srv/srv
-- Up-to-date: /home/aniketh05/my_ros2_ws/install/my_msg_srv/local/lib/python3.10/dist-packages/my_msg_srv/srv/__init__.py
-- Up-to-date: /home/aniketh05/my_ros2_ws/install/my_msg_srv/local/lib/python3.10/dist-packages/my_msg_srv/srv/_add_three_nums.py
-- Up-to-date: /home/aniketh05/my_ros2_ws/install/my_msg_srv/local/lib/python3.10/dist-packages/my_msg_srv/srv/_add_three_nums_s.c
-- Up-to-date: /home/aniketh05/my_ros2_ws/install/my_msg_srv/local/lib/python3.10/dist-packages/my_msg_srv/__init__.py
-- Up-to-date: /home/aniketh05/my_ros2_ws/install/my_msg_srv/local/lib/python3.10/dist-packages/my_msg_srv/libmy_msg_srv__rosidl_generator_py.so
-- Up-to-date: /home/aniketh05/my_ros2_ws/install/my_msg_srv/local/lib/python3.10/dist-packages/my_msg_srv/my_msg_srv_s__rosidl_typesupport_fastrtps_c.cpython-310-x86_64-linux-gnu.so
-- Up-to-date: /home/aniketh05/my_ros2_ws/install/my_msg_srv/local/lib/python3.10/dist-packages/my_msg_srv/my_msg_srv_s__rosidl_typesupport_c.cpython-310-x86_64-linux-gnu.so
-- Up-to-date: /home/aniketh05/my_ros2_ws/install/my_msg_srv/local/lib/python3.10/dist-packages/my_msg_srv/msg
-- Up-to-date: /home/aniketh05/my_ros2_ws/install/my_msg_srv/local/lib/python3.10/dist-packages/my_msg_srv/msg/_my_msg_s.c
-- Up-to-date: /home/aniketh05/my_ros2_ws/install/my_msg_srv/local/lib/python3.10/dist-packages/my_msg_srv/msg/_sphere.py
-- Up-to-date: /home/aniketh05/my_ros2_ws/install/my_msg_srv/local/lib/python3.10/dist-packages/my_msg_srv/msg/__init__.py
-- Up-to-date: /home/aniketh05/my_ros2_ws/install/my_msg_srv/local/lib/python3.10/dist-packages/my_msg_srv/msg/_sphere_s.c
-- Up-to-date: /home/aniketh05/my_ros2_ws/install/my_msg_srv/local/lib/python3.10/dist-packages/my_msg_srv/msg/_my_msg.py
-- Up-to-date: /home/aniketh05/my_ros2_ws/install/my_msg_srv/local/lib/python3.10/dist-packages/my_msg_srv/_my_msg_srv_s.ep.rosidl_typesupport_c.c
-- Up-to-date: /home/aniketh05/my_ros2_ws/install/my_msg_srv/local/lib/python3.10/dist-packages/my_msg_srv/_my_msg_srv_s.ep.rosidl_typesupport_fastrtps_c.c
Listing '/home/aniketh05/my_ros2_ws/install/my_msg_srv/local/lib/python3.10/dist-packages/my_msg_srv'...
Listing '/home/aniketh05/my_ros2_ws/install/my_msg_srv/local/lib/python3.10/dist-packages/my_msg_srv/msg'...
Listing '/home/aniketh05/my_ros2_ws/install/my_msg_srv/local/lib/python3.10/dist-packages/my_msg_srv/srv'...
-- Up-to-date: /home/aniketh05/my_ros2_ws/install/my_msg_srv/local/lib/python3.10/dist-packages/my_msg_srv/my_msg_srv_s__rosidl_typesupport_fastrtps_c.cpython-310-x86_64-linux-gnu.so
-- Up-to-date: /home/aniketh05/my_ros2_ws/install/my_msg_srv/local/lib/python3.10/dist-packages/my_msg_srv/my_msg_srv_s__rosidl_typesupport_introspection_c.cpython-310-x86_64-linux-gnu.so
-- Up-to-date: /home/aniketh05/my_ros2_ws/install/my_msg_srv/local/lib/python3.10/dist-packages/my_msg_srv/my_msg_srv_s__rosidl_typesupport_c.cpython-310-x86_64-linux-gnu.so
-- Up-to-date: /home/aniketh05/my_ros2_ws/install/my_msg_srv/lib/libmy_msg_srv__rosidl_generator_py.so
-- Up-to-date: /home/aniketh05/my_ros2_ws/install/my_msg_srv/share/my_msg_srv/msg/MyMsg.idl
-- Up-to-date: /home/aniketh05/my_ros2_ws/install/my_msg_srv/share/my_msg_srv/msg/Sphere.idl
-- Up-to-date: /home/aniketh05/my_ros2_ws/install/my_msg_srv/share/my_msg_srv/srv/AddThreeNums.idl
-- Up-to-date: /home/aniketh05/my_ros2_ws/install/my_msg_srv/share/my_msg_srv/msg/MyMsg.msg
-- Up-to-date: /home/aniketh05/my_ros2_ws/install/my_msg_srv/share/my_msg_srv/msg/Sphere.msg
-- Up-to-date: /home/aniketh05/my_ros2_ws/install/my_msg_srv/share/my_msg_srv/srv/AddThreeNums.srv
-- Up-to-date: /home/aniketh05/my_ros2_ws/install/my_msg_srv/share/my_msg_srv/srv/AddThreeNums_Request.msg
-- Up-to-date: /home/aniketh05/my_ros2_ws/install/my_msg_srv/share/my_msg_srv/srv/AddThreeNums_Response.msg
-- Up-to-date: /home/aniketh05/my_ros2_ws/install/my_msg_srv/share/ament_index/resource_index/package_run_dependencies/my_msg_srv
-- Up-to-date: /home/aniketh05/my_ros2_ws/install/my_msg_srv/share/ament_index/resource_index/parent_prefix_path/my_msg_srv
-- Up-to-date: /home/aniketh05/my_ros2_ws/install/my_msg_srv/share/my_msg_srv/environment/ament_prefix_path.sh
-- Up-to-date: /home/aniketh05/my_ros2_ws/install/my_msg_srv/share/my_msg_srv/environment/ament_prefix_path.dsv
-- Up-to-date: /home/aniketh05/my_ros2_ws/install/my_msg_srv/share/my_msg_srv/environment/path.sh
-- Up-to-date: /home/aniketh05/my_ros2_ws/install/my_msg_srv/share/my_msg_srv/environment/path.dsv
-- Up-to-date: /home/aniketh05/my_ros2_ws/install/my_msg_srv/share/my_msg_srv/local_setup.bash
-- Up-to-date: /home/aniketh05/my_ros2_ws/install/my_msg_srv/share/my_msg_srv/local_setup.sh
-- Up-to-date: /home/aniketh05/my_ros2_ws/install/my_msg_srv/share/my_msg_srv/local_setup.zsh
-- Up-to-date: /home/aniketh05/my_ros2_ws/install/my_msg_srv/share/my_msg_srv/local_setup.dsv
-- Installing: /home/aniketh05/my_ros2_ws/install/my_msg_srv/share/my_msg_srv/package.dsv
-- Up-to-date: /home/aniketh05/my_ros2_ws/install/my_msg_srv/share/ament_index/resource_index/packages/my_msg_srv
-- Up-to-date: /home/aniketh05/my_ros2_ws/install/my_msg_srv/share/my_msg_srv/cmake/export_my_msg_srv__rosidl_generator_cExport.cmake
-- Up-to-date: /home/aniketh05/my_ros2_ws/install/my_msg_srv/share/my_msg_srv/cmake/export_my_msg_srv__rosidl_generator_cExport-noconfig.cmake
-- Up-to-date: /home/aniketh05/my_ros2_ws/install/my_msg_srv/share/my_msg_srv/cmake/export_my_msg_srv__rosidl_typesupport_fastrtps_cExport.cmake
-- Up-to-date: /home/aniketh05/my_ros2_ws/install/my_msg_srv/share/my_msg_srv/cmake/export_my_msg_srv__rosidl_typesupport_fastrtps_cExport-noconfig.cmake
-- Up-to-date: /home/aniketh05/my_ros2_ws/install/my_msg_srv/share/my_msg_srv/cmake/my_msg_srv__rosidl_typesupport_introspection_cExport.cmake
-- Up-to-date: /home/aniketh05/my_ros2_ws/install/my_msg_srv/share/my_msg_srv/cmake/my_msg_srv__rosidl_typesupport_introspection_cExport-noconfig.cmake
-- Up-to-date: /home/aniketh05/my_ros2_ws/install/my_msg_srv/share/my_msg_srv/cmake/my_msg_srv__rosidl_typesupport_cExport.cmake
-- Up-to-date: /home/aniketh05/my_ros2_ws/install/my_msg_srv/share/my_msg_srv/cmake/my_msg_srv__rosidl_typesupport_cExport-noconfig.cmake
-- Up-to-date: /home/aniketh05/my_ros2_ws/install/my_msg_srv/share/my_msg_srv/cmake/export_my_msg_srv__rosidl_generator_cppExport.cmake
-- Up-to-date: /home/aniketh05/my_ros2_ws/install/my_msg_srv/share/my_msg_srv/cmake/export_my_msg_srv__rosidl_typesupport_fastrtps_cppExport.cmake
-- Up-to-date: /home/aniketh05/my_ros2_ws/install/my_msg_srv/share/my_msg_srv/cmake/export_my_msg_srv__rosidl_typesupport_fastrtps_cppExport-noconfig.cmake
-- Up-to-date: /home/aniketh05/my_ros2_ws/install/my_msg_srv/share/my_msg_srv/cmake/my_msg_srv__rosidl_typesupport_introspection_cppExport.cmake
-- Up-to-date: /home/aniketh05/my_ros2_ws/install/my_msg_srv/share/my_msg_srv/cmake/my_msg_srv__rosidl_typesupport_introspection_cppExport-noconfig.cmake
-- Up-to-date: /home/aniketh05/my_ros2_ws/install/my_msg_srv/share/my_msg_srv/cmake/my_msg_srv__rosidl_typesupport_cppExport.cmake
-- Up-to-date: /home/aniketh05/my_ros2_ws/install/my_msg_srv/share/my_msg_srv/cmake/my_msg_srv__rosidl_typesupport_cppExport-noconfig.cmake
-- Up-to-date: /home/aniketh05/my_ros2_ws/install/my_msg_srv/share/my_msg_srv/cmake/export_my_msg_srv__rosidl_generator_pyExport.cmake
-- Up-to-date: /home/aniketh05/my_ros2_ws/install/my_msg_srv/share/my_msg_srv/cmake/export_my_msg_srv__rosidl_generator_pyExport-noconfig.cmake
-- Up-to-date: /home/aniketh05/my_ros2_ws/install/my_msg_srv/share/my_msg_srv/cmake/rosidl_cmake-extras.cmake
-- Up-to-date: /home/aniketh05/my_ros2_ws/install/my_msg_srv/share/my_msg_srv/cmake/ament_cmake_export_dependencies-extras.cmake
-- Up-to-date: /home/aniketh05/my_ros2_ws/install/my_msg_srv/share/my_msg_srv/cmake/ament_cmake_export_include_directories-extras.cmake
-- Up-to-date: /home/aniketh05/my_ros2_ws/install/my_msg_srv/share/my_msg_srv/cmake/ament_cmake_export_libraries-extras.cmake
-- Up-to-date: /home/aniketh05/my_ros2_ws/install/my_msg_srv/share/my_msg_srv/cmake/ament_cmake_export_targets-extras.cmake
-- Up-to-date: /home/aniketh05/my_ros2_ws/install/my_msg_srv/share/my_msg_srv/cmake/rosidl_cmake_export_typesupport_targets-extras.cmake
-- Up-to-date: /home/aniketh05/my_ros2_ws/install/my_msg_srv/share/my_msg_srv/cmake/rosidl_cmake_export_typesupport_libraries-extras.cmake
-- Up-to-date: /home/aniketh05/my_ros2_ws/install/my_msg_srv/share/my_msg_srv/cmake/my_msg_srvConfig.cmake
-- Up-to-date: /home/aniketh05/my_ros2_ws/install/my_msg_srv/share/my_msg_srv/cmake/my_msg_srvConfig-version.cmake
-- Up-to-date: /home/aniketh05/my_ros2_ws/install/my_msg_srv/share/my_msg_srv/package.xml
