[1.422s] Invoking command in '/home/aniketh05/my_ros2_ws/src/build/turtle_control': PYTHONPATH=/home/aniketh05/my_ros2_ws/src/build/turtle_control/prefix_override:/usr/lib/python3/dist-packages/colcon_core/task/python/colcon_distutils_commands:/home/aniketh05/my_ros2_ws/src/install/turtle_control/lib/python3.10/site-packages:${PYTHONPATH} /usr/bin/python3 -W ignore:setup.py install is deprecated -W ignore:easy_install command is deprecated setup.py develop --editable --build-directory /home/aniketh05/my_ros2_ws/src/build/turtle_control/build --no-deps symlink_data
[1.774s] running develop
[1.827s] /home/aniketh05/.local/lib/python3.10/site-packages/pkg_resources/__init__.py:116: PkgResourcesDeprecationWarning: 2.0.5-build-libtorrent-rasterbar-qrM5vM-libtorrent-rasterbar-2.0.5-bindings-python is an invalid version and will not be supported in a future release
[1.827s]   warnings.warn(
[1.970s] running egg_info
[1.970s] creating turtle_control.egg-info
[1.970s] writing turtle_control.egg-info/PKG-INFO
[1.971s] writing dependency_links to turtle_control.egg-info/dependency_links.txt
[1.971s] writing entry points to turtle_control.egg-info/entry_points.txt
[1.971s] writing requirements to turtle_control.egg-info/requires.txt
[1.971s] writing top-level names to turtle_control.egg-info/top_level.txt
[1.972s] writing manifest file 'turtle_control.egg-info/SOURCES.txt'
[1.973s] reading manifest file 'turtle_control.egg-info/SOURCES.txt'
[1.973s] writing manifest file 'turtle_control.egg-info/SOURCES.txt'
[1.975s] running build_ext
[1.975s] Creating /home/aniketh05/my_ros2_ws/src/install/turtle_control/lib/python3.10/site-packages/turtle-control.egg-link (link to .)
[1.976s] Installing pub_sub script to /home/aniketh05/my_ros2_ws/src/install/turtle_control/lib/turtle_control
[1.977s] Installing turtle_publisher script to /home/aniketh05/my_ros2_ws/src/install/turtle_control/lib/turtle_control
[1.977s] Installing turtle_subscriber script to /home/aniketh05/my_ros2_ws/src/install/turtle_control/lib/turtle_control
[1.978s] 
[1.978s] Installed /home/aniketh05/my_ros2_ws/src/build/turtle_control
[1.983s] running symlink_data
[1.983s] creating /home/aniketh05/my_ros2_ws/src/install/turtle_control/share/ament_index
[1.983s] creating /home/aniketh05/my_ros2_ws/src/install/turtle_control/share/ament_index/resource_index
[1.983s] creating /home/aniketh05/my_ros2_ws/src/install/turtle_control/share/ament_index/resource_index/packages
[1.983s] symbolically linking /home/aniketh05/my_ros2_ws/src/build/turtle_control/resource/turtle_control -> /home/aniketh05/my_ros2_ws/src/install/turtle_control/share/ament_index/resource_index/packages
[1.983s] symbolically linking /home/aniketh05/my_ros2_ws/src/build/turtle_control/package.xml -> /home/aniketh05/my_ros2_ws/src/install/turtle_control/share/turtle_control
[2.050s] Invoked command in '/home/aniketh05/my_ros2_ws/src/build/turtle_control' returned '0': PYTHONPATH=/home/aniketh05/my_ros2_ws/src/build/turtle_control/prefix_override:/usr/lib/python3/dist-packages/colcon_core/task/python/colcon_distutils_commands:/home/aniketh05/my_ros2_ws/src/install/turtle_control/lib/python3.10/site-packages:${PYTHONPATH} /usr/bin/python3 -W ignore:setup.py install is deprecated -W ignore:easy_install command is deprecated setup.py develop --editable --build-directory /home/aniketh05/my_ros2_ws/src/build/turtle_control/build --no-deps symlink_data
