[0.009s] Invoking command in '/home/aniketh05/my_ros2_ws/build/my_gesture_arm_robot': CMAKE_PREFIX_PATH=${CMAKE_PREFIX_PATH}:/home/aniketh05/my_ros2_ws/install/turtle_control:/home/aniketh05/my_ros2_ws/install/my_services:/home/aniketh05/my_ros2_ws/install/my_pkg_prac:/home/aniketh05/my_ros2_ws/install/my_pkg_01:/opt/ros/humble /usr/bin/cmake /home/aniketh05/my_ros2_ws/src/my_gesture_arm_robot -DAMENT_CMAKE_SYMLINK_INSTALL=1 -DCMAKE_INSTALL_PREFIX=/home/aniketh05/my_ros2_ws/install/my_gesture_arm_robot
[0.021s] -- Found ament_cmake: 1.3.11 (/opt/ros/humble/share/ament_cmake/cmake)
[0.110s] -- Override CMake install command with custom implementation using symlinks instead of copying resources
[0.114s] -- Found rclpy: 3.3.15 (/opt/ros/humble/share/rclpy/cmake)
[0.115s] -- Found gazebo_ros: 3.9.0 (/opt/ros/humble/share/gazebo_ros/cmake)
[0.298s] -- Found rosidl_generator_c: 3.1.6 (/opt/ros/humble/share/rosidl_generator_c/cmake)
[0.299s] -- Found rosidl_adapter: 3.1.6 (/opt/ros/humble/share/rosidl_adapter/cmake)
[0.304s] -- Found rosidl_generator_cpp: 3.1.6 (/opt/ros/humble/share/rosidl_generator_cpp/cmake)
[0.311s] -- Using all available rosidl_typesupport_c: rosidl_typesupport_fastrtps_c;rosidl_typesupport_introspection_c
[0.319s] -- Using all available rosidl_typesupport_cpp: rosidl_typesupport_fastrtps_cpp;rosidl_typesupport_introspection_cpp
[0.343s] -- Found rmw_implementation_cmake: 6.1.2 (/opt/ros/humble/share/rmw_implementation_cmake/cmake)
[0.344s] -- Found rmw_fastrtps_cpp: 6.2.7 (/opt/ros/humble/share/rmw_fastrtps_cpp/cmake)
[7.068s] -- Using RMW implementation 'rmw_fastrtps_cpp' as default
[7.116s] -- Found DART: /usr/include (Required is at least version "6.6") found components: dart 
[7.134s] -- Found Protobuf: /usr/lib/x86_64-linux-gnu/libprotobuf.so (found version "3.12.4") 
[7.135s] -- Looking for ignition-math6 -- found version 6.15.1
[7.138s] -- Searching for dependencies of ignition-math6
[7.138s] -- Looking for OGRE...
[7.142s] -- Found Ogre Ghadamon (1.9.0)
[7.143s] -- Found OGRE: optimized;/usr/lib/x86_64-linux-gnu/libOgreMain.so;debug;/usr/lib/x86_64-linux-gnu/libOgreMain.so
[7.149s] -- Looking for OGRE_Paging...
[7.149s] -- Found OGRE_Paging: optimized;/usr/lib/x86_64-linux-gnu/libOgrePaging.so;debug;/usr/lib/x86_64-linux-gnu/libOgrePaging.so
[7.150s] -- Looking for OGRE_Terrain...
[7.150s] -- Found OGRE_Terrain: optimized;/usr/lib/x86_64-linux-gnu/libOgreTerrain.so;debug;/usr/lib/x86_64-linux-gnu/libOgreTerrain.so
[7.150s] -- Looking for OGRE_Property...
[7.151s] -- Found OGRE_Property: optimized;/usr/lib/x86_64-linux-gnu/libOgreProperty.so;debug;/usr/lib/x86_64-linux-gnu/libOgreProperty.so
[7.151s] -- Looking for OGRE_RTShaderSystem...
[7.151s] -- Found OGRE_RTShaderSystem: optimized;/usr/lib/x86_64-linux-gnu/libOgreRTShaderSystem.so;debug;/usr/lib/x86_64-linux-gnu/libOgreRTShaderSystem.so
[7.151s] -- Looking for OGRE_Volume...
[7.151s] -- Found OGRE_Volume: optimized;/usr/lib/x86_64-linux-gnu/libOgreVolume.so;debug;/usr/lib/x86_64-linux-gnu/libOgreVolume.so
[7.151s] -- Looking for OGRE_Overlay...
[7.151s] -- Found OGRE_Overlay: optimized;/usr/lib/x86_64-linux-gnu/libOgreOverlay.so;debug;/usr/lib/x86_64-linux-gnu/libOgreOverlay.so
[26.473s] -- Looking for ignition-math6 -- found version 6.15.1
[26.473s] -- Looking for ignition-transport8 -- found version 8.2.1
[26.473s] -- Searching for dependencies of ignition-transport8
[27.988s] -- Found Protobuf: /usr/lib/x86_64-linux-gnu/libprotobuf.so (found suitable version "3.12.4", minimum required is "3") 
[29.371s] -- Config-file not installed for ZeroMQ -- checking for pkg-config
[29.375s] -- Checking for module 'libzmq >= 4'
[29.384s] --   Found libzmq , version 4.3.4
[29.413s] -- Checking for module 'uuid'
[29.421s] --   Found uuid, version 2.37.2
[29.445s] -- Looking for ignition-msgs5 -- found version 5.8.1
[29.446s] -- Searching for dependencies of ignition-msgs5
[30.733s] -- Looking for ignition-math6 -- found version 6.15.1
[30.736s] -- Checking for module 'tinyxml2'
[30.746s] --   Found tinyxml2, version 9.0.0
[30.765s] -- Looking for ignition-msgs5 -- found version 5.8.1
[30.765s] -- Looking for ignition-common3 -- found version 3.14.0
[30.765s] -- Searching for dependencies of ignition-common3
[30.766s] -- Looking for dlfcn.h - found
[30.766s] -- Looking for libdl - found
[30.846s] -- Searching for <ignition-common3> component [graphics]
[30.846s] -- Looking for ignition-common3-graphics -- found version 3.14.0
[30.846s] -- Searching for dependencies of ignition-common3-graphics
[30.847s] -- Looking for ignition-math6 -- found version 6.15.1
[30.847s] -- Looking for ignition-fuel_tools4 -- found version 4.4.0
[30.848s] -- Searching for dependencies of ignition-fuel_tools4
[32.324s] -- Checking for module 'jsoncpp'
[32.333s] --   Found jsoncpp, version 1.9.5
[32.358s] -- Checking for module 'libzip'
[32.366s] --   Found libzip, version 1.7.3
[32.387s] -- Looking for ignition-common3 -- found version 3.14.0
[32.388s] -- Looking for ignition-math6 -- found version 6.15.1
[32.388s] -- Looking for ignition-msgs5 -- found version 5.8.1
[32.389s] -- Gazebo version: 11.10
[32.390s] -- Found gazebo_ros_pkgs: 3.9.0 (/opt/ros/humble/share/gazebo_ros_pkgs/cmake)
[32.390s] -- Found xacro: 2.0.13 (/opt/ros/humble/share/xacro/cmake)
[32.391s] -- Found urdf: 2.6.1 (/opt/ros/humble/share/urdf/cmake)
[33.677s] -- Found robot_state_publisher: 3.0.3 (/opt/ros/humble/share/robot_state_publisher/cmake)
[33.690s] -- Found eigen3_cmake_module: 0.1.1 (/opt/ros/humble/share/eigen3_cmake_module/cmake)
[33.691s] -- Ensuring Eigen3 include directory is part of orocos-kdl CMake target
[35.017s] [31mCMake Error at CMakeLists.txt:16 (find_package):
[35.017s]   By not providing "Findlaunch_ros.cmake" in CMAKE_MODULE_PATH this project
[35.017s]   has asked CMake to find a package configuration file provided by
[35.017s]   "launch_ros", but CMake did not find one.
[35.017s] 
[35.017s]   Could not find a package configuration file provided by "launch_ros" with
[35.018s]   any of the following names:
[35.018s] 
[35.018s]     launch_rosConfig.cmake
[35.018s]     launch_ros-config.cmake
[35.018s] 
[35.018s]   Add the installation prefix of "launch_ros" to CMAKE_PREFIX_PATH or set
[35.018s]   "launch_ros_DIR" to a directory containing one of the above files.  If
[35.018s]   "launch_ros" provides a separate development package or SDK, be sure it has
[35.018s]   been installed.
[35.018s] 
[35.018s] [0m
[35.018s] -- Configuring incomplete, errors occurred!
[35.018s] See also "/home/aniketh05/my_ros2_ws/build/my_gesture_arm_robot/CMakeFiles/CMakeOutput.log".
[35.026s] Invoked command in '/home/aniketh05/my_ros2_ws/build/my_gesture_arm_robot' returned '1': CMAKE_PREFIX_PATH=${CMAKE_PREFIX_PATH}:/home/aniketh05/my_ros2_ws/install/turtle_control:/home/aniketh05/my_ros2_ws/install/my_services:/home/aniketh05/my_ros2_ws/install/my_pkg_prac:/home/aniketh05/my_ros2_ws/install/my_pkg_01:/opt/ros/humble /usr/bin/cmake /home/aniketh05/my_ros2_ws/src/my_gesture_arm_robot -DAMENT_CMAKE_SYMLINK_INSTALL=1 -DCMAKE_INSTALL_PREFIX=/home/aniketh05/my_ros2_ws/install/my_gesture_arm_robot
