[3.754s] Invoking command in '/home/aniketh05/my_ros2_ws/src/build/turtle_control': PYTHONPATH=/home/aniketh05/my_ros2_ws/src/build/turtle_control/prefix_override:/usr/lib/python3/dist-packages/colcon_core/task/python/colcon_distutils_commands:/home/aniketh05/my_ros2_ws/src/install/turtle_control/lib/python3.10/site-packages:${PYTHONPATH} /usr/bin/python3 -W ignore:setup.py install is deprecated -W ignore:easy_install command is deprecated setup.py develop --uninstall --editable --build-directory /home/aniketh05/my_ros2_ws/src/build/turtle_control/build
[4.463s] running develop
[4.578s] /home/aniketh05/.local/lib/python3.10/site-packages/pkg_resources/__init__.py:116: PkgResourcesDeprecationWarning: 2.0.5-build-libtorrent-rasterbar-qrM5vM-libtorrent-rasterbar-2.0.5-bindings-python is an invalid version and will not be supported in a future release
[4.578s]   warnings.warn(
[4.906s] Removing /home/aniketh05/my_ros2_ws/src/install/turtle_control/lib/python3.10/site-packages/turtle-control.egg-link (link to .)
[4.988s] Invoked command in '/home/aniketh05/my_ros2_ws/src/build/turtle_control' returned '0': PYTHONPATH=/home/aniketh05/my_ros2_ws/src/build/turtle_control/prefix_override:/usr/lib/python3/dist-packages/colcon_core/task/python/colcon_distutils_commands:/home/aniketh05/my_ros2_ws/src/install/turtle_control/lib/python3.10/site-packages:${PYTHONPATH} /usr/bin/python3 -W ignore:setup.py install is deprecated -W ignore:easy_install command is deprecated setup.py develop --uninstall --editable --build-directory /home/aniketh05/my_ros2_ws/src/build/turtle_control/build
[4.996s] Invoking command in '/home/aniketh05/my_ros2_ws/src/turtle_control': PYTHONPATH=/home/aniketh05/my_ros2_ws/src/build/turtle_control/prefix_override:/usr/lib/python3/dist-packages/colcon_core/task/python/colcon_distutils_commands:/home/aniketh05/my_ros2_ws/src/install/turtle_control/lib/python3.10/site-packages:${PYTHONPATH} /usr/bin/python3 -W ignore:setup.py install is deprecated -W ignore:easy_install command is deprecated setup.py egg_info --egg-base ../build/turtle_control build --build-base /home/aniketh05/my_ros2_ws/src/build/turtle_control/build install --record /home/aniketh05/my_ros2_ws/src/build/turtle_control/install.log --single-version-externally-managed install_data --force
[5.662s] running egg_info
[5.664s] writing ../build/turtle_control/turtle_control.egg-info/PKG-INFO
[5.666s] writing dependency_links to ../build/turtle_control/turtle_control.egg-info/dependency_links.txt
[5.666s] writing entry points to ../build/turtle_control/turtle_control.egg-info/entry_points.txt
[5.668s] writing requirements to ../build/turtle_control/turtle_control.egg-info/requires.txt
[5.669s] writing top-level names to ../build/turtle_control/turtle_control.egg-info/top_level.txt
[5.679s] reading manifest file '../build/turtle_control/turtle_control.egg-info/SOURCES.txt'
[5.687s] writing manifest file '../build/turtle_control/turtle_control.egg-info/SOURCES.txt'
[5.688s] running build
[5.691s] running build_py
[5.692s] creating /home/aniketh05/my_ros2_ws/src/build/turtle_control/build
[5.692s] creating /home/aniketh05/my_ros2_ws/src/build/turtle_control/build/lib
[5.692s] creating /home/aniketh05/my_ros2_ws/src/build/turtle_control/build/lib/turtle_control
[5.693s] copying turtle_control/__init__.py -> /home/aniketh05/my_ros2_ws/src/build/turtle_control/build/lib/turtle_control
[5.693s] copying turtle_control/turtle_subscriber.py -> /home/aniketh05/my_ros2_ws/src/build/turtle_control/build/lib/turtle_control
[5.693s] copying turtle_control/pub_sub.py -> /home/aniketh05/my_ros2_ws/src/build/turtle_control/build/lib/turtle_control
[5.694s] copying turtle_control/turtle_publisher.py -> /home/aniketh05/my_ros2_ws/src/build/turtle_control/build/lib/turtle_control
[5.694s] running install
[5.694s] running install_lib
[5.695s] creating /home/aniketh05/my_ros2_ws/src/install/turtle_control/lib/python3.10/site-packages/turtle_control
[5.697s] copying /home/aniketh05/my_ros2_ws/src/build/turtle_control/build/lib/turtle_control/__init__.py -> /home/aniketh05/my_ros2_ws/src/install/turtle_control/lib/python3.10/site-packages/turtle_control
[5.698s] copying /home/aniketh05/my_ros2_ws/src/build/turtle_control/build/lib/turtle_control/turtle_subscriber.py -> /home/aniketh05/my_ros2_ws/src/install/turtle_control/lib/python3.10/site-packages/turtle_control
[5.698s] copying /home/aniketh05/my_ros2_ws/src/build/turtle_control/build/lib/turtle_control/pub_sub.py -> /home/aniketh05/my_ros2_ws/src/install/turtle_control/lib/python3.10/site-packages/turtle_control
[5.698s] copying /home/aniketh05/my_ros2_ws/src/build/turtle_control/build/lib/turtle_control/turtle_publisher.py -> /home/aniketh05/my_ros2_ws/src/install/turtle_control/lib/python3.10/site-packages/turtle_control
[5.699s] byte-compiling /home/aniketh05/my_ros2_ws/src/install/turtle_control/lib/python3.10/site-packages/turtle_control/__init__.py to __init__.cpython-310.pyc
[5.699s] byte-compiling /home/aniketh05/my_ros2_ws/src/install/turtle_control/lib/python3.10/site-packages/turtle_control/turtle_subscriber.py to turtle_subscriber.cpython-310.pyc
[5.701s] byte-compiling /home/aniketh05/my_ros2_ws/src/install/turtle_control/lib/python3.10/site-packages/turtle_control/pub_sub.py to pub_sub.cpython-310.pyc
[5.702s] byte-compiling /home/aniketh05/my_ros2_ws/src/install/turtle_control/lib/python3.10/site-packages/turtle_control/turtle_publisher.py to turtle_publisher.cpython-310.pyc
[5.702s] running install_data
[5.703s] copying resource/turtle_control -> /home/aniketh05/my_ros2_ws/src/install/turtle_control/share/ament_index/resource_index/packages
[5.704s] copying package.xml -> /home/aniketh05/my_ros2_ws/src/install/turtle_control/share/turtle_control
[5.704s] running install_egg_info
[5.709s] Copying ../build/turtle_control/turtle_control.egg-info to /home/aniketh05/my_ros2_ws/src/install/turtle_control/lib/python3.10/site-packages/turtle_control-0.0.0-py3.10.egg-info
[5.716s] running install_scripts
[5.761s] Installing pub_sub script to /home/aniketh05/my_ros2_ws/src/install/turtle_control/lib/turtle_control
[5.762s] Installing turtle_publisher script to /home/aniketh05/my_ros2_ws/src/install/turtle_control/lib/turtle_control
[5.762s] Installing turtle_subscriber script to /home/aniketh05/my_ros2_ws/src/install/turtle_control/lib/turtle_control
[5.763s] writing list of installed files to '/home/aniketh05/my_ros2_ws/src/build/turtle_control/install.log'
[5.857s] Invoked command in '/home/aniketh05/my_ros2_ws/src/turtle_control' returned '0': PYTHONPATH=/home/aniketh05/my_ros2_ws/src/build/turtle_control/prefix_override:/usr/lib/python3/dist-packages/colcon_core/task/python/colcon_distutils_commands:/home/aniketh05/my_ros2_ws/src/install/turtle_control/lib/python3.10/site-packages:${PYTHONPATH} /usr/bin/python3 -W ignore:setup.py install is deprecated -W ignore:easy_install command is deprecated setup.py egg_info --egg-base ../build/turtle_control build --build-base /home/aniketh05/my_ros2_ws/src/build/turtle_control/build install --record /home/aniketh05/my_ros2_ws/src/build/turtle_control/install.log --single-version-externally-managed install_data --force
