running egg_info
writing ../../build/my_pkg_prac/my_pkg_prac.egg-info/PKG-INFO
writing dependency_links to ../../build/my_pkg_prac/my_pkg_prac.egg-info/dependency_links.txt
writing entry points to ../../build/my_pkg_prac/my_pkg_prac.egg-info/entry_points.txt
writing requirements to ../../build/my_pkg_prac/my_pkg_prac.egg-info/requires.txt
writing top-level names to ../../build/my_pkg_prac/my_pkg_prac.egg-info/top_level.txt
reading manifest file '../../build/my_pkg_prac/my_pkg_prac.egg-info/SOURCES.txt'
writing manifest file '../../build/my_pkg_prac/my_pkg_prac.egg-info/SOURCES.txt'
running build
running build_py
copying my_pkg_prac/move_circular.py -> /home/aniketh05/my_ros2_ws/build/my_pkg_prac/build/lib/my_pkg_prac
copying my_pkg_prac/my_pose_sub.py -> /home/aniketh05/my_ros2_ws/build/my_pkg_prac/build/lib/my_pkg_prac
running install
running install_lib
copying /home/aniketh05/my_ros2_ws/build/my_pkg_prac/build/lib/my_pkg_prac/move_circular.py -> /home/aniketh05/my_ros2_ws/install/my_pkg_prac/lib/python3.10/site-packages/my_pkg_prac
copying /home/aniketh05/my_ros2_ws/build/my_pkg_prac/build/lib/my_pkg_prac/my_pose_sub.py -> /home/aniketh05/my_ros2_ws/install/my_pkg_prac/lib/python3.10/site-packages/my_pkg_prac
byte-compiling /home/aniketh05/my_ros2_ws/install/my_pkg_prac/lib/python3.10/site-packages/my_pkg_prac/move_circular.py to move_circular.cpython-310.pyc
byte-compiling /home/aniketh05/my_ros2_ws/install/my_pkg_prac/lib/python3.10/site-packages/my_pkg_prac/my_pose_sub.py to my_pose_sub.cpython-310.pyc
running install_data
running install_egg_info
removing '/home/aniketh05/my_ros2_ws/install/my_pkg_prac/lib/python3.10/site-packages/my_pkg_prac-0.0.0-py3.10.egg-info' (and everything under it)
Copying ../../build/my_pkg_prac/my_pkg_prac.egg-info to /home/aniketh05/my_ros2_ws/install/my_pkg_prac/lib/python3.10/site-packages/my_pkg_prac-0.0.0-py3.10.egg-info
running install_scripts
Installing move_circle script to /home/aniketh05/my_ros2_ws/install/my_pkg_prac/lib/my_pkg_prac
Installing my_pose_sub script to /home/aniketh05/my_ros2_ws/install/my_pkg_prac/lib/my_pkg_prac
Installing my_pub_node script to /home/aniketh05/my_ros2_ws/install/my_pkg_prac/lib/my_pkg_prac
writing list of installed files to '/home/aniketh05/my_ros2_ws/build/my_pkg_prac/install.log'
