[1.469s] Invoking command in '/home/aniketh05/my_ros2_ws/src/my_pkg_prac': PYTHONPATH=/home/aniketh05/my_ros2_ws/build/my_pkg_prac/prefix_override:/usr/lib/python3/dist-packages/colcon_core/task/python/colcon_distutils_commands:/home/aniketh05/my_ros2_ws/install/my_pkg_prac/lib/python3.10/site-packages:${PYTHONPATH} /usr/bin/python3 -W ignore:setup.py install is deprecated -W ignore:easy_install command is deprecated setup.py egg_info --egg-base ../../build/my_pkg_prac build --build-base /home/aniketh05/my_ros2_ws/build/my_pkg_prac/build install --record /home/aniketh05/my_ros2_ws/build/my_pkg_prac/install.log --single-version-externally-managed install_data
[1.768s] running egg_info
[1.769s] writing ../../build/my_pkg_prac/my_pkg_prac.egg-info/PKG-INFO
[1.769s] writing dependency_links to ../../build/my_pkg_prac/my_pkg_prac.egg-info/dependency_links.txt
[1.770s] writing entry points to ../../build/my_pkg_prac/my_pkg_prac.egg-info/entry_points.txt
[1.770s] writing requirements to ../../build/my_pkg_prac/my_pkg_prac.egg-info/requires.txt
[1.770s] writing top-level names to ../../build/my_pkg_prac/my_pkg_prac.egg-info/top_level.txt
[1.772s] reading manifest file '../../build/my_pkg_prac/my_pkg_prac.egg-info/SOURCES.txt'
[1.783s] writing manifest file '../../build/my_pkg_prac/my_pkg_prac.egg-info/SOURCES.txt'
[1.783s] running build
[1.783s] running build_py
[1.785s] copying my_pkg_prac/move_circular.py -> /home/aniketh05/my_ros2_ws/build/my_pkg_prac/build/lib/my_pkg_prac
[1.785s] copying my_pkg_prac/my_pose_sub.py -> /home/aniketh05/my_ros2_ws/build/my_pkg_prac/build/lib/my_pkg_prac
[1.786s] running install
[1.787s] running install_lib
[1.788s] copying /home/aniketh05/my_ros2_ws/build/my_pkg_prac/build/lib/my_pkg_prac/move_circular.py -> /home/aniketh05/my_ros2_ws/install/my_pkg_prac/lib/python3.10/site-packages/my_pkg_prac
[1.788s] copying /home/aniketh05/my_ros2_ws/build/my_pkg_prac/build/lib/my_pkg_prac/my_pose_sub.py -> /home/aniketh05/my_ros2_ws/install/my_pkg_prac/lib/python3.10/site-packages/my_pkg_prac
[1.789s] byte-compiling /home/aniketh05/my_ros2_ws/install/my_pkg_prac/lib/python3.10/site-packages/my_pkg_prac/move_circular.py to move_circular.cpython-310.pyc
[1.790s] byte-compiling /home/aniketh05/my_ros2_ws/install/my_pkg_prac/lib/python3.10/site-packages/my_pkg_prac/my_pose_sub.py to my_pose_sub.cpython-310.pyc
[1.791s] running install_data
[1.791s] running install_egg_info
[1.793s] removing '/home/aniketh05/my_ros2_ws/install/my_pkg_prac/lib/python3.10/site-packages/my_pkg_prac-0.0.0-py3.10.egg-info' (and everything under it)
[1.794s] Copying ../../build/my_pkg_prac/my_pkg_prac.egg-info to /home/aniketh05/my_ros2_ws/install/my_pkg_prac/lib/python3.10/site-packages/my_pkg_prac-0.0.0-py3.10.egg-info
[1.796s] running install_scripts
[1.823s] Installing move_circle script to /home/aniketh05/my_ros2_ws/install/my_pkg_prac/lib/my_pkg_prac
[1.824s] Installing my_pose_sub script to /home/aniketh05/my_ros2_ws/install/my_pkg_prac/lib/my_pkg_prac
[1.824s] Installing my_pub_node script to /home/aniketh05/my_ros2_ws/install/my_pkg_prac/lib/my_pkg_prac
[1.824s] writing list of installed files to '/home/aniketh05/my_ros2_ws/build/my_pkg_prac/install.log'
[1.870s] Invoked command in '/home/aniketh05/my_ros2_ws/src/my_pkg_prac' returned '0': PYTHONPATH=/home/aniketh05/my_ros2_ws/build/my_pkg_prac/prefix_override:/usr/lib/python3/dist-packages/colcon_core/task/python/colcon_distutils_commands:/home/aniketh05/my_ros2_ws/install/my_pkg_prac/lib/python3.10/site-packages:${PYTHONPATH} /usr/bin/python3 -W ignore:setup.py install is deprecated -W ignore:easy_install command is deprecated setup.py egg_info --egg-base ../../build/my_pkg_prac build --build-base /home/aniketh05/my_ros2_ws/build/my_pkg_prac/build install --record /home/aniketh05/my_ros2_ws/build/my_pkg_prac/install.log --single-version-externally-managed install_data
