[3.784s] Invoking command in '/home/aniketh05/my_ros2_ws/src/build/my_pkg_01': PYTHONPATH=/home/aniketh05/my_ros2_ws/src/build/my_pkg_01/prefix_override:/usr/lib/python3/dist-packages/colcon_core/task/python/colcon_distutils_commands:/home/aniketh05/my_ros2_ws/src/install/my_pkg_01/lib/python3.10/site-packages:${PYTHONPATH} /usr/bin/python3 -W ignore:setup.py install is deprecated -W ignore:easy_install command is deprecated setup.py develop --uninstall --editable --build-directory /home/aniketh05/my_ros2_ws/src/build/my_pkg_01/build
[4.486s] running develop
[4.618s] /home/aniketh05/.local/lib/python3.10/site-packages/pkg_resources/__init__.py:116: PkgResourcesDeprecationWarning: 2.0.5-build-libtorrent-rasterbar-qrM5vM-libtorrent-rasterbar-2.0.5-bindings-python is an invalid version and will not be supported in a future release
[4.618s]   warnings.warn(
[4.957s] Removing /home/aniketh05/my_ros2_ws/src/install/my_pkg_01/lib/python3.10/site-packages/my-pkg-01.egg-link (link to .)
[5.045s] Invoked command in '/home/aniketh05/my_ros2_ws/src/build/my_pkg_01' returned '0': PYTHONPATH=/home/aniketh05/my_ros2_ws/src/build/my_pkg_01/prefix_override:/usr/lib/python3/dist-packages/colcon_core/task/python/colcon_distutils_commands:/home/aniketh05/my_ros2_ws/src/install/my_pkg_01/lib/python3.10/site-packages:${PYTHONPATH} /usr/bin/python3 -W ignore:setup.py install is deprecated -W ignore:easy_install command is deprecated setup.py develop --uninstall --editable --build-directory /home/aniketh05/my_ros2_ws/src/build/my_pkg_01/build
[5.051s] Invoking command in '/home/aniketh05/my_ros2_ws/src/my_pkg_01': PYTHONPATH=/home/aniketh05/my_ros2_ws/src/build/my_pkg_01/prefix_override:/usr/lib/python3/dist-packages/colcon_core/task/python/colcon_distutils_commands:/home/aniketh05/my_ros2_ws/src/install/my_pkg_01/lib/python3.10/site-packages:${PYTHONPATH} /usr/bin/python3 -W ignore:setup.py install is deprecated -W ignore:easy_install command is deprecated setup.py egg_info --egg-base ../build/my_pkg_01 build --build-base /home/aniketh05/my_ros2_ws/src/build/my_pkg_01/build install --record /home/aniketh05/my_ros2_ws/src/build/my_pkg_01/install.log --single-version-externally-managed install_data --force
[5.697s] running egg_info
[5.700s] writing ../build/my_pkg_01/my_pkg_01.egg-info/PKG-INFO
[5.701s] writing dependency_links to ../build/my_pkg_01/my_pkg_01.egg-info/dependency_links.txt
[5.702s] writing entry points to ../build/my_pkg_01/my_pkg_01.egg-info/entry_points.txt
[5.704s] writing requirements to ../build/my_pkg_01/my_pkg_01.egg-info/requires.txt
[5.705s] writing top-level names to ../build/my_pkg_01/my_pkg_01.egg-info/top_level.txt
[5.709s] reading manifest file '../build/my_pkg_01/my_pkg_01.egg-info/SOURCES.txt'
[5.712s] writing manifest file '../build/my_pkg_01/my_pkg_01.egg-info/SOURCES.txt'
[5.714s] running build
[5.714s] running build_py
[5.714s] copying my_pkg_01/my_first_node.py -> /home/aniketh05/my_ros2_ws/src/build/my_pkg_01/build/lib/my_pkg_01
[5.714s] copying my_pkg_01/pose_color_change.py -> /home/aniketh05/my_ros2_ws/src/build/my_pkg_01/build/lib/my_pkg_01
[5.717s] copying my_pkg_01/practice_node.py -> /home/aniketh05/my_ros2_ws/src/build/my_pkg_01/build/lib/my_pkg_01
[5.718s] copying my_pkg_01/pub_node.py -> /home/aniketh05/my_ros2_ws/src/build/my_pkg_01/build/lib/my_pkg_01
[5.718s] copying my_pkg_01/my_pub_node.py -> /home/aniketh05/my_ros2_ws/src/build/my_pkg_01/build/lib/my_pkg_01
[5.719s] copying my_pkg_01/set_pen_client.py -> /home/aniketh05/my_ros2_ws/src/build/my_pkg_01/build/lib/my_pkg_01
[5.719s] running install
[5.732s] running install_lib
[5.732s] creating /home/aniketh05/my_ros2_ws/src/install/my_pkg_01/lib/python3.10/site-packages/my_pkg_01
[5.732s] copying /home/aniketh05/my_ros2_ws/src/build/my_pkg_01/build/lib/my_pkg_01/my_first_node.py -> /home/aniketh05/my_ros2_ws/src/install/my_pkg_01/lib/python3.10/site-packages/my_pkg_01
[5.732s] copying /home/aniketh05/my_ros2_ws/src/build/my_pkg_01/build/lib/my_pkg_01/pose_color_change.py -> /home/aniketh05/my_ros2_ws/src/install/my_pkg_01/lib/python3.10/site-packages/my_pkg_01
[5.732s] copying /home/aniketh05/my_ros2_ws/src/build/my_pkg_01/build/lib/my_pkg_01/practice_node.py -> /home/aniketh05/my_ros2_ws/src/install/my_pkg_01/lib/python3.10/site-packages/my_pkg_01
[5.733s] copying /home/aniketh05/my_ros2_ws/src/build/my_pkg_01/build/lib/my_pkg_01/__init__.py -> /home/aniketh05/my_ros2_ws/src/install/my_pkg_01/lib/python3.10/site-packages/my_pkg_01
[5.733s] copying /home/aniketh05/my_ros2_ws/src/build/my_pkg_01/build/lib/my_pkg_01/pub_node.py -> /home/aniketh05/my_ros2_ws/src/install/my_pkg_01/lib/python3.10/site-packages/my_pkg_01
[5.733s] copying /home/aniketh05/my_ros2_ws/src/build/my_pkg_01/build/lib/my_pkg_01/my_pub_node.py -> /home/aniketh05/my_ros2_ws/src/install/my_pkg_01/lib/python3.10/site-packages/my_pkg_01
[5.734s] copying /home/aniketh05/my_ros2_ws/src/build/my_pkg_01/build/lib/my_pkg_01/set_pen_client.py -> /home/aniketh05/my_ros2_ws/src/install/my_pkg_01/lib/python3.10/site-packages/my_pkg_01
[5.734s] byte-compiling /home/aniketh05/my_ros2_ws/src/install/my_pkg_01/lib/python3.10/site-packages/my_pkg_01/my_first_node.py to my_first_node.cpython-310.pyc
[5.736s] byte-compiling /home/aniketh05/my_ros2_ws/src/install/my_pkg_01/lib/python3.10/site-packages/my_pkg_01/pose_color_change.py to pose_color_change.cpython-310.pyc
[5.736s] byte-compiling /home/aniketh05/my_ros2_ws/src/install/my_pkg_01/lib/python3.10/site-packages/my_pkg_01/practice_node.py to practice_node.cpython-310.pyc
[5.739s] byte-compiling /home/aniketh05/my_ros2_ws/src/install/my_pkg_01/lib/python3.10/site-packages/my_pkg_01/__init__.py to __init__.cpython-310.pyc
[5.739s] byte-compiling /home/aniketh05/my_ros2_ws/src/install/my_pkg_01/lib/python3.10/site-packages/my_pkg_01/pub_node.py to pub_node.cpython-310.pyc
[5.739s] byte-compiling /home/aniketh05/my_ros2_ws/src/install/my_pkg_01/lib/python3.10/site-packages/my_pkg_01/my_pub_node.py to my_pub_node.cpython-310.pyc
[5.739s] byte-compiling /home/aniketh05/my_ros2_ws/src/install/my_pkg_01/lib/python3.10/site-packages/my_pkg_01/set_pen_client.py to set_pen_client.cpython-310.pyc
[5.740s] running install_data
[5.740s] copying resource/my_pkg_01 -> /home/aniketh05/my_ros2_ws/src/install/my_pkg_01/share/ament_index/resource_index/packages
[5.740s] copying package.xml -> /home/aniketh05/my_ros2_ws/src/install/my_pkg_01/share/my_pkg_01
[5.741s] running install_egg_info
[5.745s] Copying ../build/my_pkg_01/my_pkg_01.egg-info to /home/aniketh05/my_ros2_ws/src/install/my_pkg_01/lib/python3.10/site-packages/my_pkg_01-0.0.0-py3.10.egg-info
[5.751s] running install_scripts
[5.798s] Installing my_first_node script to /home/aniketh05/my_ros2_ws/src/install/my_pkg_01/lib/my_pkg_01
[5.799s] Installing pose_color_change script to /home/aniketh05/my_ros2_ws/src/install/my_pkg_01/lib/my_pkg_01
[5.799s] Installing set_pen_client script to /home/aniketh05/my_ros2_ws/src/install/my_pkg_01/lib/my_pkg_01
[5.800s] writing list of installed files to '/home/aniketh05/my_ros2_ws/src/build/my_pkg_01/install.log'
[5.870s] Invoked command in '/home/aniketh05/my_ros2_ws/src/my_pkg_01' returned '0': PYTHONPATH=/home/aniketh05/my_ros2_ws/src/build/my_pkg_01/prefix_override:/usr/lib/python3/dist-packages/colcon_core/task/python/colcon_distutils_commands:/home/aniketh05/my_ros2_ws/src/install/my_pkg_01/lib/python3.10/site-packages:${PYTHONPATH} /usr/bin/python3 -W ignore:setup.py install is deprecated -W ignore:easy_install command is deprecated setup.py egg_info --egg-base ../build/my_pkg_01 build --build-base /home/aniketh05/my_ros2_ws/src/build/my_pkg_01/build install --record /home/aniketh05/my_ros2_ws/src/build/my_pkg_01/install.log --single-version-externally-managed install_data --force
