[0.030s] Invoking command in '/home/aniketh05/my_ros2_ws/build/my_msgs': CMAKE_PREFIX_PATH=${CMAKE_PREFIX_PATH}:/home/aniketh05/my_ros2_ws/install/my_pkg_prac:/home/aniketh05/my_ros2_ws/install/turtle_control:/home/aniketh05/my_ros2_ws/install/my_pkg_srv:/home/aniketh05/my_ros2_ws/install/my_pkg_01:/opt/ros/humble /usr/bin/cmake /home/aniketh05/my_ros2_ws/src/my_msgs -DAMENT_CMAKE_SYMLINK_INSTALL=1 -DCMAKE_INSTALL_PREFIX=/home/aniketh05/my_ros2_ws/install/my_msgs
[1.051s] -- The C compiler identification is GNU 11.4.0
[1.052s] -- The CXX compiler identification is GNU 11.4.0
[1.052s] -- Detecting C compiler ABI info
[1.052s] -- Detecting C compiler ABI info - done
[1.052s] -- Check for working C compiler: /usr/bin/cc - skipped
[1.052s] -- Detecting C compile features
[1.052s] -- Detecting C compile features - done
[1.053s] -- Detecting CXX compiler ABI info
[1.103s] -- Detecting CXX compiler ABI info - done
[1.115s] -- Check for working CXX compiler: /usr/bin/c++ - skipped
[1.118s] -- Detecting CXX compile features
[1.118s] -- Detecting CXX compile features - done
[1.142s] -- Found ament_cmake: 1.3.11 (/opt/ros/humble/share/ament_cmake/cmake)
[1.387s] -- Found Python3: /usr/bin/python3 (found version "3.10.12") found components: Interpreter 
[1.517s] -- Override CMake install command with custom implementation using symlinks instead of copying resources
[1.605s] -- Found ament_lint_auto: 0.12.11 (/opt/ros/humble/share/ament_lint_auto/cmake)
[1.736s] -- Found geometry_msgs: 4.2.4 (/opt/ros/humble/share/geometry_msgs/cmake)
[1.977s] -- Found rosidl_generator_c: 3.1.6 (/opt/ros/humble/share/rosidl_generator_c/cmake)
[1.988s] -- Found rosidl_adapter: 3.1.6 (/opt/ros/humble/share/rosidl_adapter/cmake)
[2.010s] -- Found rosidl_generator_cpp: 3.1.6 (/opt/ros/humble/share/rosidl_generator_cpp/cmake)
[2.042s] -- Using all available rosidl_typesupport_c: rosidl_typesupport_fastrtps_c;rosidl_typesupport_introspection_c
[2.081s] -- Using all available rosidl_typesupport_cpp: rosidl_typesupport_fastrtps_cpp;rosidl_typesupport_introspection_cpp
[2.170s] -- Found rosidl_default_generators: 1.2.0 (/opt/ros/humble/share/rosidl_default_generators/cmake)
[2.436s] -- Found ament_cmake_ros: 0.10.0 (/opt/ros/humble/share/ament_cmake_ros/cmake)
[2.750s] -- Using all available rosidl_typesupport_c: rosidl_typesupport_fastrtps_c;rosidl_typesupport_introspection_c
[2.867s] -- Using all available rosidl_typesupport_cpp: rosidl_typesupport_fastrtps_cpp;rosidl_typesupport_introspection_cpp
[2.950s] -- Found PythonInterp: /usr/bin/python3 (found suitable version "3.10.12", minimum required is "3.6") 
[2.952s] -- Found python_cmake_module: 0.10.0 (/opt/ros/humble/share/python_cmake_module/cmake)
[3.191s] -- Found PythonLibs: /usr/lib/x86_64-linux-gnu/libpython3.10.so (found suitable version "3.10.12", minimum required is "3.5") 
[3.191s] -- Using PYTHON_EXECUTABLE: /usr/bin/python3
[3.191s] -- Using PYTHON_INCLUDE_DIRS: /usr/include/python3.10
[3.191s] -- Using PYTHON_LIBRARIES: /usr/lib/x86_64-linux-gnu/libpython3.10.so
[3.207s] -- Found PythonExtra: .so  
[3.281s] -- Added test 'lint_cmake' to check CMake code style
[3.283s] -- Added test 'xmllint' to check XML markup files
[3.290s] -- Configuring done
[3.317s] -- Generating done
[3.326s] -- Build files have been written to: /home/aniketh05/my_ros2_ws/build/my_msgs
[3.333s] Invoked command in '/home/aniketh05/my_ros2_ws/build/my_msgs' returned '0': CMAKE_PREFIX_PATH=${CMAKE_PREFIX_PATH}:/home/aniketh05/my_ros2_ws/install/my_pkg_prac:/home/aniketh05/my_ros2_ws/install/turtle_control:/home/aniketh05/my_ros2_ws/install/my_pkg_srv:/home/aniketh05/my_ros2_ws/install/my_pkg_01:/opt/ros/humble /usr/bin/cmake /home/aniketh05/my_ros2_ws/src/my_msgs -DAMENT_CMAKE_SYMLINK_INSTALL=1 -DCMAKE_INSTALL_PREFIX=/home/aniketh05/my_ros2_ws/install/my_msgs
[3.334s] Invoking command in '/home/aniketh05/my_ros2_ws/build/my_msgs': CMAKE_PREFIX_PATH=${CMAKE_PREFIX_PATH}:/home/aniketh05/my_ros2_ws/install/my_pkg_prac:/home/aniketh05/my_ros2_ws/install/turtle_control:/home/aniketh05/my_ros2_ws/install/my_pkg_srv:/home/aniketh05/my_ros2_ws/install/my_pkg_01:/opt/ros/humble /usr/bin/cmake --build /home/aniketh05/my_ros2_ws/build/my_msgs -- -j12 -l12
[3.366s] [  2%] [34m[1mGenerating C code for ROS interfaces[0m
[3.369s] [  4%] [34m[1mGenerating C++ code for ROS interfaces[0m
[3.390s] [  4%] Built target ament_cmake_python_symlink_my_msgs
[3.692s] running egg_info
[3.693s] creating my_msgs.egg-info
[3.693s] writing my_msgs.egg-info/PKG-INFO
[3.694s] writing dependency_links to my_msgs.egg-info/dependency_links.txt
[3.694s] writing top-level names to my_msgs.egg-info/top_level.txt
[3.694s] writing manifest file 'my_msgs.egg-info/SOURCES.txt'
[3.697s] reading manifest file 'my_msgs.egg-info/SOURCES.txt'
[3.697s] writing manifest file 'my_msgs.egg-info/SOURCES.txt'
[3.720s] [  4%] Built target ament_cmake_python_build_my_msgs_egg
[3.779s] [ 10%] [32mBuilding C object CMakeFiles/my_msgs__rosidl_generator_c.dir/rosidl_generator_c/my_msgs/msg/detail/sphere__functions.c.o[0m
[3.779s] [ 10%] [32mBuilding C object CMakeFiles/my_msgs__rosidl_generator_c.dir/rosidl_generator_c/my_msgs/srv/detail/add_three_nums__functions.c.o[0m
[3.779s] [ 10%] [32mBuilding C object CMakeFiles/my_msgs__rosidl_generator_c.dir/rosidl_generator_c/my_msgs/msg/detail/my_msg__functions.c.o[0m
[3.854s] [ 10%] Built target my_msgs__cpp
[3.861s] [ 12%] [32m[1mLinking C shared library libmy_msgs__rosidl_generator_c.so[0m
[3.863s] [ 14%] [34m[1mGenerating C++ type support dispatch for ROS interfaces[0m
[3.864s] [ 19%] [34m[1mGenerating C++ introspection for ROS interfaces[0m
[3.864s] [ 19%] [34m[1mGenerating C++ type support for eProsima Fast-RTPS[0m
[3.992s] [ 19%] Built target my_msgs__rosidl_generator_c
[4.004s] [ 21%] [34m[1mGenerating C introspection for ROS interfaces[0m
[4.004s] [ 23%] [34m[1mGenerating C type support for eProsima Fast-RTPS[0m
[4.005s] [ 25%] [34m[1mGenerating C type support dispatch for ROS interfaces[0m
[4.260s] [ 27%] [32mBuilding CXX object CMakeFiles/my_msgs__rosidl_typesupport_cpp.dir/rosidl_typesupport_cpp/my_msgs/msg/sphere__type_support.cpp.o[0m
[4.262s] [ 29%] [32mBuilding CXX object CMakeFiles/my_msgs__rosidl_typesupport_cpp.dir/rosidl_typesupport_cpp/my_msgs/srv/add_three_nums__type_support.cpp.o[0m
[4.262s] [ 31%] [32mBuilding CXX object CMakeFiles/my_msgs__rosidl_typesupport_cpp.dir/rosidl_typesupport_cpp/my_msgs/msg/my_msg__type_support.cpp.o[0m
[4.351s] [ 36%] [32mBuilding CXX object CMakeFiles/my_msgs__rosidl_typesupport_introspection_cpp.dir/rosidl_typesupport_introspection_cpp/my_msgs/msg/detail/sphere__type_support.cpp.o[0m
[4.352s] [ 36%] [32mBuilding CXX object CMakeFiles/my_msgs__rosidl_typesupport_introspection_cpp.dir/rosidl_typesupport_introspection_cpp/my_msgs/srv/detail/add_three_nums__type_support.cpp.o[0m
[4.352s] [ 38%] [32mBuilding CXX object CMakeFiles/my_msgs__rosidl_typesupport_introspection_cpp.dir/rosidl_typesupport_introspection_cpp/my_msgs/msg/detail/my_msg__type_support.cpp.o[0m
[4.430s] [ 40%] [32mBuilding CXX object CMakeFiles/my_msgs__rosidl_typesupport_fastrtps_cpp.dir/rosidl_typesupport_fastrtps_cpp/my_msgs/msg/detail/dds_fastrtps/sphere__type_support.cpp.o[0m
[4.434s] [ 42%] [32mBuilding CXX object CMakeFiles/my_msgs__rosidl_typesupport_fastrtps_cpp.dir/rosidl_typesupport_fastrtps_cpp/my_msgs/msg/detail/dds_fastrtps/my_msg__type_support.cpp.o[0m
[4.442s] [ 44%] [32mBuilding CXX object CMakeFiles/my_msgs__rosidl_typesupport_fastrtps_cpp.dir/rosidl_typesupport_fastrtps_cpp/my_msgs/srv/detail/dds_fastrtps/add_three_nums__type_support.cpp.o[0m
[4.483s] [ 46%] [32mBuilding CXX object CMakeFiles/my_msgs__rosidl_typesupport_c.dir/rosidl_typesupport_c/my_msgs/msg/my_msg__type_support.cpp.o[0m
[4.597s] [ 48%] [32mBuilding CXX object CMakeFiles/my_msgs__rosidl_typesupport_c.dir/rosidl_typesupport_c/my_msgs/msg/sphere__type_support.cpp.o[0m
[4.664s] [ 51%] [32mBuilding CXX object CMakeFiles/my_msgs__rosidl_typesupport_c.dir/rosidl_typesupport_c/my_msgs/srv/add_three_nums__type_support.cpp.o[0m
[4.707s] [ 53%] [32mBuilding CXX object CMakeFiles/my_msgs__rosidl_typesupport_fastrtps_c.dir/rosidl_typesupport_fastrtps_c/my_msgs/msg/detail/my_msg__type_support_c.cpp.o[0m
[4.734s] [ 55%] [32mBuilding C object CMakeFiles/my_msgs__rosidl_typesupport_introspection_c.dir/rosidl_typesupport_introspection_c/my_msgs/msg/detail/my_msg__type_support.c.o[0m
[4.737s] [ 57%] [32m[1mLinking CXX shared library libmy_msgs__rosidl_typesupport_c.so[0m
[4.805s] [ 59%] [32mBuilding C object CMakeFiles/my_msgs__rosidl_typesupport_introspection_c.dir/rosidl_typesupport_introspection_c/my_msgs/msg/detail/sphere__type_support.c.o[0m
[4.873s] [ 61%] [32mBuilding C object CMakeFiles/my_msgs__rosidl_typesupport_introspection_c.dir/rosidl_typesupport_introspection_c/my_msgs/srv/detail/add_three_nums__type_support.c.o[0m
[4.916s] [ 63%] [32mBuilding CXX object CMakeFiles/my_msgs__rosidl_typesupport_fastrtps_c.dir/rosidl_typesupport_fastrtps_c/my_msgs/msg/detail/sphere__type_support_c.cpp.o[0m
[4.940s] [ 65%] [32m[1mLinking CXX shared library libmy_msgs__rosidl_typesupport_cpp.so[0m
[4.940s] [ 68%] [32mBuilding CXX object CMakeFiles/my_msgs__rosidl_typesupport_fastrtps_c.dir/rosidl_typesupport_fastrtps_c/my_msgs/srv/detail/add_three_nums__type_support_c.cpp.o[0m
[4.946s] [ 70%] [32m[1mLinking C shared library libmy_msgs__rosidl_typesupport_introspection_c.so[0m
[4.951s] [ 70%] Built target my_msgs__rosidl_typesupport_c
[5.119s] [ 70%] Built target my_msgs__rosidl_typesupport_introspection_c
[5.144s] [ 70%] Built target my_msgs__rosidl_typesupport_cpp
[5.345s] [ 72%] [32m[1mLinking CXX shared library libmy_msgs__rosidl_typesupport_introspection_cpp.so[0m
[5.454s] [ 74%] [32m[1mLinking CXX shared library libmy_msgs__rosidl_typesupport_fastrtps_cpp.so[0m
[5.579s] [ 74%] Built target my_msgs__rosidl_typesupport_introspection_cpp
[5.589s] [ 76%] [32m[1mLinking CXX shared library libmy_msgs__rosidl_typesupport_fastrtps_c.so[0m
[5.639s] [ 76%] Built target my_msgs__rosidl_typesupport_fastrtps_cpp
[5.741s] [ 76%] Built target my_msgs__rosidl_typesupport_fastrtps_c
[5.758s] [ 76%] Built target my_msgs
[5.775s] [ 78%] [34m[1mGenerating Python code for ROS interfaces[0m
[6.199s] [ 78%] Built target my_msgs__py
[6.215s] [ 80%] [32mBuilding C object CMakeFiles/my_msgs__rosidl_generator_py.dir/rosidl_generator_py/my_msgs/msg/_sphere_s.c.o[0m
[6.216s] [ 85%] [32mBuilding C object CMakeFiles/my_msgs__rosidl_generator_py.dir/rosidl_generator_py/my_msgs/srv/_add_three_nums_s.c.o[0m
[6.216s] [ 85%] [32mBuilding C object CMakeFiles/my_msgs__rosidl_generator_py.dir/rosidl_generator_py/my_msgs/msg/_my_msg_s.c.o[0m
[6.327s] [ 87%] [32m[1mLinking C shared library rosidl_generator_py/my_msgs/libmy_msgs__rosidl_generator_py.so[0m
[6.434s] [ 87%] Built target my_msgs__rosidl_generator_py
[6.454s] [ 89%] [32mBuilding C object CMakeFiles/my_msgs__rosidl_typesupport_introspection_c__pyext.dir/rosidl_generator_py/my_msgs/_my_msgs_s.ep.rosidl_typesupport_introspection_c.c.o[0m
[6.455s] [ 91%] [32mBuilding C object CMakeFiles/my_msgs__rosidl_typesupport_fastrtps_c__pyext.dir/rosidl_generator_py/my_msgs/_my_msgs_s.ep.rosidl_typesupport_fastrtps_c.c.o[0m
[6.459s] [ 93%] [32mBuilding C object CMakeFiles/my_msgs__rosidl_typesupport_c__pyext.dir/rosidl_generator_py/my_msgs/_my_msgs_s.ep.rosidl_typesupport_c.c.o[0m
[6.609s] [ 95%] [32m[1mLinking C shared library rosidl_generator_py/my_msgs/my_msgs_s__rosidl_typesupport_fastrtps_c.cpython-310-x86_64-linux-gnu.so[0m
[6.609s] [ 97%] [32m[1mLinking C shared library rosidl_generator_py/my_msgs/my_msgs_s__rosidl_typesupport_c.cpython-310-x86_64-linux-gnu.so[0m
[6.611s] [100%] [32m[1mLinking C shared library rosidl_generator_py/my_msgs/my_msgs_s__rosidl_typesupport_introspection_c.cpython-310-x86_64-linux-gnu.so[0m
[6.723s] [100%] Built target my_msgs__rosidl_typesupport_introspection_c__pyext
[6.725s] [100%] Built target my_msgs__rosidl_typesupport_fastrtps_c__pyext
[6.727s] [100%] Built target my_msgs__rosidl_typesupport_c__pyext
[6.752s] Invoked command in '/home/aniketh05/my_ros2_ws/build/my_msgs' returned '0': CMAKE_PREFIX_PATH=${CMAKE_PREFIX_PATH}:/home/aniketh05/my_ros2_ws/install/my_pkg_prac:/home/aniketh05/my_ros2_ws/install/turtle_control:/home/aniketh05/my_ros2_ws/install/my_pkg_srv:/home/aniketh05/my_ros2_ws/install/my_pkg_01:/opt/ros/humble /usr/bin/cmake --build /home/aniketh05/my_ros2_ws/build/my_msgs -- -j12 -l12
[6.760s] Invoking command in '/home/aniketh05/my_ros2_ws/build/my_msgs': CMAKE_PREFIX_PATH=${CMAKE_PREFIX_PATH}:/home/aniketh05/my_ros2_ws/install/my_pkg_prac:/home/aniketh05/my_ros2_ws/install/turtle_control:/home/aniketh05/my_ros2_ws/install/my_pkg_srv:/home/aniketh05/my_ros2_ws/install/my_pkg_01:/opt/ros/humble /usr/bin/cmake --install /home/aniketh05/my_ros2_ws/build/my_msgs
[6.767s] -- Install configuration: ""
[6.767s] -- Execute custom install script
[6.768s] -- Symlinking: /home/aniketh05/my_ros2_ws/install/my_msgs/share/ament_index/resource_index/rosidl_interfaces/my_msgs
[6.776s] -- Symlinking: /home/aniketh05/my_ros2_ws/install/my_msgs/include/my_msgs/my_msgs/msg/detail/my_msg__functions.h
[6.782s] -- Symlinking: /home/aniketh05/my_ros2_ws/install/my_msgs/include/my_msgs/my_msgs/msg/detail/my_msg__struct.h
[6.788s] -- Symlinking: /home/aniketh05/my_ros2_ws/install/my_msgs/include/my_msgs/my_msgs/msg/detail/my_msg__type_support.h
[6.795s] -- Symlinking: /home/aniketh05/my_ros2_ws/install/my_msgs/include/my_msgs/my_msgs/msg/detail/sphere__functions.h
[6.800s] -- Symlinking: /home/aniketh05/my_ros2_ws/install/my_msgs/include/my_msgs/my_msgs/msg/detail/sphere__struct.h
[6.806s] -- Symlinking: /home/aniketh05/my_ros2_ws/install/my_msgs/include/my_msgs/my_msgs/msg/detail/sphere__type_support.h
[6.813s] -- Symlinking: /home/aniketh05/my_ros2_ws/install/my_msgs/include/my_msgs/my_msgs/msg/my_msg.h
[6.819s] -- Symlinking: /home/aniketh05/my_ros2_ws/install/my_msgs/include/my_msgs/my_msgs/msg/rosidl_generator_c__visibility_control.h
[6.827s] -- Symlinking: /home/aniketh05/my_ros2_ws/install/my_msgs/include/my_msgs/my_msgs/msg/sphere.h
[6.834s] -- Symlinking: /home/aniketh05/my_ros2_ws/install/my_msgs/include/my_msgs/my_msgs/srv/add_three_nums.h
[6.840s] -- Symlinking: /home/aniketh05/my_ros2_ws/install/my_msgs/include/my_msgs/my_msgs/srv/detail/add_three_nums__functions.h
[6.849s] -- Symlinking: /home/aniketh05/my_ros2_ws/install/my_msgs/include/my_msgs/my_msgs/srv/detail/add_three_nums__struct.h
[6.856s] -- Symlinking: /home/aniketh05/my_ros2_ws/install/my_msgs/include/my_msgs/my_msgs/srv/detail/add_three_nums__type_support.h
[6.864s] -- Symlinking: /home/aniketh05/my_ros2_ws/install/my_msgs/share/my_msgs/environment/library_path.sh
[6.869s] -- Symlinking: /home/aniketh05/my_ros2_ws/install/my_msgs/share/my_msgs/environment/library_path.dsv
[6.878s] -- Symlinking: /home/aniketh05/my_ros2_ws/install/my_msgs/include/my_msgs/my_msgs/msg/detail/my_msg__rosidl_typesupport_fastrtps_c.h
[6.884s] -- Symlinking: /home/aniketh05/my_ros2_ws/install/my_msgs/include/my_msgs/my_msgs/msg/detail/sphere__rosidl_typesupport_fastrtps_c.h
[6.891s] -- Symlinking: /home/aniketh05/my_ros2_ws/install/my_msgs/include/my_msgs/my_msgs/msg/rosidl_typesupport_fastrtps_c__visibility_control.h
[6.898s] -- Symlinking: /home/aniketh05/my_ros2_ws/install/my_msgs/include/my_msgs/my_msgs/srv/detail/add_three_nums__rosidl_typesupport_fastrtps_c.h
[6.906s] -- Symlinking: /home/aniketh05/my_ros2_ws/install/my_msgs/include/my_msgs/my_msgs/msg/detail/my_msg__builder.hpp
[6.914s] -- Symlinking: /home/aniketh05/my_ros2_ws/install/my_msgs/include/my_msgs/my_msgs/msg/detail/my_msg__struct.hpp
[6.922s] -- Symlinking: /home/aniketh05/my_ros2_ws/install/my_msgs/include/my_msgs/my_msgs/msg/detail/my_msg__traits.hpp
[6.928s] -- Symlinking: /home/aniketh05/my_ros2_ws/install/my_msgs/include/my_msgs/my_msgs/msg/detail/my_msg__type_support.hpp
[6.937s] -- Symlinking: /home/aniketh05/my_ros2_ws/install/my_msgs/include/my_msgs/my_msgs/msg/detail/sphere__builder.hpp
[6.943s] -- Symlinking: /home/aniketh05/my_ros2_ws/install/my_msgs/include/my_msgs/my_msgs/msg/detail/sphere__struct.hpp
[6.952s] -- Symlinking: /home/aniketh05/my_ros2_ws/install/my_msgs/include/my_msgs/my_msgs/msg/detail/sphere__traits.hpp
[6.959s] -- Symlinking: /home/aniketh05/my_ros2_ws/install/my_msgs/include/my_msgs/my_msgs/msg/detail/sphere__type_support.hpp
[6.968s] -- Symlinking: /home/aniketh05/my_ros2_ws/install/my_msgs/include/my_msgs/my_msgs/msg/my_msg.hpp
[6.975s] -- Symlinking: /home/aniketh05/my_ros2_ws/install/my_msgs/include/my_msgs/my_msgs/msg/rosidl_generator_cpp__visibility_control.hpp
[6.984s] -- Symlinking: /home/aniketh05/my_ros2_ws/install/my_msgs/include/my_msgs/my_msgs/msg/sphere.hpp
[6.990s] -- Symlinking: /home/aniketh05/my_ros2_ws/install/my_msgs/include/my_msgs/my_msgs/srv/add_three_nums.hpp
[6.998s] -- Symlinking: /home/aniketh05/my_ros2_ws/install/my_msgs/include/my_msgs/my_msgs/srv/detail/add_three_nums__builder.hpp
[7.006s] -- Symlinking: /home/aniketh05/my_ros2_ws/install/my_msgs/include/my_msgs/my_msgs/srv/detail/add_three_nums__struct.hpp
[7.013s] -- Symlinking: /home/aniketh05/my_ros2_ws/install/my_msgs/include/my_msgs/my_msgs/srv/detail/add_three_nums__traits.hpp
[7.020s] -- Symlinking: /home/aniketh05/my_ros2_ws/install/my_msgs/include/my_msgs/my_msgs/srv/detail/add_three_nums__type_support.hpp
[7.026s] -- Symlinking: /home/aniketh05/my_ros2_ws/install/my_msgs/include/my_msgs/my_msgs/msg/detail/my_msg__rosidl_typesupport_fastrtps_cpp.hpp
[7.034s] -- Symlinking: /home/aniketh05/my_ros2_ws/install/my_msgs/include/my_msgs/my_msgs/msg/detail/sphere__rosidl_typesupport_fastrtps_cpp.hpp
[7.041s] -- Symlinking: /home/aniketh05/my_ros2_ws/install/my_msgs/include/my_msgs/my_msgs/msg/rosidl_typesupport_fastrtps_cpp__visibility_control.h
[7.050s] -- Symlinking: /home/aniketh05/my_ros2_ws/install/my_msgs/include/my_msgs/my_msgs/srv/detail/add_three_nums__rosidl_typesupport_fastrtps_cpp.hpp
[7.057s] -- Symlinking: /home/aniketh05/my_ros2_ws/install/my_msgs/include/my_msgs/my_msgs/msg/detail/my_msg__rosidl_typesupport_introspection_c.h
[7.063s] -- Symlinking: /home/aniketh05/my_ros2_ws/install/my_msgs/include/my_msgs/my_msgs/msg/detail/sphere__rosidl_typesupport_introspection_c.h
[7.071s] -- Symlinking: /home/aniketh05/my_ros2_ws/install/my_msgs/include/my_msgs/my_msgs/msg/rosidl_typesupport_introspection_c__visibility_control.h
[7.080s] -- Symlinking: /home/aniketh05/my_ros2_ws/install/my_msgs/include/my_msgs/my_msgs/srv/detail/add_three_nums__rosidl_typesupport_introspection_c.h
[7.089s] -- Symlinking: /home/aniketh05/my_ros2_ws/install/my_msgs/include/my_msgs/my_msgs/msg/detail/my_msg__rosidl_typesupport_introspection_cpp.hpp
[7.095s] -- Symlinking: /home/aniketh05/my_ros2_ws/install/my_msgs/include/my_msgs/my_msgs/msg/detail/sphere__rosidl_typesupport_introspection_cpp.hpp
[7.103s] -- Symlinking: /home/aniketh05/my_ros2_ws/install/my_msgs/include/my_msgs/my_msgs/srv/detail/add_three_nums__rosidl_typesupport_introspection_cpp.hpp
[7.110s] -- Symlinking: /home/aniketh05/my_ros2_ws/install/my_msgs/share/my_msgs/environment/pythonpath.sh
[7.118s] -- Symlinking: /home/aniketh05/my_ros2_ws/install/my_msgs/share/my_msgs/environment/pythonpath.dsv
[7.126s] -- Symlinking: /home/aniketh05/my_ros2_ws/install/my_msgs/local/lib/python3.10/dist-packages/my_msgs-0.0.0-py3.10.egg-info/PKG-INFO
[7.133s] -- Symlinking: /home/aniketh05/my_ros2_ws/install/my_msgs/local/lib/python3.10/dist-packages/my_msgs-0.0.0-py3.10.egg-info/SOURCES.txt
[7.139s] -- Symlinking: /home/aniketh05/my_ros2_ws/install/my_msgs/local/lib/python3.10/dist-packages/my_msgs-0.0.0-py3.10.egg-info/dependency_links.txt
[7.148s] -- Symlinking: /home/aniketh05/my_ros2_ws/install/my_msgs/local/lib/python3.10/dist-packages/my_msgs-0.0.0-py3.10.egg-info/top_level.txt
[7.155s] -- Symlinking: /home/aniketh05/my_ros2_ws/install/my_msgs/local/lib/python3.10/dist-packages/my_msgs/__init__.py
[7.163s] -- Symlinking: /home/aniketh05/my_ros2_ws/install/my_msgs/local/lib/python3.10/dist-packages/my_msgs/_my_msgs_s.ep.rosidl_typesupport_c.c
[7.171s] -- Symlinking: /home/aniketh05/my_ros2_ws/install/my_msgs/local/lib/python3.10/dist-packages/my_msgs/_my_msgs_s.ep.rosidl_typesupport_fastrtps_c.c
[7.178s] -- Symlinking: /home/aniketh05/my_ros2_ws/install/my_msgs/local/lib/python3.10/dist-packages/my_msgs/_my_msgs_s.ep.rosidl_typesupport_introspection_c.c
[7.186s] -- Symlinking: /home/aniketh05/my_ros2_ws/install/my_msgs/local/lib/python3.10/dist-packages/my_msgs/libmy_msgs__rosidl_generator_py.so
[7.193s] -- Symlinking: /home/aniketh05/my_ros2_ws/install/my_msgs/local/lib/python3.10/dist-packages/my_msgs/msg/__init__.py
[7.200s] -- Symlinking: /home/aniketh05/my_ros2_ws/install/my_msgs/local/lib/python3.10/dist-packages/my_msgs/msg/_my_msg.py
[7.206s] -- Symlinking: /home/aniketh05/my_ros2_ws/install/my_msgs/local/lib/python3.10/dist-packages/my_msgs/msg/_my_msg_s.c
[7.212s] -- Symlinking: /home/aniketh05/my_ros2_ws/install/my_msgs/local/lib/python3.10/dist-packages/my_msgs/msg/_sphere.py
[7.219s] -- Symlinking: /home/aniketh05/my_ros2_ws/install/my_msgs/local/lib/python3.10/dist-packages/my_msgs/msg/_sphere_s.c
[7.228s] -- Symlinking: /home/aniketh05/my_ros2_ws/install/my_msgs/local/lib/python3.10/dist-packages/my_msgs/my_msgs_s__rosidl_typesupport_c.cpython-310-x86_64-linux-gnu.so
[7.234s] -- Symlinking: /home/aniketh05/my_ros2_ws/install/my_msgs/local/lib/python3.10/dist-packages/my_msgs/my_msgs_s__rosidl_typesupport_fastrtps_c.cpython-310-x86_64-linux-gnu.so
[7.241s] -- Symlinking: /home/aniketh05/my_ros2_ws/install/my_msgs/local/lib/python3.10/dist-packages/my_msgs/my_msgs_s__rosidl_typesupport_introspection_c.cpython-310-x86_64-linux-gnu.so
[7.248s] -- Symlinking: /home/aniketh05/my_ros2_ws/install/my_msgs/local/lib/python3.10/dist-packages/my_msgs/srv/__init__.py
[7.254s] -- Symlinking: /home/aniketh05/my_ros2_ws/install/my_msgs/local/lib/python3.10/dist-packages/my_msgs/srv/_add_three_nums.py
[7.260s] -- Symlinking: /home/aniketh05/my_ros2_ws/install/my_msgs/local/lib/python3.10/dist-packages/my_msgs/srv/_add_three_nums_s.c
[7.266s] -- Up-to-date symlink: /home/aniketh05/my_ros2_ws/install/my_msgs/local/lib/python3.10/dist-packages/my_msgs/my_msgs_s__rosidl_typesupport_fastrtps_c.cpython-310-x86_64-linux-gnu.so
[7.266s] -- Up-to-date symlink: /home/aniketh05/my_ros2_ws/install/my_msgs/local/lib/python3.10/dist-packages/my_msgs/my_msgs_s__rosidl_typesupport_introspection_c.cpython-310-x86_64-linux-gnu.so
[7.266s] -- Up-to-date symlink: /home/aniketh05/my_ros2_ws/install/my_msgs/local/lib/python3.10/dist-packages/my_msgs/my_msgs_s__rosidl_typesupport_c.cpython-310-x86_64-linux-gnu.so
[7.266s] -- Symlinking: /home/aniketh05/my_ros2_ws/install/my_msgs/share/my_msgs/msg/MyMsg.idl
[7.273s] -- Symlinking: /home/aniketh05/my_ros2_ws/install/my_msgs/share/my_msgs/msg/Sphere.idl
[7.278s] -- Symlinking: /home/aniketh05/my_ros2_ws/install/my_msgs/share/my_msgs/srv/AddThreeNums.idl
[7.284s] -- Symlinking: /home/aniketh05/my_ros2_ws/install/my_msgs/share/my_msgs/msg/MyMsg.msg
[7.290s] -- Symlinking: /home/aniketh05/my_ros2_ws/install/my_msgs/share/my_msgs/msg/Sphere.msg
[7.296s] -- Symlinking: /home/aniketh05/my_ros2_ws/install/my_msgs/share/my_msgs/srv/AddThreeNums.srv
[7.302s] -- Symlinking: /home/aniketh05/my_ros2_ws/install/my_msgs/share/my_msgs/srv/AddThreeNums_Request.msg
[7.307s] -- Symlinking: /home/aniketh05/my_ros2_ws/install/my_msgs/share/my_msgs/srv/AddThreeNums_Response.msg
[7.313s] -- Symlinking: /home/aniketh05/my_ros2_ws/install/my_msgs/share/ament_index/resource_index/package_run_dependencies/my_msgs
[7.319s] -- Symlinking: /home/aniketh05/my_ros2_ws/install/my_msgs/share/ament_index/resource_index/parent_prefix_path/my_msgs
[7.324s] -- Symlinking: /home/aniketh05/my_ros2_ws/install/my_msgs/share/my_msgs/environment/ament_prefix_path.sh
[7.331s] -- Symlinking: /home/aniketh05/my_ros2_ws/install/my_msgs/share/my_msgs/environment/ament_prefix_path.dsv
[7.337s] -- Symlinking: /home/aniketh05/my_ros2_ws/install/my_msgs/share/my_msgs/environment/path.sh
[7.343s] -- Symlinking: /home/aniketh05/my_ros2_ws/install/my_msgs/share/my_msgs/environment/path.dsv
[7.354s] -- Symlinking: /home/aniketh05/my_ros2_ws/install/my_msgs/share/my_msgs/local_setup.bash
[7.359s] -- Symlinking: /home/aniketh05/my_ros2_ws/install/my_msgs/share/my_msgs/local_setup.sh
[7.365s] -- Symlinking: /home/aniketh05/my_ros2_ws/install/my_msgs/share/my_msgs/local_setup.zsh
[7.371s] -- Symlinking: /home/aniketh05/my_ros2_ws/install/my_msgs/share/my_msgs/local_setup.dsv
[7.377s] -- Symlinking: /home/aniketh05/my_ros2_ws/install/my_msgs/share/my_msgs/package.dsv
[7.386s] -- Symlinking: /home/aniketh05/my_ros2_ws/install/my_msgs/share/ament_index/resource_index/packages/my_msgs
[7.392s] -- Symlinking: /home/aniketh05/my_ros2_ws/install/my_msgs/share/my_msgs/cmake/rosidl_cmake-extras.cmake
[7.397s] -- Symlinking: /home/aniketh05/my_ros2_ws/install/my_msgs/share/my_msgs/cmake/ament_cmake_export_dependencies-extras.cmake
[7.405s] -- Symlinking: /home/aniketh05/my_ros2_ws/install/my_msgs/share/my_msgs/cmake/ament_cmake_export_include_directories-extras.cmake
[7.410s] -- Symlinking: /home/aniketh05/my_ros2_ws/install/my_msgs/share/my_msgs/cmake/ament_cmake_export_libraries-extras.cmake
[7.416s] -- Symlinking: /home/aniketh05/my_ros2_ws/install/my_msgs/share/my_msgs/cmake/ament_cmake_export_targets-extras.cmake
[7.422s] -- Symlinking: /home/aniketh05/my_ros2_ws/install/my_msgs/share/my_msgs/cmake/rosidl_cmake_export_typesupport_targets-extras.cmake
[7.428s] -- Symlinking: /home/aniketh05/my_ros2_ws/install/my_msgs/share/my_msgs/cmake/rosidl_cmake_export_typesupport_libraries-extras.cmake
[7.434s] -- Symlinking: /home/aniketh05/my_ros2_ws/install/my_msgs/share/my_msgs/cmake/my_msgsConfig.cmake
[7.439s] -- Symlinking: /home/aniketh05/my_ros2_ws/install/my_msgs/share/my_msgs/cmake/my_msgsConfig-version.cmake
[7.445s] -- Symlinking: /home/aniketh05/my_ros2_ws/install/my_msgs/share/my_msgs/package.xml
[7.453s] -- Installing: /home/aniketh05/my_ros2_ws/install/my_msgs/lib/libmy_msgs__rosidl_generator_c.so
[7.453s] -- Set runtime path of "/home/aniketh05/my_ros2_ws/install/my_msgs/lib/libmy_msgs__rosidl_generator_c.so" to ""
[7.453s] -- Installing: /home/aniketh05/my_ros2_ws/install/my_msgs/lib/libmy_msgs__rosidl_typesupport_fastrtps_c.so
[7.453s] -- Set runtime path of "/home/aniketh05/my_ros2_ws/install/my_msgs/lib/libmy_msgs__rosidl_typesupport_fastrtps_c.so" to ""
[7.453s] -- Installing: /home/aniketh05/my_ros2_ws/install/my_msgs/lib/libmy_msgs__rosidl_typesupport_fastrtps_cpp.so
[7.454s] -- Set runtime path of "/home/aniketh05/my_ros2_ws/install/my_msgs/lib/libmy_msgs__rosidl_typesupport_fastrtps_cpp.so" to ""
[7.454s] -- Installing: /home/aniketh05/my_ros2_ws/install/my_msgs/lib/libmy_msgs__rosidl_typesupport_introspection_c.so
[7.455s] -- Set runtime path of "/home/aniketh05/my_ros2_ws/install/my_msgs/lib/libmy_msgs__rosidl_typesupport_introspection_c.so" to ""
[7.455s] -- Installing: /home/aniketh05/my_ros2_ws/install/my_msgs/lib/libmy_msgs__rosidl_typesupport_c.so
[7.455s] -- Set runtime path of "/home/aniketh05/my_ros2_ws/install/my_msgs/lib/libmy_msgs__rosidl_typesupport_c.so" to ""
[7.455s] -- Installing: /home/aniketh05/my_ros2_ws/install/my_msgs/lib/libmy_msgs__rosidl_typesupport_introspection_cpp.so
[7.455s] -- Set runtime path of "/home/aniketh05/my_ros2_ws/install/my_msgs/lib/libmy_msgs__rosidl_typesupport_introspection_cpp.so" to ""
[7.455s] -- Installing: /home/aniketh05/my_ros2_ws/install/my_msgs/lib/libmy_msgs__rosidl_typesupport_cpp.so
[7.455s] -- Set runtime path of "/home/aniketh05/my_ros2_ws/install/my_msgs/lib/libmy_msgs__rosidl_typesupport_cpp.so" to ""
[7.489s] Listing '/home/aniketh05/my_ros2_ws/install/my_msgs/local/lib/python3.10/dist-packages/my_msgs'...
[7.489s] Compiling '/home/aniketh05/my_ros2_ws/install/my_msgs/local/lib/python3.10/dist-packages/my_msgs/__init__.py'...
[7.489s] Listing '/home/aniketh05/my_ros2_ws/install/my_msgs/local/lib/python3.10/dist-packages/my_msgs/msg'...
[7.489s] Compiling '/home/aniketh05/my_ros2_ws/install/my_msgs/local/lib/python3.10/dist-packages/my_msgs/msg/__init__.py'...
[7.489s] Compiling '/home/aniketh05/my_ros2_ws/install/my_msgs/local/lib/python3.10/dist-packages/my_msgs/msg/_my_msg.py'...
[7.489s] Compiling '/home/aniketh05/my_ros2_ws/install/my_msgs/local/lib/python3.10/dist-packages/my_msgs/msg/_sphere.py'...
[7.489s] Listing '/home/aniketh05/my_ros2_ws/install/my_msgs/local/lib/python3.10/dist-packages/my_msgs/srv'...
[7.489s] Compiling '/home/aniketh05/my_ros2_ws/install/my_msgs/local/lib/python3.10/dist-packages/my_msgs/srv/__init__.py'...
[7.489s] Compiling '/home/aniketh05/my_ros2_ws/install/my_msgs/local/lib/python3.10/dist-packages/my_msgs/srv/_add_three_nums.py'...
[7.493s] -- Installing: /home/aniketh05/my_ros2_ws/install/my_msgs/lib/libmy_msgs__rosidl_generator_py.so
[7.493s] -- Set runtime path of "/home/aniketh05/my_ros2_ws/install/my_msgs/lib/libmy_msgs__rosidl_generator_py.so" to ""
[7.493s] -- Installing: /home/aniketh05/my_ros2_ws/install/my_msgs/share/my_msgs/cmake/export_my_msgs__rosidl_generator_cExport.cmake
[7.493s] -- Installing: /home/aniketh05/my_ros2_ws/install/my_msgs/share/my_msgs/cmake/export_my_msgs__rosidl_generator_cExport-noconfig.cmake
[7.493s] -- Installing: /home/aniketh05/my_ros2_ws/install/my_msgs/share/my_msgs/cmake/export_my_msgs__rosidl_typesupport_fastrtps_cExport.cmake
[7.494s] -- Installing: /home/aniketh05/my_ros2_ws/install/my_msgs/share/my_msgs/cmake/export_my_msgs__rosidl_typesupport_fastrtps_cExport-noconfig.cmake
[7.494s] -- Installing: /home/aniketh05/my_ros2_ws/install/my_msgs/share/my_msgs/cmake/export_my_msgs__rosidl_generator_cppExport.cmake
[7.494s] -- Installing: /home/aniketh05/my_ros2_ws/install/my_msgs/share/my_msgs/cmake/export_my_msgs__rosidl_typesupport_fastrtps_cppExport.cmake
[7.494s] -- Installing: /home/aniketh05/my_ros2_ws/install/my_msgs/share/my_msgs/cmake/export_my_msgs__rosidl_typesupport_fastrtps_cppExport-noconfig.cmake
[7.495s] -- Installing: /home/aniketh05/my_ros2_ws/install/my_msgs/share/my_msgs/cmake/my_msgs__rosidl_typesupport_introspection_cExport.cmake
[7.495s] -- Installing: /home/aniketh05/my_ros2_ws/install/my_msgs/share/my_msgs/cmake/my_msgs__rosidl_typesupport_introspection_cExport-noconfig.cmake
[7.495s] -- Installing: /home/aniketh05/my_ros2_ws/install/my_msgs/share/my_msgs/cmake/my_msgs__rosidl_typesupport_cExport.cmake
[7.495s] -- Installing: /home/aniketh05/my_ros2_ws/install/my_msgs/share/my_msgs/cmake/my_msgs__rosidl_typesupport_cExport-noconfig.cmake
[7.496s] -- Installing: /home/aniketh05/my_ros2_ws/install/my_msgs/share/my_msgs/cmake/my_msgs__rosidl_typesupport_introspection_cppExport.cmake
[7.496s] -- Installing: /home/aniketh05/my_ros2_ws/install/my_msgs/share/my_msgs/cmake/my_msgs__rosidl_typesupport_introspection_cppExport-noconfig.cmake
[7.496s] -- Installing: /home/aniketh05/my_ros2_ws/install/my_msgs/share/my_msgs/cmake/my_msgs__rosidl_typesupport_cppExport.cmake
[7.496s] -- Installing: /home/aniketh05/my_ros2_ws/install/my_msgs/share/my_msgs/cmake/my_msgs__rosidl_typesupport_cppExport-noconfig.cmake
[7.496s] -- Installing: /home/aniketh05/my_ros2_ws/install/my_msgs/share/my_msgs/cmake/export_my_msgs__rosidl_generator_pyExport.cmake
[7.497s] -- Installing: /home/aniketh05/my_ros2_ws/install/my_msgs/share/my_msgs/cmake/export_my_msgs__rosidl_generator_pyExport-noconfig.cmake
[7.499s] Invoked command in '/home/aniketh05/my_ros2_ws/build/my_msgs' returned '0': CMAKE_PREFIX_PATH=${CMAKE_PREFIX_PATH}:/home/aniketh05/my_ros2_ws/install/my_pkg_prac:/home/aniketh05/my_ros2_ws/install/turtle_control:/home/aniketh05/my_ros2_ws/install/my_pkg_srv:/home/aniketh05/my_ros2_ws/install/my_pkg_01:/opt/ros/humble /usr/bin/cmake --install /home/aniketh05/my_ros2_ws/build/my_msgs
