[0.248s] DEBUG:colcon:Command line arguments: ['/usr/bin/colcon', 'build', '--packages-select', 'my_dd_robot']
[0.248s] DEBUG:colcon:Parsed command line arguments: Namespace(log_base=None, log_level=None, verb_name='build', build_base='build', install_base='install', merge_install=False, symlink_install=False, test_result_base=None, continue_on_error=False, executor='parallel', parallel_workers=12, event_handlers=None, ignore_user_meta=False, metas=['./colcon.meta'], base_paths=['.'], packages_ignore=None, packages_ignore_regex=None, paths=None, packages_up_to=None, packages_up_to_regex=None, packages_above=None, packages_above_and_dependencies=None, packages_above_depth=None, packages_select_by_dep=None, packages_skip_by_dep=None, packages_skip_up_to=None, packages_select_build_failed=False, packages_skip_build_finished=False, packages_select_test_failures=False, packages_skip_test_passed=False, packages_select=['my_dd_robot'], packages_skip=None, packages_select_regex=None, packages_skip_regex=None, packages_start=None, packages_end=None, allow_overriding=[], cmake_args=None, cmake_target=None, cmake_target_skip_unavailable=False, cmake_clean_cache=False, cmake_clean_first=False, cmake_force_configure=False, ament_cmake_args=None, catkin_cmake_args=None, catkin_skip_building_tests=False, mixin_files=None, mixin=None, verb_parser=<colcon_mixin.mixin.mixin_argument.MixinArgumentDecorator object at 0x7f948449c610>, verb_extension=<colcon_core.verb.build.BuildVerb object at 0x7f94846395d0>, main=<bound method BuildVerb.main of <colcon_core.verb.build.BuildVerb object at 0x7f94846395d0>>, mixin_verb=('build',))
[0.721s] Level 1:colcon.colcon_core.package_discovery:discover_packages(colcon_meta) check parameters
[0.721s] Level 1:colcon.colcon_core.package_discovery:discover_packages(recursive) check parameters
[0.722s] Level 1:colcon.colcon_core.package_discovery:discover_packages(ignore) check parameters
[0.722s] Level 1:colcon.colcon_core.package_discovery:discover_packages(path) check parameters
[0.722s] Level 1:colcon.colcon_core.package_discovery:discover_packages(colcon_meta) discover
[0.722s] Level 1:colcon.colcon_core.package_discovery:discover_packages(recursive) discover
[0.722s] INFO:colcon.colcon_core.package_discovery:Crawling recursively for packages in '/home/aniketh05/my_ros2_ws/src'
[0.724s] Level 1:colcon.colcon_core.package_identification:_identify(.) by extensions ['ignore', 'ignore_ament_install']
[0.729s] Level 1:colcon.colcon_core.package_identification:_identify(.) by extension 'ignore'
[0.730s] Level 1:colcon.colcon_core.package_identification:_identify(.) by extension 'ignore_ament_install'
[0.730s] Level 1:colcon.colcon_core.package_identification:_identify(.) by extensions ['colcon_pkg']
[0.730s] Level 1:colcon.colcon_core.package_identification:_identify(.) by extension 'colcon_pkg'
[0.730s] Level 1:colcon.colcon_core.package_identification:_identify(.) by extensions ['colcon_meta']
[0.731s] Level 1:colcon.colcon_core.package_identification:_identify(.) by extension 'colcon_meta'
[0.731s] Level 1:colcon.colcon_core.package_identification:_identify(.) by extensions ['ros']
[0.731s] Level 1:colcon.colcon_core.package_identification:_identify(.) by extension 'ros'
[0.811s] Level 1:colcon.colcon_core.package_identification:_identify(.) by extensions ['cmake', 'python']
[0.812s] Level 1:colcon.colcon_core.package_identification:_identify(.) by extension 'cmake'
[0.812s] Level 1:colcon.colcon_core.package_identification:_identify(.) by extension 'python'
[0.812s] Level 1:colcon.colcon_core.package_identification:_identify(.) by extensions ['python_setup_py']
[0.812s] Level 1:colcon.colcon_core.package_identification:_identify(.) by extension 'python_setup_py'
[0.813s] Level 1:colcon.colcon_core.package_identification:_identify(build) by extensions ['ignore', 'ignore_ament_install']
[0.813s] Level 1:colcon.colcon_core.package_identification:_identify(build) by extension 'ignore'
[0.813s] Level 1:colcon.colcon_core.package_identification:_identify(build) ignored
[0.814s] Level 1:colcon.colcon_core.package_identification:_identify(install) by extensions ['ignore', 'ignore_ament_install']
[0.814s] Level 1:colcon.colcon_core.package_identification:_identify(install) by extension 'ignore'
[0.814s] Level 1:colcon.colcon_core.package_identification:_identify(install) ignored
[0.814s] Level 1:colcon.colcon_core.package_identification:_identify(log) by extensions ['ignore', 'ignore_ament_install']
[0.814s] Level 1:colcon.colcon_core.package_identification:_identify(log) by extension 'ignore'
[0.814s] Level 1:colcon.colcon_core.package_identification:_identify(log) ignored
[0.815s] Level 1:colcon.colcon_core.package_identification:_identify(my_dd_robot) by extensions ['ignore', 'ignore_ament_install']
[0.815s] Level 1:colcon.colcon_core.package_identification:_identify(my_dd_robot) by extension 'ignore'
[0.815s] Level 1:colcon.colcon_core.package_identification:_identify(my_dd_robot) by extension 'ignore_ament_install'
[0.815s] Level 1:colcon.colcon_core.package_identification:_identify(my_dd_robot) by extensions ['colcon_pkg']
[0.815s] Level 1:colcon.colcon_core.package_identification:_identify(my_dd_robot) by extension 'colcon_pkg'
[0.816s] Level 1:colcon.colcon_core.package_identification:_identify(my_dd_robot) by extensions ['colcon_meta']
[0.816s] Level 1:colcon.colcon_core.package_identification:_identify(my_dd_robot) by extension 'colcon_meta'
[0.816s] Level 1:colcon.colcon_core.package_identification:_identify(my_dd_robot) by extensions ['ros']
[0.817s] Level 1:colcon.colcon_core.package_identification:_identify(my_dd_robot) by extension 'ros'
[0.822s] DEBUG:colcon.colcon_core.package_identification:Package 'my_dd_robot' with type 'ros.ament_cmake' and name 'my_ddrobot'
[0.822s] Level 1:colcon.colcon_core.package_identification:_identify(my_gesture_arm_robot) by extensions ['ignore', 'ignore_ament_install']
[0.823s] Level 1:colcon.colcon_core.package_identification:_identify(my_gesture_arm_robot) by extension 'ignore'
[0.823s] Level 1:colcon.colcon_core.package_identification:_identify(my_gesture_arm_robot) by extension 'ignore_ament_install'
[0.823s] Level 1:colcon.colcon_core.package_identification:_identify(my_gesture_arm_robot) by extensions ['colcon_pkg']
[0.823s] Level 1:colcon.colcon_core.package_identification:_identify(my_gesture_arm_robot) by extension 'colcon_pkg'
[0.823s] Level 1:colcon.colcon_core.package_identification:_identify(my_gesture_arm_robot) by extensions ['colcon_meta']
[0.823s] Level 1:colcon.colcon_core.package_identification:_identify(my_gesture_arm_robot) by extension 'colcon_meta'
[0.823s] Level 1:colcon.colcon_core.package_identification:_identify(my_gesture_arm_robot) by extensions ['ros']
[0.823s] Level 1:colcon.colcon_core.package_identification:_identify(my_gesture_arm_robot) by extension 'ros'
[0.825s] DEBUG:colcon.colcon_core.package_identification:Package 'my_gesture_arm_robot' with type 'ros.ament_cmake' and name 'my_gesture_arm_robot'
[0.826s] Level 1:colcon.colcon_core.package_identification:_identify(my_msg_srv) by extensions ['ignore', 'ignore_ament_install']
[0.826s] Level 1:colcon.colcon_core.package_identification:_identify(my_msg_srv) by extension 'ignore'
[0.826s] Level 1:colcon.colcon_core.package_identification:_identify(my_msg_srv) by extension 'ignore_ament_install'
[0.826s] Level 1:colcon.colcon_core.package_identification:_identify(my_msg_srv) by extensions ['colcon_pkg']
[0.826s] Level 1:colcon.colcon_core.package_identification:_identify(my_msg_srv) by extension 'colcon_pkg'
[0.826s] Level 1:colcon.colcon_core.package_identification:_identify(my_msg_srv) by extensions ['colcon_meta']
[0.826s] Level 1:colcon.colcon_core.package_identification:_identify(my_msg_srv) by extension 'colcon_meta'
[0.826s] Level 1:colcon.colcon_core.package_identification:_identify(my_msg_srv) by extensions ['ros']
[0.826s] Level 1:colcon.colcon_core.package_identification:_identify(my_msg_srv) by extension 'ros'
[0.827s] DEBUG:colcon.colcon_core.package_identification:Package 'my_msg_srv' with type 'ros.ament_cmake' and name 'my_msg_srv'
[0.828s] Level 1:colcon.colcon_core.package_identification:_identify(my_pkg_01) by extensions ['ignore', 'ignore_ament_install']
[0.828s] Level 1:colcon.colcon_core.package_identification:_identify(my_pkg_01) by extension 'ignore'
[0.828s] Level 1:colcon.colcon_core.package_identification:_identify(my_pkg_01) by extension 'ignore_ament_install'
[0.828s] Level 1:colcon.colcon_core.package_identification:_identify(my_pkg_01) by extensions ['colcon_pkg']
[0.828s] Level 1:colcon.colcon_core.package_identification:_identify(my_pkg_01) by extension 'colcon_pkg'
[0.828s] Level 1:colcon.colcon_core.package_identification:_identify(my_pkg_01) by extensions ['colcon_meta']
[0.828s] Level 1:colcon.colcon_core.package_identification:_identify(my_pkg_01) by extension 'colcon_meta'
[0.828s] Level 1:colcon.colcon_core.package_identification:_identify(my_pkg_01) by extensions ['ros']
[0.828s] Level 1:colcon.colcon_core.package_identification:_identify(my_pkg_01) by extension 'ros'
[0.830s] DEBUG:colcon.colcon_core.package_identification:Package 'my_pkg_01' with type 'ros.ament_python' and name 'my_pkg_01'
[0.830s] Level 1:colcon.colcon_core.package_identification:_identify(my_pkg_prac) by extensions ['ignore', 'ignore_ament_install']
[0.830s] Level 1:colcon.colcon_core.package_identification:_identify(my_pkg_prac) by extension 'ignore'
[0.830s] Level 1:colcon.colcon_core.package_identification:_identify(my_pkg_prac) by extension 'ignore_ament_install'
[0.831s] Level 1:colcon.colcon_core.package_identification:_identify(my_pkg_prac) by extensions ['colcon_pkg']
[0.831s] Level 1:colcon.colcon_core.package_identification:_identify(my_pkg_prac) by extension 'colcon_pkg'
[0.831s] Level 1:colcon.colcon_core.package_identification:_identify(my_pkg_prac) by extensions ['colcon_meta']
[0.831s] Level 1:colcon.colcon_core.package_identification:_identify(my_pkg_prac) by extension 'colcon_meta'
[0.831s] Level 1:colcon.colcon_core.package_identification:_identify(my_pkg_prac) by extensions ['ros']
[0.831s] Level 1:colcon.colcon_core.package_identification:_identify(my_pkg_prac) by extension 'ros'
[0.832s] DEBUG:colcon.colcon_core.package_identification:Package 'my_pkg_prac' with type 'ros.ament_python' and name 'my_pkg_prac'
[0.833s] Level 1:colcon.colcon_core.package_identification:_identify(my_services) by extensions ['ignore', 'ignore_ament_install']
[0.833s] Level 1:colcon.colcon_core.package_identification:_identify(my_services) by extension 'ignore'
[0.833s] Level 1:colcon.colcon_core.package_identification:_identify(my_services) by extension 'ignore_ament_install'
[0.833s] Level 1:colcon.colcon_core.package_identification:_identify(my_services) by extensions ['colcon_pkg']
[0.833s] Level 1:colcon.colcon_core.package_identification:_identify(my_services) by extension 'colcon_pkg'
[0.833s] Level 1:colcon.colcon_core.package_identification:_identify(my_services) by extensions ['colcon_meta']
[0.833s] Level 1:colcon.colcon_core.package_identification:_identify(my_services) by extension 'colcon_meta'
[0.833s] Level 1:colcon.colcon_core.package_identification:_identify(my_services) by extensions ['ros']
[0.833s] Level 1:colcon.colcon_core.package_identification:_identify(my_services) by extension 'ros'
[0.834s] DEBUG:colcon.colcon_core.package_identification:Package 'my_services' with type 'ros.ament_python' and name 'my_services'
[0.835s] Level 1:colcon.colcon_core.package_identification:_identify(turtle_control) by extensions ['ignore', 'ignore_ament_install']
[0.835s] Level 1:colcon.colcon_core.package_identification:_identify(turtle_control) by extension 'ignore'
[0.835s] Level 1:colcon.colcon_core.package_identification:_identify(turtle_control) by extension 'ignore_ament_install'
[0.835s] Level 1:colcon.colcon_core.package_identification:_identify(turtle_control) by extensions ['colcon_pkg']
[0.835s] Level 1:colcon.colcon_core.package_identification:_identify(turtle_control) by extension 'colcon_pkg'
[0.835s] Level 1:colcon.colcon_core.package_identification:_identify(turtle_control) by extensions ['colcon_meta']
[0.835s] Level 1:colcon.colcon_core.package_identification:_identify(turtle_control) by extension 'colcon_meta'
[0.835s] Level 1:colcon.colcon_core.package_identification:_identify(turtle_control) by extensions ['ros']
[0.835s] Level 1:colcon.colcon_core.package_identification:_identify(turtle_control) by extension 'ros'
[0.836s] DEBUG:colcon.colcon_core.package_identification:Package 'turtle_control' with type 'ros.ament_python' and name 'turtle_control'
[0.836s] Level 1:colcon.colcon_core.package_discovery:discover_packages(recursive) using defaults
[0.837s] Level 1:colcon.colcon_core.package_discovery:discover_packages(ignore) discover
[0.837s] Level 1:colcon.colcon_core.package_discovery:discover_packages(ignore) using defaults
[0.837s] Level 1:colcon.colcon_core.package_discovery:discover_packages(path) discover
[0.837s] Level 1:colcon.colcon_core.package_discovery:discover_packages(path) using defaults
[0.837s] WARNING:colcon.colcon_core.package_selection:ignoring unknown package 'my_dd_robot' in --packages-select
[0.884s] INFO:colcon.colcon_core.package_selection:Skipping not selected package 'my_ddrobot' in 'my_dd_robot'
[0.885s] INFO:colcon.colcon_core.package_selection:Skipping not selected package 'my_gesture_arm_robot' in 'my_gesture_arm_robot'
[0.885s] INFO:colcon.colcon_core.package_selection:Skipping not selected package 'my_msg_srv' in 'my_msg_srv'
[0.885s] INFO:colcon.colcon_core.package_selection:Skipping not selected package 'my_pkg_01' in 'my_pkg_01'
[0.885s] INFO:colcon.colcon_core.package_selection:Skipping not selected package 'my_pkg_prac' in 'my_pkg_prac'
[0.885s] INFO:colcon.colcon_core.package_selection:Skipping not selected package 'my_services' in 'my_services'
[0.885s] INFO:colcon.colcon_core.package_selection:Skipping not selected package 'turtle_control' in 'turtle_control'
[0.886s] Level 1:colcon.colcon_core.package_discovery:discover_packages(prefix_path) check parameters
[0.886s] Level 1:colcon.colcon_core.package_discovery:discover_packages(prefix_path) discover
[0.891s] DEBUG:colcon.colcon_installed_package_information.package_discovery:Found 7 installed packages in /home/aniketh05/my_ros2_ws/install
[0.895s] DEBUG:colcon.colcon_installed_package_information.package_discovery:Found 359 installed packages in /opt/ros/humble
[0.898s] Level 1:colcon.colcon_core.package_discovery:discover_packages(prefix_path) using defaults
[0.979s] INFO:colcon.colcon_core.executor:Executing jobs using 'parallel' executor
[0.981s] DEBUG:colcon.colcon_parallel_executor.executor.parallel:run_until_complete
[0.982s] DEBUG:colcon.colcon_parallel_executor.executor.parallel:closing loop
[0.982s] DEBUG:colcon.colcon_parallel_executor.executor.parallel:loop closed
[0.982s] DEBUG:colcon.colcon_parallel_executor.executor.parallel:run_until_complete finished with '0'
[0.982s] DEBUG:colcon.colcon_core.event_reactor:joining thread
[1.004s] INFO:colcon.colcon_core.plugin_system:Skipping extension 'colcon_notification.desktop_notification.terminal_notifier': Not used on non-Darwin systems
[1.004s] INFO:colcon.colcon_core.plugin_system:Skipping extension 'colcon_notification.desktop_notification.win32': Not used on non-Windows systems
[1.004s] INFO:colcon.colcon_notification.desktop_notification:Sending desktop notification using 'notify2'
[1.006s] DEBUG:colcon.colcon_notification.desktop_notification.notify2:Failed to initialize notify2: org.freedesktop.DBus.Error.ServiceUnknown: The name org.freedesktop.Notifications was not provided by any .service files
[1.006s] DEBUG:colcon.colcon_core.event_reactor:joined thread
[1.008s] INFO:colcon.colcon_core.plugin_system:Skipping extension 'colcon_core.shell.bat': Not used on non-Windows systems
[1.008s] INFO:colcon.colcon_core.shell:Creating prefix script '/home/aniketh05/my_ros2_ws/src/install/local_setup.ps1'
[1.010s] INFO:colcon.colcon_core.shell:Creating prefix util module '/home/aniketh05/my_ros2_ws/src/install/_local_setup_util_ps1.py'
[1.016s] INFO:colcon.colcon_core.shell:Creating prefix chain script '/home/aniketh05/my_ros2_ws/src/install/setup.ps1'
[1.018s] INFO:colcon.colcon_core.shell:Creating prefix script '/home/aniketh05/my_ros2_ws/src/install/local_setup.sh'
[1.020s] INFO:colcon.colcon_core.shell:Creating prefix util module '/home/aniketh05/my_ros2_ws/src/install/_local_setup_util_sh.py'
[1.021s] INFO:colcon.colcon_core.shell:Creating prefix chain script '/home/aniketh05/my_ros2_ws/src/install/setup.sh'
[1.023s] INFO:colcon.colcon_core.shell:Creating prefix script '/home/aniketh05/my_ros2_ws/src/install/local_setup.bash'
[1.024s] INFO:colcon.colcon_core.shell:Creating prefix chain script '/home/aniketh05/my_ros2_ws/src/install/setup.bash'
[1.026s] INFO:colcon.colcon_core.shell:Creating prefix script '/home/aniketh05/my_ros2_ws/src/install/local_setup.zsh'
[1.027s] INFO:colcon.colcon_core.shell:Creating prefix chain script '/home/aniketh05/my_ros2_ws/src/install/setup.zsh'
