[1.288s] Invoking command in '/home/aniketh05/my_ros2_ws/src/build/my_pkg_prac': PYTHONPATH=/home/aniketh05/my_ros2_ws/src/build/my_pkg_prac/prefix_override:/usr/lib/python3/dist-packages/colcon_core/task/python/colcon_distutils_commands:/home/aniketh05/my_ros2_ws/src/install/my_pkg_prac/lib/python3.10/site-packages:${PYTHONPATH} /usr/bin/python3 -W ignore:setup.py install is deprecated -W ignore:easy_install command is deprecated setup.py develop --editable --build-directory /home/aniketh05/my_ros2_ws/src/build/my_pkg_prac/build --no-deps symlink_data
[1.577s] running develop
[1.624s] /home/aniketh05/.local/lib/python3.10/site-packages/pkg_resources/__init__.py:116: PkgResourcesDeprecationWarning: 2.0.5-build-libtorrent-rasterbar-qrM5vM-libtorrent-rasterbar-2.0.5-bindings-python is an invalid version and will not be supported in a future release
[1.624s]   warnings.warn(
[1.730s] running egg_info
[1.730s] writing my_pkg_prac.egg-info/PKG-INFO
[1.730s] writing dependency_links to my_pkg_prac.egg-info/dependency_links.txt
[1.731s] writing entry points to my_pkg_prac.egg-info/entry_points.txt
[1.731s] writing requirements to my_pkg_prac.egg-info/requires.txt
[1.731s] writing top-level names to my_pkg_prac.egg-info/top_level.txt
[1.732s] reading manifest file 'my_pkg_prac.egg-info/SOURCES.txt'
[1.733s] writing manifest file 'my_pkg_prac.egg-info/SOURCES.txt'
[1.734s] running build_ext
[1.734s] Creating /home/aniketh05/my_ros2_ws/src/install/my_pkg_prac/lib/python3.10/site-packages/my-pkg-prac.egg-link (link to .)
[1.734s] Installing move_circular script to /home/aniketh05/my_ros2_ws/src/install/my_pkg_prac/lib/my_pkg_prac
[1.734s] Installing my_pose_sub script to /home/aniketh05/my_ros2_ws/src/install/my_pkg_prac/lib/my_pkg_prac
[1.734s] Installing my_pub_node script to /home/aniketh05/my_ros2_ws/src/install/my_pkg_prac/lib/my_pkg_prac
[1.735s] Installing pen_change script to /home/aniketh05/my_ros2_ws/src/install/my_pkg_prac/lib/my_pkg_prac
[1.735s] Installing pub script to /home/aniketh05/my_ros2_ws/src/install/my_pkg_prac/lib/my_pkg_prac
[1.735s] Installing pub_sub_node script to /home/aniketh05/my_ros2_ws/src/install/my_pkg_prac/lib/my_pkg_prac
[1.735s] Installing shape script to /home/aniketh05/my_ros2_ws/src/install/my_pkg_prac/lib/my_pkg_prac
[1.735s] Installing sub script to /home/aniketh05/my_ros2_ws/src/install/my_pkg_prac/lib/my_pkg_prac
[1.736s] 
[1.736s] Installed /home/aniketh05/my_ros2_ws/src/build/my_pkg_prac
[1.736s] running symlink_data
[1.759s] Invoked command in '/home/aniketh05/my_ros2_ws/src/build/my_pkg_prac' returned '0': PYTHONPATH=/home/aniketh05/my_ros2_ws/src/build/my_pkg_prac/prefix_override:/usr/lib/python3/dist-packages/colcon_core/task/python/colcon_distutils_commands:/home/aniketh05/my_ros2_ws/src/install/my_pkg_prac/lib/python3.10/site-packages:${PYTHONPATH} /usr/bin/python3 -W ignore:setup.py install is deprecated -W ignore:easy_install command is deprecated setup.py develop --editable --build-directory /home/aniketh05/my_ros2_ws/src/build/my_pkg_prac/build --no-deps symlink_data
