[1.440s] Invoking command in '/home/aniketh05/my_ros2_ws/build/turtle_control': PYTHONPATH=/home/aniketh05/my_ros2_ws/build/turtle_control/prefix_override:/usr/lib/python3/dist-packages/colcon_core/task/python/colcon_distutils_commands:/home/aniketh05/my_ros2_ws/install/turtle_control/lib/python3.10/site-packages:${PYTHONPATH} /usr/bin/python3 -W ignore:setup.py install is deprecated -W ignore:easy_install command is deprecated setup.py develop --uninstall --editable --build-directory /home/aniketh05/my_ros2_ws/build/turtle_control/build
[1.842s] running develop
[1.913s] /home/aniketh05/.local/lib/python3.10/site-packages/pkg_resources/__init__.py:116: PkgResourcesDeprecationWarning: 2.0.5-build-libtorrent-rasterbar-qrM5vM-libtorrent-rasterbar-2.0.5-bindings-python is an invalid version and will not be supported in a future release
[1.913s]   warnings.warn(
[2.115s] Removing /home/aniketh05/my_ros2_ws/install/turtle_control/lib/python3.10/site-packages/turtle-control.egg-link (link to .)
[2.183s] Invoked command in '/home/aniketh05/my_ros2_ws/build/turtle_control' returned '0': PYTHONPATH=/home/aniketh05/my_ros2_ws/build/turtle_control/prefix_override:/usr/lib/python3/dist-packages/colcon_core/task/python/colcon_distutils_commands:/home/aniketh05/my_ros2_ws/install/turtle_control/lib/python3.10/site-packages:${PYTHONPATH} /usr/bin/python3 -W ignore:setup.py install is deprecated -W ignore:easy_install command is deprecated setup.py develop --uninstall --editable --build-directory /home/aniketh05/my_ros2_ws/build/turtle_control/build
[2.186s] Invoking command in '/home/aniketh05/my_ros2_ws/src/turtle_control': PYTHONPATH=/home/aniketh05/my_ros2_ws/build/turtle_control/prefix_override:/usr/lib/python3/dist-packages/colcon_core/task/python/colcon_distutils_commands:/home/aniketh05/my_ros2_ws/install/turtle_control/lib/python3.10/site-packages:${PYTHONPATH} /usr/bin/python3 -W ignore:setup.py install is deprecated -W ignore:easy_install command is deprecated setup.py egg_info --egg-base ../../build/turtle_control build --build-base /home/aniketh05/my_ros2_ws/build/turtle_control/build install --record /home/aniketh05/my_ros2_ws/build/turtle_control/install.log --single-version-externally-managed install_data --force
[2.556s] running egg_info
[2.557s] writing ../../build/turtle_control/turtle_control.egg-info/PKG-INFO
[2.559s] writing dependency_links to ../../build/turtle_control/turtle_control.egg-info/dependency_links.txt
[2.559s] writing entry points to ../../build/turtle_control/turtle_control.egg-info/entry_points.txt
[2.559s] writing requirements to ../../build/turtle_control/turtle_control.egg-info/requires.txt
[2.559s] writing top-level names to ../../build/turtle_control/turtle_control.egg-info/top_level.txt
[2.561s] reading manifest file '../../build/turtle_control/turtle_control.egg-info/SOURCES.txt'
[2.562s] writing manifest file '../../build/turtle_control/turtle_control.egg-info/SOURCES.txt'
[2.563s] running build
[2.563s] running build_py
[2.565s] running install
[2.569s] running install_lib
[2.569s] creating /home/aniketh05/my_ros2_ws/install/turtle_control/lib/python3.10/site-packages/turtle_control
[2.570s] copying /home/aniketh05/my_ros2_ws/build/turtle_control/build/lib/turtle_control/__init__.py -> /home/aniketh05/my_ros2_ws/install/turtle_control/lib/python3.10/site-packages/turtle_control
[2.570s] copying /home/aniketh05/my_ros2_ws/build/turtle_control/build/lib/turtle_control/turtle_subscriber.py -> /home/aniketh05/my_ros2_ws/install/turtle_control/lib/python3.10/site-packages/turtle_control
[2.576s] copying /home/aniketh05/my_ros2_ws/build/turtle_control/build/lib/turtle_control/pub_sub.py -> /home/aniketh05/my_ros2_ws/install/turtle_control/lib/python3.10/site-packages/turtle_control
[2.583s] copying /home/aniketh05/my_ros2_ws/build/turtle_control/build/lib/turtle_control/turtle_publisher.py -> /home/aniketh05/my_ros2_ws/install/turtle_control/lib/python3.10/site-packages/turtle_control
[2.583s] byte-compiling /home/aniketh05/my_ros2_ws/install/turtle_control/lib/python3.10/site-packages/turtle_control/__init__.py to __init__.cpython-310.pyc
[2.584s] byte-compiling /home/aniketh05/my_ros2_ws/install/turtle_control/lib/python3.10/site-packages/turtle_control/turtle_subscriber.py to turtle_subscriber.cpython-310.pyc
[2.585s] byte-compiling /home/aniketh05/my_ros2_ws/install/turtle_control/lib/python3.10/site-packages/turtle_control/pub_sub.py to pub_sub.cpython-310.pyc
[2.585s] byte-compiling /home/aniketh05/my_ros2_ws/install/turtle_control/lib/python3.10/site-packages/turtle_control/turtle_publisher.py to turtle_publisher.cpython-310.pyc
[2.585s] running install_data
[2.585s] copying resource/turtle_control -> /home/aniketh05/my_ros2_ws/install/turtle_control/share/ament_index/resource_index/packages
[2.585s] copying package.xml -> /home/aniketh05/my_ros2_ws/install/turtle_control/share/turtle_control
[2.585s] running install_egg_info
[2.586s] Copying ../../build/turtle_control/turtle_control.egg-info to /home/aniketh05/my_ros2_ws/install/turtle_control/lib/python3.10/site-packages/turtle_control-0.0.0-py3.10.egg-info
[2.589s] running install_scripts
[2.611s] Installing pub_sub script to /home/aniketh05/my_ros2_ws/install/turtle_control/lib/turtle_control
[2.612s] Installing turtle_publisher script to /home/aniketh05/my_ros2_ws/install/turtle_control/lib/turtle_control
[2.613s] Installing turtle_subscriber script to /home/aniketh05/my_ros2_ws/install/turtle_control/lib/turtle_control
[2.613s] writing list of installed files to '/home/aniketh05/my_ros2_ws/build/turtle_control/install.log'
[2.651s] Invoked command in '/home/aniketh05/my_ros2_ws/src/turtle_control' returned '0': PYTHONPATH=/home/aniketh05/my_ros2_ws/build/turtle_control/prefix_override:/usr/lib/python3/dist-packages/colcon_core/task/python/colcon_distutils_commands:/home/aniketh05/my_ros2_ws/install/turtle_control/lib/python3.10/site-packages:${PYTHONPATH} /usr/bin/python3 -W ignore:setup.py install is deprecated -W ignore:easy_install command is deprecated setup.py egg_info --egg-base ../../build/turtle_control build --build-base /home/aniketh05/my_ros2_ws/build/turtle_control/build install --record /home/aniketh05/my_ros2_ws/build/turtle_control/install.log --single-version-externally-managed install_data --force
