[0.060s] Invoking command in '/home/aniketh05/my_ros2_ws/build/my_msg_srv': CMAKE_PREFIX_PATH=${CMAKE_PREFIX_PATH}:/home/aniketh05/my_ros2_ws/install/turtle_control:/home/aniketh05/my_ros2_ws/install/my_services:/home/aniketh05/my_ros2_ws/install/my_pkg_prac:/home/aniketh05/my_ros2_ws/install/my_pkg_01:/opt/ros/humble /usr/bin/cmake /home/aniketh05/my_ros2_ws/src/my_msg_srv -DCMAKE_INSTALL_PREFIX=/home/aniketh05/my_ros2_ws/install/my_msg_srv
[1.864s] -- Found ament_cmake: 1.3.11 (/opt/ros/humble/share/ament_cmake/cmake)
[1.865s] -- Override CMake install command with custom implementation using symlinks instead of copying resources
[1.866s] -- Found rosidl_default_generators: 1.2.0 (/opt/ros/humble/share/rosidl_default_generators/cmake)
[1.868s] -- Using all available rosidl_typesupport_c: rosidl_typesupport_fastrtps_c;rosidl_typesupport_introspection_c
[1.868s] -- Found rosidl_adapter: 3.1.6 (/opt/ros/humble/share/rosidl_adapter/cmake)
[1.868s] -- Using all available rosidl_typesupport_cpp: rosidl_typesupport_fastrtps_cpp;rosidl_typesupport_introspection_cpp
[1.868s] -- Found geometry_msgs: 4.8.0 (/opt/ros/humble/share/geometry_msgs/cmake)
[1.868s] -- Found ament_cmake_ros: 0.10.0 (/opt/ros/humble/share/ament_cmake_ros/cmake)
[1.869s] -- Using all available rosidl_typesupport_c: rosidl_typesupport_fastrtps_c;rosidl_typesupport_introspection_c
[2.134s] -- Using all available rosidl_typesupport_cpp: rosidl_typesupport_fastrtps_cpp;rosidl_typesupport_introspection_cpp
[2.202s] -- Found python_cmake_module: 0.10.0 (/opt/ros/humble/share/python_cmake_module/cmake)
[2.246s] -- Using PYTHON_EXECUTABLE: /usr/bin/python3
[2.246s] -- Using PYTHON_INCLUDE_DIRS: /usr/include/python3.10
[2.246s] -- Using PYTHON_LIBRARIES: /usr/lib/x86_64-linux-gnu/libpython3.10.so
[2.369s] -- Found ament_lint_auto: 0.12.12 (/opt/ros/humble/share/ament_lint_auto/cmake)
[2.436s] -- Added test 'lint_cmake' to check CMake code style
[2.439s] -- Added test 'xmllint' to check XML markup files
[2.450s] -- Configuring done
[2.543s] -- Generating done
[2.570s] -- Build files have been written to: /home/aniketh05/my_ros2_ws/build/my_msg_srv
[2.587s] Invoked command in '/home/aniketh05/my_ros2_ws/build/my_msg_srv' returned '0': CMAKE_PREFIX_PATH=${CMAKE_PREFIX_PATH}:/home/aniketh05/my_ros2_ws/install/turtle_control:/home/aniketh05/my_ros2_ws/install/my_services:/home/aniketh05/my_ros2_ws/install/my_pkg_prac:/home/aniketh05/my_ros2_ws/install/my_pkg_01:/opt/ros/humble /usr/bin/cmake /home/aniketh05/my_ros2_ws/src/my_msg_srv -DCMAKE_INSTALL_PREFIX=/home/aniketh05/my_ros2_ws/install/my_msg_srv
[2.592s] Invoking command in '/home/aniketh05/my_ros2_ws/build/my_msg_srv': CMAKE_PREFIX_PATH=${CMAKE_PREFIX_PATH}:/home/aniketh05/my_ros2_ws/install/turtle_control:/home/aniketh05/my_ros2_ws/install/my_services:/home/aniketh05/my_ros2_ws/install/my_pkg_prac:/home/aniketh05/my_ros2_ws/install/my_pkg_01:/opt/ros/humble /usr/bin/cmake --build /home/aniketh05/my_ros2_ws/build/my_msg_srv -- -j12 -l12
[2.654s] [35m[1mConsolidate compiler generated dependencies of target my_msg_srv__rosidl_generator_c[0m
[2.666s] [  2%] Built target my_msg_srv__cpp
[2.677s] [ 12%] Built target my_msg_srv__rosidl_generator_c
[2.684s] [ 12%] Built target ament_cmake_python_symlink_my_msg_srv
[2.686s] [35m[1mConsolidate compiler generated dependencies of target my_msg_srv__rosidl_typesupport_cpp[0m
[2.694s] [35m[1mConsolidate compiler generated dependencies of target my_msg_srv__rosidl_typesupport_fastrtps_cpp[0m
[2.694s] [35m[1mConsolidate compiler generated dependencies of target my_msg_srv__rosidl_typesupport_introspection_cpp[0m
[2.700s] [35m[1mConsolidate compiler generated dependencies of target my_msg_srv__rosidl_typesupport_c[0m
[2.700s] [35m[1mConsolidate compiler generated dependencies of target my_msg_srv__rosidl_typesupport_introspection_c[0m
[2.700s] [35m[1mConsolidate compiler generated dependencies of target my_msg_srv__rosidl_typesupport_fastrtps_c[0m
[2.720s] [ 23%] Built target my_msg_srv__rosidl_typesupport_cpp
[2.722s] [ 34%] Built target my_msg_srv__rosidl_typesupport_c
[2.728s] [ 44%] Built target my_msg_srv__rosidl_typesupport_introspection_cpp
[2.730s] [ 55%] Built target my_msg_srv__rosidl_typesupport_fastrtps_cpp
[2.731s] [ 65%] Built target my_msg_srv__rosidl_typesupport_introspection_c
[2.738s] [ 76%] Built target my_msg_srv__rosidl_typesupport_fastrtps_c
[2.776s] [ 76%] Built target my_msg_srv
[2.819s] [ 78%] Built target my_msg_srv__py
[2.837s] [35m[1mConsolidate compiler generated dependencies of target my_msg_srv__rosidl_generator_py[0m
[2.859s] [ 87%] Built target my_msg_srv__rosidl_generator_py
[2.881s] [35m[1mConsolidate compiler generated dependencies of target my_msg_srv__rosidl_typesupport_c__pyext[0m
[2.882s] [35m[1mConsolidate compiler generated dependencies of target my_msg_srv__rosidl_typesupport_introspection_c__pyext[0m
[2.883s] [35m[1mConsolidate compiler generated dependencies of target my_msg_srv__rosidl_typesupport_fastrtps_c__pyext[0m
[2.906s] [ 91%] Built target my_msg_srv__rosidl_typesupport_c__pyext
[2.908s] [ 95%] Built target my_msg_srv__rosidl_typesupport_introspection_c__pyext
[2.908s] [100%] Built target my_msg_srv__rosidl_typesupport_fastrtps_c__pyext
[3.268s] running egg_info
[3.270s] writing my_msg_srv.egg-info/PKG-INFO
[3.270s] writing dependency_links to my_msg_srv.egg-info/dependency_links.txt
[3.270s] writing top-level names to my_msg_srv.egg-info/top_level.txt
[3.275s] reading manifest file 'my_msg_srv.egg-info/SOURCES.txt'
[3.276s] writing manifest file 'my_msg_srv.egg-info/SOURCES.txt'
[3.315s] [100%] Built target ament_cmake_python_build_my_msg_srv_egg
[3.332s] Invoked command in '/home/aniketh05/my_ros2_ws/build/my_msg_srv' returned '0': CMAKE_PREFIX_PATH=${CMAKE_PREFIX_PATH}:/home/aniketh05/my_ros2_ws/install/turtle_control:/home/aniketh05/my_ros2_ws/install/my_services:/home/aniketh05/my_ros2_ws/install/my_pkg_prac:/home/aniketh05/my_ros2_ws/install/my_pkg_01:/opt/ros/humble /usr/bin/cmake --build /home/aniketh05/my_ros2_ws/build/my_msg_srv -- -j12 -l12
[3.336s] Invoking command in '/home/aniketh05/my_ros2_ws/build/my_msg_srv': CMAKE_PREFIX_PATH=${CMAKE_PREFIX_PATH}:/home/aniketh05/my_ros2_ws/install/turtle_control:/home/aniketh05/my_ros2_ws/install/my_services:/home/aniketh05/my_ros2_ws/install/my_pkg_prac:/home/aniketh05/my_ros2_ws/install/my_pkg_01:/opt/ros/humble /usr/bin/cmake --install /home/aniketh05/my_ros2_ws/build/my_msg_srv
[3.347s] -- Install configuration: ""
[3.348s] -- Execute custom install script
[3.349s] -- Up-to-date symlink: /home/aniketh05/my_ros2_ws/install/my_msg_srv/share/ament_index/resource_index/rosidl_interfaces/my_msg_srv
[3.350s] -- Up-to-date symlink: /home/aniketh05/my_ros2_ws/install/my_msg_srv/include/my_msg_srv/my_msg_srv/msg/detail/my_msg__functions.h
[3.350s] -- Up-to-date symlink: /home/aniketh05/my_ros2_ws/install/my_msg_srv/include/my_msg_srv/my_msg_srv/msg/detail/my_msg__struct.h
[3.351s] -- Up-to-date symlink: /home/aniketh05/my_ros2_ws/install/my_msg_srv/include/my_msg_srv/my_msg_srv/msg/detail/my_msg__type_support.h
[3.351s] -- Up-to-date symlink: /home/aniketh05/my_ros2_ws/install/my_msg_srv/include/my_msg_srv/my_msg_srv/msg/detail/sphere__functions.h
[3.351s] -- Up-to-date symlink: /home/aniketh05/my_ros2_ws/install/my_msg_srv/include/my_msg_srv/my_msg_srv/msg/detail/sphere__struct.h
[3.352s] -- Up-to-date symlink: /home/aniketh05/my_ros2_ws/install/my_msg_srv/include/my_msg_srv/my_msg_srv/msg/detail/sphere__type_support.h
[3.352s] -- Up-to-date symlink: /home/aniketh05/my_ros2_ws/install/my_msg_srv/include/my_msg_srv/my_msg_srv/msg/my_msg.h
[3.352s] -- Up-to-date symlink: /home/aniketh05/my_ros2_ws/install/my_msg_srv/include/my_msg_srv/my_msg_srv/msg/rosidl_generator_c__visibility_control.h
[3.352s] -- Up-to-date symlink: /home/aniketh05/my_ros2_ws/install/my_msg_srv/include/my_msg_srv/my_msg_srv/msg/sphere.h
[3.352s] -- Up-to-date symlink: /home/aniketh05/my_ros2_ws/install/my_msg_srv/include/my_msg_srv/my_msg_srv/srv/add_three_nums.h
[3.353s] -- Up-to-date symlink: /home/aniketh05/my_ros2_ws/install/my_msg_srv/include/my_msg_srv/my_msg_srv/srv/detail/add_three_nums__functions.h
[3.353s] -- Up-to-date symlink: /home/aniketh05/my_ros2_ws/install/my_msg_srv/include/my_msg_srv/my_msg_srv/srv/detail/add_three_nums__struct.h
[3.353s] -- Up-to-date symlink: /home/aniketh05/my_ros2_ws/install/my_msg_srv/include/my_msg_srv/my_msg_srv/srv/detail/add_three_nums__type_support.h
[3.353s] -- Up-to-date symlink: /home/aniketh05/my_ros2_ws/install/my_msg_srv/share/my_msg_srv/environment/library_path.sh
[3.354s] -- Up-to-date symlink: /home/aniketh05/my_ros2_ws/install/my_msg_srv/share/my_msg_srv/environment/library_path.dsv
[3.355s] -- Up-to-date symlink: /home/aniketh05/my_ros2_ws/install/my_msg_srv/include/my_msg_srv/my_msg_srv/msg/detail/my_msg__rosidl_typesupport_fastrtps_c.h
[3.355s] -- Up-to-date symlink: /home/aniketh05/my_ros2_ws/install/my_msg_srv/include/my_msg_srv/my_msg_srv/msg/detail/sphere__rosidl_typesupport_fastrtps_c.h
[3.355s] -- Up-to-date symlink: /home/aniketh05/my_ros2_ws/install/my_msg_srv/include/my_msg_srv/my_msg_srv/msg/rosidl_typesupport_fastrtps_c__visibility_control.h
[3.356s] -- Up-to-date symlink: /home/aniketh05/my_ros2_ws/install/my_msg_srv/include/my_msg_srv/my_msg_srv/srv/detail/add_three_nums__rosidl_typesupport_fastrtps_c.h
[3.356s] -- Up-to-date symlink: /home/aniketh05/my_ros2_ws/install/my_msg_srv/include/my_msg_srv/my_msg_srv/msg/detail/my_msg__rosidl_typesupport_introspection_c.h
[3.356s] -- Up-to-date symlink: /home/aniketh05/my_ros2_ws/install/my_msg_srv/include/my_msg_srv/my_msg_srv/msg/detail/sphere__rosidl_typesupport_introspection_c.h
[3.357s] -- Up-to-date symlink: /home/aniketh05/my_ros2_ws/install/my_msg_srv/include/my_msg_srv/my_msg_srv/msg/rosidl_typesupport_introspection_c__visibility_control.h
[3.357s] -- Up-to-date symlink: /home/aniketh05/my_ros2_ws/install/my_msg_srv/include/my_msg_srv/my_msg_srv/srv/detail/add_three_nums__rosidl_typesupport_introspection_c.h
[3.358s] -- Up-to-date symlink: /home/aniketh05/my_ros2_ws/install/my_msg_srv/include/my_msg_srv/my_msg_srv/msg/detail/my_msg__builder.hpp
[3.358s] -- Up-to-date symlink: /home/aniketh05/my_ros2_ws/install/my_msg_srv/include/my_msg_srv/my_msg_srv/msg/detail/my_msg__struct.hpp
[3.359s] -- Up-to-date symlink: /home/aniketh05/my_ros2_ws/install/my_msg_srv/include/my_msg_srv/my_msg_srv/msg/detail/my_msg__traits.hpp
[3.361s] -- Up-to-date symlink: /home/aniketh05/my_ros2_ws/install/my_msg_srv/include/my_msg_srv/my_msg_srv/msg/detail/my_msg__type_support.hpp
[3.361s] -- Up-to-date symlink: /home/aniketh05/my_ros2_ws/install/my_msg_srv/include/my_msg_srv/my_msg_srv/msg/detail/sphere__builder.hpp
[3.362s] -- Up-to-date symlink: /home/aniketh05/my_ros2_ws/install/my_msg_srv/include/my_msg_srv/my_msg_srv/msg/detail/sphere__struct.hpp
[3.362s] -- Up-to-date symlink: /home/aniketh05/my_ros2_ws/install/my_msg_srv/include/my_msg_srv/my_msg_srv/msg/detail/sphere__traits.hpp
[3.363s] -- Up-to-date symlink: /home/aniketh05/my_ros2_ws/install/my_msg_srv/include/my_msg_srv/my_msg_srv/msg/detail/sphere__type_support.hpp
[3.363s] -- Up-to-date symlink: /home/aniketh05/my_ros2_ws/install/my_msg_srv/include/my_msg_srv/my_msg_srv/msg/my_msg.hpp
[3.363s] -- Up-to-date symlink: /home/aniketh05/my_ros2_ws/install/my_msg_srv/include/my_msg_srv/my_msg_srv/msg/rosidl_generator_cpp__visibility_control.hpp
[3.363s] -- Up-to-date symlink: /home/aniketh05/my_ros2_ws/install/my_msg_srv/include/my_msg_srv/my_msg_srv/msg/sphere.hpp
[3.367s] -- Up-to-date symlink: /home/aniketh05/my_ros2_ws/install/my_msg_srv/include/my_msg_srv/my_msg_srv/srv/add_three_nums.hpp
[3.367s] -- Up-to-date symlink: /home/aniketh05/my_ros2_ws/install/my_msg_srv/include/my_msg_srv/my_msg_srv/srv/detail/add_three_nums__builder.hpp
[3.367s] -- Up-to-date symlink: /home/aniketh05/my_ros2_ws/install/my_msg_srv/include/my_msg_srv/my_msg_srv/srv/detail/add_three_nums__struct.hpp
[3.367s] -- Up-to-date symlink: /home/aniketh05/my_ros2_ws/install/my_msg_srv/include/my_msg_srv/my_msg_srv/srv/detail/add_three_nums__traits.hpp
[3.367s] -- Up-to-date symlink: /home/aniketh05/my_ros2_ws/install/my_msg_srv/include/my_msg_srv/my_msg_srv/srv/detail/add_three_nums__type_support.hpp
[3.368s] -- Up-to-date symlink: /home/aniketh05/my_ros2_ws/install/my_msg_srv/include/my_msg_srv/my_msg_srv/msg/detail/my_msg__rosidl_typesupport_fastrtps_cpp.hpp
[3.368s] -- Up-to-date symlink: /home/aniketh05/my_ros2_ws/install/my_msg_srv/include/my_msg_srv/my_msg_srv/msg/detail/sphere__rosidl_typesupport_fastrtps_cpp.hpp
[3.369s] -- Up-to-date symlink: /home/aniketh05/my_ros2_ws/install/my_msg_srv/include/my_msg_srv/my_msg_srv/msg/rosidl_typesupport_fastrtps_cpp__visibility_control.h
[3.369s] -- Up-to-date symlink: /home/aniketh05/my_ros2_ws/install/my_msg_srv/include/my_msg_srv/my_msg_srv/srv/detail/add_three_nums__rosidl_typesupport_fastrtps_cpp.hpp
[3.369s] -- Up-to-date symlink: /home/aniketh05/my_ros2_ws/install/my_msg_srv/include/my_msg_srv/my_msg_srv/msg/detail/my_msg__rosidl_typesupport_introspection_cpp.hpp
[3.369s] -- Up-to-date symlink: /home/aniketh05/my_ros2_ws/install/my_msg_srv/include/my_msg_srv/my_msg_srv/msg/detail/sphere__rosidl_typesupport_introspection_cpp.hpp
[3.370s] -- Up-to-date symlink: /home/aniketh05/my_ros2_ws/install/my_msg_srv/include/my_msg_srv/my_msg_srv/srv/detail/add_three_nums__rosidl_typesupport_introspection_cpp.hpp
[3.370s] -- Up-to-date symlink: /home/aniketh05/my_ros2_ws/install/my_msg_srv/share/my_msg_srv/environment/pythonpath.sh
[3.370s] -- Up-to-date symlink: /home/aniketh05/my_ros2_ws/install/my_msg_srv/share/my_msg_srv/environment/pythonpath.dsv
[3.370s] -- Up-to-date symlink: /home/aniketh05/my_ros2_ws/install/my_msg_srv/local/lib/python3.10/dist-packages/my_msg_srv-0.0.0-py3.10.egg-info/PKG-INFO
[3.371s] -- Up-to-date symlink: /home/aniketh05/my_ros2_ws/install/my_msg_srv/local/lib/python3.10/dist-packages/my_msg_srv-0.0.0-py3.10.egg-info/SOURCES.txt
[3.371s] -- Up-to-date symlink: /home/aniketh05/my_ros2_ws/install/my_msg_srv/local/lib/python3.10/dist-packages/my_msg_srv-0.0.0-py3.10.egg-info/dependency_links.txt
[3.371s] -- Up-to-date symlink: /home/aniketh05/my_ros2_ws/install/my_msg_srv/local/lib/python3.10/dist-packages/my_msg_srv-0.0.0-py3.10.egg-info/top_level.txt
[3.372s] -- Up-to-date symlink: /home/aniketh05/my_ros2_ws/install/my_msg_srv/local/lib/python3.10/dist-packages/my_msg_srv/__init__.py
[3.372s] -- Up-to-date symlink: /home/aniketh05/my_ros2_ws/install/my_msg_srv/local/lib/python3.10/dist-packages/my_msg_srv/_my_msg_srv_s.ep.rosidl_typesupport_c.c
[3.372s] -- Up-to-date symlink: /home/aniketh05/my_ros2_ws/install/my_msg_srv/local/lib/python3.10/dist-packages/my_msg_srv/_my_msg_srv_s.ep.rosidl_typesupport_fastrtps_c.c
[3.372s] -- Up-to-date symlink: /home/aniketh05/my_ros2_ws/install/my_msg_srv/local/lib/python3.10/dist-packages/my_msg_srv/_my_msg_srv_s.ep.rosidl_typesupport_introspection_c.c
[3.373s] -- Up-to-date symlink: /home/aniketh05/my_ros2_ws/install/my_msg_srv/local/lib/python3.10/dist-packages/my_msg_srv/libmy_msg_srv__rosidl_generator_py.so
[3.373s] -- Up-to-date symlink: /home/aniketh05/my_ros2_ws/install/my_msg_srv/local/lib/python3.10/dist-packages/my_msg_srv/msg/__init__.py
[3.373s] -- Up-to-date symlink: /home/aniketh05/my_ros2_ws/install/my_msg_srv/local/lib/python3.10/dist-packages/my_msg_srv/msg/_my_msg.py
[3.374s] -- Up-to-date symlink: /home/aniketh05/my_ros2_ws/install/my_msg_srv/local/lib/python3.10/dist-packages/my_msg_srv/msg/_my_msg_s.c
[3.376s] -- Up-to-date symlink: /home/aniketh05/my_ros2_ws/install/my_msg_srv/local/lib/python3.10/dist-packages/my_msg_srv/msg/_sphere.py
[3.379s] -- Up-to-date symlink: /home/aniketh05/my_ros2_ws/install/my_msg_srv/local/lib/python3.10/dist-packages/my_msg_srv/msg/_sphere_s.c
[3.380s] -- Up-to-date symlink: /home/aniketh05/my_ros2_ws/install/my_msg_srv/local/lib/python3.10/dist-packages/my_msg_srv/my_msg_srv_s__rosidl_typesupport_c.cpython-310-x86_64-linux-gnu.so
[3.380s] -- Up-to-date symlink: /home/aniketh05/my_ros2_ws/install/my_msg_srv/local/lib/python3.10/dist-packages/my_msg_srv/my_msg_srv_s__rosidl_typesupport_fastrtps_c.cpython-310-x86_64-linux-gnu.so
[3.381s] -- Up-to-date symlink: /home/aniketh05/my_ros2_ws/install/my_msg_srv/local/lib/python3.10/dist-packages/my_msg_srv/my_msg_srv_s__rosidl_typesupport_introspection_c.cpython-310-x86_64-linux-gnu.so
[3.381s] -- Up-to-date symlink: /home/aniketh05/my_ros2_ws/install/my_msg_srv/local/lib/python3.10/dist-packages/my_msg_srv/srv/__init__.py
[3.382s] -- Up-to-date symlink: /home/aniketh05/my_ros2_ws/install/my_msg_srv/local/lib/python3.10/dist-packages/my_msg_srv/srv/_add_three_nums.py
[3.385s] -- Up-to-date symlink: /home/aniketh05/my_ros2_ws/install/my_msg_srv/local/lib/python3.10/dist-packages/my_msg_srv/srv/_add_three_nums_s.c
[3.385s] -- Up-to-date symlink: /home/aniketh05/my_ros2_ws/install/my_msg_srv/local/lib/python3.10/dist-packages/my_msg_srv/my_msg_srv_s__rosidl_typesupport_fastrtps_c.cpython-310-x86_64-linux-gnu.so
[3.386s] -- Up-to-date symlink: /home/aniketh05/my_ros2_ws/install/my_msg_srv/local/lib/python3.10/dist-packages/my_msg_srv/my_msg_srv_s__rosidl_typesupport_introspection_c.cpython-310-x86_64-linux-gnu.so
[3.386s] -- Up-to-date symlink: /home/aniketh05/my_ros2_ws/install/my_msg_srv/local/lib/python3.10/dist-packages/my_msg_srv/my_msg_srv_s__rosidl_typesupport_c.cpython-310-x86_64-linux-gnu.so
[3.387s] -- Up-to-date symlink: /home/aniketh05/my_ros2_ws/install/my_msg_srv/share/my_msg_srv/msg/MyMsg.idl
[3.387s] -- Up-to-date symlink: /home/aniketh05/my_ros2_ws/install/my_msg_srv/share/my_msg_srv/msg/Sphere.idl
[3.388s] -- Up-to-date symlink: /home/aniketh05/my_ros2_ws/install/my_msg_srv/share/my_msg_srv/srv/AddThreeNums.idl
[3.389s] -- Up-to-date symlink: /home/aniketh05/my_ros2_ws/install/my_msg_srv/share/my_msg_srv/msg/MyMsg.msg
[3.389s] -- Up-to-date symlink: /home/aniketh05/my_ros2_ws/install/my_msg_srv/share/my_msg_srv/msg/Sphere.msg
[3.390s] -- Up-to-date symlink: /home/aniketh05/my_ros2_ws/install/my_msg_srv/share/my_msg_srv/srv/AddThreeNums.srv
[3.391s] -- Up-to-date symlink: /home/aniketh05/my_ros2_ws/install/my_msg_srv/share/my_msg_srv/srv/AddThreeNums_Request.msg
[3.392s] -- Up-to-date symlink: /home/aniketh05/my_ros2_ws/install/my_msg_srv/share/my_msg_srv/srv/AddThreeNums_Response.msg
[3.392s] -- Up-to-date symlink: /home/aniketh05/my_ros2_ws/install/my_msg_srv/share/ament_index/resource_index/package_run_dependencies/my_msg_srv
[3.393s] -- Up-to-date symlink: /home/aniketh05/my_ros2_ws/install/my_msg_srv/share/ament_index/resource_index/parent_prefix_path/my_msg_srv
[3.395s] -- Up-to-date symlink: /home/aniketh05/my_ros2_ws/install/my_msg_srv/share/my_msg_srv/environment/ament_prefix_path.sh
[3.395s] -- Up-to-date symlink: /home/aniketh05/my_ros2_ws/install/my_msg_srv/share/my_msg_srv/environment/ament_prefix_path.dsv
[3.396s] -- Up-to-date symlink: /home/aniketh05/my_ros2_ws/install/my_msg_srv/share/my_msg_srv/environment/path.sh
[3.397s] -- Up-to-date symlink: /home/aniketh05/my_ros2_ws/install/my_msg_srv/share/my_msg_srv/environment/path.dsv
[3.399s] -- Up-to-date symlink: /home/aniketh05/my_ros2_ws/install/my_msg_srv/share/my_msg_srv/local_setup.bash
[3.401s] -- Up-to-date symlink: /home/aniketh05/my_ros2_ws/install/my_msg_srv/share/my_msg_srv/local_setup.sh
[3.403s] -- Up-to-date symlink: /home/aniketh05/my_ros2_ws/install/my_msg_srv/share/my_msg_srv/local_setup.zsh
[3.404s] -- Up-to-date symlink: /home/aniketh05/my_ros2_ws/install/my_msg_srv/share/my_msg_srv/local_setup.dsv
[3.404s] -- Symlinking: /home/aniketh05/my_ros2_ws/install/my_msg_srv/share/my_msg_srv/package.dsv
[3.418s] -- Up-to-date symlink: /home/aniketh05/my_ros2_ws/install/my_msg_srv/share/ament_index/resource_index/packages/my_msg_srv
[3.419s] -- Up-to-date symlink: /home/aniketh05/my_ros2_ws/install/my_msg_srv/share/my_msg_srv/cmake/rosidl_cmake-extras.cmake
[3.420s] -- Up-to-date symlink: /home/aniketh05/my_ros2_ws/install/my_msg_srv/share/my_msg_srv/cmake/ament_cmake_export_dependencies-extras.cmake
[3.421s] -- Up-to-date symlink: /home/aniketh05/my_ros2_ws/install/my_msg_srv/share/my_msg_srv/cmake/ament_cmake_export_include_directories-extras.cmake
[3.422s] -- Up-to-date symlink: /home/aniketh05/my_ros2_ws/install/my_msg_srv/share/my_msg_srv/cmake/ament_cmake_export_libraries-extras.cmake
[3.422s] -- Up-to-date symlink: /home/aniketh05/my_ros2_ws/install/my_msg_srv/share/my_msg_srv/cmake/ament_cmake_export_targets-extras.cmake
[3.423s] -- Up-to-date symlink: /home/aniketh05/my_ros2_ws/install/my_msg_srv/share/my_msg_srv/cmake/rosidl_cmake_export_typesupport_targets-extras.cmake
[3.424s] -- Up-to-date symlink: /home/aniketh05/my_ros2_ws/install/my_msg_srv/share/my_msg_srv/cmake/rosidl_cmake_export_typesupport_libraries-extras.cmake
[3.425s] -- Up-to-date symlink: /home/aniketh05/my_ros2_ws/install/my_msg_srv/share/my_msg_srv/cmake/my_msg_srvConfig.cmake
[3.426s] -- Up-to-date symlink: /home/aniketh05/my_ros2_ws/install/my_msg_srv/share/my_msg_srv/cmake/my_msg_srvConfig-version.cmake
[3.427s] -- Up-to-date symlink: /home/aniketh05/my_ros2_ws/install/my_msg_srv/share/my_msg_srv/package.xml
[3.427s] -- Up-to-date: /home/aniketh05/my_ros2_ws/install/my_msg_srv/lib/libmy_msg_srv__rosidl_generator_c.so
[3.429s] -- Up-to-date: /home/aniketh05/my_ros2_ws/install/my_msg_srv/lib/libmy_msg_srv__rosidl_typesupport_fastrtps_c.so
[3.430s] -- Up-to-date: /home/aniketh05/my_ros2_ws/install/my_msg_srv/lib/libmy_msg_srv__rosidl_typesupport_introspection_c.so
[3.431s] -- Up-to-date: /home/aniketh05/my_ros2_ws/install/my_msg_srv/lib/libmy_msg_srv__rosidl_typesupport_c.so
[3.432s] -- Up-to-date: /home/aniketh05/my_ros2_ws/install/my_msg_srv/lib/libmy_msg_srv__rosidl_typesupport_fastrtps_cpp.so
[3.433s] -- Up-to-date: /home/aniketh05/my_ros2_ws/install/my_msg_srv/lib/libmy_msg_srv__rosidl_typesupport_introspection_cpp.so
[3.434s] -- Up-to-date: /home/aniketh05/my_ros2_ws/install/my_msg_srv/lib/libmy_msg_srv__rosidl_typesupport_cpp.so
[3.501s] Listing '/home/aniketh05/my_ros2_ws/install/my_msg_srv/local/lib/python3.10/dist-packages/my_msg_srv'...
[3.501s] Compiling '/home/aniketh05/my_ros2_ws/install/my_msg_srv/local/lib/python3.10/dist-packages/my_msg_srv/__init__.py'...
[3.502s] Listing '/home/aniketh05/my_ros2_ws/install/my_msg_srv/local/lib/python3.10/dist-packages/my_msg_srv/msg'...
[3.502s] Listing '/home/aniketh05/my_ros2_ws/install/my_msg_srv/local/lib/python3.10/dist-packages/my_msg_srv/srv'...
[3.509s] -- Up-to-date: /home/aniketh05/my_ros2_ws/install/my_msg_srv/lib/libmy_msg_srv__rosidl_generator_py.so
[3.510s] -- Up-to-date: /home/aniketh05/my_ros2_ws/install/my_msg_srv/share/my_msg_srv/cmake/export_my_msg_srv__rosidl_generator_cExport.cmake
[3.510s] -- Up-to-date: /home/aniketh05/my_ros2_ws/install/my_msg_srv/share/my_msg_srv/cmake/export_my_msg_srv__rosidl_generator_cExport-noconfig.cmake
[3.511s] -- Up-to-date: /home/aniketh05/my_ros2_ws/install/my_msg_srv/share/my_msg_srv/cmake/export_my_msg_srv__rosidl_typesupport_fastrtps_cExport.cmake
[3.511s] -- Up-to-date: /home/aniketh05/my_ros2_ws/install/my_msg_srv/share/my_msg_srv/cmake/export_my_msg_srv__rosidl_typesupport_fastrtps_cExport-noconfig.cmake
[3.512s] -- Up-to-date: /home/aniketh05/my_ros2_ws/install/my_msg_srv/share/my_msg_srv/cmake/my_msg_srv__rosidl_typesupport_introspection_cExport.cmake
[3.512s] -- Up-to-date: /home/aniketh05/my_ros2_ws/install/my_msg_srv/share/my_msg_srv/cmake/my_msg_srv__rosidl_typesupport_introspection_cExport-noconfig.cmake
[3.512s] -- Up-to-date: /home/aniketh05/my_ros2_ws/install/my_msg_srv/share/my_msg_srv/cmake/my_msg_srv__rosidl_typesupport_cExport.cmake
[3.512s] -- Up-to-date: /home/aniketh05/my_ros2_ws/install/my_msg_srv/share/my_msg_srv/cmake/my_msg_srv__rosidl_typesupport_cExport-noconfig.cmake
[3.512s] -- Up-to-date: /home/aniketh05/my_ros2_ws/install/my_msg_srv/share/my_msg_srv/cmake/export_my_msg_srv__rosidl_generator_cppExport.cmake
[3.512s] -- Up-to-date: /home/aniketh05/my_ros2_ws/install/my_msg_srv/share/my_msg_srv/cmake/export_my_msg_srv__rosidl_typesupport_fastrtps_cppExport.cmake
[3.513s] -- Up-to-date: /home/aniketh05/my_ros2_ws/install/my_msg_srv/share/my_msg_srv/cmake/export_my_msg_srv__rosidl_typesupport_fastrtps_cppExport-noconfig.cmake
[3.513s] -- Up-to-date: /home/aniketh05/my_ros2_ws/install/my_msg_srv/share/my_msg_srv/cmake/my_msg_srv__rosidl_typesupport_introspection_cppExport.cmake
[3.514s] -- Up-to-date: /home/aniketh05/my_ros2_ws/install/my_msg_srv/share/my_msg_srv/cmake/my_msg_srv__rosidl_typesupport_introspection_cppExport-noconfig.cmake
[3.514s] -- Up-to-date: /home/aniketh05/my_ros2_ws/install/my_msg_srv/share/my_msg_srv/cmake/my_msg_srv__rosidl_typesupport_cppExport.cmake
[3.515s] -- Up-to-date: /home/aniketh05/my_ros2_ws/install/my_msg_srv/share/my_msg_srv/cmake/my_msg_srv__rosidl_typesupport_cppExport-noconfig.cmake
[3.515s] -- Up-to-date: /home/aniketh05/my_ros2_ws/install/my_msg_srv/share/my_msg_srv/cmake/export_my_msg_srv__rosidl_generator_pyExport.cmake
[3.518s] -- Up-to-date: /home/aniketh05/my_ros2_ws/install/my_msg_srv/share/my_msg_srv/cmake/export_my_msg_srv__rosidl_generator_pyExport-noconfig.cmake
[3.520s] Invoked command in '/home/aniketh05/my_ros2_ws/build/my_msg_srv' returned '0': CMAKE_PREFIX_PATH=${CMAKE_PREFIX_PATH}:/home/aniketh05/my_ros2_ws/install/turtle_control:/home/aniketh05/my_ros2_ws/install/my_services:/home/aniketh05/my_ros2_ws/install/my_pkg_prac:/home/aniketh05/my_ros2_ws/install/my_pkg_01:/opt/ros/humble /usr/bin/cmake --install /home/aniketh05/my_ros2_ws/build/my_msg_srv
