[0.321s] DEBUG:colcon:Command line arguments: ['/usr/bin/colcon', 'list', '-p', '--base-paths', '/home/aniketh05/my_ros2_ws']
[0.322s] DEBUG:colcon:Parsed command line arguments: Namespace(log_base=None, log_level=None, verb_name='list', build_base='build', ignore_user_meta=False, metas=['./colcon.meta'], base_paths=['/home/aniketh05/my_ros2_ws'], packages_ignore=None, packages_ignore_regex=None, paths=None, packages_up_to=None, packages_up_to_regex=None, packages_above=None, packages_above_and_dependencies=None, packages_above_depth=None, packages_select_by_dep=None, packages_skip_by_dep=None, packages_skip_up_to=None, packages_select_build_failed=False, packages_skip_build_finished=False, packages_select_test_failures=False, packages_skip_test_passed=False, packages_select=None, packages_skip=None, packages_select_regex=None, packages_skip_regex=None, packages_start=None, packages_end=None, allow_overriding=[], topological_order=False, names_only=False, paths_only=True, topological_graph=False, topological_graph_dot=False, topological_graph_density=False, topological_graph_legend=False, topological_graph_dot_cluster=False, topological_graph_dot_include_skipped=False, mixin_files=None, mixin=None, verb_parser=<colcon_mixin.mixin.mixin_argument.MixinArgumentDecorator object at 0x7f33e30810f0>, verb_extension=<colcon_package_information.verb.list.ListVerb object at 0x7f33e30800a0>, main=<bound method ListVerb.main of <colcon_package_information.verb.list.ListVerb object at 0x7f33e30800a0>>, mixin_verb=('list',))
[0.801s] Level 1:colcon.colcon_core.package_discovery:discover_packages(colcon_meta) check parameters
[0.802s] Level 1:colcon.colcon_core.package_discovery:discover_packages(recursive) check parameters
[0.802s] Level 1:colcon.colcon_core.package_discovery:discover_packages(ignore) check parameters
[0.802s] Level 1:colcon.colcon_core.package_discovery:discover_packages(path) check parameters
[0.802s] Level 1:colcon.colcon_core.package_discovery:discover_packages(recursive) discover
[0.802s] INFO:colcon.colcon_core.package_discovery:Crawling recursively for packages in '/home/aniketh05/my_ros2_ws'
[0.802s] Level 1:colcon.colcon_core.package_identification:_identify(/home/aniketh05/my_ros2_ws) by extensions ['ignore', 'ignore_ament_install']
[0.803s] Level 1:colcon.colcon_core.package_identification:_identify(/home/aniketh05/my_ros2_ws) by extension 'ignore'
[0.803s] Level 1:colcon.colcon_core.package_identification:_identify(/home/aniketh05/my_ros2_ws) by extension 'ignore_ament_install'
[0.803s] Level 1:colcon.colcon_core.package_identification:_identify(/home/aniketh05/my_ros2_ws) by extensions ['colcon_pkg']
[0.803s] Level 1:colcon.colcon_core.package_identification:_identify(/home/aniketh05/my_ros2_ws) by extension 'colcon_pkg'
[0.804s] Level 1:colcon.colcon_core.package_identification:_identify(/home/aniketh05/my_ros2_ws) by extensions ['colcon_meta']
[0.804s] Level 1:colcon.colcon_core.package_identification:_identify(/home/aniketh05/my_ros2_ws) by extension 'colcon_meta'
[0.804s] Level 1:colcon.colcon_core.package_identification:_identify(/home/aniketh05/my_ros2_ws) by extensions ['ros']
[0.804s] Level 1:colcon.colcon_core.package_identification:_identify(/home/aniketh05/my_ros2_ws) by extension 'ros'
[0.836s] Level 1:colcon.colcon_core.package_identification:_identify(/home/aniketh05/my_ros2_ws) by extensions ['cmake', 'python']
[0.837s] Level 1:colcon.colcon_core.package_identification:_identify(/home/aniketh05/my_ros2_ws) by extension 'cmake'
[0.837s] Level 1:colcon.colcon_core.package_identification:_identify(/home/aniketh05/my_ros2_ws) by extension 'python'
[0.837s] Level 1:colcon.colcon_core.package_identification:_identify(/home/aniketh05/my_ros2_ws) by extensions ['python_setup_py']
[0.837s] Level 1:colcon.colcon_core.package_identification:_identify(/home/aniketh05/my_ros2_ws) by extension 'python_setup_py'
[0.837s] Level 1:colcon.colcon_core.package_identification:_identify(/home/aniketh05/my_ros2_ws/build) by extensions ['ignore', 'ignore_ament_install']
[0.838s] Level 1:colcon.colcon_core.package_identification:_identify(/home/aniketh05/my_ros2_ws/build) by extension 'ignore'
[0.838s] Level 1:colcon.colcon_core.package_identification:_identify(/home/aniketh05/my_ros2_ws/build) ignored
[0.838s] Level 1:colcon.colcon_core.package_identification:_identify(/home/aniketh05/my_ros2_ws/install) by extensions ['ignore', 'ignore_ament_install']
[0.839s] Level 1:colcon.colcon_core.package_identification:_identify(/home/aniketh05/my_ros2_ws/install) by extension 'ignore'
[0.839s] Level 1:colcon.colcon_core.package_identification:_identify(/home/aniketh05/my_ros2_ws/install) ignored
[0.839s] Level 1:colcon.colcon_core.package_identification:_identify(/home/aniketh05/my_ros2_ws/log) by extensions ['ignore', 'ignore_ament_install']
[0.840s] Level 1:colcon.colcon_core.package_identification:_identify(/home/aniketh05/my_ros2_ws/log) by extension 'ignore'
[0.840s] Level 1:colcon.colcon_core.package_identification:_identify(/home/aniketh05/my_ros2_ws/log) ignored
[0.840s] Level 1:colcon.colcon_core.package_identification:_identify(/home/aniketh05/my_ros2_ws/my_dd_robot) by extensions ['ignore', 'ignore_ament_install']
[0.840s] Level 1:colcon.colcon_core.package_identification:_identify(/home/aniketh05/my_ros2_ws/my_dd_robot) by extension 'ignore'
[0.841s] Level 1:colcon.colcon_core.package_identification:_identify(/home/aniketh05/my_ros2_ws/my_dd_robot) by extension 'ignore_ament_install'
[0.841s] Level 1:colcon.colcon_core.package_identification:_identify(/home/aniketh05/my_ros2_ws/my_dd_robot) by extensions ['colcon_pkg']
[0.841s] Level 1:colcon.colcon_core.package_identification:_identify(/home/aniketh05/my_ros2_ws/my_dd_robot) by extension 'colcon_pkg'
[0.841s] Level 1:colcon.colcon_core.package_identification:_identify(/home/aniketh05/my_ros2_ws/my_dd_robot) by extensions ['colcon_meta']
[0.841s] Level 1:colcon.colcon_core.package_identification:_identify(/home/aniketh05/my_ros2_ws/my_dd_robot) by extension 'colcon_meta'
[0.841s] Level 1:colcon.colcon_core.package_identification:_identify(/home/aniketh05/my_ros2_ws/my_dd_robot) by extensions ['ros']
[0.841s] Level 1:colcon.colcon_core.package_identification:_identify(/home/aniketh05/my_ros2_ws/my_dd_robot) by extension 'ros'
[0.846s] DEBUG:colcon.colcon_core.package_identification:Package '/home/aniketh05/my_ros2_ws/my_dd_robot' with type 'ros.ament_cmake' and name 'my_dd_robot'
[0.846s] Level 1:colcon.colcon_core.package_identification:_identify(/home/aniketh05/my_ros2_ws/src) by extensions ['ignore', 'ignore_ament_install']
[0.847s] Level 1:colcon.colcon_core.package_identification:_identify(/home/aniketh05/my_ros2_ws/src) by extension 'ignore'
[0.847s] Level 1:colcon.colcon_core.package_identification:_identify(/home/aniketh05/my_ros2_ws/src) by extension 'ignore_ament_install'
[0.848s] Level 1:colcon.colcon_core.package_identification:_identify(/home/aniketh05/my_ros2_ws/src) by extensions ['colcon_pkg']
[0.848s] Level 1:colcon.colcon_core.package_identification:_identify(/home/aniketh05/my_ros2_ws/src) by extension 'colcon_pkg'
[0.848s] Level 1:colcon.colcon_core.package_identification:_identify(/home/aniketh05/my_ros2_ws/src) by extensions ['colcon_meta']
[0.849s] Level 1:colcon.colcon_core.package_identification:_identify(/home/aniketh05/my_ros2_ws/src) by extension 'colcon_meta'
[0.849s] Level 1:colcon.colcon_core.package_identification:_identify(/home/aniketh05/my_ros2_ws/src) by extensions ['ros']
[0.849s] Level 1:colcon.colcon_core.package_identification:_identify(/home/aniketh05/my_ros2_ws/src) by extension 'ros'
[0.851s] Level 1:colcon.colcon_core.package_identification:_identify(/home/aniketh05/my_ros2_ws/src) by extensions ['cmake', 'python']
[0.852s] Level 1:colcon.colcon_core.package_identification:_identify(/home/aniketh05/my_ros2_ws/src) by extension 'cmake'
[0.853s] Level 1:colcon.colcon_core.package_identification:_identify(/home/aniketh05/my_ros2_ws/src) by extension 'python'
[0.854s] Level 1:colcon.colcon_core.package_identification:_identify(/home/aniketh05/my_ros2_ws/src) by extensions ['python_setup_py']
[0.854s] Level 1:colcon.colcon_core.package_identification:_identify(/home/aniketh05/my_ros2_ws/src) by extension 'python_setup_py'
[0.855s] Level 1:colcon.colcon_core.package_identification:_identify(/home/aniketh05/my_ros2_ws/src/build) by extensions ['ignore', 'ignore_ament_install']
[0.855s] Level 1:colcon.colcon_core.package_identification:_identify(/home/aniketh05/my_ros2_ws/src/build) by extension 'ignore'
[0.856s] Level 1:colcon.colcon_core.package_identification:_identify(/home/aniketh05/my_ros2_ws/src/build) ignored
[0.856s] Level 1:colcon.colcon_core.package_identification:_identify(/home/aniketh05/my_ros2_ws/src/install) by extensions ['ignore', 'ignore_ament_install']
[0.857s] Level 1:colcon.colcon_core.package_identification:_identify(/home/aniketh05/my_ros2_ws/src/install) by extension 'ignore'
[0.857s] Level 1:colcon.colcon_core.package_identification:_identify(/home/aniketh05/my_ros2_ws/src/install) ignored
[0.858s] Level 1:colcon.colcon_core.package_identification:_identify(/home/aniketh05/my_ros2_ws/src/log) by extensions ['ignore', 'ignore_ament_install']
[0.858s] Level 1:colcon.colcon_core.package_identification:_identify(/home/aniketh05/my_ros2_ws/src/log) by extension 'ignore'
[0.858s] Level 1:colcon.colcon_core.package_identification:_identify(/home/aniketh05/my_ros2_ws/src/log) ignored
[0.858s] Level 1:colcon.colcon_core.package_identification:_identify(/home/aniketh05/my_ros2_ws/src/my_gesture_arm_robot) by extensions ['ignore', 'ignore_ament_install']
[0.859s] Level 1:colcon.colcon_core.package_identification:_identify(/home/aniketh05/my_ros2_ws/src/my_gesture_arm_robot) by extension 'ignore'
[0.859s] Level 1:colcon.colcon_core.package_identification:_identify(/home/aniketh05/my_ros2_ws/src/my_gesture_arm_robot) by extension 'ignore_ament_install'
[0.859s] Level 1:colcon.colcon_core.package_identification:_identify(/home/aniketh05/my_ros2_ws/src/my_gesture_arm_robot) by extensions ['colcon_pkg']
[0.859s] Level 1:colcon.colcon_core.package_identification:_identify(/home/aniketh05/my_ros2_ws/src/my_gesture_arm_robot) by extension 'colcon_pkg'
[0.859s] Level 1:colcon.colcon_core.package_identification:_identify(/home/aniketh05/my_ros2_ws/src/my_gesture_arm_robot) by extensions ['colcon_meta']
[0.859s] Level 1:colcon.colcon_core.package_identification:_identify(/home/aniketh05/my_ros2_ws/src/my_gesture_arm_robot) by extension 'colcon_meta'
[0.860s] Level 1:colcon.colcon_core.package_identification:_identify(/home/aniketh05/my_ros2_ws/src/my_gesture_arm_robot) by extensions ['ros']
[0.860s] Level 1:colcon.colcon_core.package_identification:_identify(/home/aniketh05/my_ros2_ws/src/my_gesture_arm_robot) by extension 'ros'
[0.883s] DEBUG:colcon.colcon_core.package_identification:Package '/home/aniketh05/my_ros2_ws/src/my_gesture_arm_robot' with type 'ros.ament_cmake' and name 'my_gesture_arm_robot'
[0.884s] Level 1:colcon.colcon_core.package_identification:_identify(/home/aniketh05/my_ros2_ws/src/my_msg_srv) by extensions ['ignore', 'ignore_ament_install']
[0.885s] Level 1:colcon.colcon_core.package_identification:_identify(/home/aniketh05/my_ros2_ws/src/my_msg_srv) by extension 'ignore'
[0.886s] Level 1:colcon.colcon_core.package_identification:_identify(/home/aniketh05/my_ros2_ws/src/my_msg_srv) by extension 'ignore_ament_install'
[0.887s] Level 1:colcon.colcon_core.package_identification:_identify(/home/aniketh05/my_ros2_ws/src/my_msg_srv) by extensions ['colcon_pkg']
[0.887s] Level 1:colcon.colcon_core.package_identification:_identify(/home/aniketh05/my_ros2_ws/src/my_msg_srv) by extension 'colcon_pkg'
[0.888s] Level 1:colcon.colcon_core.package_identification:_identify(/home/aniketh05/my_ros2_ws/src/my_msg_srv) by extensions ['colcon_meta']
[0.888s] Level 1:colcon.colcon_core.package_identification:_identify(/home/aniketh05/my_ros2_ws/src/my_msg_srv) by extension 'colcon_meta'
[0.889s] Level 1:colcon.colcon_core.package_identification:_identify(/home/aniketh05/my_ros2_ws/src/my_msg_srv) by extensions ['ros']
[0.889s] Level 1:colcon.colcon_core.package_identification:_identify(/home/aniketh05/my_ros2_ws/src/my_msg_srv) by extension 'ros'
[0.893s] DEBUG:colcon.colcon_core.package_identification:Package '/home/aniketh05/my_ros2_ws/src/my_msg_srv' with type 'ros.ament_cmake' and name 'my_msg_srv'
[0.893s] Level 1:colcon.colcon_core.package_identification:_identify(/home/aniketh05/my_ros2_ws/src/my_pkg_01) by extensions ['ignore', 'ignore_ament_install']
[0.893s] Level 1:colcon.colcon_core.package_identification:_identify(/home/aniketh05/my_ros2_ws/src/my_pkg_01) by extension 'ignore'
[0.894s] Level 1:colcon.colcon_core.package_identification:_identify(/home/aniketh05/my_ros2_ws/src/my_pkg_01) by extension 'ignore_ament_install'
[0.894s] Level 1:colcon.colcon_core.package_identification:_identify(/home/aniketh05/my_ros2_ws/src/my_pkg_01) by extensions ['colcon_pkg']
[0.894s] Level 1:colcon.colcon_core.package_identification:_identify(/home/aniketh05/my_ros2_ws/src/my_pkg_01) by extension 'colcon_pkg'
[0.894s] Level 1:colcon.colcon_core.package_identification:_identify(/home/aniketh05/my_ros2_ws/src/my_pkg_01) by extensions ['colcon_meta']
[0.894s] Level 1:colcon.colcon_core.package_identification:_identify(/home/aniketh05/my_ros2_ws/src/my_pkg_01) by extension 'colcon_meta'
[0.894s] Level 1:colcon.colcon_core.package_identification:_identify(/home/aniketh05/my_ros2_ws/src/my_pkg_01) by extensions ['ros']
[0.894s] Level 1:colcon.colcon_core.package_identification:_identify(/home/aniketh05/my_ros2_ws/src/my_pkg_01) by extension 'ros'
[0.896s] DEBUG:colcon.colcon_core.package_identification:Package '/home/aniketh05/my_ros2_ws/src/my_pkg_01' with type 'ros.ament_python' and name 'my_pkg_01'
[0.896s] Level 1:colcon.colcon_core.package_identification:_identify(/home/aniketh05/my_ros2_ws/src/my_pkg_prac) by extensions ['ignore', 'ignore_ament_install']
[0.897s] Level 1:colcon.colcon_core.package_identification:_identify(/home/aniketh05/my_ros2_ws/src/my_pkg_prac) by extension 'ignore'
[0.897s] Level 1:colcon.colcon_core.package_identification:_identify(/home/aniketh05/my_ros2_ws/src/my_pkg_prac) by extension 'ignore_ament_install'
[0.897s] Level 1:colcon.colcon_core.package_identification:_identify(/home/aniketh05/my_ros2_ws/src/my_pkg_prac) by extensions ['colcon_pkg']
[0.897s] Level 1:colcon.colcon_core.package_identification:_identify(/home/aniketh05/my_ros2_ws/src/my_pkg_prac) by extension 'colcon_pkg'
[0.897s] Level 1:colcon.colcon_core.package_identification:_identify(/home/aniketh05/my_ros2_ws/src/my_pkg_prac) by extensions ['colcon_meta']
[0.897s] Level 1:colcon.colcon_core.package_identification:_identify(/home/aniketh05/my_ros2_ws/src/my_pkg_prac) by extension 'colcon_meta'
[0.898s] Level 1:colcon.colcon_core.package_identification:_identify(/home/aniketh05/my_ros2_ws/src/my_pkg_prac) by extensions ['ros']
[0.898s] Level 1:colcon.colcon_core.package_identification:_identify(/home/aniketh05/my_ros2_ws/src/my_pkg_prac) by extension 'ros'
[0.900s] DEBUG:colcon.colcon_core.package_identification:Package '/home/aniketh05/my_ros2_ws/src/my_pkg_prac' with type 'ros.ament_python' and name 'my_pkg_prac'
[0.900s] Level 1:colcon.colcon_core.package_identification:_identify(/home/aniketh05/my_ros2_ws/src/my_services) by extensions ['ignore', 'ignore_ament_install']
[0.901s] Level 1:colcon.colcon_core.package_identification:_identify(/home/aniketh05/my_ros2_ws/src/my_services) by extension 'ignore'
[0.901s] Level 1:colcon.colcon_core.package_identification:_identify(/home/aniketh05/my_ros2_ws/src/my_services) by extension 'ignore_ament_install'
[0.901s] Level 1:colcon.colcon_core.package_identification:_identify(/home/aniketh05/my_ros2_ws/src/my_services) by extensions ['colcon_pkg']
[0.902s] Level 1:colcon.colcon_core.package_identification:_identify(/home/aniketh05/my_ros2_ws/src/my_services) by extension 'colcon_pkg'
[0.902s] Level 1:colcon.colcon_core.package_identification:_identify(/home/aniketh05/my_ros2_ws/src/my_services) by extensions ['colcon_meta']
[0.902s] Level 1:colcon.colcon_core.package_identification:_identify(/home/aniketh05/my_ros2_ws/src/my_services) by extension 'colcon_meta'
[0.902s] Level 1:colcon.colcon_core.package_identification:_identify(/home/aniketh05/my_ros2_ws/src/my_services) by extensions ['ros']
[0.902s] Level 1:colcon.colcon_core.package_identification:_identify(/home/aniketh05/my_ros2_ws/src/my_services) by extension 'ros'
[0.905s] DEBUG:colcon.colcon_core.package_identification:Package '/home/aniketh05/my_ros2_ws/src/my_services' with type 'ros.ament_python' and name 'my_services'
[0.906s] Level 1:colcon.colcon_core.package_identification:_identify(/home/aniketh05/my_ros2_ws/src/turtle_control) by extensions ['ignore', 'ignore_ament_install']
[0.906s] Level 1:colcon.colcon_core.package_identification:_identify(/home/aniketh05/my_ros2_ws/src/turtle_control) by extension 'ignore'
[0.907s] Level 1:colcon.colcon_core.package_identification:_identify(/home/aniketh05/my_ros2_ws/src/turtle_control) by extension 'ignore_ament_install'
[0.908s] Level 1:colcon.colcon_core.package_identification:_identify(/home/aniketh05/my_ros2_ws/src/turtle_control) by extensions ['colcon_pkg']
[0.908s] Level 1:colcon.colcon_core.package_identification:_identify(/home/aniketh05/my_ros2_ws/src/turtle_control) by extension 'colcon_pkg'
[0.908s] Level 1:colcon.colcon_core.package_identification:_identify(/home/aniketh05/my_ros2_ws/src/turtle_control) by extensions ['colcon_meta']
[0.908s] Level 1:colcon.colcon_core.package_identification:_identify(/home/aniketh05/my_ros2_ws/src/turtle_control) by extension 'colcon_meta'
[0.909s] Level 1:colcon.colcon_core.package_identification:_identify(/home/aniketh05/my_ros2_ws/src/turtle_control) by extensions ['ros']
[0.909s] Level 1:colcon.colcon_core.package_identification:_identify(/home/aniketh05/my_ros2_ws/src/turtle_control) by extension 'ros'
[0.911s] DEBUG:colcon.colcon_core.package_identification:Package '/home/aniketh05/my_ros2_ws/src/turtle_control' with type 'ros.ament_python' and name 'turtle_control'
[0.911s] Level 1:colcon.colcon_core.package_discovery:discover_packages(recursive) using defaults
